------------------------------------------------------------------------------------------------------------------------

[2020-04-09 16:31:24 #1 store] 
Database 'C:\Users\Yanis\Desktop\Yanis\Espagne\Cours\Software Engineering\Project\Bets_Project\Bets\resources\bets.temp' is opened by 11564@LAPTOP-FG5SJG3N

[2020-04-09 16:31:25 #2 type.registry] 
New type domain.Sport

[2020-04-09 16:31:25 #3 type] 
Type domain.Sport is not enhanced.

[2020-04-09 16:31:25 #4 type.registry] 
New type domain.Event

[2020-04-09 16:31:25 #5 type.registry] 
New type java.util.Vector<domain.Event>

[2020-04-09 16:31:25 #6 type] 
Type domain.Event is not enhanced.

[2020-04-09 16:31:25 #7 type.registry] 
New type domain.Question

[2020-04-09 16:31:25 #8 type.registry] 
New type java.util.Vector<domain.Question>

[2020-04-09 16:31:25 #9 type] 
Type domain.Question is not enhanced.

[2020-04-09 16:31:25 #10 type.registry] 
New type domain.BetChoice

[2020-04-09 16:31:25 #11 type.registry] 
New type java.util.Vector<domain.BetChoice>

[2020-04-09 16:31:25 #12 type] 
Type domain.BetChoice is not enhanced.

[2020-04-09 16:31:25 #13 type.registry] 
New type domain.UserBet

[2020-04-09 16:31:25 #14 type.registry] 
New type java.util.Vector<domain.UserBet>

[2020-04-09 16:31:25 #15 type] 
Type domain.UserBet is not enhanced.

[2020-04-09 16:31:25 #16 type.registry] 
New type domain.User

[2020-04-09 16:31:25 #17 type] 
Type domain.User is not enhanced.

[2020-04-09 16:31:25 #18 type.registry] 
New type domain.Report

[2020-04-09 16:31:25 #19 type.registry] 
New type java.util.Vector<domain.Report>

[2020-04-09 16:31:25 #20 type.registry] 
New type domain.Message

[2020-04-09 16:31:25 #21 type.registry] 
New type java.util.Vector<domain.Message>

[2020-04-09 16:31:25 #22 type.registry] 
New type java.util.Vector<domain.Sport>

[2020-04-09 16:31:25 #23 type.registry] 
New type java.util.Vector<domain.User>

[2020-04-09 16:31:25 #24 type] 
Type domain.Report is not enhanced.

[2020-04-09 16:31:25 #25 type.registry] 
New type domain.ReportType

[2020-04-09 16:31:25 #26 type] 
Type domain.Message is not enhanced.

[2020-04-09 16:31:25 #27 type.registry] 
New type domain.Admin

[2020-04-09 16:31:25 #28 type] 
Type domain.Admin is not enhanced.

[2020-04-09 16:31:25 #29 type.registry] 
New type java.util.Vector<java.lang.Object>

------------------------------------------------------------------------------------------------------------------------

[2020-04-09 16:32:55 #1 store] 
Database 'C:\Users\Yanis\Desktop\Yanis\Espagne\Cours\Software Engineering\Project\Bets_Project\Bets\resources\bets.temp' is opened by 11544@LAPTOP-FG5SJG3N

[2020-04-09 16:32:55 #2 type.registry] 
New type domain.Sport

[2020-04-09 16:32:55 #3 type] 
Type domain.Sport is not enhanced.

[2020-04-09 16:32:55 #4 type.registry] 
New type domain.Event

[2020-04-09 16:32:55 #5 type.registry] 
New type java.util.Vector<domain.Event>

[2020-04-09 16:32:55 #6 type] 
Type domain.Event is not enhanced.

[2020-04-09 16:32:55 #7 type.registry] 
New type domain.Question

[2020-04-09 16:32:55 #8 type.registry] 
New type java.util.Vector<domain.Question>

[2020-04-09 16:32:55 #9 type] 
Type domain.Question is not enhanced.

[2020-04-09 16:32:55 #10 type.registry] 
New type domain.BetChoice

[2020-04-09 16:32:55 #11 type.registry] 
New type java.util.Vector<domain.BetChoice>

[2020-04-09 16:32:55 #12 type] 
Type domain.BetChoice is not enhanced.

[2020-04-09 16:32:55 #13 type.registry] 
New type domain.UserBet

[2020-04-09 16:32:55 #14 type.registry] 
New type java.util.Vector<domain.UserBet>

[2020-04-09 16:32:55 #15 type] 
Type domain.UserBet is not enhanced.

[2020-04-09 16:32:55 #16 type.registry] 
New type domain.User

[2020-04-09 16:32:55 #17 type] 
Type domain.User is not enhanced.

[2020-04-09 16:32:55 #18 type.registry] 
New type domain.Report

[2020-04-09 16:32:55 #19 type.registry] 
New type java.util.Vector<domain.Report>

[2020-04-09 16:32:55 #20 type.registry] 
New type domain.Message

[2020-04-09 16:32:55 #21 type.registry] 
New type java.util.Vector<domain.Message>

[2020-04-09 16:32:55 #22 type.registry] 
New type java.util.Vector<domain.Sport>

[2020-04-09 16:32:55 #23 type.registry] 
New type java.util.Vector<domain.User>

[2020-04-09 16:32:55 #24 type] 
Type domain.Report is not enhanced.

[2020-04-09 16:32:55 #25 type.registry] 
New type domain.ReportType

[2020-04-09 16:32:55 #26 type] 
Type domain.Message is not enhanced.

[2020-04-09 16:32:55 #27 type.registry] 
New type domain.Admin

[2020-04-09 16:32:55 #28 type] 
Type domain.Admin is not enhanced.

[2020-04-09 16:32:55 #29 type.registry] 
New type java.util.Vector<java.lang.Object>

------------------------------------------------------------------------------------------------------------------------

[2020-04-09 16:37:23 #1 store] 
Database 'C:\Users\Yanis\Desktop\Yanis\Espagne\Cours\Software Engineering\Project\Bets_Project\Bets\resources\bets.temp' is opened by 1584@LAPTOP-FG5SJG3N

[2020-04-09 16:37:23 #2 type.registry] 
New type domain.Sport

[2020-04-09 16:37:23 #3 type] 
Type domain.Sport is not enhanced.

[2020-04-09 16:37:23 #4 type.registry] 
New type domain.Event

[2020-04-09 16:37:23 #5 type.registry] 
New type java.util.Vector<domain.Event>

[2020-04-09 16:37:23 #6 type] 
Type domain.Event is not enhanced.

[2020-04-09 16:37:23 #7 type.registry] 
New type domain.Question

[2020-04-09 16:37:23 #8 type.registry] 
New type java.util.Vector<domain.Question>

[2020-04-09 16:37:23 #9 type] 
Type domain.Question is not enhanced.

[2020-04-09 16:37:23 #10 type.registry] 
New type domain.BetChoice

[2020-04-09 16:37:23 #11 type.registry] 
New type java.util.Vector<domain.BetChoice>

[2020-04-09 16:37:23 #12 type] 
Type domain.BetChoice is not enhanced.

[2020-04-09 16:37:23 #13 type.registry] 
New type domain.UserBet

[2020-04-09 16:37:23 #14 type.registry] 
New type java.util.Vector<domain.UserBet>

[2020-04-09 16:37:23 #15 type] 
Type domain.UserBet is not enhanced.

[2020-04-09 16:37:23 #16 type.registry] 
New type domain.User

[2020-04-09 16:37:23 #17 type] 
Type domain.User is not enhanced.

[2020-04-09 16:37:23 #18 type.registry] 
New type domain.Report

[2020-04-09 16:37:23 #19 type.registry] 
New type java.util.Vector<domain.Report>

[2020-04-09 16:37:23 #20 type.registry] 
New type domain.Message

[2020-04-09 16:37:23 #21 type.registry] 
New type java.util.Vector<domain.Message>

[2020-04-09 16:37:23 #22 type.registry] 
New type java.util.Vector<domain.Sport>

[2020-04-09 16:37:23 #23 type.registry] 
New type java.util.Vector<domain.User>

[2020-04-09 16:37:23 #24 type] 
Type domain.Report is not enhanced.

[2020-04-09 16:37:23 #25 type.registry] 
New type domain.ReportType

[2020-04-09 16:37:23 #26 type] 
Type domain.Message is not enhanced.

[2020-04-09 16:37:23 #27 type.registry] 
New type domain.Admin

[2020-04-09 16:37:23 #28 type] 
Type domain.Admin is not enhanced.

[2020-04-09 16:37:23 #29 type.registry] 
New type java.util.Vector<java.lang.Object>

------------------------------------------------------------------------------------------------------------------------

[2020-04-09 16:51:44 #1 store] 
Database 'C:\Users\Yanis\Desktop\Yanis\Espagne\Cours\Software Engineering\Project\Bets_Project\Bets\resources\bets.temp' is opened by 1760@LAPTOP-FG5SJG3N

[2020-04-09 16:51:44 #2 type.registry] 
New type domain.Sport

[2020-04-09 16:51:44 #3 type] 
Type domain.Sport is not enhanced.

[2020-04-09 16:51:45 #4 type.registry] 
New type domain.Event

[2020-04-09 16:51:45 #5 type.registry] 
New type java.util.Vector<domain.Event>

[2020-04-09 16:51:45 #6 type] 
Type domain.Event is not enhanced.

[2020-04-09 16:51:45 #7 type.registry] 
New type domain.Question

[2020-04-09 16:51:45 #8 type.registry] 
New type java.util.Vector<domain.Question>

[2020-04-09 16:51:45 #9 type] 
Type domain.Question is not enhanced.

[2020-04-09 16:51:45 #10 type.registry] 
New type domain.BetChoice

[2020-04-09 16:51:45 #11 type.registry] 
New type java.util.Vector<domain.BetChoice>

[2020-04-09 16:51:45 #12 type] 
Type domain.BetChoice is not enhanced.

[2020-04-09 16:51:45 #13 type.registry] 
New type domain.UserBet

[2020-04-09 16:51:45 #14 type.registry] 
New type java.util.Vector<domain.UserBet>

[2020-04-09 16:51:45 #15 type] 
Type domain.UserBet is not enhanced.

[2020-04-09 16:51:45 #16 type.registry] 
New type domain.User

[2020-04-09 16:51:45 #17 type] 
Type domain.User is not enhanced.

[2020-04-09 16:51:45 #18 type.registry] 
New type domain.Report

[2020-04-09 16:51:45 #19 type.registry] 
New type java.util.Vector<domain.Report>

[2020-04-09 16:51:45 #20 type.registry] 
New type domain.Message

[2020-04-09 16:51:45 #21 type.registry] 
New type java.util.Vector<domain.Message>

[2020-04-09 16:51:45 #22 type.registry] 
New type java.util.Vector<domain.Sport>

[2020-04-09 16:51:45 #23 type.registry] 
New type java.util.Vector<domain.User>

[2020-04-09 16:51:45 #24 type] 
Type domain.Report is not enhanced.

[2020-04-09 16:51:45 #25 type.registry] 
New type domain.ReportType

[2020-04-09 16:51:45 #26 type] 
Type domain.Message is not enhanced.

[2020-04-09 16:51:45 #27 type.registry] 
New type domain.Admin

[2020-04-09 16:51:45 #28 type] 
Type domain.Admin is not enhanced.

[2020-04-09 16:51:45 #29 type.registry] 
New type java.util.Vector<java.lang.Object>

------------------------------------------------------------------------------------------------------------------------

[2020-04-09 17:06:11 #1 store] 
Database 'C:\Users\Yanis\Desktop\Yanis\Espagne\Cours\Software Engineering\Project\Bets_Project\Bets\resources\bets.temp' is opened by 14896@LAPTOP-FG5SJG3N

[2020-04-09 17:06:11 #2 type.registry] 
New type domain.Sport

[2020-04-09 17:06:11 #3 type] 
Type domain.Sport is not enhanced.

[2020-04-09 17:06:11 #4 type.registry] 
New type domain.Event

[2020-04-09 17:06:11 #5 type.registry] 
New type java.util.Vector<domain.Event>

[2020-04-09 17:06:11 #6 type] 
Type domain.Event is not enhanced.

[2020-04-09 17:06:11 #7 type.registry] 
New type domain.Question

[2020-04-09 17:06:11 #8 type.registry] 
New type java.util.Vector<domain.Question>

[2020-04-09 17:06:11 #9 type] 
Type domain.Question is not enhanced.

[2020-04-09 17:06:11 #10 type.registry] 
New type domain.BetChoice

[2020-04-09 17:06:11 #11 type.registry] 
New type java.util.Vector<domain.BetChoice>

[2020-04-09 17:06:11 #12 type] 
Type domain.BetChoice is not enhanced.

[2020-04-09 17:06:11 #13 type.registry] 
New type domain.UserBet

[2020-04-09 17:06:11 #14 type.registry] 
New type java.util.Vector<domain.UserBet>

[2020-04-09 17:06:11 #15 type] 
Type domain.UserBet is not enhanced.

[2020-04-09 17:06:11 #16 type.registry] 
New type domain.User

[2020-04-09 17:06:11 #17 type] 
Type domain.User is not enhanced.

[2020-04-09 17:06:11 #18 type.registry] 
New type domain.Report

[2020-04-09 17:06:11 #19 type.registry] 
New type java.util.Vector<domain.Report>

[2020-04-09 17:06:11 #20 type.registry] 
New type domain.Message

[2020-04-09 17:06:11 #21 type.registry] 
New type java.util.Vector<domain.Message>

[2020-04-09 17:06:11 #22 type.registry] 
New type java.util.Vector<domain.Sport>

[2020-04-09 17:06:11 #23 type.registry] 
New type java.util.Vector<domain.User>

[2020-04-09 17:06:11 #24 type] 
Type domain.Report is not enhanced.

[2020-04-09 17:06:11 #25 type.registry] 
New type domain.ReportType

[2020-04-09 17:06:11 #26 type] 
Type domain.Message is not enhanced.

[2020-04-09 17:06:11 #27 type.registry] 
New type domain.Admin

[2020-04-09 17:06:11 #28 type] 
Type domain.Admin is not enhanced.

[2020-04-09 17:06:11 #29 type.registry] 
New type java.util.Vector<java.lang.Object>

------------------------------------------------------------------------------------------------------------------------

[2020-04-09 17:24:48 #1 store] 
Database 'C:\Users\Yanis\Desktop\Yanis\Espagne\Cours\Software Engineering\Project\Bets_Project\Bets\resources\bets.temp' is opened by 12776@LAPTOP-FG5SJG3N

[2020-04-09 17:24:49 #2 type.registry] 
New type domain.Sport

[2020-04-09 17:24:49 #3 type] 
Type domain.Sport is not enhanced.

[2020-04-09 17:24:49 #4 type.registry] 
New type domain.Event

[2020-04-09 17:24:49 #5 type.registry] 
New type java.util.Vector<domain.Event>

[2020-04-09 17:24:49 #6 type] 
Type domain.Event is not enhanced.

[2020-04-09 17:24:49 #7 type.registry] 
New type domain.Question

[2020-04-09 17:24:49 #8 type.registry] 
New type java.util.Vector<domain.Question>

[2020-04-09 17:24:49 #9 type] 
Type domain.Question is not enhanced.

[2020-04-09 17:24:49 #10 type.registry] 
New type domain.BetChoice

[2020-04-09 17:24:49 #11 type.registry] 
New type java.util.Vector<domain.BetChoice>

[2020-04-09 17:24:49 #12 type] 
Type domain.BetChoice is not enhanced.

[2020-04-09 17:24:49 #13 type.registry] 
New type domain.UserBet

[2020-04-09 17:24:49 #14 type.registry] 
New type java.util.Vector<domain.UserBet>

[2020-04-09 17:24:49 #15 type] 
Type domain.UserBet is not enhanced.

[2020-04-09 17:24:49 #16 type.registry] 
New type domain.User

[2020-04-09 17:24:49 #17 type] 
Type domain.User is not enhanced.

[2020-04-09 17:24:49 #18 type.registry] 
New type domain.Report

[2020-04-09 17:24:49 #19 type.registry] 
New type java.util.Vector<domain.Report>

[2020-04-09 17:24:49 #20 type.registry] 
New type domain.Message

[2020-04-09 17:24:49 #21 type.registry] 
New type java.util.Vector<domain.Message>

[2020-04-09 17:24:49 #22 type.registry] 
New type java.util.Vector<domain.Sport>

[2020-04-09 17:24:49 #23 type.registry] 
New type java.util.Vector<domain.User>

[2020-04-09 17:24:49 #24 type] 
Type domain.Report is not enhanced.

[2020-04-09 17:24:49 #25 type.registry] 
New type domain.ReportType

[2020-04-09 17:24:49 #26 type] 
Type domain.Message is not enhanced.

[2020-04-09 17:24:49 #27 type.registry] 
New type domain.Admin

[2020-04-09 17:24:49 #28 type] 
Type domain.Admin is not enhanced.

[2020-04-09 17:24:49 #29 type.registry] 
New type java.util.Vector<java.lang.Object>

