------------------------------------------------------------------------------------------------------------------------

[2020-05-14 11:20:58 #1 store] 
Database 'C:\Users\Yanis\Desktop\Yanis\Espagne\Cours\Software Engineering\Project\Bets_Project\Bets\resources\bets.temp' is opened by 6008@LAPTOP-FG5SJG3N

[2020-05-14 11:20:59 #2 type.registry] 
New type domain.Sport

[2020-05-14 11:20:59 #3 type] 
Type domain.Sport is not enhanced.

[2020-05-14 11:20:59 #4 type.registry] 
New type domain.Event

[2020-05-14 11:20:59 #5 type.registry] 
New type java.util.Vector<domain.Event>

[2020-05-14 11:20:59 #6 type] 
Type domain.Event is not enhanced.

[2020-05-14 11:20:59 #7 type.registry] 
New type domain.Question

[2020-05-14 11:20:59 #8 type.registry] 
New type java.util.Vector<domain.Question>

[2020-05-14 11:20:59 #9 type] 
Type domain.Question is not enhanced.

[2020-05-14 11:20:59 #10 type.registry] 
New type domain.BetChoice

[2020-05-14 11:20:59 #11 type.registry] 
New type java.util.Vector<domain.BetChoice>

[2020-05-14 11:20:59 #12 type] 
Type domain.BetChoice is not enhanced.

[2020-05-14 11:20:59 #13 type.registry] 
New type domain.UserBet

[2020-05-14 11:20:59 #14 type.registry] 
New type java.util.Vector<domain.UserBet>

[2020-05-14 11:20:59 #15 type] 
Type domain.UserBet is not enhanced.

[2020-05-14 11:20:59 #16 type.registry] 
New type domain.User

[2020-05-14 11:20:59 #17 type] 
Type domain.User is not enhanced.

[2020-05-14 11:20:59 #18 type.registry] 
New type domain.Report

[2020-05-14 11:20:59 #19 type.registry] 
New type java.util.Vector<domain.Report>

[2020-05-14 11:20:59 #20 type.registry] 
New type domain.Message

[2020-05-14 11:20:59 #21 type.registry] 
New type java.util.Vector<domain.Message>

[2020-05-14 11:20:59 #22 type.registry] 
New type java.util.Vector<domain.Sport>

[2020-05-14 11:20:59 #23 type.registry] 
New type java.util.Vector<domain.User>

[2020-05-14 11:20:59 #24 type] 
Type domain.Report is not enhanced.

[2020-05-14 11:20:59 #25 type.registry] 
New type domain.ReportType

[2020-05-14 11:20:59 #26 type] 
Type domain.Message is not enhanced.

[2020-05-14 11:20:59 #27 type.registry] 
New type domain.Admin

[2020-05-14 11:20:59 #28 type] 
Type domain.Admin is not enhanced.

[2020-05-14 11:20:59 #29 type.registry] 
New type java.util.Vector<java.lang.Object>

------------------------------------------------------------------------------------------------------------------------

[2020-05-14 15:31:38 #1 type.registry] 
New type domain.Sport

[2020-05-14 15:31:38 #2 type] 
Type domain.Sport is not enhanced.

[2020-05-14 15:31:38 #3 type.registry] 
New type domain.Event

[2020-05-14 15:31:38 #4 type.registry] 
New type java.util.Vector<domain.Event>

[2020-05-14 15:31:38 #5 type] 
Type domain.Event is not enhanced.

[2020-05-14 15:31:38 #6 type.registry] 
New type domain.Question

[2020-05-14 15:31:38 #7 type.registry] 
New type java.util.Vector<domain.Question>

[2020-05-14 15:31:38 #8 type] 
Type domain.Question is not enhanced.

[2020-05-14 15:31:38 #9 type.registry] 
New type domain.BetChoice

[2020-05-14 15:31:38 #10 type.registry] 
New type java.util.Vector<domain.BetChoice>

[2020-05-14 15:31:38 #11 type] 
Type domain.BetChoice is not enhanced.

[2020-05-14 15:31:38 #12 type.registry] 
New type domain.UserBet

[2020-05-14 15:31:38 #13 type.registry] 
New type java.util.Vector<domain.UserBet>

[2020-05-14 15:31:38 #14 type] 
Type domain.UserBet is not enhanced.

[2020-05-14 15:31:38 #15 type.registry] 
New type domain.User

[2020-05-14 15:31:38 #16 type] 
Type domain.User is not enhanced.

[2020-05-14 15:31:38 #17 type.registry] 
New type domain.Report

[2020-05-14 15:31:38 #18 type.registry] 
New type java.util.Vector<domain.Report>

[2020-05-14 15:31:38 #19 type.registry] 
New type domain.Message

[2020-05-14 15:31:38 #20 type.registry] 
New type java.util.Vector<domain.Message>

[2020-05-14 15:31:38 #21 type.registry] 
New type java.util.Vector<domain.Sport>

[2020-05-14 15:31:38 #22 type.registry] 
New type java.util.Vector<domain.User>

[2020-05-14 15:31:38 #23 type] 
Type domain.Report is not enhanced.

[2020-05-14 15:31:38 #24 type.registry] 
New type domain.ReportType

[2020-05-14 15:31:38 #25 type] 
Type domain.Message is not enhanced.

[2020-05-14 15:31:38 #26 type.registry] 
New type domain.Admin

[2020-05-14 15:31:38 #27 type] 
Type domain.Admin is not enhanced.

[2020-05-14 15:31:38 #28 type.registry] 
New type java.util.Vector<java.lang.Object>

------------------------------------------------------------------------------------------------------------------------

[2020-05-14 16:09:39 #1 type.registry] 
New type domain.Sport

[2020-05-14 16:09:39 #2 type] 
Type domain.Sport is not enhanced.

[2020-05-14 16:09:39 #3 type.registry] 
New type domain.Event

[2020-05-14 16:09:39 #4 type.registry] 
New type java.util.Vector<domain.Event>

[2020-05-14 16:09:39 #5 type] 
Type domain.Event is not enhanced.

[2020-05-14 16:09:39 #6 type.registry] 
New type domain.Question

[2020-05-14 16:09:39 #7 type.registry] 
New type java.util.Vector<domain.Question>

[2020-05-14 16:09:39 #8 type] 
Type domain.Question is not enhanced.

[2020-05-14 16:09:39 #9 type.registry] 
New type domain.BetChoice

[2020-05-14 16:09:39 #10 type.registry] 
New type java.util.Vector<domain.BetChoice>

[2020-05-14 16:09:39 #11 type] 
Type domain.BetChoice is not enhanced.

[2020-05-14 16:09:39 #12 type.registry] 
New type domain.UserBet

[2020-05-14 16:09:39 #13 type.registry] 
New type java.util.Vector<domain.UserBet>

[2020-05-14 16:09:39 #14 type] 
Type domain.UserBet is not enhanced.

[2020-05-14 16:09:39 #15 type.registry] 
New type domain.User

[2020-05-14 16:09:39 #16 type] 
Type domain.User is not enhanced.

[2020-05-14 16:09:39 #17 type.registry] 
New type domain.Report

[2020-05-14 16:09:39 #18 type.registry] 
New type java.util.Vector<domain.Report>

[2020-05-14 16:09:39 #19 type.registry] 
New type domain.Message

[2020-05-14 16:09:39 #20 type.registry] 
New type java.util.Vector<domain.Message>

[2020-05-14 16:09:39 #21 type.registry] 
New type java.util.Vector<domain.Sport>

[2020-05-14 16:09:39 #22 type.registry] 
New type java.util.Vector<domain.User>

[2020-05-14 16:09:39 #23 type] 
Type domain.Report is not enhanced.

[2020-05-14 16:09:39 #24 type] 
Type domain.Message is not enhanced.

[2020-05-14 16:09:39 #25 type.registry] 
New type domain.Admin

[2020-05-14 16:09:39 #26 type] 
Type domain.Admin is not enhanced.

[2020-05-14 16:09:39 #27 type.registry] 
New type java.util.Vector<java.lang.Object>

------------------------------------------------------------------------------------------------------------------------

[2020-05-14 16:19:51 #1 type.registry] 
New type domain.Sport

[2020-05-14 16:19:51 #2 type] 
Type domain.Sport is not enhanced.

[2020-05-14 16:19:51 #3 type.registry] 
New type domain.Event

[2020-05-14 16:19:52 #4 type.registry] 
New type java.util.Vector<domain.Event>

[2020-05-14 16:19:52 #5 type] 
Type domain.Event is not enhanced.

[2020-05-14 16:19:52 #6 type.registry] 
New type domain.Question

[2020-05-14 16:19:52 #7 type.registry] 
New type java.util.Vector<domain.Question>

[2020-05-14 16:19:52 #8 type] 
Type domain.Question is not enhanced.

[2020-05-14 16:19:52 #9 type.registry] 
New type domain.BetChoice

[2020-05-14 16:19:52 #10 type.registry] 
New type java.util.Vector<domain.BetChoice>

[2020-05-14 16:19:52 #11 type] 
Type domain.BetChoice is not enhanced.

[2020-05-14 16:19:52 #12 type.registry] 
New type domain.UserBet

[2020-05-14 16:19:52 #13 type.registry] 
New type java.util.Vector<domain.UserBet>

[2020-05-14 16:19:52 #14 type] 
Type domain.UserBet is not enhanced.

[2020-05-14 16:19:52 #15 type.registry] 
New type domain.User

[2020-05-14 16:19:52 #16 type] 
Type domain.User is not enhanced.

[2020-05-14 16:19:52 #17 type.registry] 
New type domain.Report

[2020-05-14 16:19:52 #18 type.registry] 
New type java.util.Vector<domain.Report>

[2020-05-14 16:19:52 #19 type.registry] 
New type domain.Message

[2020-05-14 16:19:52 #20 type.registry] 
New type java.util.Vector<domain.Message>

[2020-05-14 16:19:52 #21 type.registry] 
New type java.util.Vector<domain.Sport>

[2020-05-14 16:19:52 #22 type.registry] 
New type java.util.Vector<domain.User>

[2020-05-14 16:19:52 #23 type] 
Type domain.Report is not enhanced.

[2020-05-14 16:19:52 #24 type] 
Type domain.Message is not enhanced.

[2020-05-14 16:19:52 #25 type.registry] 
New type domain.Admin

[2020-05-14 16:19:52 #26 type] 
Type domain.Admin is not enhanced.

[2020-05-14 16:19:52 #27 type.registry] 
New type java.util.Vector<java.lang.Object>

------------------------------------------------------------------------------------------------------------------------

[2020-05-14 16:24:31 #1 type.registry] 
New type domain.Sport

[2020-05-14 16:24:31 #2 type] 
Type domain.Sport is not enhanced.

[2020-05-14 16:24:31 #3 type.registry] 
New type domain.Event

[2020-05-14 16:24:31 #4 type.registry] 
New type java.util.Vector<domain.Event>

[2020-05-14 16:24:31 #5 type] 
Type domain.Event is not enhanced.

[2020-05-14 16:24:31 #6 type.registry] 
New type domain.Question

[2020-05-14 16:24:31 #7 type.registry] 
New type java.util.Vector<domain.Question>

[2020-05-14 16:24:31 #8 type] 
Type domain.Question is not enhanced.

[2020-05-14 16:24:31 #9 type.registry] 
New type domain.BetChoice

[2020-05-14 16:24:31 #10 type.registry] 
New type java.util.Vector<domain.BetChoice>

[2020-05-14 16:24:31 #11 type] 
Type domain.BetChoice is not enhanced.

[2020-05-14 16:24:31 #12 type.registry] 
New type domain.UserBet

[2020-05-14 16:24:31 #13 type.registry] 
New type java.util.Vector<domain.UserBet>

[2020-05-14 16:24:31 #14 type] 
Type domain.UserBet is not enhanced.

[2020-05-14 16:24:31 #15 type.registry] 
New type domain.User

[2020-05-14 16:24:31 #16 type] 
Type domain.User is not enhanced.

[2020-05-14 16:24:31 #17 type.registry] 
New type domain.Report

[2020-05-14 16:24:31 #18 type.registry] 
New type java.util.Vector<domain.Report>

[2020-05-14 16:24:31 #19 type.registry] 
New type domain.Message

[2020-05-14 16:24:31 #20 type.registry] 
New type java.util.Vector<domain.Message>

[2020-05-14 16:24:31 #21 type.registry] 
New type java.util.Vector<domain.Sport>

[2020-05-14 16:24:31 #22 type.registry] 
New type java.util.Vector<domain.User>

[2020-05-14 16:24:31 #23 type] 
Type domain.Report is not enhanced.

[2020-05-14 16:24:31 #24 type] 
Type domain.Message is not enhanced.

[2020-05-14 16:24:31 #25 type.registry] 
New type domain.Admin

[2020-05-14 16:24:31 #26 type] 
Type domain.Admin is not enhanced.

[2020-05-14 16:24:31 #27 type.registry] 
New type java.util.Vector<java.lang.Object>

