------------------------------------------------------------------------------------------------------------------------

[2020-02-24 00:00:04 #1 store] 
Database 'C:\Users\Yanis\Desktop\Yanis\Espagne\Cours\Software Engineering\Bets_Project\Bets\resources\bets.temp' has been recovered (tr. 49-50)

[2020-02-24 00:00:04 #2 store] 
Database 'C:\Users\Yanis\Desktop\Yanis\Espagne\Cours\Software Engineering\Bets_Project\Bets\resources\bets.temp' is opened by 14716@LAPTOP-FG5SJG3N

[2020-02-24 00:00:04 #3 type] 
Type domain.Question is not enhanced.

[2020-02-24 00:00:04 #4 type] 
Type domain.Event is not enhanced.

[2020-02-24 00:00:04 #5 type] 
Type domain.User is not enhanced.

------------------------------------------------------------------------------------------------------------------------

[2020-02-24 00:00:47 #1 store] 
Database 'C:\Users\Yanis\Desktop\Yanis\Espagne\Cours\Software Engineering\Bets_Project\Bets\resources\bets.temp' is opened by 9584@LAPTOP-FG5SJG3N

[2020-02-24 00:00:48 #2 type] 
Type domain.Question is not enhanced.

[2020-02-24 00:00:48 #3 type] 
Type domain.Event is not enhanced.

[2020-02-24 00:00:48 #4 type] 
Type domain.User is not enhanced.

------------------------------------------------------------------------------------------------------------------------

[2020-02-24 00:05:42 #1 store] 
Database 'C:\Users\Yanis\Desktop\Yanis\Espagne\Cours\Software Engineering\Bets_Project\Bets\resources\bets.temp' is opened by 3996@LAPTOP-FG5SJG3N

[2020-02-24 00:05:42 #2 type] 
Type domain.Question is not enhanced.

[2020-02-24 00:05:42 #3 type] 
Type domain.Event is not enhanced.

[2020-02-24 00:05:42 #4 type] 
Type domain.User is not enhanced.

------------------------------------------------------------------------------------------------------------------------

[2020-02-24 00:07:22 #1 store] 
Database 'C:\Users\Yanis\Desktop\Yanis\Espagne\Cours\Software Engineering\Bets_Project\Bets\resources\bets.temp' is opened by 10784@LAPTOP-FG5SJG3N

[2020-02-24 00:07:22 #2 type] 
Type domain.Question is not enhanced.

[2020-02-24 00:07:22 #3 type] 
Type domain.Event is not enhanced.

[2020-02-24 00:07:22 #4 type] 
Type domain.User is not enhanced.

------------------------------------------------------------------------------------------------------------------------

[2020-02-24 00:11:11 #1 store] 
Database 'C:\Users\Yanis\Desktop\Yanis\Espagne\Cours\Software Engineering\Bets_Project\Bets\resources\bets.temp' is opened by 6880@LAPTOP-FG5SJG3N

[2020-02-24 00:11:11 #2 type] 
Type domain.Question is not enhanced.

[2020-02-24 00:11:11 #3 type] 
Type domain.Event is not enhanced.

[2020-02-24 00:11:11 #4 type] 
Type domain.User is not enhanced.

------------------------------------------------------------------------------------------------------------------------

[2020-02-24 00:18:52 #1 store] 
Database 'C:\Users\Yanis\Desktop\Yanis\Espagne\Cours\Software Engineering\Bets_Project\Bets\resources\bets.temp' is opened by 16164@LAPTOP-FG5SJG3N

[2020-02-24 00:18:52 #2 type.registry] 
New type domain.Question

[2020-02-24 00:18:52 #3 type] 
Type domain.Question is not enhanced.

[2020-02-24 00:18:52 #4 type.registry] 
New type domain.Event

[2020-02-24 00:18:52 #5 type] 
Type domain.Event is not enhanced.

[2020-02-24 00:18:52 #6 type.registry] 
New type java.util.Vector<domain.Question>

[2020-02-24 00:18:52 #7 type.registry] 
New type domain.User

[2020-02-24 00:18:52 #8 type] 
Type domain.User is not enhanced.

[2020-02-24 00:18:52 #9 type.registry] 
New type java.util.Vector<java.lang.Object>

------------------------------------------------------------------------------------------------------------------------

[2020-02-24 00:30:46 #1 store] 
Database 'C:\Users\Yanis\Desktop\Yanis\Espagne\Cours\Software Engineering\Bets_Project\Bets\resources\bets.temp' is opened by 5632@LAPTOP-FG5SJG3N

------------------------------------------------------------------------------------------------------------------------

[2020-02-24 00:31:59 #1 store] 
Database 'C:\Users\Yanis\Desktop\Yanis\Espagne\Cours\Software Engineering\Bets_Project\Bets\resources\bets.temp' is opened by 9208@LAPTOP-FG5SJG3N

[2020-02-24 00:31:59 #2 type.registry] 
New type domain.Question

[2020-02-24 00:31:59 #3 type] 
Type domain.Question is not enhanced.

[2020-02-24 00:31:59 #4 type.registry] 
New type domain.Event

[2020-02-24 00:31:59 #5 type] 
Type domain.Event is not enhanced.

[2020-02-24 00:31:59 #6 type.registry] 
New type java.util.Vector<domain.Question>

[2020-02-24 00:31:59 #7 type.registry] 
New type domain.User

[2020-02-24 00:31:59 #8 type] 
Type domain.User is not enhanced.

------------------------------------------------------------------------------------------------------------------------

[2020-02-24 00:33:50 #1 store] 
Database 'C:\Users\Yanis\Desktop\Yanis\Espagne\Cours\Software Engineering\Bets_Project\Bets\resources\bets.temp' is opened by 9876@LAPTOP-FG5SJG3N

[2020-02-24 00:33:50 #2 type.registry] 
New type domain.Question

[2020-02-24 00:33:50 #3 type] 
Type domain.Question is not enhanced.

[2020-02-24 00:33:50 #4 type.registry] 
New type domain.Event

[2020-02-24 00:33:50 #5 type] 
Type domain.Event is not enhanced.

[2020-02-24 00:33:50 #6 type.registry] 
New type java.util.Vector<domain.Question>

------------------------------------------------------------------------------------------------------------------------

[2020-02-24 00:35:10 #1 store] 
Database 'C:\Users\Yanis\Desktop\Yanis\Espagne\Cours\Software Engineering\Bets_Project\Bets\resources\bets.temp' is opened by 656@LAPTOP-FG5SJG3N

[2020-02-24 00:35:10 #2 type.registry] 
New type domain.Question

[2020-02-24 00:35:10 #3 type] 
Type domain.Question is not enhanced.

[2020-02-24 00:35:10 #4 type.registry] 
New type domain.Event

[2020-02-24 00:35:10 #5 type] 
Type domain.Event is not enhanced.

[2020-02-24 00:35:10 #6 type.registry] 
New type java.util.Vector<domain.Question>

------------------------------------------------------------------------------------------------------------------------

[2020-02-24 00:36:39 #1 store] 
Database 'C:\Users\Yanis\Desktop\Yanis\Espagne\Cours\Software Engineering\Bets_Project\Bets\resources\bets.temp' is opened by 11192@LAPTOP-FG5SJG3N

[2020-02-24 00:36:39 #2 type.registry] 
New type domain.Question

[2020-02-24 00:36:39 #3 type] 
Type domain.Question is not enhanced.

[2020-02-24 00:36:39 #4 type.registry] 
New type domain.Event

[2020-02-24 00:36:39 #5 type.registry] 
New type domain.Bet

[2020-02-24 00:36:39 #6 type.registry] 
New type java.util.Vector<domain.Bet>

[2020-02-24 00:36:39 #7 type] 
Type domain.Event is not enhanced.

[2020-02-24 00:36:39 #8 type.registry] 
New type java.util.Vector<domain.Question>

[2020-02-24 00:36:39 #9 type] 
Type domain.Bet is not enhanced.

[2020-02-24 00:36:39 #10 type.registry] 
New type domain.User

[2020-02-24 00:36:39 #11 type] 
Type domain.User is not enhanced.

[2020-02-24 00:36:39 #12 type.registry] 
New type java.util.Vector<java.lang.Object>

------------------------------------------------------------------------------------------------------------------------

[2020-02-24 00:40:39 #1 store] 
Database 'C:\Users\Yanis\Desktop\Yanis\Espagne\Cours\Software Engineering\Bets_Project\Bets\resources\bets.temp' is opened by 14036@LAPTOP-FG5SJG3N

[2020-02-24 00:40:40 #2 type.registry] 
New type domain.Question

[2020-02-24 00:40:40 #3 type] 
Type domain.Question is not enhanced.

[2020-02-24 00:40:40 #4 type.registry] 
New type domain.Event

[2020-02-24 00:40:40 #5 type.registry] 
New type domain.Bet

[2020-02-24 00:40:40 #6 type.registry] 
New type java.util.Vector<domain.Bet>

[2020-02-24 00:40:40 #7 type] 
Type domain.Event is not enhanced.

[2020-02-24 00:40:40 #8 type.registry] 
New type java.util.Vector<domain.Question>

[2020-02-24 00:40:40 #9 type] 
Type domain.Bet is not enhanced.

[2020-02-24 00:40:40 #10 type.registry] 
New type domain.User

[2020-02-24 00:40:40 #11 type] 
Type domain.User is not enhanced.

[2020-02-24 00:40:40 #12 type.registry] 
New type java.util.Vector<java.lang.Object>

------------------------------------------------------------------------------------------------------------------------

[2020-02-24 00:42:46 #1 store] 
Database 'C:\Users\Yanis\Desktop\Yanis\Espagne\Cours\Software Engineering\Bets_Project\Bets\resources\bets.temp' is opened by 1420@LAPTOP-FG5SJG3N

[2020-02-24 00:42:46 #2 type.registry] 
New type domain.Question

[2020-02-24 00:42:46 #3 type] 
Type domain.Question is not enhanced.

[2020-02-24 00:42:46 #4 type.registry] 
New type domain.Event

[2020-02-24 00:42:46 #5 type.registry] 
New type domain.Bet

[2020-02-24 00:42:46 #6 type.registry] 
New type java.util.Vector<domain.Bet>

[2020-02-24 00:42:46 #7 type] 
Type domain.Event is not enhanced.

[2020-02-24 00:42:46 #8 type.registry] 
New type java.util.Vector<domain.Question>

[2020-02-24 00:42:46 #9 type] 
Type domain.Bet is not enhanced.

[2020-02-24 00:42:46 #10 type.registry] 
New type domain.User

[2020-02-24 00:42:46 #11 type] 
Type domain.User is not enhanced.

[2020-02-24 00:42:46 #12 type.registry] 
New type java.util.Vector<java.lang.Object>

------------------------------------------------------------------------------------------------------------------------

[2020-02-24 00:44:38 #1 store] 
Database 'C:\Users\Yanis\Desktop\Yanis\Espagne\Cours\Software Engineering\Bets_Project\Bets\resources\bets.temp' is opened by 7404@LAPTOP-FG5SJG3N

[2020-02-24 00:44:38 #2 type.registry] 
New type domain.Question

[2020-02-24 00:44:38 #3 type] 
Type domain.Question is not enhanced.

[2020-02-24 00:44:38 #4 type.registry] 
New type domain.Event

[2020-02-24 00:44:38 #5 type.registry] 
New type domain.Bet

[2020-02-24 00:44:38 #6 type.registry] 
New type java.util.Vector<domain.Bet>

[2020-02-24 00:44:38 #7 type] 
Type domain.Event is not enhanced.

[2020-02-24 00:44:38 #8 type.registry] 
New type java.util.Vector<domain.Question>

[2020-02-24 00:44:38 #9 type] 
Type domain.Bet is not enhanced.

[2020-02-24 00:44:38 #10 type.registry] 
New type domain.User

[2020-02-24 00:44:38 #11 type] 
Type domain.User is not enhanced.

[2020-02-24 00:44:38 #12 type.registry] 
New type java.util.Vector<java.lang.Object>

------------------------------------------------------------------------------------------------------------------------

[2020-02-24 10:17:13 #1 store] 
Database 'C:\Users\Yanis\Desktop\Yanis\Espagne\Cours\Software Engineering\Bets_Project\Bets\resources\bets.temp' is opened by 9356@LAPTOP-FG5SJG3N

[2020-02-24 10:17:13 #2 type.registry] 
New type domain.Question

[2020-02-24 10:17:13 #3 type] 
Type domain.Question is not enhanced.

[2020-02-24 10:17:13 #4 type.registry] 
New type domain.Event

[2020-02-24 10:17:13 #5 type.registry] 
New type domain.Bet

[2020-02-24 10:17:13 #6 type.registry] 
New type java.util.Vector<domain.Bet>

[2020-02-24 10:17:13 #7 type] 
Type domain.Event is not enhanced.

[2020-02-24 10:17:13 #8 type.registry] 
New type java.util.Vector<domain.Question>

[2020-02-24 10:17:13 #9 type] 
Type domain.Bet is not enhanced.

[2020-02-24 10:17:13 #10 type.registry] 
New type domain.UserBet

[2020-02-24 10:17:13 #11 type.registry] 
New type java.util.Vector<domain.UserBet>

[2020-02-24 10:17:13 #12 type] 
Type domain.UserBet is not enhanced.

[2020-02-24 10:17:13 #13 type.registry] 
New type domain.User

[2020-02-24 10:17:13 #14 type] 
Type domain.User is not enhanced.

[2020-02-24 10:17:13 #15 type.registry] 
New type java.util.Vector<java.lang.Object>

------------------------------------------------------------------------------------------------------------------------

[2020-02-24 10:19:32 #1 store] 
Database 'C:\Users\Yanis\Desktop\Yanis\Espagne\Cours\Software Engineering\Bets_Project\Bets\resources\bets.temp' is opened by 3596@LAPTOP-FG5SJG3N

[2020-02-24 10:19:32 #2 type.registry] 
New type domain.Question

[2020-02-24 10:19:32 #3 type] 
Type domain.Question is not enhanced.

[2020-02-24 10:19:32 #4 type.registry] 
New type domain.Event

[2020-02-24 10:19:32 #5 type.registry] 
New type domain.Bet

[2020-02-24 10:19:32 #6 type.registry] 
New type java.util.Vector<domain.Bet>

[2020-02-24 10:19:32 #7 type] 
Type domain.Event is not enhanced.

[2020-02-24 10:19:32 #8 type.registry] 
New type java.util.Vector<domain.Question>

[2020-02-24 10:19:32 #9 type] 
Type domain.Bet is not enhanced.

[2020-02-24 10:19:32 #10 type.registry] 
New type domain.UserBet

[2020-02-24 10:19:32 #11 type.registry] 
New type java.util.Vector<domain.UserBet>

[2020-02-24 10:19:32 #12 type] 
Type domain.UserBet is not enhanced.

[2020-02-24 10:19:32 #13 type.registry] 
New type domain.User

[2020-02-24 10:19:32 #14 type] 
Type domain.User is not enhanced.

[2020-02-24 10:19:32 #15 type.registry] 
New type java.util.Vector<java.lang.Object>

------------------------------------------------------------------------------------------------------------------------

[2020-02-24 10:22:13 #1 store] 
Database 'C:\Users\Yanis\Desktop\Yanis\Espagne\Cours\Software Engineering\Bets_Project\Bets\resources\bets.temp' is opened by 9308@LAPTOP-FG5SJG3N

[2020-02-24 10:22:13 #2 type.registry] 
New type domain.Question

[2020-02-24 10:22:13 #3 type] 
Type domain.Question is not enhanced.

[2020-02-24 10:22:13 #4 type.registry] 
New type domain.Event

[2020-02-24 10:22:13 #5 type.registry] 
New type domain.Bet

[2020-02-24 10:22:13 #6 type.registry] 
New type java.util.Vector<domain.Bet>

[2020-02-24 10:22:13 #7 type] 
Type domain.Event is not enhanced.

[2020-02-24 10:22:13 #8 type.registry] 
New type java.util.Vector<domain.Question>

[2020-02-24 10:22:13 #9 type] 
Type domain.Bet is not enhanced.

[2020-02-24 10:22:13 #10 type.registry] 
New type domain.UserBet

[2020-02-24 10:22:13 #11 type.registry] 
New type java.util.Vector<domain.UserBet>

[2020-02-24 10:22:13 #12 type] 
Type domain.UserBet is not enhanced.

[2020-02-24 10:22:13 #13 type.registry] 
New type domain.User

[2020-02-24 10:22:13 #14 type] 
Type domain.User is not enhanced.

[2020-02-24 10:22:13 #15 type.registry] 
New type java.util.Vector<java.lang.Object>

------------------------------------------------------------------------------------------------------------------------

[2020-02-24 10:35:18 #1 store] 
Database 'C:\Users\Yanis\Desktop\Yanis\Espagne\Cours\Software Engineering\Bets_Project\Bets\resources\bets.temp' is opened by 2700@LAPTOP-FG5SJG3N

[2020-02-24 10:35:19 #2 type.registry] 
New type domain.Question

[2020-02-24 10:35:19 #3 type] 
Type domain.Question is not enhanced.

[2020-02-24 10:35:19 #4 type.registry] 
New type domain.Event

[2020-02-24 10:35:19 #5 type.registry] 
New type domain.Bet

[2020-02-24 10:35:19 #6 type.registry] 
New type java.util.Vector<domain.Bet>

[2020-02-24 10:35:19 #7 type] 
Type domain.Event is not enhanced.

[2020-02-24 10:35:19 #8 type.registry] 
New type java.util.Vector<domain.Question>

[2020-02-24 10:35:19 #9 type] 
Type domain.Bet is not enhanced.

[2020-02-24 10:35:19 #10 type.registry] 
New type domain.UserBet

[2020-02-24 10:35:19 #11 type.registry] 
New type java.util.Vector<domain.UserBet>

[2020-02-24 10:35:19 #12 type] 
Type domain.UserBet is not enhanced.

[2020-02-24 10:35:19 #13 type.registry] 
New type domain.User

[2020-02-24 10:35:19 #14 type] 
Type domain.User is not enhanced.

[2020-02-24 10:35:19 #15 type.registry] 
New type java.util.Vector<java.lang.Object>

------------------------------------------------------------------------------------------------------------------------

[2020-02-24 10:38:29 #1 store] 
Database 'C:\Users\Yanis\Desktop\Yanis\Espagne\Cours\Software Engineering\Bets_Project\Bets\resources\bets.temp' is opened by 3252@LAPTOP-FG5SJG3N

[2020-02-24 10:38:29 #2 type.registry] 
New type domain.Question

[2020-02-24 10:38:29 #3 type] 
Type domain.Question is not enhanced.

[2020-02-24 10:38:29 #4 type.registry] 
New type domain.Event

[2020-02-24 10:38:29 #5 type.registry] 
New type domain.Bet

[2020-02-24 10:38:30 #6 type.registry] 
New type java.util.Vector<domain.Bet>

[2020-02-24 10:38:30 #7 type] 
Type domain.Event is not enhanced.

[2020-02-24 10:38:30 #8 type.registry] 
New type java.util.Vector<domain.Question>

[2020-02-24 10:38:30 #9 type] 
Type domain.Bet is not enhanced.

[2020-02-24 10:38:30 #10 type.registry] 
New type domain.UserBet

[2020-02-24 10:38:30 #11 type.registry] 
New type java.util.Vector<domain.UserBet>

[2020-02-24 10:38:30 #12 type] 
Type domain.UserBet is not enhanced.

[2020-02-24 10:38:30 #13 type.registry] 
New type domain.User

[2020-02-24 10:38:30 #14 type] 
Type domain.User is not enhanced.

[2020-02-24 10:38:30 #15 type.registry] 
New type java.util.Vector<java.lang.Object>

------------------------------------------------------------------------------------------------------------------------

[2020-02-24 10:50:01 #1 store] 
Database 'C:\Users\Yanis\Desktop\Yanis\Espagne\Cours\Software Engineering\Bets_Project\Bets\resources\bets.temp' is opened by 8092@LAPTOP-FG5SJG3N

[2020-02-24 10:50:01 #2 type.registry] 
New type domain.Question

[2020-02-24 10:50:01 #3 type] 
Type domain.Question is not enhanced.

[2020-02-24 10:50:01 #4 type.registry] 
New type domain.Event

[2020-02-24 10:50:01 #5 type.registry] 
New type domain.Bet

[2020-02-24 10:50:01 #6 type.registry] 
New type java.util.Vector<domain.Bet>

[2020-02-24 10:50:01 #7 type] 
Type domain.Event is not enhanced.

[2020-02-24 10:50:01 #8 type.registry] 
New type java.util.Vector<domain.Question>

[2020-02-24 10:50:01 #9 type] 
Type domain.Bet is not enhanced.

[2020-02-24 10:50:01 #10 type.registry] 
New type domain.UserBet

[2020-02-24 10:50:01 #11 type.registry] 
New type java.util.Vector<domain.UserBet>

[2020-02-24 10:50:01 #12 type] 
Type domain.UserBet is not enhanced.

[2020-02-24 10:50:01 #13 type.registry] 
New type domain.User

[2020-02-24 10:50:01 #14 type] 
Type domain.User is not enhanced.

[2020-02-24 10:50:01 #15 type.registry] 
New type java.util.Vector<java.lang.Object>

------------------------------------------------------------------------------------------------------------------------

[2020-02-24 10:50:07 #1 store] 
Database 'C:\Users\Yanis\Desktop\Yanis\Espagne\Cours\Software Engineering\Bets_Project\Bets\resources\bets.temp' is opened by 1760@LAPTOP-FG5SJG3N

[2020-02-24 10:50:07 #2 type.registry] 
New type domain.Question

[2020-02-24 10:50:07 #3 type] 
Type domain.Question is not enhanced.

[2020-02-24 10:50:07 #4 type.registry] 
New type domain.Event

[2020-02-24 10:50:07 #5 type.registry] 
New type domain.Bet

[2020-02-24 10:50:07 #6 type.registry] 
New type java.util.Vector<domain.Bet>

[2020-02-24 10:50:07 #7 type] 
Type domain.Event is not enhanced.

[2020-02-24 10:50:07 #8 type.registry] 
New type java.util.Vector<domain.Question>

[2020-02-24 10:50:07 #9 type] 
Type domain.Bet is not enhanced.

[2020-02-24 10:50:07 #10 type.registry] 
New type domain.UserBet

[2020-02-24 10:50:07 #11 type.registry] 
New type java.util.Vector<domain.UserBet>

[2020-02-24 10:50:07 #12 type] 
Type domain.UserBet is not enhanced.

[2020-02-24 10:50:07 #13 type.registry] 
New type domain.User

[2020-02-24 10:50:07 #14 type] 
Type domain.User is not enhanced.

[2020-02-24 10:50:07 #15 type.registry] 
New type java.util.Vector<java.lang.Object>

------------------------------------------------------------------------------------------------------------------------

[2020-02-24 11:13:35 #1 store] 
Database 'C:\Users\mariu\Desktop\II Semestr\Software\Project\Projekt\Bets_Project\Bets\resources\bets.temp' is opened by 16132@DESKTOP-S1F16UG

[2020-02-24 11:13:35 #2 type.registry] 
New type domain.Question

[2020-02-24 11:13:35 #3 type] 
Type domain.Question is not enhanced.

[2020-02-24 11:13:35 #4 type.registry] 
New type domain.Event

[2020-02-24 11:13:35 #5 type.registry] 
New type domain.Bet

[2020-02-24 11:13:35 #6 type.registry] 
New type java.util.Vector<domain.Bet>

[2020-02-24 11:13:35 #7 type] 
Type domain.Event is not enhanced.

[2020-02-24 11:13:35 #8 type.registry] 
New type java.util.Vector<domain.Question>

[2020-02-24 11:13:35 #9 type] 
Type domain.Bet is not enhanced.

[2020-02-24 11:13:35 #10 type.registry] 
New type domain.UserBet

[2020-02-24 11:13:35 #11 type.registry] 
New type java.util.Vector<domain.UserBet>

[2020-02-24 11:13:35 #12 type] 
Type domain.UserBet is not enhanced.

[2020-02-24 11:13:35 #13 type.registry] 
New type domain.User

[2020-02-24 11:13:35 #14 type] 
Type domain.User is not enhanced.

[2020-02-24 11:13:35 #15 type.registry] 
New type java.util.Vector<java.lang.Object>

------------------------------------------------------------------------------------------------------------------------

[2020-02-24 12:00:40 #1 store] 
Database 'C:\Users\mariu\Desktop\II Semestr\Software\Project\Projekt\Bets_Project\Bets\resources\bets.temp' is opened by 9580@DESKTOP-S1F16UG

[2020-02-24 12:00:40 #2 type.registry] 
New type domain.Question

[2020-02-24 12:00:40 #3 type] 
Type domain.Question is not enhanced.

[2020-02-24 12:00:40 #4 type.registry] 
New type domain.Event

[2020-02-24 12:00:40 #5 type.registry] 
New type domain.Bet

[2020-02-24 12:00:40 #6 type.registry] 
New type java.util.Vector<domain.Bet>

[2020-02-24 12:00:40 #7 type] 
Type domain.Event is not enhanced.

[2020-02-24 12:00:40 #8 type.registry] 
New type java.util.Vector<domain.Question>

[2020-02-24 12:00:40 #9 type] 
Type domain.Bet is not enhanced.

[2020-02-24 12:00:40 #10 type.registry] 
New type domain.UserBet

[2020-02-24 12:00:40 #11 type.registry] 
New type java.util.Vector<domain.UserBet>

[2020-02-24 12:00:40 #12 type] 
Type domain.UserBet is not enhanced.

[2020-02-24 12:00:40 #13 type.registry] 
New type domain.User

[2020-02-24 12:00:40 #14 type] 
Type domain.User is not enhanced.

[2020-02-24 12:00:40 #15 type.registry] 
New type java.util.Vector<java.lang.Object>

------------------------------------------------------------------------------------------------------------------------

[2020-02-24 12:36:54 #1 store] 
Database 'C:\Users\mariu\Desktop\II Semestr\Software\Project\Projekt\Bets_Project\Bets\resources\bets.temp' is opened by 7680@DESKTOP-S1F16UG

[2020-02-24 12:37:05 #2 type.registry] 
New type domain.User

[2020-02-24 12:37:05 #3 type] 
Type domain.User is not enhanced.

[2020-02-24 12:37:05 #4 type.registry] 
New type domain.UserBet

[2020-02-24 12:37:05 #5 type.registry] 
New type java.util.Vector<domain.UserBet>

[2020-02-24 12:37:05 #6 type] 
Type domain.UserBet is not enhanced.

[2020-02-24 12:37:05 #7 type.registry] 
New type domain.Bet

[2020-02-24 12:37:05 #8 type] 
Type domain.Bet is not enhanced.

[2020-02-24 12:37:05 #9 type.registry] 
New type domain.Question

[2020-02-24 12:37:05 #10 type] 
Type domain.Question is not enhanced.

[2020-02-24 12:37:05 #11 type.registry] 
New type domain.Event

[2020-02-24 12:37:05 #12 type.registry] 
New type java.util.Vector<domain.Bet>

[2020-02-24 12:37:05 #13 type] 
Type domain.Event is not enhanced.

[2020-02-24 12:37:05 #14 type.registry] 
New type java.util.Vector<domain.Question>

------------------------------------------------------------------------------------------------------------------------

[2020-02-24 12:37:53 #1 store] 
Database 'C:\Users\mariu\Desktop\II Semestr\Software\Project\Projekt\Bets_Project\Bets\resources\bets.temp' is opened by 9576@DESKTOP-S1F16UG

[2020-02-24 12:38:10 #2 type.registry] 
New type domain.User

[2020-02-24 12:38:10 #3 type] 
Type domain.User is not enhanced.

[2020-02-24 12:38:10 #4 type.registry] 
New type domain.UserBet

[2020-02-24 12:38:10 #5 type.registry] 
New type java.util.Vector<domain.UserBet>

[2020-02-24 12:38:10 #6 type] 
Type domain.UserBet is not enhanced.

[2020-02-24 12:38:10 #7 type.registry] 
New type domain.Bet

[2020-02-24 12:38:10 #8 type] 
Type domain.Bet is not enhanced.

[2020-02-24 12:38:10 #9 type.registry] 
New type domain.Question

[2020-02-24 12:38:10 #10 type] 
Type domain.Question is not enhanced.

[2020-02-24 12:38:10 #11 type.registry] 
New type domain.Event

[2020-02-24 12:38:10 #12 type.registry] 
New type java.util.Vector<domain.Bet>

[2020-02-24 12:38:10 #13 type] 
Type domain.Event is not enhanced.

[2020-02-24 12:38:10 #14 type.registry] 
New type java.util.Vector<domain.Question>

------------------------------------------------------------------------------------------------------------------------

[2020-02-24 12:41:04 #1 store] 
Database 'C:\Users\mariu\Desktop\II Semestr\Software\Project\Projekt\Bets_Project\Bets\resources\bets.temp' is opened by 2932@DESKTOP-S1F16UG

[2020-02-24 12:41:04 #2 type.registry] 
New type domain.Question

[2020-02-24 12:41:04 #3 type] 
Type domain.Question is not enhanced.

[2020-02-24 12:41:04 #4 type.registry] 
New type domain.Event

[2020-02-24 12:41:04 #5 type.registry] 
New type domain.Bet

[2020-02-24 12:41:04 #6 type.registry] 
New type java.util.Vector<domain.Bet>

[2020-02-24 12:41:04 #7 type] 
Type domain.Event is not enhanced.

[2020-02-24 12:41:04 #8 type.registry] 
New type java.util.Vector<domain.Question>

[2020-02-24 12:41:04 #9 type] 
Type domain.Bet is not enhanced.

[2020-02-24 12:41:04 #10 type.registry] 
New type domain.UserBet

[2020-02-24 12:41:04 #11 type.registry] 
New type java.util.Vector<domain.UserBet>

[2020-02-24 12:41:04 #12 type] 
Type domain.UserBet is not enhanced.

[2020-02-24 12:41:04 #13 type.registry] 
New type domain.User

[2020-02-24 12:41:04 #14 type] 
Type domain.User is not enhanced.

[2020-02-24 12:41:04 #15 type.registry] 
New type domain.Admin

------------------------------------------------------------------------------------------------------------------------

[2020-02-24 12:41:51 #1 store] 
Database 'C:\Users\mariu\Desktop\II Semestr\Software\Project\Projekt\Bets_Project\Bets\resources\bets.temp' is opened by 4192@DESKTOP-S1F16UG

[2020-02-24 12:41:51 #2 type.registry] 
New type domain.Question

[2020-02-24 12:41:51 #3 type] 
Type domain.Question is not enhanced.

[2020-02-24 12:41:51 #4 type.registry] 
New type domain.Event

[2020-02-24 12:41:51 #5 type.registry] 
New type domain.Bet

[2020-02-24 12:41:51 #6 type.registry] 
New type java.util.Vector<domain.Bet>

[2020-02-24 12:41:51 #7 type] 
Type domain.Event is not enhanced.

[2020-02-24 12:41:51 #8 type.registry] 
New type java.util.Vector<domain.Question>

[2020-02-24 12:41:51 #9 type] 
Type domain.Bet is not enhanced.

[2020-02-24 12:41:51 #10 type.registry] 
New type domain.UserBet

[2020-02-24 12:41:51 #11 type.registry] 
New type java.util.Vector<domain.UserBet>

[2020-02-24 12:41:51 #12 type] 
Type domain.UserBet is not enhanced.

[2020-02-24 12:41:51 #13 type.registry] 
New type domain.User

[2020-02-24 12:41:51 #14 type] 
Type domain.User is not enhanced.

[2020-02-24 12:41:51 #15 type.registry] 
New type domain.Admin

[2020-02-24 12:41:51 #16 type] 
Type domain.Admin is not enhanced.

[2020-02-24 12:41:51 #17 type.registry] 
New type java.util.Vector<java.lang.Object>

------------------------------------------------------------------------------------------------------------------------

[2020-02-24 12:42:06 #1 store] 
Database 'C:\Users\mariu\Desktop\II Semestr\Software\Project\Projekt\Bets_Project\Bets\resources\bets.temp' is opened by 12764@DESKTOP-S1F16UG

[2020-02-24 12:42:07 #2 type.registry] 
New type domain.Question

[2020-02-24 12:42:07 #3 type] 
Type domain.Question is not enhanced.

[2020-02-24 12:42:07 #4 type.registry] 
New type domain.Event

[2020-02-24 12:42:07 #5 type.registry] 
New type domain.Bet

[2020-02-24 12:42:07 #6 type.registry] 
New type java.util.Vector<domain.Bet>

[2020-02-24 12:42:07 #7 type] 
Type domain.Event is not enhanced.

[2020-02-24 12:42:07 #8 type.registry] 
New type java.util.Vector<domain.Question>

[2020-02-24 12:42:07 #9 type] 
Type domain.Bet is not enhanced.

[2020-02-24 12:42:07 #10 type.registry] 
New type domain.UserBet

[2020-02-24 12:42:07 #11 type.registry] 
New type java.util.Vector<domain.UserBet>

[2020-02-24 12:42:07 #12 type] 
Type domain.UserBet is not enhanced.

[2020-02-24 12:42:07 #13 type.registry] 
New type domain.User

[2020-02-24 12:42:07 #14 type] 
Type domain.User is not enhanced.

[2020-02-24 12:42:07 #15 type.registry] 
New type domain.Admin

[2020-02-24 12:42:07 #16 type] 
Type domain.Admin is not enhanced.

[2020-02-24 12:42:07 #17 type.registry] 
New type java.util.Vector<java.lang.Object>

------------------------------------------------------------------------------------------------------------------------

[2020-02-24 13:04:25 #1 store] 
Database 'C:\Users\mariu\Desktop\II Semestr\Software\Project\Projekt\Bets_Project\Bets\resources\bets.temp' is opened by 7708@DESKTOP-S1F16UG

[2020-02-24 13:04:25 #2 type.registry] 
New type domain.Question

[2020-02-24 13:04:25 #3 type] 
Type domain.Question is not enhanced.

[2020-02-24 13:04:25 #4 type.registry] 
New type domain.Event

[2020-02-24 13:04:25 #5 type.registry] 
New type domain.Bet

[2020-02-24 13:04:25 #6 type.registry] 
New type java.util.Vector<domain.Bet>

[2020-02-24 13:04:25 #7 type] 
Type domain.Event is not enhanced.

[2020-02-24 13:04:25 #8 type.registry] 
New type java.util.Vector<domain.Question>

[2020-02-24 13:04:25 #9 type] 
Type domain.Bet is not enhanced.

[2020-02-24 13:04:25 #10 type.registry] 
New type domain.UserBet

[2020-02-24 13:04:25 #11 type.registry] 
New type java.util.Vector<domain.UserBet>

[2020-02-24 13:04:25 #12 type] 
Type domain.UserBet is not enhanced.

[2020-02-24 13:04:25 #13 type.registry] 
New type domain.User

[2020-02-24 13:04:25 #14 type] 
Type domain.User is not enhanced.

[2020-02-24 13:04:25 #15 type.registry] 
New type domain.Admin

[2020-02-24 13:04:25 #16 type] 
Type domain.Admin is not enhanced.

[2020-02-24 13:04:25 #17 type.registry] 
New type java.util.Vector<java.lang.Object>

------------------------------------------------------------------------------------------------------------------------

[2020-02-24 13:10:38 #1 store] 
Database 'C:\Users\mariu\Desktop\II Semestr\Software\Project\Projekt\Bets_Project\Bets\resources\bets.temp' is opened by 12260@DESKTOP-S1F16UG

[2020-02-24 13:10:38 #2 type.registry] 
New type domain.Question

[2020-02-24 13:10:38 #3 type] 
Type domain.Question is not enhanced.

[2020-02-24 13:10:38 #4 type.registry] 
New type domain.Event

[2020-02-24 13:10:38 #5 type.registry] 
New type domain.Bet

[2020-02-24 13:10:38 #6 type.registry] 
New type java.util.Vector<domain.Bet>

[2020-02-24 13:10:38 #7 type] 
Type domain.Event is not enhanced.

[2020-02-24 13:10:38 #8 type.registry] 
New type java.util.Vector<domain.Question>

[2020-02-24 13:10:38 #9 type] 
Type domain.Bet is not enhanced.

[2020-02-24 13:10:38 #10 type.registry] 
New type domain.UserBet

[2020-02-24 13:10:38 #11 type.registry] 
New type java.util.Vector<domain.UserBet>

[2020-02-24 13:10:38 #12 type] 
Type domain.UserBet is not enhanced.

[2020-02-24 13:10:38 #13 type.registry] 
New type domain.User

[2020-02-24 13:10:38 #14 type] 
Type domain.User is not enhanced.

[2020-02-24 13:10:38 #15 type.registry] 
New type domain.Admin

[2020-02-24 13:10:38 #16 type] 
Type domain.Admin is not enhanced.

[2020-02-24 13:10:38 #17 type.registry] 
New type java.util.Vector<java.lang.Object>

------------------------------------------------------------------------------------------------------------------------

[2020-02-24 13:11:09 #1 store] 
Database 'C:\Users\mariu\Desktop\II Semestr\Software\Project\Projekt\Bets_Project\Bets\resources\bets.temp' is opened by 12292@DESKTOP-S1F16UG

[2020-02-24 13:11:09 #2 type.registry] 
New type domain.Question

[2020-02-24 13:11:09 #3 type] 
Type domain.Question is not enhanced.

[2020-02-24 13:11:09 #4 type.registry] 
New type domain.Event

[2020-02-24 13:11:09 #5 type.registry] 
New type domain.Bet

[2020-02-24 13:11:09 #6 type.registry] 
New type java.util.Vector<domain.Bet>

[2020-02-24 13:11:09 #7 type] 
Type domain.Event is not enhanced.

[2020-02-24 13:11:09 #8 type.registry] 
New type java.util.Vector<domain.Question>

[2020-02-24 13:11:09 #9 type] 
Type domain.Bet is not enhanced.

[2020-02-24 13:11:09 #10 type.registry] 
New type domain.UserBet

[2020-02-24 13:11:09 #11 type.registry] 
New type java.util.Vector<domain.UserBet>

[2020-02-24 13:11:09 #12 type] 
Type domain.UserBet is not enhanced.

[2020-02-24 13:11:09 #13 type.registry] 
New type domain.User

[2020-02-24 13:11:09 #14 type] 
Type domain.User is not enhanced.

[2020-02-24 13:11:09 #15 type.registry] 
New type domain.Admin

[2020-02-24 13:11:09 #16 type] 
Type domain.Admin is not enhanced.

[2020-02-24 13:11:09 #17 type.registry] 
New type java.util.Vector<java.lang.Object>

------------------------------------------------------------------------------------------------------------------------

[2020-02-24 13:18:17 #1 store] 
Database 'C:\Users\mariu\Desktop\II Semestr\Software\Project\Projekt\Bets_Project\Bets\resources\bets.temp' is opened by 14364@DESKTOP-S1F16UG

[2020-02-24 13:18:17 #2 type.registry] 
New type domain.Question

[2020-02-24 13:18:17 #3 type] 
Type domain.Question is not enhanced.

[2020-02-24 13:18:17 #4 type.registry] 
New type domain.Event

[2020-02-24 13:18:17 #5 type.registry] 
New type domain.Bet

[2020-02-24 13:18:17 #6 type.registry] 
New type java.util.Vector<domain.Bet>

[2020-02-24 13:18:17 #7 type] 
Type domain.Event is not enhanced.

[2020-02-24 13:18:17 #8 type.registry] 
New type java.util.Vector<domain.Question>

[2020-02-24 13:18:17 #9 type] 
Type domain.Bet is not enhanced.

[2020-02-24 13:18:17 #10 type.registry] 
New type domain.UserBet

[2020-02-24 13:18:17 #11 type.registry] 
New type java.util.Vector<domain.UserBet>

[2020-02-24 13:18:17 #12 type] 
Type domain.UserBet is not enhanced.

[2020-02-24 13:18:17 #13 type.registry] 
New type domain.User

[2020-02-24 13:18:17 #14 type] 
Type domain.User is not enhanced.

[2020-02-24 13:18:17 #15 type.registry] 
New type domain.Admin

[2020-02-24 13:18:17 #16 type] 
Type domain.Admin is not enhanced.

[2020-02-24 13:18:17 #17 type.registry] 
New type java.util.Vector<java.lang.Object>

------------------------------------------------------------------------------------------------------------------------

[2020-02-24 13:18:50 #1 store] 
Database 'C:\Users\mariu\Desktop\II Semestr\Software\Project\Projekt\Bets_Project\Bets\resources\bets.temp' is opened by 112@DESKTOP-S1F16UG

[2020-02-24 13:18:50 #2 type.registry] 
New type domain.Question

[2020-02-24 13:18:50 #3 type] 
Type domain.Question is not enhanced.

[2020-02-24 13:18:50 #4 type.registry] 
New type domain.Event

[2020-02-24 13:18:50 #5 type.registry] 
New type domain.Bet

[2020-02-24 13:18:50 #6 type.registry] 
New type java.util.Vector<domain.Bet>

[2020-02-24 13:18:50 #7 type] 
Type domain.Event is not enhanced.

[2020-02-24 13:18:50 #8 type.registry] 
New type java.util.Vector<domain.Question>

[2020-02-24 13:18:50 #9 type] 
Type domain.Bet is not enhanced.

[2020-02-24 13:18:50 #10 type.registry] 
New type domain.UserBet

[2020-02-24 13:18:50 #11 type.registry] 
New type java.util.Vector<domain.UserBet>

[2020-02-24 13:18:50 #12 type] 
Type domain.UserBet is not enhanced.

[2020-02-24 13:18:50 #13 type.registry] 
New type domain.User

[2020-02-24 13:18:50 #14 type] 
Type domain.User is not enhanced.

[2020-02-24 13:18:50 #15 type.registry] 
New type domain.Admin

[2020-02-24 13:18:50 #16 type] 
Type domain.Admin is not enhanced.

[2020-02-24 13:18:50 #17 type.registry] 
New type java.util.Vector<java.lang.Object>

------------------------------------------------------------------------------------------------------------------------

[2020-02-24 13:42:05 #1 store] 
Database 'C:\Users\mariu\Desktop\II Semestr\Software\Project\Projekt\Bets_Project\Bets\resources\bets.temp' is opened by 1504@DESKTOP-S1F16UG

[2020-02-24 13:42:05 #2 type.registry] 
New type domain.Question

[2020-02-24 13:42:05 #3 type] 
Type domain.Question is not enhanced.

[2020-02-24 13:42:05 #4 type.registry] 
New type domain.Event

[2020-02-24 13:42:05 #5 type.registry] 
New type domain.Bet

[2020-02-24 13:42:05 #6 type.registry] 
New type java.util.Vector<domain.Bet>

[2020-02-24 13:42:05 #7 type] 
Type domain.Event is not enhanced.

[2020-02-24 13:42:05 #8 type.registry] 
New type java.util.Vector<domain.Question>

[2020-02-24 13:42:05 #9 type] 
Type domain.Bet is not enhanced.

[2020-02-24 13:42:05 #10 type.registry] 
New type domain.UserBet

[2020-02-24 13:42:05 #11 type.registry] 
New type java.util.Vector<domain.UserBet>

[2020-02-24 13:42:05 #12 type] 
Type domain.UserBet is not enhanced.

[2020-02-24 13:42:05 #13 type.registry] 
New type domain.User

[2020-02-24 13:42:05 #14 type] 
Type domain.User is not enhanced.

[2020-02-24 13:42:05 #15 type.registry] 
New type domain.Admin

[2020-02-24 13:42:05 #16 type] 
Type domain.Admin is not enhanced.

[2020-02-24 13:42:05 #17 type.registry] 
New type java.util.Vector<java.lang.Object>

------------------------------------------------------------------------------------------------------------------------

[2020-02-24 13:46:04 #1 store] 
Database 'C:\Users\mariu\Desktop\II Semestr\Software\Project\Projekt\Bets_Project\Bets\resources\bets.temp' is opened by 9324@DESKTOP-S1F16UG

[2020-02-24 13:46:04 #2 type.registry] 
New type domain.Question

[2020-02-24 13:46:04 #3 type] 
Type domain.Question is not enhanced.

[2020-02-24 13:46:04 #4 type.registry] 
New type domain.Event

[2020-02-24 13:46:04 #5 type.registry] 
New type domain.Bet

[2020-02-24 13:46:04 #6 type.registry] 
New type java.util.Vector<domain.Bet>

[2020-02-24 13:46:04 #7 type] 
Type domain.Event is not enhanced.

[2020-02-24 13:46:04 #8 type.registry] 
New type java.util.Vector<domain.Question>

[2020-02-24 13:46:04 #9 type] 
Type domain.Bet is not enhanced.

[2020-02-24 13:46:04 #10 type.registry] 
New type domain.UserBet

[2020-02-24 13:46:04 #11 type.registry] 
New type java.util.Vector<domain.UserBet>

[2020-02-24 13:46:04 #12 type] 
Type domain.UserBet is not enhanced.

[2020-02-24 13:46:04 #13 type.registry] 
New type domain.User

[2020-02-24 13:46:04 #14 type] 
Type domain.User is not enhanced.

[2020-02-24 13:46:04 #15 type.registry] 
New type domain.Admin

[2020-02-24 13:46:04 #16 type] 
Type domain.Admin is not enhanced.

[2020-02-24 13:46:04 #17 type.registry] 
New type java.util.Vector<java.lang.Object>

------------------------------------------------------------------------------------------------------------------------

[2020-02-24 13:46:56 #1 store] 
Database 'C:\Users\mariu\Desktop\II Semestr\Software\Project\Projekt\Bets_Project\Bets\resources\bets.temp' is opened by 2976@DESKTOP-S1F16UG

[2020-02-24 13:46:56 #2 type.registry] 
New type domain.Question

[2020-02-24 13:46:56 #3 type] 
Type domain.Question is not enhanced.

[2020-02-24 13:46:56 #4 type.registry] 
New type domain.Event

[2020-02-24 13:46:56 #5 type.registry] 
New type domain.Bet

[2020-02-24 13:46:56 #6 type.registry] 
New type java.util.Vector<domain.Bet>

[2020-02-24 13:46:56 #7 type] 
Type domain.Event is not enhanced.

[2020-02-24 13:46:56 #8 type.registry] 
New type java.util.Vector<domain.Question>

[2020-02-24 13:46:56 #9 type] 
Type domain.Bet is not enhanced.

[2020-02-24 13:46:56 #10 type.registry] 
New type domain.UserBet

[2020-02-24 13:46:56 #11 type.registry] 
New type java.util.Vector<domain.UserBet>

[2020-02-24 13:46:56 #12 type] 
Type domain.UserBet is not enhanced.

[2020-02-24 13:46:56 #13 type.registry] 
New type domain.User

[2020-02-24 13:46:56 #14 type] 
Type domain.User is not enhanced.

[2020-02-24 13:46:56 #15 type.registry] 
New type domain.Admin

[2020-02-24 13:46:56 #16 type] 
Type domain.Admin is not enhanced.

[2020-02-24 13:46:56 #17 type.registry] 
New type java.util.Vector<java.lang.Object>

------------------------------------------------------------------------------------------------------------------------

[2020-02-24 13:48:12 #1 store] 
Database 'C:\Users\mariu\Desktop\II Semestr\Software\Project\Projekt\Bets_Project\Bets\resources\bets.temp' is opened by 1976@DESKTOP-S1F16UG

[2020-02-24 13:48:13 #2 type.registry] 
New type domain.Question

[2020-02-24 13:48:13 #3 type] 
Type domain.Question is not enhanced.

[2020-02-24 13:48:13 #4 type.registry] 
New type domain.Event

[2020-02-24 13:48:13 #5 type.registry] 
New type domain.Bet

[2020-02-24 13:48:13 #6 type.registry] 
New type java.util.Vector<domain.Bet>

[2020-02-24 13:48:13 #7 type] 
Type domain.Event is not enhanced.

[2020-02-24 13:48:13 #8 type.registry] 
New type java.util.Vector<domain.Question>

[2020-02-24 13:48:13 #9 type] 
Type domain.Bet is not enhanced.

[2020-02-24 13:48:13 #10 type.registry] 
New type domain.UserBet

[2020-02-24 13:48:13 #11 type.registry] 
New type java.util.Vector<domain.UserBet>

[2020-02-24 13:48:13 #12 type] 
Type domain.UserBet is not enhanced.

[2020-02-24 13:48:13 #13 type.registry] 
New type domain.User

[2020-02-24 13:48:13 #14 type] 
Type domain.User is not enhanced.

[2020-02-24 13:48:13 #15 type.registry] 
New type domain.Admin

[2020-02-24 13:48:13 #16 type] 
Type domain.Admin is not enhanced.

[2020-02-24 13:48:13 #17 type.registry] 
New type java.util.Vector<java.lang.Object>

------------------------------------------------------------------------------------------------------------------------

[2020-02-24 13:57:47 #1 store] 
Database 'C:\Users\mariu\Desktop\II Semestr\Software\Project\Projekt\Bets_Project\Bets\resources\bets.temp' is opened by 12376@DESKTOP-S1F16UG

[2020-02-24 13:57:47 #2 type.registry] 
New type domain.Question

[2020-02-24 13:57:47 #3 type] 
Type domain.Question is not enhanced.

[2020-02-24 13:57:47 #4 type.registry] 
New type domain.Event

[2020-02-24 13:57:47 #5 type.registry] 
New type domain.Bet

[2020-02-24 13:57:47 #6 type.registry] 
New type java.util.Vector<domain.Bet>

[2020-02-24 13:57:47 #7 type] 
Type domain.Event is not enhanced.

[2020-02-24 13:57:47 #8 type.registry] 
New type java.util.Vector<domain.Question>

[2020-02-24 13:57:47 #9 type] 
Type domain.Bet is not enhanced.

[2020-02-24 13:57:47 #10 type.registry] 
New type domain.UserBet

[2020-02-24 13:57:47 #11 type.registry] 
New type java.util.Vector<domain.UserBet>

[2020-02-24 13:57:47 #12 type] 
Type domain.UserBet is not enhanced.

[2020-02-24 13:57:47 #13 type.registry] 
New type domain.User

[2020-02-24 13:57:47 #14 type] 
Type domain.User is not enhanced.

[2020-02-24 13:57:47 #15 type.registry] 
New type domain.Admin

[2020-02-24 13:57:47 #16 type] 
Type domain.Admin is not enhanced.

[2020-02-24 13:57:47 #17 type.registry] 
New type java.util.Vector<java.lang.Object>

------------------------------------------------------------------------------------------------------------------------

[2020-02-24 13:58:11 #1 store] 
Database 'C:\Users\mariu\Desktop\II Semestr\Software\Project\Projekt\Bets_Project\Bets\resources\bets.temp' is opened by 5156@DESKTOP-S1F16UG

[2020-02-24 13:58:11 #2 type.registry] 
New type domain.Question

[2020-02-24 13:58:11 #3 type] 
Type domain.Question is not enhanced.

[2020-02-24 13:58:11 #4 type.registry] 
New type domain.Event

[2020-02-24 13:58:11 #5 type.registry] 
New type domain.Bet

[2020-02-24 13:58:11 #6 type.registry] 
New type java.util.Vector<domain.Bet>

[2020-02-24 13:58:11 #7 type] 
Type domain.Event is not enhanced.

[2020-02-24 13:58:11 #8 type.registry] 
New type java.util.Vector<domain.Question>

[2020-02-24 13:58:11 #9 type] 
Type domain.Bet is not enhanced.

[2020-02-24 13:58:11 #10 type.registry] 
New type domain.UserBet

[2020-02-24 13:58:11 #11 type.registry] 
New type java.util.Vector<domain.UserBet>

[2020-02-24 13:58:11 #12 type] 
Type domain.UserBet is not enhanced.

[2020-02-24 13:58:11 #13 type.registry] 
New type domain.User

[2020-02-24 13:58:11 #14 type] 
Type domain.User is not enhanced.

[2020-02-24 13:58:11 #15 type.registry] 
New type domain.Admin

[2020-02-24 13:58:11 #16 type] 
Type domain.Admin is not enhanced.

[2020-02-24 13:58:11 #17 type.registry] 
New type java.util.Vector<java.lang.Object>

