------------------------------------------------------------------------------------------------------------------------

[2020-03-03 19:26:51 #1 store] 
Database 'C:\Users\Yanis\Desktop\Yanis\Espagne\Cours\Software Engineering\Project\Bets_Project\Bets\resources\bets.temp' is opened by 11888@LAPTOP-FG5SJG3N

[2020-03-03 19:26:52 #2 type.registry] 
New type domain.Question

[2020-03-03 19:26:52 #3 type] 
Type domain.Question is not enhanced.

[2020-03-03 19:26:52 #4 type.registry] 
New type domain.Event

[2020-03-03 19:26:52 #5 type.registry] 
New type domain.BetChoice

[2020-03-03 19:26:52 #6 type.registry] 
New type java.util.Vector<domain.BetChoice>

[2020-03-03 19:26:52 #7 type] 
Type domain.Event is not enhanced.

[2020-03-03 19:26:52 #8 type.registry] 
New type java.util.Vector<domain.Question>

[2020-03-03 19:26:52 #9 type] 
Type domain.BetChoice is not enhanced.

[2020-03-03 19:26:52 #10 type.registry] 
New type domain.UserBet

[2020-03-03 19:26:52 #11 type.registry] 
New type java.util.Vector<domain.UserBet>

[2020-03-03 19:26:52 #12 type] 
Type domain.UserBet is not enhanced.

[2020-03-03 19:26:52 #13 type.registry] 
New type domain.User

[2020-03-03 19:26:52 #14 type] 
Type domain.User is not enhanced.

[2020-03-03 19:26:52 #15 type.registry] 
New type java.util.Vector<domain.User>

[2020-03-03 19:26:52 #16 type.registry] 
New type domain.Admin

[2020-03-03 19:26:52 #17 type] 
Type domain.Admin is not enhanced.

[2020-03-03 19:26:52 #18 type.registry] 
New type java.util.Vector<java.lang.Object>

------------------------------------------------------------------------------------------------------------------------

[2020-03-03 20:01:26 #1 store] 
Database 'C:\Users\Yanis\Desktop\Yanis\Espagne\Cours\Software Engineering\Project\Bets_Project\Bets\resources\bets.temp' is opened by 12516@LAPTOP-FG5SJG3N

[2020-03-03 20:01:26 #2 type.registry] 
New type domain.Question

[2020-03-03 20:01:26 #3 type] 
Type domain.Question is not enhanced.

[2020-03-03 20:01:26 #4 type.registry] 
New type domain.Event

[2020-03-03 20:01:26 #5 type.registry] 
New type domain.BetChoice

[2020-03-03 20:01:26 #6 type.registry] 
New type java.util.Vector<domain.BetChoice>

[2020-03-03 20:01:26 #7 type] 
Type domain.Event is not enhanced.

[2020-03-03 20:01:26 #8 type.registry] 
New type java.util.Vector<domain.Question>

[2020-03-03 20:01:26 #9 type] 
Type domain.BetChoice is not enhanced.

[2020-03-03 20:01:26 #10 type.registry] 
New type domain.UserBet

[2020-03-03 20:01:26 #11 type.registry] 
New type java.util.Vector<domain.UserBet>

[2020-03-03 20:01:26 #12 type] 
Type domain.UserBet is not enhanced.

[2020-03-03 20:01:26 #13 type.registry] 
New type domain.User

[2020-03-03 20:01:26 #14 type] 
Type domain.User is not enhanced.

[2020-03-03 20:01:26 #15 type.registry] 
New type java.util.Vector<domain.User>

[2020-03-03 20:01:26 #16 type.registry] 
New type domain.Admin

[2020-03-03 20:01:26 #17 type] 
Type domain.Admin is not enhanced.

[2020-03-03 20:01:26 #18 type.registry] 
New type java.util.Vector<java.lang.Object>

------------------------------------------------------------------------------------------------------------------------

[2020-03-03 20:32:33 #1 store] 
Database 'C:\Users\Yanis\Desktop\Yanis\Espagne\Cours\Software Engineering\Project\Bets_Project\Bets\resources\bets.temp' is opened by 9452@LAPTOP-FG5SJG3N

[2020-03-03 20:32:33 #2 type.registry] 
New type domain.Question

[2020-03-03 20:32:33 #3 type] 
Type domain.Question is not enhanced.

[2020-03-03 20:32:33 #4 type.registry] 
New type domain.Event

[2020-03-03 20:32:33 #5 type.registry] 
New type domain.BetChoice

[2020-03-03 20:32:33 #6 type.registry] 
New type java.util.Vector<domain.BetChoice>

[2020-03-03 20:32:33 #7 type] 
Type domain.Event is not enhanced.

[2020-03-03 20:32:33 #8 type.registry] 
New type java.util.Vector<domain.Question>

[2020-03-03 20:32:33 #9 type] 
Type domain.BetChoice is not enhanced.

[2020-03-03 20:32:33 #10 type.registry] 
New type domain.UserBet

[2020-03-03 20:32:33 #11 type.registry] 
New type java.util.Vector<domain.UserBet>

[2020-03-03 20:32:33 #12 type] 
Type domain.UserBet is not enhanced.

[2020-03-03 20:32:33 #13 type.registry] 
New type domain.User

[2020-03-03 20:32:33 #14 type] 
Type domain.User is not enhanced.

[2020-03-03 20:32:33 #15 type.registry] 
New type java.util.Vector<domain.User>

[2020-03-03 20:32:33 #16 type.registry] 
New type domain.Admin

[2020-03-03 20:32:33 #17 type] 
Type domain.Admin is not enhanced.

[2020-03-03 20:32:33 #18 type.registry] 
New type java.util.Vector<java.lang.Object>

------------------------------------------------------------------------------------------------------------------------

[2020-03-03 20:34:49 #1 store] 
Database 'C:\Users\Yanis\Desktop\Yanis\Espagne\Cours\Software Engineering\Project\Bets_Project\Bets\resources\bets.temp' is opened by 11780@LAPTOP-FG5SJG3N

[2020-03-03 20:34:49 #2 type.registry] 
New type domain.Question

[2020-03-03 20:34:49 #3 type] 
Type domain.Question is not enhanced.

[2020-03-03 20:34:49 #4 type.registry] 
New type domain.Event

[2020-03-03 20:34:49 #5 type.registry] 
New type domain.BetChoice

[2020-03-03 20:34:49 #6 type.registry] 
New type java.util.Vector<domain.BetChoice>

[2020-03-03 20:34:49 #7 type] 
Type domain.Event is not enhanced.

[2020-03-03 20:34:49 #8 type.registry] 
New type java.util.Vector<domain.Question>

[2020-03-03 20:34:49 #9 type] 
Type domain.BetChoice is not enhanced.

[2020-03-03 20:34:49 #10 type.registry] 
New type domain.UserBet

[2020-03-03 20:34:49 #11 type.registry] 
New type java.util.Vector<domain.UserBet>

[2020-03-03 20:34:49 #12 type] 
Type domain.UserBet is not enhanced.

[2020-03-03 20:34:49 #13 type.registry] 
New type domain.User

[2020-03-03 20:34:49 #14 type] 
Type domain.User is not enhanced.

[2020-03-03 20:34:49 #15 type.registry] 
New type java.util.Vector<domain.User>

[2020-03-03 20:34:49 #16 type.registry] 
New type domain.Admin

[2020-03-03 20:34:49 #17 type] 
Type domain.Admin is not enhanced.

[2020-03-03 20:34:49 #18 type.registry] 
New type java.util.Vector<java.lang.Object>

------------------------------------------------------------------------------------------------------------------------

[2020-03-03 20:35:33 #1 store] 
Database 'C:\Users\Yanis\Desktop\Yanis\Espagne\Cours\Software Engineering\Project\Bets_Project\Bets\resources\bets.temp' is opened by 5840@LAPTOP-FG5SJG3N

[2020-03-03 20:35:33 #2 type.registry] 
New type domain.Question

[2020-03-03 20:35:33 #3 type] 
Type domain.Question is not enhanced.

[2020-03-03 20:35:33 #4 type.registry] 
New type domain.Event

[2020-03-03 20:35:33 #5 type.registry] 
New type domain.BetChoice

[2020-03-03 20:35:33 #6 type.registry] 
New type java.util.Vector<domain.BetChoice>

[2020-03-03 20:35:33 #7 type] 
Type domain.Event is not enhanced.

[2020-03-03 20:35:33 #8 type.registry] 
New type java.util.Vector<domain.Question>

[2020-03-03 20:35:33 #9 type] 
Type domain.BetChoice is not enhanced.

[2020-03-03 20:35:33 #10 type.registry] 
New type domain.UserBet

[2020-03-03 20:35:33 #11 type.registry] 
New type java.util.Vector<domain.UserBet>

[2020-03-03 20:35:33 #12 type] 
Type domain.UserBet is not enhanced.

[2020-03-03 20:35:33 #13 type.registry] 
New type domain.User

[2020-03-03 20:35:33 #14 type] 
Type domain.User is not enhanced.

[2020-03-03 20:35:33 #15 type.registry] 
New type java.util.Vector<domain.User>

[2020-03-03 20:35:33 #16 type.registry] 
New type domain.Admin

[2020-03-03 20:35:33 #17 type] 
Type domain.Admin is not enhanced.

[2020-03-03 20:35:33 #18 type.registry] 
New type java.util.Vector<java.lang.Object>

------------------------------------------------------------------------------------------------------------------------

[2020-03-03 20:38:31 #1 store] 
Database 'C:\Users\Yanis\Desktop\Yanis\Espagne\Cours\Software Engineering\Project\Bets_Project\Bets\resources\bets.temp' is opened by 3076@LAPTOP-FG5SJG3N

[2020-03-03 20:38:31 #2 type.registry] 
New type domain.Question

[2020-03-03 20:38:31 #3 type] 
Type domain.Question is not enhanced.

[2020-03-03 20:38:31 #4 type.registry] 
New type domain.Event

[2020-03-03 20:38:31 #5 type.registry] 
New type domain.BetChoice

[2020-03-03 20:38:31 #6 type.registry] 
New type java.util.Vector<domain.BetChoice>

[2020-03-03 20:38:31 #7 type] 
Type domain.Event is not enhanced.

[2020-03-03 20:38:31 #8 type.registry] 
New type java.util.Vector<domain.Question>

[2020-03-03 20:38:31 #9 type] 
Type domain.BetChoice is not enhanced.

[2020-03-03 20:38:31 #10 type.registry] 
New type domain.UserBet

[2020-03-03 20:38:31 #11 type.registry] 
New type java.util.Vector<domain.UserBet>

[2020-03-03 20:38:31 #12 type] 
Type domain.UserBet is not enhanced.

[2020-03-03 20:38:31 #13 type.registry] 
New type domain.User

[2020-03-03 20:38:31 #14 type] 
Type domain.User is not enhanced.

[2020-03-03 20:38:31 #15 type.registry] 
New type java.util.Vector<domain.User>

[2020-03-03 20:38:31 #16 type.registry] 
New type domain.Admin

[2020-03-03 20:38:31 #17 type] 
Type domain.Admin is not enhanced.

[2020-03-03 20:38:31 #18 type.registry] 
New type java.util.Vector<java.lang.Object>

------------------------------------------------------------------------------------------------------------------------

[2020-03-03 20:47:33 #1 store] 
Database 'C:\Users\Yanis\Desktop\Yanis\Espagne\Cours\Software Engineering\Project\Bets_Project\Bets\resources\bets.temp' is opened by 14224@LAPTOP-FG5SJG3N

[2020-03-03 20:47:33 #2 type.registry] 
New type domain.Question

[2020-03-03 20:47:33 #3 type] 
Type domain.Question is not enhanced.

[2020-03-03 20:47:33 #4 type.registry] 
New type domain.Event

[2020-03-03 20:47:33 #5 type.registry] 
New type domain.BetChoice

[2020-03-03 20:47:33 #6 type.registry] 
New type java.util.Vector<domain.BetChoice>

[2020-03-03 20:47:33 #7 type] 
Type domain.Event is not enhanced.

[2020-03-03 20:47:33 #8 type.registry] 
New type java.util.Vector<domain.Question>

[2020-03-03 20:47:33 #9 type] 
Type domain.BetChoice is not enhanced.

[2020-03-03 20:47:33 #10 type.registry] 
New type domain.UserBet

[2020-03-03 20:47:33 #11 type.registry] 
New type java.util.Vector<domain.UserBet>

[2020-03-03 20:47:33 #12 type] 
Type domain.UserBet is not enhanced.

[2020-03-03 20:47:33 #13 type.registry] 
New type domain.User

[2020-03-03 20:47:33 #14 type] 
Type domain.User is not enhanced.

[2020-03-03 20:47:33 #15 type.registry] 
New type java.util.Vector<domain.User>

[2020-03-03 20:47:33 #16 type.registry] 
New type domain.Admin

[2020-03-03 20:47:33 #17 type] 
Type domain.Admin is not enhanced.

[2020-03-03 20:47:33 #18 type.registry] 
New type java.util.Vector<java.lang.Object>

------------------------------------------------------------------------------------------------------------------------

[2020-03-03 20:49:31 #1 store] 
Database 'C:\Users\Yanis\Desktop\Yanis\Espagne\Cours\Software Engineering\Project\Bets_Project\Bets\resources\bets.temp' is opened by 16200@LAPTOP-FG5SJG3N

[2020-03-03 20:49:31 #2 type.registry] 
New type domain.Question

[2020-03-03 20:49:31 #3 type] 
Type domain.Question is not enhanced.

[2020-03-03 20:49:31 #4 type.registry] 
New type domain.Event

[2020-03-03 20:49:31 #5 type.registry] 
New type domain.BetChoice

[2020-03-03 20:49:31 #6 type.registry] 
New type java.util.Vector<domain.BetChoice>

[2020-03-03 20:49:31 #7 type] 
Type domain.Event is not enhanced.

[2020-03-03 20:49:31 #8 type.registry] 
New type java.util.Vector<domain.Question>

[2020-03-03 20:49:31 #9 type] 
Type domain.BetChoice is not enhanced.

[2020-03-03 20:49:31 #10 type.registry] 
New type domain.UserBet

[2020-03-03 20:49:31 #11 type.registry] 
New type java.util.Vector<domain.UserBet>

[2020-03-03 20:49:31 #12 type] 
Type domain.UserBet is not enhanced.

[2020-03-03 20:49:31 #13 type.registry] 
New type domain.User

[2020-03-03 20:49:31 #14 type] 
Type domain.User is not enhanced.

[2020-03-03 20:49:31 #15 type.registry] 
New type java.util.Vector<domain.User>

[2020-03-03 20:49:31 #16 type.registry] 
New type domain.Admin

[2020-03-03 20:49:31 #17 type] 
Type domain.Admin is not enhanced.

[2020-03-03 20:49:31 #18 type.registry] 
New type java.util.Vector<java.lang.Object>

------------------------------------------------------------------------------------------------------------------------

[2020-03-03 20:51:59 #1 store] 
Database 'C:\Users\Yanis\Desktop\Yanis\Espagne\Cours\Software Engineering\Project\Bets_Project\Bets\resources\bets.temp' is opened by 4724@LAPTOP-FG5SJG3N

[2020-03-03 20:51:59 #2 type.registry] 
New type domain.Question

[2020-03-03 20:51:59 #3 type] 
Type domain.Question is not enhanced.

[2020-03-03 20:51:59 #4 type.registry] 
New type domain.Event

[2020-03-03 20:51:59 #5 type.registry] 
New type domain.BetChoice

[2020-03-03 20:51:59 #6 type.registry] 
New type java.util.Vector<domain.BetChoice>

[2020-03-03 20:51:59 #7 type] 
Type domain.Event is not enhanced.

[2020-03-03 20:51:59 #8 type.registry] 
New type java.util.Vector<domain.Question>

[2020-03-03 20:51:59 #9 type] 
Type domain.BetChoice is not enhanced.

[2020-03-03 20:51:59 #10 type.registry] 
New type domain.UserBet

[2020-03-03 20:51:59 #11 type.registry] 
New type java.util.Vector<domain.UserBet>

[2020-03-03 20:51:59 #12 type] 
Type domain.UserBet is not enhanced.

[2020-03-03 20:51:59 #13 type.registry] 
New type domain.User

[2020-03-03 20:51:59 #14 type] 
Type domain.User is not enhanced.

[2020-03-03 20:51:59 #15 type.registry] 
New type java.util.Vector<domain.User>

[2020-03-03 20:51:59 #16 type.registry] 
New type domain.Admin

[2020-03-03 20:51:59 #17 type] 
Type domain.Admin is not enhanced.

[2020-03-03 20:51:59 #18 type.registry] 
New type java.util.Vector<java.lang.Object>

------------------------------------------------------------------------------------------------------------------------

[2020-03-03 20:54:43 #1 store] 
Database 'C:\Users\Yanis\Desktop\Yanis\Espagne\Cours\Software Engineering\Project\Bets_Project\Bets\resources\bets.temp' is opened by 15748@LAPTOP-FG5SJG3N

[2020-03-03 20:54:43 #2 type.registry] 
New type domain.Question

[2020-03-03 20:54:43 #3 type] 
Type domain.Question is not enhanced.

[2020-03-03 20:54:43 #4 type.registry] 
New type domain.Event

[2020-03-03 20:54:43 #5 type.registry] 
New type domain.BetChoice

[2020-03-03 20:54:44 #6 type.registry] 
New type java.util.Vector<domain.BetChoice>

[2020-03-03 20:54:44 #7 type] 
Type domain.Event is not enhanced.

[2020-03-03 20:54:44 #8 type.registry] 
New type java.util.Vector<domain.Question>

[2020-03-03 20:54:44 #9 type] 
Type domain.BetChoice is not enhanced.

[2020-03-03 20:54:44 #10 type.registry] 
New type domain.UserBet

[2020-03-03 20:54:44 #11 type.registry] 
New type java.util.Vector<domain.UserBet>

[2020-03-03 20:54:44 #12 type] 
Type domain.UserBet is not enhanced.

[2020-03-03 20:54:44 #13 type.registry] 
New type domain.User

[2020-03-03 20:54:44 #14 type] 
Type domain.User is not enhanced.

[2020-03-03 20:54:44 #15 type.registry] 
New type java.util.Vector<domain.User>

[2020-03-03 20:54:44 #16 type.registry] 
New type domain.Admin

[2020-03-03 20:54:44 #17 type] 
Type domain.Admin is not enhanced.

[2020-03-03 20:54:44 #18 type.registry] 
New type java.util.Vector<java.lang.Object>

------------------------------------------------------------------------------------------------------------------------

[2020-03-03 20:59:49 #1 store] 
Database 'C:\Users\Yanis\Desktop\Yanis\Espagne\Cours\Software Engineering\Project\Bets_Project\Bets\resources\bets.temp' is opened by 4552@LAPTOP-FG5SJG3N

[2020-03-03 20:59:49 #2 type.registry] 
New type domain.Question

[2020-03-03 20:59:49 #3 type] 
Type domain.Question is not enhanced.

[2020-03-03 20:59:49 #4 type.registry] 
New type domain.Event

[2020-03-03 20:59:49 #5 type.registry] 
New type domain.BetChoice

[2020-03-03 20:59:49 #6 type.registry] 
New type java.util.Vector<domain.BetChoice>

[2020-03-03 20:59:49 #7 type] 
Type domain.Event is not enhanced.

[2020-03-03 20:59:49 #8 type.registry] 
New type java.util.Vector<domain.Question>

[2020-03-03 20:59:49 #9 type] 
Type domain.BetChoice is not enhanced.

[2020-03-03 20:59:49 #10 type.registry] 
New type domain.UserBet

[2020-03-03 20:59:49 #11 type.registry] 
New type java.util.Vector<domain.UserBet>

[2020-03-03 20:59:49 #12 type] 
Type domain.UserBet is not enhanced.

[2020-03-03 20:59:49 #13 type.registry] 
New type domain.User

[2020-03-03 20:59:49 #14 type] 
Type domain.User is not enhanced.

[2020-03-03 20:59:49 #15 type.registry] 
New type java.util.Vector<domain.User>

[2020-03-03 20:59:49 #16 type.registry] 
New type domain.Admin

[2020-03-03 20:59:49 #17 type] 
Type domain.Admin is not enhanced.

[2020-03-03 20:59:49 #18 type.registry] 
New type java.util.Vector<java.lang.Object>

------------------------------------------------------------------------------------------------------------------------

[2020-03-03 21:04:37 #1 store] 
Database 'C:\Users\Yanis\Desktop\Yanis\Espagne\Cours\Software Engineering\Project\Bets_Project\Bets\resources\bets.temp' is opened by 14580@LAPTOP-FG5SJG3N

[2020-03-03 21:04:37 #2 type.registry] 
New type domain.Question

[2020-03-03 21:04:37 #3 type] 
Type domain.Question is not enhanced.

[2020-03-03 21:04:37 #4 type.registry] 
New type domain.Event

[2020-03-03 21:04:37 #5 type.registry] 
New type domain.BetChoice

[2020-03-03 21:04:37 #6 type.registry] 
New type java.util.Vector<domain.BetChoice>

[2020-03-03 21:04:37 #7 type] 
Type domain.Event is not enhanced.

[2020-03-03 21:04:37 #8 type.registry] 
New type java.util.Vector<domain.Question>

[2020-03-03 21:04:37 #9 type] 
Type domain.BetChoice is not enhanced.

[2020-03-03 21:04:37 #10 type.registry] 
New type domain.UserBet

[2020-03-03 21:04:37 #11 type.registry] 
New type java.util.Vector<domain.UserBet>

[2020-03-03 21:04:37 #12 type] 
Type domain.UserBet is not enhanced.

[2020-03-03 21:04:37 #13 type.registry] 
New type domain.User

[2020-03-03 21:04:37 #14 type] 
Type domain.User is not enhanced.

[2020-03-03 21:04:37 #15 type.registry] 
New type java.util.Vector<domain.User>

[2020-03-03 21:04:37 #16 type.registry] 
New type domain.Admin

[2020-03-03 21:04:37 #17 type] 
Type domain.Admin is not enhanced.

[2020-03-03 21:04:37 #18 type.registry] 
New type java.util.Vector<java.lang.Object>

------------------------------------------------------------------------------------------------------------------------

[2020-03-03 21:09:21 #1 store] 
Database 'C:\Users\Yanis\Desktop\Yanis\Espagne\Cours\Software Engineering\Project\Bets_Project\Bets\resources\bets.temp' is opened by 15872@LAPTOP-FG5SJG3N

[2020-03-03 21:09:21 #2 type.registry] 
New type domain.Question

[2020-03-03 21:09:21 #3 type] 
Type domain.Question is not enhanced.

[2020-03-03 21:09:21 #4 type.registry] 
New type domain.Event

[2020-03-03 21:09:21 #5 type.registry] 
New type domain.BetChoice

[2020-03-03 21:09:21 #6 type.registry] 
New type java.util.Vector<domain.BetChoice>

[2020-03-03 21:09:21 #7 type] 
Type domain.Event is not enhanced.

[2020-03-03 21:09:21 #8 type.registry] 
New type java.util.Vector<domain.Question>

[2020-03-03 21:09:21 #9 type] 
Type domain.BetChoice is not enhanced.

[2020-03-03 21:09:21 #10 type.registry] 
New type domain.UserBet

[2020-03-03 21:09:21 #11 type.registry] 
New type java.util.Vector<domain.UserBet>

[2020-03-03 21:09:21 #12 type] 
Type domain.UserBet is not enhanced.

[2020-03-03 21:09:21 #13 type.registry] 
New type domain.User

[2020-03-03 21:09:21 #14 type] 
Type domain.User is not enhanced.

[2020-03-03 21:09:21 #15 type.registry] 
New type java.util.Vector<domain.User>

[2020-03-03 21:09:21 #16 type.registry] 
New type domain.Admin

[2020-03-03 21:09:21 #17 type] 
Type domain.Admin is not enhanced.

[2020-03-03 21:09:21 #18 type.registry] 
New type java.util.Vector<java.lang.Object>

------------------------------------------------------------------------------------------------------------------------

[2020-03-03 21:11:08 #1 store] 
Database 'C:\Users\Yanis\Desktop\Yanis\Espagne\Cours\Software Engineering\Project\Bets_Project\Bets\resources\bets.temp' is opened by 13004@LAPTOP-FG5SJG3N

[2020-03-03 21:11:09 #2 type.registry] 
New type domain.Question

[2020-03-03 21:11:09 #3 type] 
Type domain.Question is not enhanced.

[2020-03-03 21:11:09 #4 type.registry] 
New type domain.Event

[2020-03-03 21:11:09 #5 type.registry] 
New type domain.BetChoice

[2020-03-03 21:11:09 #6 type.registry] 
New type java.util.Vector<domain.BetChoice>

[2020-03-03 21:11:09 #7 type] 
Type domain.Event is not enhanced.

[2020-03-03 21:11:09 #8 type.registry] 
New type java.util.Vector<domain.Question>

[2020-03-03 21:11:09 #9 type] 
Type domain.BetChoice is not enhanced.

[2020-03-03 21:11:09 #10 type.registry] 
New type domain.UserBet

[2020-03-03 21:11:09 #11 type.registry] 
New type java.util.Vector<domain.UserBet>

[2020-03-03 21:11:09 #12 type] 
Type domain.UserBet is not enhanced.

[2020-03-03 21:11:09 #13 type.registry] 
New type domain.User

[2020-03-03 21:11:09 #14 type] 
Type domain.User is not enhanced.

[2020-03-03 21:11:09 #15 type.registry] 
New type java.util.Vector<domain.User>

[2020-03-03 21:11:09 #16 type.registry] 
New type domain.Admin

[2020-03-03 21:11:09 #17 type] 
Type domain.Admin is not enhanced.

[2020-03-03 21:11:09 #18 type.registry] 
New type java.util.Vector<java.lang.Object>

------------------------------------------------------------------------------------------------------------------------

[2020-03-03 21:13:34 #1 store] 
Database 'C:\Users\Yanis\Desktop\Yanis\Espagne\Cours\Software Engineering\Project\Bets_Project\Bets\resources\bets.temp' is opened by 9408@LAPTOP-FG5SJG3N

[2020-03-03 21:13:34 #2 type.registry] 
New type domain.Question

[2020-03-03 21:13:34 #3 type] 
Type domain.Question is not enhanced.

[2020-03-03 21:13:34 #4 type.registry] 
New type domain.Event

[2020-03-03 21:13:34 #5 type.registry] 
New type domain.BetChoice

[2020-03-03 21:13:34 #6 type.registry] 
New type java.util.Vector<domain.BetChoice>

[2020-03-03 21:13:34 #7 type] 
Type domain.Event is not enhanced.

[2020-03-03 21:13:34 #8 type.registry] 
New type java.util.Vector<domain.Question>

[2020-03-03 21:13:34 #9 type] 
Type domain.BetChoice is not enhanced.

[2020-03-03 21:13:34 #10 type.registry] 
New type domain.UserBet

[2020-03-03 21:13:34 #11 type.registry] 
New type java.util.Vector<domain.UserBet>

[2020-03-03 21:13:34 #12 type] 
Type domain.UserBet is not enhanced.

[2020-03-03 21:13:34 #13 type.registry] 
New type domain.User

[2020-03-03 21:13:34 #14 type] 
Type domain.User is not enhanced.

[2020-03-03 21:13:34 #15 type.registry] 
New type java.util.Vector<domain.User>

[2020-03-03 21:13:34 #16 type.registry] 
New type domain.Admin

[2020-03-03 21:13:34 #17 type] 
Type domain.Admin is not enhanced.

[2020-03-03 21:13:34 #18 type.registry] 
New type java.util.Vector<java.lang.Object>

------------------------------------------------------------------------------------------------------------------------

[2020-03-03 21:16:28 #1 store] 
Database 'C:\Users\Yanis\Desktop\Yanis\Espagne\Cours\Software Engineering\Project\Bets_Project\Bets\resources\bets.temp' is opened by 15168@LAPTOP-FG5SJG3N

[2020-03-03 21:16:28 #2 type.registry] 
New type domain.Question

[2020-03-03 21:16:28 #3 type] 
Type domain.Question is not enhanced.

[2020-03-03 21:16:28 #4 type.registry] 
New type domain.Event

[2020-03-03 21:16:28 #5 type.registry] 
New type domain.BetChoice

[2020-03-03 21:16:28 #6 type.registry] 
New type java.util.Vector<domain.BetChoice>

[2020-03-03 21:16:28 #7 type] 
Type domain.Event is not enhanced.

[2020-03-03 21:16:28 #8 type.registry] 
New type java.util.Vector<domain.Question>

[2020-03-03 21:16:28 #9 type.registry] 
New type businessLogic.BLFacade

[2020-03-03 21:16:28 #10 type] 
Type domain.BetChoice is not enhanced.

[2020-03-03 21:16:28 #11 type.registry] 
New type domain.UserBet

[2020-03-03 21:16:28 #12 type.registry] 
New type java.util.Vector<domain.UserBet>

[2020-03-03 21:16:28 #13 type] 
Type domain.UserBet is not enhanced.

[2020-03-03 21:16:28 #14 type.registry] 
New type domain.User

[2020-03-03 21:16:28 #15 type] 
Type domain.User is not enhanced.

[2020-03-03 21:16:28 #16 type.registry] 
New type java.util.Vector<domain.User>

[2020-03-03 21:16:28 #17 type.registry] 
New type domain.Admin

[2020-03-03 21:16:28 #18 type] 
Type domain.Admin is not enhanced.

[2020-03-03 21:16:28 #19 type.registry] 
New type java.util.Vector<java.lang.Object>

------------------------------------------------------------------------------------------------------------------------

[2020-03-03 21:18:44 #1 store] 
Database 'C:\Users\Yanis\Desktop\Yanis\Espagne\Cours\Software Engineering\Project\Bets_Project\Bets\resources\bets.temp' is opened by 11364@LAPTOP-FG5SJG3N

[2020-03-03 21:18:44 #2 type.registry] 
New type domain.Question

[2020-03-03 21:18:44 #3 type] 
Type domain.Question is not enhanced.

[2020-03-03 21:18:44 #4 type.registry] 
New type domain.Event

[2020-03-03 21:18:44 #5 type.registry] 
New type domain.BetChoice

[2020-03-03 21:18:44 #6 type.registry] 
New type java.util.Vector<domain.BetChoice>

[2020-03-03 21:18:44 #7 type] 
Type domain.Event is not enhanced.

[2020-03-03 21:18:44 #8 type.registry] 
New type java.util.Vector<domain.Question>

[2020-03-03 21:18:44 #9 type.registry] 
New type businessLogic.BLFacade

[2020-03-03 21:18:44 #10 type] 
Type domain.BetChoice is not enhanced.

[2020-03-03 21:18:44 #11 type.registry] 
New type domain.UserBet

[2020-03-03 21:18:44 #12 type.registry] 
New type java.util.Vector<domain.UserBet>

[2020-03-03 21:18:44 #13 type] 
Type domain.UserBet is not enhanced.

[2020-03-03 21:18:44 #14 type.registry] 
New type domain.User

[2020-03-03 21:18:44 #15 type] 
Type domain.User is not enhanced.

[2020-03-03 21:18:44 #16 type.registry] 
New type java.util.Vector<domain.User>

[2020-03-03 21:18:44 #17 type.registry] 
New type domain.Admin

[2020-03-03 21:18:44 #18 type] 
Type domain.Admin is not enhanced.

[2020-03-03 21:18:44 #19 type.registry] 
New type java.util.Vector<java.lang.Object>

------------------------------------------------------------------------------------------------------------------------

[2020-03-03 21:21:13 #1 store] 
Database 'C:\Users\Yanis\Desktop\Yanis\Espagne\Cours\Software Engineering\Project\Bets_Project\Bets\resources\bets.temp' is opened by 3520@LAPTOP-FG5SJG3N

[2020-03-03 21:21:13 #2 type.registry] 
New type domain.Question

[2020-03-03 21:21:13 #3 type] 
Type domain.Question is not enhanced.

[2020-03-03 21:21:13 #4 type.registry] 
New type domain.Event

[2020-03-03 21:21:13 #5 type.registry] 
New type domain.BetChoice

[2020-03-03 21:21:13 #6 type.registry] 
New type java.util.Vector<domain.BetChoice>

[2020-03-03 21:21:13 #7 type] 
Type domain.Event is not enhanced.

[2020-03-03 21:21:13 #8 type.registry] 
New type java.util.Vector<domain.Question>

[2020-03-03 21:21:13 #9 type.registry] 
New type businessLogic.BLFacade

[2020-03-03 21:21:13 #10 type] 
Type domain.BetChoice is not enhanced.

[2020-03-03 21:21:13 #11 type.registry] 
New type domain.UserBet

[2020-03-03 21:21:13 #12 type.registry] 
New type java.util.Vector<domain.UserBet>

[2020-03-03 21:21:13 #13 type] 
Type domain.UserBet is not enhanced.

[2020-03-03 21:21:13 #14 type.registry] 
New type domain.User

[2020-03-03 21:21:13 #15 type] 
Type domain.User is not enhanced.

[2020-03-03 21:21:13 #16 type.registry] 
New type java.util.Vector<domain.User>

[2020-03-03 21:21:13 #17 type.registry] 
New type domain.Admin

[2020-03-03 21:21:13 #18 type] 
Type domain.Admin is not enhanced.

[2020-03-03 21:21:13 #19 type.registry] 
New type java.util.Vector<java.lang.Object>

------------------------------------------------------------------------------------------------------------------------

[2020-03-03 21:24:19 #1 store] 
Database 'C:\Users\Yanis\Desktop\Yanis\Espagne\Cours\Software Engineering\Project\Bets_Project\Bets\resources\bets.temp' is opened by 4872@LAPTOP-FG5SJG3N

[2020-03-03 21:24:21 #2 type.registry] 
New type domain.Question

[2020-03-03 21:24:21 #3 type] 
Type domain.Question is not enhanced.

[2020-03-03 21:24:21 #4 type.registry] 
New type domain.Event

[2020-03-03 21:24:21 #5 type.registry] 
New type domain.BetChoice

[2020-03-03 21:24:21 #6 type.registry] 
New type java.util.Vector<domain.BetChoice>

[2020-03-03 21:24:21 #7 type] 
Type domain.Event is not enhanced.

[2020-03-03 21:24:21 #8 type.registry] 
New type java.util.Vector<domain.Question>

[2020-03-03 21:24:21 #9 type.registry] 
New type businessLogic.BLFacade

[2020-03-03 21:24:21 #10 type] 
Type domain.BetChoice is not enhanced.

[2020-03-03 21:24:21 #11 type.registry] 
New type domain.UserBet

[2020-03-03 21:24:21 #12 type.registry] 
New type java.util.Vector<domain.UserBet>

[2020-03-03 21:24:21 #13 type] 
Type domain.UserBet is not enhanced.

[2020-03-03 21:24:21 #14 type.registry] 
New type domain.User

[2020-03-03 21:24:21 #15 type] 
Type domain.User is not enhanced.

[2020-03-03 21:24:21 #16 type.registry] 
New type java.util.Vector<domain.User>

[2020-03-03 21:24:21 #17 type.registry] 
New type domain.Admin

[2020-03-03 21:24:21 #18 type] 
Type domain.Admin is not enhanced.

[2020-03-03 21:24:21 #19 type.registry] 
New type java.util.Vector<java.lang.Object>

------------------------------------------------------------------------------------------------------------------------

[2020-03-03 22:41:30 #1 store] 
Database 'C:\Users\Yanis\Desktop\Yanis\Espagne\Cours\Software Engineering\Project\Bets_Project\Bets\resources\bets.temp' is opened by 5668@LAPTOP-FG5SJG3N

[2020-03-03 22:41:30 #2 type.registry] 
New type domain.Question

[2020-03-03 22:41:30 #3 type] 
Type domain.Question is not enhanced.

[2020-03-03 22:41:30 #4 type.registry] 
New type domain.Event

[2020-03-03 22:41:30 #5 type.registry] 
New type domain.BetChoice

[2020-03-03 22:41:30 #6 type.registry] 
New type java.util.Vector<domain.BetChoice>

[2020-03-03 22:41:30 #7 type] 
Type domain.Event is not enhanced.

[2020-03-03 22:41:30 #8 type.registry] 
New type java.util.Vector<domain.Question>

[2020-03-03 22:41:30 #9 type.registry] 
New type businessLogic.BLFacade

[2020-03-03 22:41:30 #10 type] 
Type domain.BetChoice is not enhanced.

[2020-03-03 22:41:30 #11 type.registry] 
New type domain.UserBet

[2020-03-03 22:41:30 #12 type.registry] 
New type java.util.Vector<domain.UserBet>

[2020-03-03 22:41:30 #13 type] 
Type domain.UserBet is not enhanced.

[2020-03-03 22:41:30 #14 type.registry] 
New type domain.User

[2020-03-03 22:41:30 #15 type] 
Type domain.User is not enhanced.

[2020-03-03 22:41:30 #16 type.registry] 
New type java.util.Vector<domain.User>

[2020-03-03 22:41:30 #17 type.registry] 
New type domain.Admin

[2020-03-03 22:41:30 #18 type] 
Type domain.Admin is not enhanced.

[2020-03-03 22:41:30 #19 type.registry] 
New type java.util.Vector<java.lang.Object>

------------------------------------------------------------------------------------------------------------------------

[2020-03-03 22:46:23 #1 store] 
Database 'C:\Users\Yanis\Desktop\Yanis\Espagne\Cours\Software Engineering\Project\Bets_Project\Bets\resources\bets.temp' is opened by 13072@LAPTOP-FG5SJG3N

[2020-03-03 22:46:23 #2 type.registry] 
New type domain.Question

[2020-03-03 22:46:23 #3 type] 
Type domain.Question is not enhanced.

[2020-03-03 22:46:23 #4 type.registry] 
New type domain.Event

[2020-03-03 22:46:23 #5 type.registry] 
New type domain.BetChoice

[2020-03-03 22:46:23 #6 type.registry] 
New type java.util.Vector<domain.BetChoice>

[2020-03-03 22:46:23 #7 type] 
Type domain.Event is not enhanced.

[2020-03-03 22:46:23 #8 type.registry] 
New type java.util.Vector<domain.Question>

[2020-03-03 22:46:23 #9 type] 
Type domain.BetChoice is not enhanced.

[2020-03-03 22:46:23 #10 type.registry] 
New type domain.UserBet

[2020-03-03 22:46:23 #11 type.registry] 
New type java.util.Vector<domain.UserBet>

[2020-03-03 22:46:23 #12 type] 
Type domain.UserBet is not enhanced.

[2020-03-03 22:46:23 #13 type.registry] 
New type domain.User

[2020-03-03 22:46:23 #14 type] 
Type domain.User is not enhanced.

[2020-03-03 22:46:23 #15 type.registry] 
New type java.util.Vector<domain.User>

[2020-03-03 22:46:23 #16 type.registry] 
New type domain.Admin

[2020-03-03 22:46:23 #17 type] 
Type domain.Admin is not enhanced.

[2020-03-03 22:46:23 #18 type.registry] 
New type java.util.Vector<java.lang.Object>

------------------------------------------------------------------------------------------------------------------------

[2020-03-03 22:52:05 #1 store] 
Database 'C:\Users\Yanis\Desktop\Yanis\Espagne\Cours\Software Engineering\Project\Bets_Project\Bets\resources\bets.temp' is opened by 1976@LAPTOP-FG5SJG3N

[2020-03-03 22:52:05 #2 type.registry] 
New type domain.Question

[2020-03-03 22:52:05 #3 type] 
Type domain.Question is not enhanced.

[2020-03-03 22:52:05 #4 type.registry] 
New type domain.Event

[2020-03-03 22:52:05 #5 type.registry] 
New type domain.BetChoice

[2020-03-03 22:52:05 #6 type.registry] 
New type java.util.Vector<domain.BetChoice>

[2020-03-03 22:52:05 #7 type] 
Type domain.Event is not enhanced.

[2020-03-03 22:52:05 #8 type.registry] 
New type java.util.Vector<domain.Question>

[2020-03-03 22:52:05 #9 type] 
Type domain.BetChoice is not enhanced.

[2020-03-03 22:52:05 #10 type.registry] 
New type domain.UserBet

[2020-03-03 22:52:05 #11 type.registry] 
New type java.util.Vector<domain.UserBet>

[2020-03-03 22:52:05 #12 type] 
Type domain.UserBet is not enhanced.

[2020-03-03 22:52:05 #13 type.registry] 
New type domain.User

[2020-03-03 22:52:05 #14 type] 
Type domain.User is not enhanced.

[2020-03-03 22:52:05 #15 type.registry] 
New type java.util.Vector<domain.User>

[2020-03-03 22:52:05 #16 type.registry] 
New type domain.Admin

[2020-03-03 22:52:05 #17 type] 
Type domain.Admin is not enhanced.

[2020-03-03 22:52:05 #18 type.registry] 
New type java.util.Vector<java.lang.Object>

------------------------------------------------------------------------------------------------------------------------

[2020-03-03 22:54:51 #1 store] 
Database 'C:\Users\Yanis\Desktop\Yanis\Espagne\Cours\Software Engineering\Project\Bets_Project\Bets\resources\bets.temp' is opened by 15224@LAPTOP-FG5SJG3N

[2020-03-03 22:54:51 #2 type.registry] 
New type domain.Question

[2020-03-03 22:54:51 #3 type] 
Type domain.Question is not enhanced.

[2020-03-03 22:54:51 #4 type.registry] 
New type domain.Event

[2020-03-03 22:54:51 #5 type.registry] 
New type domain.BetChoice

[2020-03-03 22:54:51 #6 type.registry] 
New type java.util.Vector<domain.BetChoice>

[2020-03-03 22:54:51 #7 type] 
Type domain.Event is not enhanced.

[2020-03-03 22:54:51 #8 type.registry] 
New type java.util.Vector<domain.Question>

[2020-03-03 22:54:51 #9 type] 
Type domain.BetChoice is not enhanced.

[2020-03-03 22:54:51 #10 type.registry] 
New type domain.UserBet

[2020-03-03 22:54:51 #11 type.registry] 
New type java.util.Vector<domain.UserBet>

[2020-03-03 22:54:51 #12 type] 
Type domain.UserBet is not enhanced.

[2020-03-03 22:54:51 #13 type.registry] 
New type domain.User

[2020-03-03 22:54:51 #14 type] 
Type domain.User is not enhanced.

[2020-03-03 22:54:51 #15 type.registry] 
New type java.util.Vector<domain.User>

[2020-03-03 22:54:51 #16 type.registry] 
New type domain.Admin

[2020-03-03 22:54:51 #17 type] 
Type domain.Admin is not enhanced.

[2020-03-03 22:54:51 #18 type.registry] 
New type java.util.Vector<java.lang.Object>

------------------------------------------------------------------------------------------------------------------------

[2020-03-03 23:00:41 #1 store] 
Database 'C:\Users\Yanis\Desktop\Yanis\Espagne\Cours\Software Engineering\Project\Bets_Project\Bets\resources\bets.temp' is opened by 6376@LAPTOP-FG5SJG3N

[2020-03-03 23:00:41 #2 type.registry] 
New type domain.Question

[2020-03-03 23:00:41 #3 type] 
Type domain.Question is not enhanced.

[2020-03-03 23:00:41 #4 type.registry] 
New type domain.Event

[2020-03-03 23:00:41 #5 type.registry] 
New type domain.BetChoice

[2020-03-03 23:00:41 #6 type.registry] 
New type java.util.Vector<domain.BetChoice>

[2020-03-03 23:00:41 #7 type] 
Type domain.Event is not enhanced.

[2020-03-03 23:00:41 #8 type.registry] 
New type java.util.Vector<domain.Question>

[2020-03-03 23:00:41 #9 type] 
Type domain.BetChoice is not enhanced.

[2020-03-03 23:00:41 #10 type.registry] 
New type domain.UserBet

[2020-03-03 23:00:41 #11 type.registry] 
New type java.util.Vector<domain.UserBet>

[2020-03-03 23:00:41 #12 type] 
Type domain.UserBet is not enhanced.

[2020-03-03 23:00:41 #13 type.registry] 
New type domain.User

[2020-03-03 23:00:41 #14 type] 
Type domain.User is not enhanced.

[2020-03-03 23:00:41 #15 type.registry] 
New type java.util.Vector<domain.User>

[2020-03-03 23:00:41 #16 type.registry] 
New type domain.Admin

[2020-03-03 23:00:41 #17 type] 
Type domain.Admin is not enhanced.

[2020-03-03 23:00:41 #18 type.registry] 
New type java.util.Vector<java.lang.Object>

------------------------------------------------------------------------------------------------------------------------

[2020-03-03 23:13:19 #1 store] 
Database 'C:\Users\Yanis\Desktop\Yanis\Espagne\Cours\Software Engineering\Project\Bets_Project\Bets\resources\bets.temp' is opened by 3328@LAPTOP-FG5SJG3N

[2020-03-03 23:13:19 #2 type.registry] 
New type domain.Question

[2020-03-03 23:13:19 #3 type] 
Type domain.Question is not enhanced.

[2020-03-03 23:13:19 #4 type.registry] 
New type domain.Event

[2020-03-03 23:13:19 #5 type.registry] 
New type domain.BetChoice

[2020-03-03 23:13:19 #6 type.registry] 
New type java.util.Vector<domain.BetChoice>

[2020-03-03 23:13:19 #7 type] 
Type domain.Event is not enhanced.

[2020-03-03 23:13:19 #8 type.registry] 
New type java.util.Vector<domain.Question>

[2020-03-03 23:13:19 #9 type] 
Type domain.BetChoice is not enhanced.

[2020-03-03 23:13:19 #10 type.registry] 
New type domain.UserBet

[2020-03-03 23:13:19 #11 type.registry] 
New type java.util.Vector<domain.UserBet>

[2020-03-03 23:13:19 #12 type] 
Type domain.UserBet is not enhanced.

[2020-03-03 23:13:19 #13 type.registry] 
New type domain.User

[2020-03-03 23:13:19 #14 type] 
Type domain.User is not enhanced.

[2020-03-03 23:13:19 #15 type.registry] 
New type java.util.Vector<domain.User>

[2020-03-03 23:13:19 #16 type.registry] 
New type domain.Admin

[2020-03-03 23:13:19 #17 type] 
Type domain.Admin is not enhanced.

[2020-03-03 23:13:19 #18 type.registry] 
New type java.util.Vector<java.lang.Object>

------------------------------------------------------------------------------------------------------------------------

[2020-03-03 23:39:04 #1 store] 
Database 'C:\Users\Yanis\Desktop\Yanis\Espagne\Cours\Software Engineering\Project\Bets_Project\Bets\resources\bets.temp' is opened by 6516@LAPTOP-FG5SJG3N

[2020-03-03 23:39:05 #2 type.registry] 
New type domain.Question

[2020-03-03 23:39:05 #3 type] 
Type domain.Question is not enhanced.

[2020-03-03 23:39:05 #4 type.registry] 
New type domain.Event

[2020-03-03 23:39:05 #5 type.registry] 
New type domain.BetChoice

[2020-03-03 23:39:05 #6 type.registry] 
New type java.util.Vector<domain.BetChoice>

[2020-03-03 23:39:05 #7 type] 
Type domain.Event is not enhanced.

[2020-03-03 23:39:05 #8 type.registry] 
New type java.util.Vector<domain.Question>

[2020-03-03 23:39:05 #9 type] 
Type domain.BetChoice is not enhanced.

[2020-03-03 23:39:05 #10 type.registry] 
New type domain.UserBet

[2020-03-03 23:39:05 #11 type.registry] 
New type java.util.Vector<domain.UserBet>

[2020-03-03 23:39:05 #12 type] 
Type domain.UserBet is not enhanced.

[2020-03-03 23:39:05 #13 type.registry] 
New type domain.User

[2020-03-03 23:39:05 #14 type] 
Type domain.User is not enhanced.

[2020-03-03 23:39:05 #15 type.registry] 
New type java.util.Vector<domain.User>

[2020-03-03 23:39:05 #16 type.registry] 
New type domain.Admin

[2020-03-03 23:39:05 #17 type] 
Type domain.Admin is not enhanced.

[2020-03-03 23:39:05 #18 type.registry] 
New type java.util.Vector<java.lang.Object>

------------------------------------------------------------------------------------------------------------------------

[2020-03-03 23:41:38 #1 store] 
Database 'C:\Users\Yanis\Desktop\Yanis\Espagne\Cours\Software Engineering\Project\Bets_Project\Bets\resources\bets.temp' is opened by 7848@LAPTOP-FG5SJG3N

[2020-03-03 23:41:38 #2 type.registry] 
New type domain.Question

[2020-03-03 23:41:38 #3 type] 
Type domain.Question is not enhanced.

[2020-03-03 23:41:38 #4 type.registry] 
New type domain.Event

[2020-03-03 23:41:38 #5 type.registry] 
New type domain.BetChoice

[2020-03-03 23:41:38 #6 type.registry] 
New type java.util.Vector<domain.BetChoice>

[2020-03-03 23:41:38 #7 type] 
Type domain.Event is not enhanced.

[2020-03-03 23:41:38 #8 type.registry] 
New type java.util.Vector<domain.Question>

[2020-03-03 23:41:38 #9 type] 
Type domain.BetChoice is not enhanced.

[2020-03-03 23:41:38 #10 type.registry] 
New type domain.UserBet

[2020-03-03 23:41:38 #11 type.registry] 
New type java.util.Vector<domain.UserBet>

[2020-03-03 23:41:38 #12 type] 
Type domain.UserBet is not enhanced.

[2020-03-03 23:41:38 #13 type.registry] 
New type domain.User

[2020-03-03 23:41:38 #14 type] 
Type domain.User is not enhanced.

[2020-03-03 23:41:38 #15 type.registry] 
New type java.util.Vector<domain.User>

[2020-03-03 23:41:38 #16 type.registry] 
New type domain.Admin

[2020-03-03 23:41:38 #17 type] 
Type domain.Admin is not enhanced.

[2020-03-03 23:41:38 #18 type.registry] 
New type java.util.Vector<java.lang.Object>

------------------------------------------------------------------------------------------------------------------------

[2020-03-03 23:43:59 #1 store] 
Database 'C:\Users\Yanis\Desktop\Yanis\Espagne\Cours\Software Engineering\Project\Bets_Project\Bets\resources\bets.temp' is opened by 5132@LAPTOP-FG5SJG3N

[2020-03-03 23:43:59 #2 type.registry] 
New type domain.Question

[2020-03-03 23:43:59 #3 type] 
Type domain.Question is not enhanced.

[2020-03-03 23:43:59 #4 type.registry] 
New type domain.Event

[2020-03-03 23:43:59 #5 type.registry] 
New type domain.BetChoice

[2020-03-03 23:43:59 #6 type.registry] 
New type java.util.Vector<domain.BetChoice>

[2020-03-03 23:43:59 #7 type] 
Type domain.Event is not enhanced.

[2020-03-03 23:43:59 #8 type.registry] 
New type java.util.Vector<domain.Question>

[2020-03-03 23:43:59 #9 type] 
Type domain.BetChoice is not enhanced.

[2020-03-03 23:43:59 #10 type.registry] 
New type domain.UserBet

[2020-03-03 23:43:59 #11 type.registry] 
New type java.util.Vector<domain.UserBet>

[2020-03-03 23:43:59 #12 type] 
Type domain.UserBet is not enhanced.

[2020-03-03 23:43:59 #13 type.registry] 
New type domain.User

[2020-03-03 23:43:59 #14 type] 
Type domain.User is not enhanced.

[2020-03-03 23:43:59 #15 type.registry] 
New type java.util.Vector<domain.User>

[2020-03-03 23:43:59 #16 type.registry] 
New type domain.Admin

[2020-03-03 23:43:59 #17 type] 
Type domain.Admin is not enhanced.

[2020-03-03 23:43:59 #18 type.registry] 
New type java.util.Vector<java.lang.Object>

