------------------------------------------------------------------------------------------------------------------------

[2020-05-12 13:35:47 #1 type.registry] 
New type domain.Sport

[2020-05-12 13:35:47 #2 type] 
Type domain.Sport is not enhanced.

[2020-05-12 13:35:47 #3 type.registry] 
New type domain.Event

[2020-05-12 13:35:47 #4 type.registry] 
New type java.util.Vector<domain.Event>

[2020-05-12 13:35:47 #5 type] 
Type domain.Event is not enhanced.

[2020-05-12 13:35:47 #6 type.registry] 
New type domain.Question

[2020-05-12 13:35:47 #7 type.registry] 
New type java.util.Vector<domain.Question>

[2020-05-12 13:35:47 #8 type] 
Type domain.Question is not enhanced.

[2020-05-12 13:35:47 #9 type.registry] 
New type domain.BetChoice

[2020-05-12 13:35:47 #10 type.registry] 
New type java.util.Vector<domain.BetChoice>

[2020-05-12 13:35:47 #11 type] 
Type domain.BetChoice is not enhanced.

[2020-05-12 13:35:47 #12 type.registry] 
New type domain.UserBet

[2020-05-12 13:35:47 #13 type.registry] 
New type java.util.Vector<domain.UserBet>

[2020-05-12 13:35:47 #14 type] 
Type domain.UserBet is not enhanced.

[2020-05-12 13:35:47 #15 type.registry] 
New type domain.User

[2020-05-12 13:35:47 #16 type] 
Type domain.User is not enhanced.

[2020-05-12 13:35:47 #17 type.registry] 
New type domain.Report

[2020-05-12 13:35:47 #18 type.registry] 
New type java.util.Vector<domain.Report>

[2020-05-12 13:35:47 #19 type.registry] 
New type domain.Message

[2020-05-12 13:35:47 #20 type.registry] 
New type java.util.Vector<domain.Message>

[2020-05-12 13:35:47 #21 type.registry] 
New type java.util.Vector<domain.Sport>

[2020-05-12 13:35:47 #22 type.registry] 
New type java.util.Vector<domain.User>

[2020-05-12 13:35:47 #23 type] 
Type domain.Report is not enhanced.

[2020-05-12 13:35:47 #24 type.registry] 
New type domain.ReportType

[2020-05-12 13:35:47 #25 type] 
Type domain.Message is not enhanced.

[2020-05-12 13:35:48 #26 type.registry] 
New type domain.Admin

[2020-05-12 13:35:48 #27 type] 
Type domain.Admin is not enhanced.

[2020-05-12 13:35:48 #28 type.registry] 
New type java.util.Vector<java.lang.Object>

------------------------------------------------------------------------------------------------------------------------

[2020-05-12 13:35:59 #1 type.registry] 
New type domain.Sport

[2020-05-12 13:35:59 #2 type] 
Type domain.Sport is not enhanced.

[2020-05-12 13:35:59 #3 type.registry] 
New type domain.Event

[2020-05-12 13:35:59 #4 type.registry] 
New type java.util.Vector<domain.Event>

[2020-05-12 13:35:59 #5 type] 
Type domain.Event is not enhanced.

[2020-05-12 13:35:59 #6 type.registry] 
New type domain.Question

[2020-05-12 13:35:59 #7 type.registry] 
New type java.util.Vector<domain.Question>

[2020-05-12 13:35:59 #8 type] 
Type domain.Question is not enhanced.

[2020-05-12 13:35:59 #9 type.registry] 
New type domain.BetChoice

[2020-05-12 13:35:59 #10 type.registry] 
New type java.util.Vector<domain.BetChoice>

[2020-05-12 13:35:59 #11 type] 
Type domain.BetChoice is not enhanced.

[2020-05-12 13:35:59 #12 type.registry] 
New type domain.UserBet

[2020-05-12 13:35:59 #13 type.registry] 
New type java.util.Vector<domain.UserBet>

[2020-05-12 13:35:59 #14 type] 
Type domain.UserBet is not enhanced.

[2020-05-12 13:35:59 #15 type.registry] 
New type domain.User

[2020-05-12 13:35:59 #16 type] 
Type domain.User is not enhanced.

[2020-05-12 13:35:59 #17 type.registry] 
New type domain.Report

[2020-05-12 13:35:59 #18 type.registry] 
New type java.util.Vector<domain.Report>

[2020-05-12 13:35:59 #19 type.registry] 
New type domain.Message

[2020-05-12 13:35:59 #20 type.registry] 
New type java.util.Vector<domain.Message>

[2020-05-12 13:35:59 #21 type.registry] 
New type java.util.Vector<domain.Sport>

[2020-05-12 13:35:59 #22 type.registry] 
New type java.util.Vector<domain.User>

[2020-05-12 13:35:59 #23 type] 
Type domain.Report is not enhanced.

[2020-05-12 13:35:59 #24 type.registry] 
New type domain.ReportType

[2020-05-12 13:35:59 #25 type] 
Type domain.Message is not enhanced.

[2020-05-12 13:35:59 #26 type.registry] 
New type domain.Admin

[2020-05-12 13:35:59 #27 type] 
Type domain.Admin is not enhanced.

[2020-05-12 13:35:59 #28 type.registry] 
New type java.util.Vector<java.lang.Object>

------------------------------------------------------------------------------------------------------------------------

[2020-05-12 13:37:56 #1 type.registry] 
New type domain.Sport

[2020-05-12 13:37:56 #2 type] 
Type domain.Sport is not enhanced.

[2020-05-12 13:37:56 #3 type.registry] 
New type domain.Event

[2020-05-12 13:37:56 #4 type.registry] 
New type java.util.Vector<domain.Event>

[2020-05-12 13:37:56 #5 type] 
Type domain.Event is not enhanced.

[2020-05-12 13:37:56 #6 type.registry] 
New type domain.Question

[2020-05-12 13:37:56 #7 type.registry] 
New type java.util.Vector<domain.Question>

[2020-05-12 13:37:56 #8 type] 
Type domain.Question is not enhanced.

[2020-05-12 13:37:56 #9 type.registry] 
New type domain.BetChoice

[2020-05-12 13:37:56 #10 type.registry] 
New type java.util.Vector<domain.BetChoice>

[2020-05-12 13:37:56 #11 type] 
Type domain.BetChoice is not enhanced.

[2020-05-12 13:37:56 #12 type.registry] 
New type domain.UserBet

[2020-05-12 13:37:56 #13 type.registry] 
New type java.util.Vector<domain.UserBet>

[2020-05-12 13:37:56 #14 type] 
Type domain.UserBet is not enhanced.

[2020-05-12 13:37:56 #15 type.registry] 
New type domain.User

[2020-05-12 13:37:56 #16 type] 
Type domain.User is not enhanced.

[2020-05-12 13:37:56 #17 type.registry] 
New type domain.Report

[2020-05-12 13:37:56 #18 type.registry] 
New type java.util.Vector<domain.Report>

[2020-05-12 13:37:56 #19 type.registry] 
New type domain.Message

[2020-05-12 13:37:56 #20 type.registry] 
New type java.util.Vector<domain.Message>

[2020-05-12 13:37:56 #21 type.registry] 
New type java.util.Vector<domain.Sport>

[2020-05-12 13:37:56 #22 type.registry] 
New type java.util.Vector<domain.User>

[2020-05-12 13:37:56 #23 type] 
Type domain.Report is not enhanced.

[2020-05-12 13:37:56 #24 type.registry] 
New type domain.ReportType

[2020-05-12 13:37:56 #25 type] 
Type domain.Message is not enhanced.

[2020-05-12 13:37:56 #26 type.registry] 
New type domain.Admin

[2020-05-12 13:37:56 #27 type] 
Type domain.Admin is not enhanced.

[2020-05-12 13:37:56 #28 type.registry] 
New type java.util.Vector<java.lang.Object>

