------------------------------------------------------------------------------------------------------------------------

[2020-02-25 19:45:39 #1 store] 
Database 'C:\Users\mariu\Desktop\II Semestr\Software\Project\Projekt\Bets_Project\Bets\resources\bets.temp' is opened by 7092@DESKTOP-S1F16UG

[2020-02-25 19:45:39 #2 type.registry] 
New type domain.Question

[2020-02-25 19:45:39 #3 type] 
Type domain.Question is not enhanced.

[2020-02-25 19:45:39 #4 type.registry] 
New type domain.Event

[2020-02-25 19:45:39 #5 type.registry] 
New type domain.Bet

[2020-02-25 19:45:39 #6 type.registry] 
New type java.util.Vector<domain.Bet>

[2020-02-25 19:45:39 #7 type] 
Type domain.Event is not enhanced.

[2020-02-25 19:45:39 #8 type.registry] 
New type java.util.Vector<domain.Question>

[2020-02-25 19:45:39 #9 type] 
Type domain.Bet is not enhanced.

[2020-02-25 19:45:39 #10 type.registry] 
New type domain.UserBet

[2020-02-25 19:45:39 #11 type.registry] 
New type java.util.Vector<domain.UserBet>

[2020-02-25 19:45:39 #12 type] 
Type domain.UserBet is not enhanced.

[2020-02-25 19:45:39 #13 type.registry] 
New type domain.User

[2020-02-25 19:45:39 #14 type] 
Type domain.User is not enhanced.

[2020-02-25 19:45:39 #15 type.registry] 
New type domain.Admin

[2020-02-25 19:45:39 #16 type] 
Type domain.Admin is not enhanced.

[2020-02-25 19:45:39 #17 type.registry] 
New type java.util.Vector<java.lang.Object>

------------------------------------------------------------------------------------------------------------------------

[2020-02-25 20:02:18 #1 store] 
Database 'C:\Users\mariu\Desktop\II Semestr\Software\Project\Projekt\Bets_Project\Bets\resources\bets.temp' is opened by 12424@DESKTOP-S1F16UG

[2020-02-25 20:02:18 #2 type.registry] 
New type domain.Question

[2020-02-25 20:02:18 #3 type] 
Type domain.Question is not enhanced.

[2020-02-25 20:02:18 #4 type.registry] 
New type domain.Event

[2020-02-25 20:02:18 #5 type.registry] 
New type domain.Bet

[2020-02-25 20:02:18 #6 type.registry] 
New type java.util.Vector<domain.Bet>

[2020-02-25 20:02:18 #7 type] 
Type domain.Event is not enhanced.

[2020-02-25 20:02:18 #8 type.registry] 
New type java.util.Vector<domain.Question>

[2020-02-25 20:02:18 #9 type] 
Type domain.Bet is not enhanced.

[2020-02-25 20:02:18 #10 type.registry] 
New type domain.UserBet

[2020-02-25 20:02:18 #11 type.registry] 
New type java.util.Vector<domain.UserBet>

[2020-02-25 20:02:18 #12 type] 
Type domain.UserBet is not enhanced.

[2020-02-25 20:02:18 #13 type.registry] 
New type domain.User

[2020-02-25 20:02:18 #14 type] 
Type domain.User is not enhanced.

[2020-02-25 20:02:18 #15 type.registry] 
New type domain.Admin

[2020-02-25 20:02:18 #16 type] 
Type domain.Admin is not enhanced.

[2020-02-25 20:02:18 #17 type.registry] 
New type java.util.Vector<java.lang.Object>

------------------------------------------------------------------------------------------------------------------------

[2020-02-25 20:02:48 #1 store] 
Database 'C:\Users\mariu\Desktop\II Semestr\Software\Project\Projekt\Bets_Project\Bets\resources\bets.temp' is opened by 14104@DESKTOP-S1F16UG

[2020-02-25 20:02:48 #2 type.registry] 
New type domain.Question

[2020-02-25 20:02:48 #3 type] 
Type domain.Question is not enhanced.

[2020-02-25 20:02:48 #4 type.registry] 
New type domain.Event

[2020-02-25 20:02:48 #5 type.registry] 
New type domain.Bet

[2020-02-25 20:02:48 #6 type.registry] 
New type java.util.Vector<domain.Bet>

[2020-02-25 20:02:48 #7 type] 
Type domain.Event is not enhanced.

[2020-02-25 20:02:48 #8 type.registry] 
New type java.util.Vector<domain.Question>

[2020-02-25 20:02:48 #9 type] 
Type domain.Bet is not enhanced.

[2020-02-25 20:02:48 #10 type.registry] 
New type domain.UserBet

[2020-02-25 20:02:48 #11 type.registry] 
New type java.util.Vector<domain.UserBet>

[2020-02-25 20:02:48 #12 type] 
Type domain.UserBet is not enhanced.

[2020-02-25 20:02:48 #13 type.registry] 
New type domain.User

[2020-02-25 20:02:48 #14 type] 
Type domain.User is not enhanced.

[2020-02-25 20:02:48 #15 type.registry] 
New type domain.Admin

[2020-02-25 20:02:48 #16 type] 
Type domain.Admin is not enhanced.

[2020-02-25 20:02:48 #17 type.registry] 
New type java.util.Vector<java.lang.Object>

------------------------------------------------------------------------------------------------------------------------

[2020-02-25 20:11:36 #1 store] 
Database 'C:\Users\mariu\Desktop\II Semestr\Software\Project\Projekt\Bets_Project\Bets\resources\bets.temp' is opened by 3424@DESKTOP-S1F16UG

[2020-02-25 20:11:36 #2 type.registry] 
New type domain.Question

[2020-02-25 20:11:36 #3 type] 
Type domain.Question is not enhanced.

[2020-02-25 20:11:36 #4 type.registry] 
New type domain.Event

[2020-02-25 20:11:36 #5 type.registry] 
New type domain.Bet

[2020-02-25 20:11:36 #6 type.registry] 
New type java.util.Vector<domain.Bet>

[2020-02-25 20:11:36 #7 type] 
Type domain.Event is not enhanced.

[2020-02-25 20:11:36 #8 type.registry] 
New type java.util.Vector<domain.Question>

[2020-02-25 20:11:36 #9 type] 
Type domain.Bet is not enhanced.

[2020-02-25 20:11:36 #10 type.registry] 
New type domain.UserBet

[2020-02-25 20:11:36 #11 type.registry] 
New type java.util.Vector<domain.UserBet>

[2020-02-25 20:11:36 #12 type] 
Type domain.UserBet is not enhanced.

[2020-02-25 20:11:36 #13 type.registry] 
New type domain.User

[2020-02-25 20:11:36 #14 type] 
Type domain.User is not enhanced.

[2020-02-25 20:11:36 #15 type.registry] 
New type domain.Admin

[2020-02-25 20:11:36 #16 type] 
Type domain.Admin is not enhanced.

[2020-02-25 20:11:36 #17 type.registry] 
New type java.util.Vector<java.lang.Object>

------------------------------------------------------------------------------------------------------------------------

[2020-02-25 20:47:01 #1 store] 
Database 'C:\Users\mariu\Desktop\II Semestr\Software\Project\Projekt\Bets_Project\Bets\resources\bets.temp' is opened by 13324@DESKTOP-S1F16UG

[2020-02-25 20:47:01 #2 type.registry] 
New type domain.Question

[2020-02-25 20:47:01 #3 type] 
Type domain.Question is not enhanced.

[2020-02-25 20:47:01 #4 type.registry] 
New type domain.Event

[2020-02-25 20:47:01 #5 type.registry] 
New type domain.Bet

[2020-02-25 20:47:01 #6 type.registry] 
New type java.util.Vector<domain.Bet>

[2020-02-25 20:47:01 #7 type] 
Type domain.Event is not enhanced.

[2020-02-25 20:47:01 #8 type.registry] 
New type java.util.Vector<domain.Question>

[2020-02-25 20:47:01 #9 type] 
Type domain.Bet is not enhanced.

[2020-02-25 20:47:01 #10 type.registry] 
New type domain.UserBet

[2020-02-25 20:47:01 #11 type.registry] 
New type java.util.Vector<domain.UserBet>

[2020-02-25 20:47:01 #12 type] 
Type domain.UserBet is not enhanced.

[2020-02-25 20:47:01 #13 type.registry] 
New type domain.User

[2020-02-25 20:47:01 #14 type] 
Type domain.User is not enhanced.

[2020-02-25 20:47:01 #15 type.registry] 
New type domain.Admin

[2020-02-25 20:47:01 #16 type] 
Type domain.Admin is not enhanced.

[2020-02-25 20:47:01 #17 type.registry] 
New type java.util.Vector<java.lang.Object>

------------------------------------------------------------------------------------------------------------------------

[2020-02-25 20:51:19 #1 store] 
Database 'C:\Users\mariu\Desktop\II Semestr\Software\Project\Projekt\Bets_Project\Bets\resources\bets.temp' is opened by 8716@DESKTOP-S1F16UG

[2020-02-25 20:51:19 #2 type.registry] 
New type domain.Question

[2020-02-25 20:51:19 #3 type] 
Type domain.Question is not enhanced.

[2020-02-25 20:51:19 #4 type.registry] 
New type domain.Event

[2020-02-25 20:51:19 #5 type.registry] 
New type domain.Bet

[2020-02-25 20:51:20 #6 type.registry] 
New type java.util.Vector<domain.Bet>

[2020-02-25 20:51:20 #7 type] 
Type domain.Event is not enhanced.

[2020-02-25 20:51:20 #8 type.registry] 
New type java.util.Vector<domain.Question>

[2020-02-25 20:51:20 #9 type] 
Type domain.Bet is not enhanced.

[2020-02-25 20:51:20 #10 type.registry] 
New type domain.UserBet

[2020-02-25 20:51:20 #11 type.registry] 
New type java.util.Vector<domain.UserBet>

[2020-02-25 20:51:20 #12 type] 
Type domain.UserBet is not enhanced.

[2020-02-25 20:51:20 #13 type.registry] 
New type domain.User

[2020-02-25 20:51:20 #14 type] 
Type domain.User is not enhanced.

[2020-02-25 20:51:20 #15 type.registry] 
New type domain.Admin

[2020-02-25 20:51:20 #16 type] 
Type domain.Admin is not enhanced.

[2020-02-25 20:51:20 #17 type.registry] 
New type java.util.Vector<java.lang.Object>

------------------------------------------------------------------------------------------------------------------------

[2020-02-25 20:54:11 #1 store] 
Database 'C:\Users\mariu\Desktop\II Semestr\Software\Project\Projekt\Bets_Project\Bets\resources\bets.temp' is opened by 13324@DESKTOP-S1F16UG

[2020-02-25 20:54:11 #2 type.registry] 
New type domain.Question

[2020-02-25 20:54:11 #3 type] 
Type domain.Question is not enhanced.

[2020-02-25 20:54:11 #4 type.registry] 
New type domain.Event

[2020-02-25 20:54:11 #5 type.registry] 
New type domain.Bet

[2020-02-25 20:54:11 #6 type.registry] 
New type java.util.Vector<domain.Bet>

[2020-02-25 20:54:11 #7 type] 
Type domain.Event is not enhanced.

[2020-02-25 20:54:11 #8 type.registry] 
New type java.util.Vector<domain.Question>

[2020-02-25 20:54:11 #9 type] 
Type domain.Bet is not enhanced.

[2020-02-25 20:54:11 #10 type.registry] 
New type domain.UserBet

[2020-02-25 20:54:11 #11 type.registry] 
New type java.util.Vector<domain.UserBet>

[2020-02-25 20:54:11 #12 type] 
Type domain.UserBet is not enhanced.

[2020-02-25 20:54:11 #13 type.registry] 
New type domain.User

[2020-02-25 20:54:11 #14 type] 
Type domain.User is not enhanced.

[2020-02-25 20:54:11 #15 type.registry] 
New type domain.Admin

[2020-02-25 20:54:11 #16 type] 
Type domain.Admin is not enhanced.

[2020-02-25 20:54:11 #17 type.registry] 
New type java.util.Vector<java.lang.Object>

------------------------------------------------------------------------------------------------------------------------

[2020-02-25 20:54:21 #1 store] 
Database 'C:\Users\mariu\Desktop\II Semestr\Software\Project\Projekt\Bets_Project\Bets\resources\bets.temp' is opened by 8868@DESKTOP-S1F16UG

[2020-02-25 20:54:21 #2 type.registry] 
New type domain.Question

[2020-02-25 20:54:21 #3 type] 
Type domain.Question is not enhanced.

[2020-02-25 20:54:21 #4 type.registry] 
New type domain.Event

[2020-02-25 20:54:21 #5 type.registry] 
New type domain.Bet

[2020-02-25 20:54:21 #6 type.registry] 
New type java.util.Vector<domain.Bet>

[2020-02-25 20:54:21 #7 type] 
Type domain.Event is not enhanced.

[2020-02-25 20:54:21 #8 type.registry] 
New type java.util.Vector<domain.Question>

[2020-02-25 20:54:21 #9 type] 
Type domain.Bet is not enhanced.

[2020-02-25 20:54:21 #10 type.registry] 
New type domain.UserBet

[2020-02-25 20:54:21 #11 type.registry] 
New type java.util.Vector<domain.UserBet>

[2020-02-25 20:54:21 #12 type] 
Type domain.UserBet is not enhanced.

[2020-02-25 20:54:21 #13 type.registry] 
New type domain.User

[2020-02-25 20:54:21 #14 type] 
Type domain.User is not enhanced.

[2020-02-25 20:54:21 #15 type.registry] 
New type domain.Admin

[2020-02-25 20:54:21 #16 type] 
Type domain.Admin is not enhanced.

[2020-02-25 20:54:21 #17 type.registry] 
New type java.util.Vector<java.lang.Object>

------------------------------------------------------------------------------------------------------------------------

[2020-02-25 20:55:00 #1 store] 
Database 'C:\Users\mariu\Desktop\II Semestr\Software\Project\Projekt\Bets_Project\Bets\resources\bets.temp' is opened by 10000@DESKTOP-S1F16UG

[2020-02-25 20:55:00 #2 type.registry] 
New type domain.Question

[2020-02-25 20:55:00 #3 type] 
Type domain.Question is not enhanced.

[2020-02-25 20:55:00 #4 type.registry] 
New type domain.Event

[2020-02-25 20:55:00 #5 type.registry] 
New type domain.Bet

[2020-02-25 20:55:00 #6 type.registry] 
New type java.util.Vector<domain.Bet>

[2020-02-25 20:55:00 #7 type] 
Type domain.Event is not enhanced.

[2020-02-25 20:55:00 #8 type.registry] 
New type java.util.Vector<domain.Question>

[2020-02-25 20:55:00 #9 type] 
Type domain.Bet is not enhanced.

[2020-02-25 20:55:00 #10 type.registry] 
New type domain.UserBet

[2020-02-25 20:55:00 #11 type.registry] 
New type java.util.Vector<domain.UserBet>

[2020-02-25 20:55:00 #12 type] 
Type domain.UserBet is not enhanced.

[2020-02-25 20:55:00 #13 type.registry] 
New type domain.User

[2020-02-25 20:55:00 #14 type] 
Type domain.User is not enhanced.

[2020-02-25 20:55:00 #15 type.registry] 
New type domain.Admin

[2020-02-25 20:55:00 #16 type] 
Type domain.Admin is not enhanced.

[2020-02-25 20:55:00 #17 type.registry] 
New type java.util.Vector<java.lang.Object>

------------------------------------------------------------------------------------------------------------------------

[2020-02-25 20:55:32 #1 store] 
Database 'C:\Users\mariu\Desktop\II Semestr\Software\Project\Projekt\Bets_Project\Bets\resources\bets.temp' is opened by 11600@DESKTOP-S1F16UG

[2020-02-25 20:55:32 #2 type.registry] 
New type domain.Question

[2020-02-25 20:55:32 #3 type] 
Type domain.Question is not enhanced.

[2020-02-25 20:55:32 #4 type.registry] 
New type domain.Event

[2020-02-25 20:55:32 #5 type.registry] 
New type domain.Bet

[2020-02-25 20:55:32 #6 type.registry] 
New type java.util.Vector<domain.Bet>

[2020-02-25 20:55:32 #7 type] 
Type domain.Event is not enhanced.

[2020-02-25 20:55:32 #8 type.registry] 
New type java.util.Vector<domain.Question>

[2020-02-25 20:55:32 #9 type] 
Type domain.Bet is not enhanced.

[2020-02-25 20:55:32 #10 type.registry] 
New type domain.UserBet

[2020-02-25 20:55:32 #11 type.registry] 
New type java.util.Vector<domain.UserBet>

[2020-02-25 20:55:32 #12 type] 
Type domain.UserBet is not enhanced.

[2020-02-25 20:55:32 #13 type.registry] 
New type domain.User

[2020-02-25 20:55:32 #14 type] 
Type domain.User is not enhanced.

[2020-02-25 20:55:32 #15 type.registry] 
New type domain.Admin

[2020-02-25 20:55:32 #16 type] 
Type domain.Admin is not enhanced.

[2020-02-25 20:55:32 #17 type.registry] 
New type java.util.Vector<java.lang.Object>

------------------------------------------------------------------------------------------------------------------------

[2020-02-25 21:01:40 #1 store] 
Database 'C:\Users\mariu\Desktop\II Semestr\Software\Project\Projekt\Bets_Project\Bets\resources\bets.temp' is opened by 9384@DESKTOP-S1F16UG

[2020-02-25 21:01:41 #2 type.registry] 
New type domain.Question

[2020-02-25 21:01:41 #3 type] 
Type domain.Question is not enhanced.

[2020-02-25 21:01:41 #4 type.registry] 
New type domain.Event

[2020-02-25 21:01:41 #5 type.registry] 
New type domain.Bet

[2020-02-25 21:01:41 #6 type.registry] 
New type java.util.Vector<domain.Bet>

[2020-02-25 21:01:41 #7 type] 
Type domain.Event is not enhanced.

[2020-02-25 21:01:41 #8 type.registry] 
New type java.util.Vector<domain.Question>

[2020-02-25 21:01:41 #9 type] 
Type domain.Bet is not enhanced.

[2020-02-25 21:01:41 #10 type.registry] 
New type domain.UserBet

[2020-02-25 21:01:41 #11 type.registry] 
New type java.util.Vector<domain.UserBet>

[2020-02-25 21:01:41 #12 type] 
Type domain.UserBet is not enhanced.

[2020-02-25 21:01:41 #13 type.registry] 
New type domain.User

[2020-02-25 21:01:41 #14 type] 
Type domain.User is not enhanced.

[2020-02-25 21:01:41 #15 type.registry] 
New type domain.Admin

[2020-02-25 21:01:41 #16 type] 
Type domain.Admin is not enhanced.

[2020-02-25 21:01:41 #17 type.registry] 
New type java.util.Vector<java.lang.Object>

------------------------------------------------------------------------------------------------------------------------

[2020-02-25 21:02:37 #1 store] 
Database 'C:\Users\mariu\Desktop\II Semestr\Software\Project\Projekt\Bets_Project\Bets\resources\bets.temp' is opened by 3376@DESKTOP-S1F16UG

[2020-02-25 21:02:37 #2 type.registry] 
New type domain.Question

[2020-02-25 21:02:37 #3 type] 
Type domain.Question is not enhanced.

[2020-02-25 21:02:37 #4 type.registry] 
New type domain.Event

[2020-02-25 21:02:37 #5 type.registry] 
New type domain.Bet

[2020-02-25 21:02:37 #6 type.registry] 
New type java.util.Vector<domain.Bet>

[2020-02-25 21:02:37 #7 type] 
Type domain.Event is not enhanced.

[2020-02-25 21:02:37 #8 type.registry] 
New type java.util.Vector<domain.Question>

[2020-02-25 21:02:37 #9 type] 
Type domain.Bet is not enhanced.

[2020-02-25 21:02:37 #10 type.registry] 
New type domain.UserBet

[2020-02-25 21:02:37 #11 type.registry] 
New type java.util.Vector<domain.UserBet>

[2020-02-25 21:02:37 #12 type] 
Type domain.UserBet is not enhanced.

[2020-02-25 21:02:37 #13 type.registry] 
New type domain.User

[2020-02-25 21:02:37 #14 type] 
Type domain.User is not enhanced.

[2020-02-25 21:02:37 #15 type.registry] 
New type domain.Admin

[2020-02-25 21:02:37 #16 type] 
Type domain.Admin is not enhanced.

[2020-02-25 21:02:37 #17 type.registry] 
New type java.util.Vector<java.lang.Object>

------------------------------------------------------------------------------------------------------------------------

[2020-02-25 21:11:57 #1 store] 
Database 'C:\Users\mariu\Desktop\II Semestr\Software\Project\Projekt\Bets_Project\Bets\resources\bets.temp' is opened by 10124@DESKTOP-S1F16UG

[2020-02-25 21:11:57 #2 type.registry] 
New type domain.Question

[2020-02-25 21:11:57 #3 type] 
Type domain.Question is not enhanced.

[2020-02-25 21:11:57 #4 type.registry] 
New type domain.Event

[2020-02-25 21:11:57 #5 type.registry] 
New type domain.Bet

[2020-02-25 21:11:57 #6 type.registry] 
New type java.util.Vector<domain.Bet>

[2020-02-25 21:11:57 #7 type] 
Type domain.Event is not enhanced.

[2020-02-25 21:11:57 #8 type.registry] 
New type java.util.Vector<domain.Question>

[2020-02-25 21:11:57 #9 type] 
Type domain.Bet is not enhanced.

[2020-02-25 21:11:57 #10 type.registry] 
New type domain.UserBet

[2020-02-25 21:11:57 #11 type.registry] 
New type java.util.Vector<domain.UserBet>

[2020-02-25 21:11:57 #12 type] 
Type domain.UserBet is not enhanced.

[2020-02-25 21:11:57 #13 type.registry] 
New type domain.User

[2020-02-25 21:11:57 #14 type] 
Type domain.User is not enhanced.

[2020-02-25 21:11:57 #15 type.registry] 
New type domain.Admin

[2020-02-25 21:11:57 #16 type] 
Type domain.Admin is not enhanced.

[2020-02-25 21:11:57 #17 type.registry] 
New type java.util.Vector<java.lang.Object>

------------------------------------------------------------------------------------------------------------------------

[2020-02-25 21:51:17 #1 store] 
Database 'C:\Users\mariu\Desktop\II Semestr\Software\Project\Projekt\Bets_Project\Bets\resources\bets.temp' is opened by 1976@DESKTOP-S1F16UG

[2020-02-25 21:51:17 #2 type.registry] 
New type domain.Question

[2020-02-25 21:51:17 #3 type] 
Type domain.Question is not enhanced.

[2020-02-25 21:51:17 #4 type.registry] 
New type domain.Event

[2020-02-25 21:51:17 #5 type.registry] 
New type domain.Bet

[2020-02-25 21:51:17 #6 type.registry] 
New type java.util.Vector<domain.Bet>

[2020-02-25 21:51:17 #7 type] 
Type domain.Event is not enhanced.

[2020-02-25 21:51:17 #8 type.registry] 
New type java.util.Vector<domain.Question>

[2020-02-25 21:51:17 #9 type] 
Type domain.Bet is not enhanced.

[2020-02-25 21:51:17 #10 type.registry] 
New type domain.UserBet

[2020-02-25 21:51:17 #11 type.registry] 
New type java.util.Vector<domain.UserBet>

[2020-02-25 21:51:17 #12 type] 
Type domain.UserBet is not enhanced.

[2020-02-25 21:51:17 #13 type.registry] 
New type domain.User

[2020-02-25 21:51:17 #14 type] 
Type domain.User is not enhanced.

[2020-02-25 21:51:17 #15 type.registry] 
New type domain.Admin

[2020-02-25 21:51:17 #16 type] 
Type domain.Admin is not enhanced.

[2020-02-25 21:51:17 #17 type.registry] 
New type java.util.Vector<java.lang.Object>

------------------------------------------------------------------------------------------------------------------------

[2020-02-25 21:53:43 #1 store] 
Database 'C:\Users\mariu\Desktop\II Semestr\Software\Project\Projekt\Bets_Project\Bets\resources\bets.temp' is opened by 5956@DESKTOP-S1F16UG

[2020-02-25 21:53:43 #2 type.registry] 
New type domain.Question

[2020-02-25 21:53:43 #3 type] 
Type domain.Question is not enhanced.

[2020-02-25 21:53:43 #4 type.registry] 
New type domain.Event

[2020-02-25 21:53:43 #5 type.registry] 
New type domain.Bet

[2020-02-25 21:53:43 #6 type.registry] 
New type java.util.Vector<domain.Bet>

[2020-02-25 21:53:43 #7 type] 
Type domain.Event is not enhanced.

[2020-02-25 21:53:43 #8 type.registry] 
New type java.util.Vector<domain.Question>

[2020-02-25 21:53:43 #9 type] 
Type domain.Bet is not enhanced.

[2020-02-25 21:53:43 #10 type.registry] 
New type domain.UserBet

[2020-02-25 21:53:43 #11 type.registry] 
New type java.util.Vector<domain.UserBet>

[2020-02-25 21:53:43 #12 type] 
Type domain.UserBet is not enhanced.

[2020-02-25 21:53:43 #13 type.registry] 
New type domain.User

[2020-02-25 21:53:43 #14 type] 
Type domain.User is not enhanced.

[2020-02-25 21:53:43 #15 type.registry] 
New type domain.Admin

[2020-02-25 21:53:43 #16 type] 
Type domain.Admin is not enhanced.

[2020-02-25 21:53:43 #17 type.registry] 
New type java.util.Vector<java.lang.Object>

------------------------------------------------------------------------------------------------------------------------

[2020-02-25 22:03:59 #1 store] 
Database 'C:\Users\mariu\Desktop\II Semestr\Software\Project\Projekt\Bets_Project\Bets\resources\bets.temp' is opened by 2364@DESKTOP-S1F16UG

[2020-02-25 22:03:59 #2 type.registry] 
New type domain.Question

[2020-02-25 22:03:59 #3 type] 
Type domain.Question is not enhanced.

[2020-02-25 22:03:59 #4 type.registry] 
New type domain.Event

[2020-02-25 22:03:59 #5 type.registry] 
New type domain.Bet

[2020-02-25 22:03:59 #6 type.registry] 
New type java.util.Vector<domain.Bet>

[2020-02-25 22:03:59 #7 type] 
Type domain.Event is not enhanced.

[2020-02-25 22:03:59 #8 type.registry] 
New type java.util.Vector<domain.Question>

[2020-02-25 22:03:59 #9 type] 
Type domain.Bet is not enhanced.

[2020-02-25 22:03:59 #10 type.registry] 
New type domain.UserBet

[2020-02-25 22:03:59 #11 type.registry] 
New type java.util.Vector<domain.UserBet>

[2020-02-25 22:03:59 #12 type] 
Type domain.UserBet is not enhanced.

[2020-02-25 22:03:59 #13 type.registry] 
New type domain.User

[2020-02-25 22:03:59 #14 type] 
Type domain.User is not enhanced.

[2020-02-25 22:03:59 #15 type.registry] 
New type domain.Admin

[2020-02-25 22:03:59 #16 type] 
Type domain.Admin is not enhanced.

[2020-02-25 22:03:59 #17 type.registry] 
New type java.util.Vector<java.lang.Object>

------------------------------------------------------------------------------------------------------------------------

[2020-02-25 22:11:49 #1 store] 
Database 'C:\Users\mariu\Desktop\II Semestr\Software\Project\Projekt\Bets_Project\Bets\resources\bets.temp' is opened by 7480@DESKTOP-S1F16UG

[2020-02-25 22:11:49 #2 type.registry] 
New type domain.Question

[2020-02-25 22:11:49 #3 type] 
Type domain.Question is not enhanced.

[2020-02-25 22:11:49 #4 type.registry] 
New type domain.Event

[2020-02-25 22:11:49 #5 type.registry] 
New type domain.Bet

[2020-02-25 22:11:49 #6 type.registry] 
New type java.util.Vector<domain.Bet>

[2020-02-25 22:11:49 #7 type] 
Type domain.Event is not enhanced.

[2020-02-25 22:11:49 #8 type.registry] 
New type java.util.Vector<domain.Question>

[2020-02-25 22:11:49 #9 type] 
Type domain.Bet is not enhanced.

[2020-02-25 22:11:49 #10 type.registry] 
New type domain.UserBet

[2020-02-25 22:11:49 #11 type.registry] 
New type java.util.Vector<domain.UserBet>

[2020-02-25 22:11:49 #12 type] 
Type domain.UserBet is not enhanced.

[2020-02-25 22:11:49 #13 type.registry] 
New type domain.User

[2020-02-25 22:11:49 #14 type] 
Type domain.User is not enhanced.

[2020-02-25 22:11:49 #15 type.registry] 
New type domain.Admin

[2020-02-25 22:11:49 #16 type] 
Type domain.Admin is not enhanced.

[2020-02-25 22:11:49 #17 type.registry] 
New type java.util.Vector<java.lang.Object>

------------------------------------------------------------------------------------------------------------------------

[2020-02-25 22:12:26 #1 store] 
Database 'C:\Users\mariu\Desktop\II Semestr\Software\Project\Projekt\Bets_Project\Bets\resources\bets.temp' is opened by 7844@DESKTOP-S1F16UG

[2020-02-25 22:12:26 #2 type.registry] 
New type domain.Question

[2020-02-25 22:12:26 #3 type] 
Type domain.Question is not enhanced.

[2020-02-25 22:12:26 #4 type.registry] 
New type domain.Event

[2020-02-25 22:12:26 #5 type.registry] 
New type domain.Bet

[2020-02-25 22:12:26 #6 type.registry] 
New type java.util.Vector<domain.Bet>

[2020-02-25 22:12:26 #7 type] 
Type domain.Event is not enhanced.

[2020-02-25 22:12:26 #8 type.registry] 
New type java.util.Vector<domain.Question>

[2020-02-25 22:12:26 #9 type] 
Type domain.Bet is not enhanced.

[2020-02-25 22:12:26 #10 type.registry] 
New type domain.UserBet

[2020-02-25 22:12:26 #11 type.registry] 
New type java.util.Vector<domain.UserBet>

[2020-02-25 22:12:26 #12 type] 
Type domain.UserBet is not enhanced.

[2020-02-25 22:12:26 #13 type.registry] 
New type domain.User

[2020-02-25 22:12:26 #14 type] 
Type domain.User is not enhanced.

[2020-02-25 22:12:26 #15 type.registry] 
New type domain.Admin

[2020-02-25 22:12:26 #16 type] 
Type domain.Admin is not enhanced.

[2020-02-25 22:12:26 #17 type.registry] 
New type java.util.Vector<java.lang.Object>

------------------------------------------------------------------------------------------------------------------------

[2020-02-25 22:14:47 #1 store] 
Database 'C:\Users\mariu\Desktop\II Semestr\Software\Project\Projekt\Bets_Project\Bets\resources\bets.temp' is opened by 2840@DESKTOP-S1F16UG

[2020-02-25 22:14:47 #2 type.registry] 
New type domain.Question

[2020-02-25 22:14:47 #3 type] 
Type domain.Question is not enhanced.

[2020-02-25 22:14:47 #4 type.registry] 
New type domain.Event

[2020-02-25 22:14:47 #5 type.registry] 
New type domain.Bet

[2020-02-25 22:14:47 #6 type.registry] 
New type java.util.Vector<domain.Bet>

[2020-02-25 22:14:47 #7 type] 
Type domain.Event is not enhanced.

[2020-02-25 22:14:47 #8 type.registry] 
New type java.util.Vector<domain.Question>

[2020-02-25 22:14:47 #9 type] 
Type domain.Bet is not enhanced.

[2020-02-25 22:14:47 #10 type.registry] 
New type domain.UserBet

[2020-02-25 22:14:47 #11 type.registry] 
New type java.util.Vector<domain.UserBet>

[2020-02-25 22:14:47 #12 type] 
Type domain.UserBet is not enhanced.

[2020-02-25 22:14:47 #13 type.registry] 
New type domain.User

[2020-02-25 22:14:47 #14 type] 
Type domain.User is not enhanced.

[2020-02-25 22:14:47 #15 type.registry] 
New type domain.Admin

[2020-02-25 22:14:47 #16 type] 
Type domain.Admin is not enhanced.

[2020-02-25 22:14:47 #17 type.registry] 
New type java.util.Vector<java.lang.Object>

------------------------------------------------------------------------------------------------------------------------

[2020-02-25 22:19:12 #1 store] 
Database 'C:\Users\mariu\Desktop\II Semestr\Software\Project\Projekt\Bets_Project\Bets\resources\bets.temp' is opened by 9876@DESKTOP-S1F16UG

[2020-02-25 22:19:12 #2 type.registry] 
New type domain.Question

[2020-02-25 22:19:12 #3 type] 
Type domain.Question is not enhanced.

[2020-02-25 22:19:12 #4 type.registry] 
New type domain.Event

[2020-02-25 22:19:12 #5 type.registry] 
New type domain.Bet

[2020-02-25 22:19:12 #6 type.registry] 
New type java.util.Vector<domain.Bet>

[2020-02-25 22:19:12 #7 type] 
Type domain.Event is not enhanced.

[2020-02-25 22:19:12 #8 type.registry] 
New type java.util.Vector<domain.Question>

[2020-02-25 22:19:12 #9 type] 
Type domain.Bet is not enhanced.

[2020-02-25 22:19:12 #10 type.registry] 
New type domain.UserBet

[2020-02-25 22:19:12 #11 type.registry] 
New type java.util.Vector<domain.UserBet>

[2020-02-25 22:19:12 #12 type] 
Type domain.UserBet is not enhanced.

[2020-02-25 22:19:12 #13 type.registry] 
New type domain.User

[2020-02-25 22:19:12 #14 type] 
Type domain.User is not enhanced.

[2020-02-25 22:19:12 #15 type.registry] 
New type domain.Admin

[2020-02-25 22:19:12 #16 type] 
Type domain.Admin is not enhanced.

[2020-02-25 22:19:12 #17 type.registry] 
New type java.util.Vector<java.lang.Object>

