------------------------------------------------------------------------------------------------------------------------

[2020-02-23 00:03:23 #1 store] 
Database 'C:\Users\Yanis\Desktop\Yanis\Espagne\Cours\Software Engineering\Bets_Project\Bets\resources\bets.temp' is opened by 14564@LAPTOP-FG5SJG3N

[2020-02-23 00:03:23 #2 type.registry] 
New type domain.Question

[2020-02-23 00:03:23 #3 type] 
Type domain.Question is not enhanced.

[2020-02-23 00:03:23 #4 type.registry] 
New type domain.Event

[2020-02-23 00:03:23 #5 type] 
Type domain.Event is not enhanced.

[2020-02-23 00:03:23 #6 type.registry] 
New type java.util.Vector<domain.Question>

[2020-02-23 00:03:23 #7 type.registry] 
New type domain.User

[2020-02-23 00:03:23 #8 type] 
Type domain.User is not enhanced.

[2020-02-23 00:03:23 #9 type.registry] 
New type java.util.Vector<java.lang.Object>

------------------------------------------------------------------------------------------------------------------------

[2020-02-23 00:05:05 #1 store] 
Database 'C:\Users\Yanis\Desktop\Yanis\Espagne\Cours\Software Engineering\Bets_Project\Bets\resources\bets.temp' is opened by 14504@LAPTOP-FG5SJG3N

[2020-02-23 00:05:05 #2 type.registry] 
New type domain.Question

[2020-02-23 00:05:05 #3 type] 
Type domain.Question is not enhanced.

[2020-02-23 00:05:05 #4 type.registry] 
New type domain.Event

[2020-02-23 00:05:05 #5 type] 
Type domain.Event is not enhanced.

[2020-02-23 00:05:05 #6 type.registry] 
New type java.util.Vector<domain.Question>

[2020-02-23 00:05:05 #7 type.registry] 
New type domain.User

[2020-02-23 00:05:05 #8 type] 
Type domain.User is not enhanced.

[2020-02-23 00:05:05 #9 type.registry] 
New type java.util.Vector<java.lang.Object>

------------------------------------------------------------------------------------------------------------------------

[2020-02-23 00:05:10 #1 store] 
Database 'C:\Users\Yanis\Desktop\Yanis\Espagne\Cours\Software Engineering\Bets_Project\Bets\resources\bets.temp' is opened by 15192@LAPTOP-FG5SJG3N

[2020-02-23 00:05:10 #2 type.registry] 
New type domain.Question

[2020-02-23 00:05:10 #3 type] 
Type domain.Question is not enhanced.

[2020-02-23 00:05:10 #4 type.registry] 
New type domain.Event

[2020-02-23 00:05:10 #5 type] 
Type domain.Event is not enhanced.

[2020-02-23 00:05:10 #6 type.registry] 
New type java.util.Vector<domain.Question>

[2020-02-23 00:05:10 #7 type.registry] 
New type domain.User

[2020-02-23 00:05:10 #8 type] 
Type domain.User is not enhanced.

[2020-02-23 00:05:10 #9 type.registry] 
New type java.util.Vector<java.lang.Object>

------------------------------------------------------------------------------------------------------------------------

[2020-02-23 00:06:34 #1 store] 
Database 'C:\Users\Yanis\Desktop\Yanis\Espagne\Cours\Software Engineering\Bets_Project\Bets\resources\bets.temp' is opened by 13964@LAPTOP-FG5SJG3N

[2020-02-23 00:06:34 #2 type.registry] 
New type domain.Question

[2020-02-23 00:06:34 #3 type] 
Type domain.Question is not enhanced.

[2020-02-23 00:06:34 #4 type.registry] 
New type domain.Event

[2020-02-23 00:06:34 #5 type] 
Type domain.Event is not enhanced.

[2020-02-23 00:06:34 #6 type.registry] 
New type java.util.Vector<domain.Question>

[2020-02-23 00:06:34 #7 type.registry] 
New type domain.User

[2020-02-23 00:06:34 #8 type] 
Type domain.User is not enhanced.

[2020-02-23 00:06:34 #9 type.registry] 
New type java.util.Vector<java.lang.Object>

------------------------------------------------------------------------------------------------------------------------

[2020-02-23 00:14:53 #1 store] 
Database 'C:\Users\Yanis\Desktop\Yanis\Espagne\Cours\Software Engineering\Bets_Project\Bets\resources\bets.temp' is opened by 1216@LAPTOP-FG5SJG3N

[2020-02-23 00:14:53 #2 type.registry] 
New type domain.Question

[2020-02-23 00:14:53 #3 type] 
Type domain.Question is not enhanced.

[2020-02-23 00:14:53 #4 type.registry] 
New type domain.Event

[2020-02-23 00:14:53 #5 type] 
Type domain.Event is not enhanced.

[2020-02-23 00:14:53 #6 type.registry] 
New type java.util.Vector<domain.Question>

[2020-02-23 00:14:53 #7 type.registry] 
New type domain.User

[2020-02-23 00:14:53 #8 type] 
Type domain.User is not enhanced.

[2020-02-23 00:14:53 #9 type.registry] 
New type java.util.Vector<java.lang.Object>

------------------------------------------------------------------------------------------------------------------------

[2020-02-23 00:23:27 #1 store] 
Database 'C:\Users\Yanis\Desktop\Yanis\Espagne\Cours\Software Engineering\Bets_Project\Bets\resources\bets.temp' is opened by 6316@LAPTOP-FG5SJG3N

[2020-02-23 00:23:27 #2 type] 
Type domain.Question is not enhanced.

[2020-02-23 00:23:27 #3 type] 
Type domain.Event is not enhanced.

[2020-02-23 00:23:27 #4 type] 
Type domain.User is not enhanced.

------------------------------------------------------------------------------------------------------------------------

[2020-02-23 00:32:04 #1 store] 
Database 'C:\Users\Yanis\Desktop\Yanis\Espagne\Cours\Software Engineering\Bets_Project\Bets\resources\bets.temp' is opened by 11884@LAPTOP-FG5SJG3N

[2020-02-23 00:32:04 #2 type] 
Type domain.Question is not enhanced.

[2020-02-23 00:32:04 #3 type] 
Type domain.Event is not enhanced.

[2020-02-23 00:32:04 #4 type] 
Type domain.User is not enhanced.

------------------------------------------------------------------------------------------------------------------------

[2020-02-23 00:33:52 #1 store] 
Database 'C:\Users\Yanis\Desktop\Yanis\Espagne\Cours\Software Engineering\Bets_Project\Bets\resources\bets.temp' is opened by 14196@LAPTOP-FG5SJG3N

[2020-02-23 00:33:52 #2 type] 
Type domain.Question is not enhanced.

[2020-02-23 00:33:52 #3 type] 
Type domain.Event is not enhanced.

[2020-02-23 00:33:52 #4 type] 
Type domain.User is not enhanced.

------------------------------------------------------------------------------------------------------------------------

[2020-02-23 00:49:08 #1 store] 
Database 'C:\Users\Yanis\Desktop\Yanis\Espagne\Cours\Software Engineering\Bets_Project\Bets\resources\bets.temp' is opened by 16040@LAPTOP-FG5SJG3N

[2020-02-23 00:49:08 #2 type] 
Type domain.Question is not enhanced.

[2020-02-23 00:49:08 #3 type] 
Type domain.Event is not enhanced.

[2020-02-23 00:49:08 #4 type] 
Type domain.User is not enhanced.

------------------------------------------------------------------------------------------------------------------------

[2020-02-23 00:57:54 #1 store] 
Database 'C:\Users\Yanis\Desktop\Yanis\Espagne\Cours\Software Engineering\Bets_Project\Bets\resources\bets.temp' is opened by 3008@LAPTOP-FG5SJG3N

[2020-02-23 00:57:54 #2 type] 
Type domain.Question is not enhanced.

[2020-02-23 00:57:54 #3 type] 
Type domain.Event is not enhanced.

[2020-02-23 00:57:54 #4 type] 
Type domain.User is not enhanced.

------------------------------------------------------------------------------------------------------------------------

[2020-02-23 00:58:31 #1 store] 
Database 'C:\Users\Yanis\Desktop\Yanis\Espagne\Cours\Software Engineering\Bets_Project\Bets\resources\bets.temp' is opened by 11248@LAPTOP-FG5SJG3N

[2020-02-23 00:58:31 #2 type] 
Type domain.Question is not enhanced.

[2020-02-23 00:58:31 #3 type] 
Type domain.Event is not enhanced.

[2020-02-23 00:58:31 #4 type] 
Type domain.User is not enhanced.

------------------------------------------------------------------------------------------------------------------------

[2020-02-23 00:59:36 #1 store] 
Database 'C:\Users\Yanis\Desktop\Yanis\Espagne\Cours\Software Engineering\Bets_Project\Bets\resources\bets.temp' is opened by 13664@LAPTOP-FG5SJG3N

[2020-02-23 00:59:36 #2 type.registry] 
New type domain.Question

[2020-02-23 00:59:36 #3 type] 
Type domain.Question is not enhanced.

[2020-02-23 00:59:36 #4 type.registry] 
New type domain.Event

[2020-02-23 00:59:36 #5 type] 
Type domain.Event is not enhanced.

[2020-02-23 00:59:36 #6 type.registry] 
New type java.util.Vector<domain.Question>

[2020-02-23 00:59:36 #7 type.registry] 
New type domain.User

[2020-02-23 00:59:36 #8 type] 
Type domain.User is not enhanced.

[2020-02-23 00:59:36 #9 type.registry] 
New type java.util.Vector<java.lang.Object>

------------------------------------------------------------------------------------------------------------------------

[2020-02-23 22:40:53 #1 store] 
Database 'C:\Users\Yanis\Desktop\Yanis\Espagne\Cours\Software Engineering\Bets_Project\Bets\resources\bets.temp' is opened by 11276@LAPTOP-FG5SJG3N

[2020-02-23 22:40:53 #2 type] 
Type domain.Question is not enhanced.

[2020-02-23 22:40:53 #3 type] 
Type domain.Event is not enhanced.

[2020-02-23 22:40:54 #4 type] 
Type domain.User is not enhanced.

------------------------------------------------------------------------------------------------------------------------

[2020-02-23 22:44:35 #1 store] 
Database 'C:\Users\Yanis\Desktop\Yanis\Espagne\Cours\Software Engineering\Bets_Project\Bets\resources\bets.temp' is opened by 2228@LAPTOP-FG5SJG3N

[2020-02-23 22:44:35 #2 type] 
Type domain.Question is not enhanced.

[2020-02-23 22:44:35 #3 type] 
Type domain.Event is not enhanced.

[2020-02-23 22:44:35 #4 type] 
Type domain.User is not enhanced.

------------------------------------------------------------------------------------------------------------------------

[2020-02-23 23:20:44 #1 store] 
Database 'C:\Users\Yanis\Desktop\Yanis\Espagne\Cours\Software Engineering\Bets_Project\Bets\resources\bets.temp' is opened by 12612@LAPTOP-FG5SJG3N

[2020-02-23 23:20:44 #2 type] 
Type domain.Question is not enhanced.

[2020-02-23 23:20:44 #3 type] 
Type domain.Event is not enhanced.

[2020-02-23 23:20:44 #4 type] 
Type domain.User is not enhanced.

------------------------------------------------------------------------------------------------------------------------

[2020-02-23 23:21:01 #1 store] 
Database 'C:\Users\Yanis\Desktop\Yanis\Espagne\Cours\Software Engineering\Bets_Project\Bets\resources\bets.temp' has been recovered (tr. 7-7)

[2020-02-23 23:21:01 #2 store] 
Database 'C:\Users\Yanis\Desktop\Yanis\Espagne\Cours\Software Engineering\Bets_Project\Bets\resources\bets.temp' is opened by 3400@LAPTOP-FG5SJG3N

[2020-02-23 23:21:01 #3 type] 
Type domain.Question is not enhanced.

[2020-02-23 23:21:01 #4 type] 
Type domain.Event is not enhanced.

[2020-02-23 23:21:01 #5 type] 
Type domain.User is not enhanced.

------------------------------------------------------------------------------------------------------------------------

[2020-02-23 23:21:27 #1 store] 
Database 'C:\Users\Yanis\Desktop\Yanis\Espagne\Cours\Software Engineering\Bets_Project\Bets\resources\bets.temp' is opened by 8672@LAPTOP-FG5SJG3N

[2020-02-23 23:21:27 #2 type] 
Type domain.Question is not enhanced.

[2020-02-23 23:21:27 #3 type] 
Type domain.Event is not enhanced.

[2020-02-23 23:21:27 #4 type] 
Type domain.User is not enhanced.

------------------------------------------------------------------------------------------------------------------------

[2020-02-23 23:24:39 #1 store] 
Database 'C:\Users\Yanis\Desktop\Yanis\Espagne\Cours\Software Engineering\Bets_Project\Bets\resources\bets.temp' is opened by 6776@LAPTOP-FG5SJG3N

[2020-02-23 23:24:39 #2 type] 
Type domain.Question is not enhanced.

[2020-02-23 23:24:39 #3 type] 
Type domain.Event is not enhanced.

[2020-02-23 23:24:39 #4 type] 
Type domain.User is not enhanced.

------------------------------------------------------------------------------------------------------------------------

[2020-02-23 23:25:48 #1 store] 
Database 'C:\Users\Yanis\Desktop\Yanis\Espagne\Cours\Software Engineering\Bets_Project\Bets\resources\bets.temp' is opened by 15764@LAPTOP-FG5SJG3N

[2020-02-23 23:25:48 #2 type] 
Type domain.Question is not enhanced.

[2020-02-23 23:25:48 #3 type] 
Type domain.Event is not enhanced.

[2020-02-23 23:25:48 #4 type] 
Type domain.User is not enhanced.

------------------------------------------------------------------------------------------------------------------------

[2020-02-23 23:31:39 #1 store] 
Database 'C:\Users\Yanis\Desktop\Yanis\Espagne\Cours\Software Engineering\Bets_Project\Bets\resources\bets.temp' is opened by 14632@LAPTOP-FG5SJG3N

[2020-02-23 23:31:39 #2 type] 
Type domain.Question is not enhanced.

[2020-02-23 23:31:39 #3 type] 
Type domain.Event is not enhanced.

[2020-02-23 23:31:39 #4 type] 
Type domain.User is not enhanced.

------------------------------------------------------------------------------------------------------------------------

[2020-02-23 23:33:41 #1 store] 
Database 'C:\Users\Yanis\Desktop\Yanis\Espagne\Cours\Software Engineering\Bets_Project\Bets\resources\bets.temp' is opened by 12836@LAPTOP-FG5SJG3N

[2020-02-23 23:33:42 #2 type] 
Type domain.Question is not enhanced.

[2020-02-23 23:33:42 #3 type] 
Type domain.Event is not enhanced.

[2020-02-23 23:33:42 #4 type] 
Type domain.User is not enhanced.

------------------------------------------------------------------------------------------------------------------------

[2020-02-23 23:35:12 #1 store] 
Database 'C:\Users\Yanis\Desktop\Yanis\Espagne\Cours\Software Engineering\Bets_Project\Bets\resources\bets.temp' is opened by 5652@LAPTOP-FG5SJG3N

[2020-02-23 23:35:12 #2 type] 
Type domain.Question is not enhanced.

[2020-02-23 23:35:12 #3 type] 
Type domain.Event is not enhanced.

[2020-02-23 23:35:12 #4 type] 
Type domain.User is not enhanced.

------------------------------------------------------------------------------------------------------------------------

[2020-02-23 23:35:48 #1 store] 
Database 'C:\Users\Yanis\Desktop\Yanis\Espagne\Cours\Software Engineering\Bets_Project\Bets\resources\bets.temp' is opened by 15364@LAPTOP-FG5SJG3N

[2020-02-23 23:35:48 #2 type] 
Type domain.Question is not enhanced.

[2020-02-23 23:35:48 #3 type] 
Type domain.Event is not enhanced.

[2020-02-23 23:35:48 #4 type] 
Type domain.User is not enhanced.

------------------------------------------------------------------------------------------------------------------------

[2020-02-23 23:36:31 #1 store] 
Database 'C:\Users\Yanis\Desktop\Yanis\Espagne\Cours\Software Engineering\Bets_Project\Bets\resources\bets.temp' is opened by 13372@LAPTOP-FG5SJG3N

[2020-02-23 23:36:31 #2 type] 
Type domain.Question is not enhanced.

[2020-02-23 23:36:31 #3 type] 
Type domain.Event is not enhanced.

[2020-02-23 23:36:31 #4 type] 
Type domain.User is not enhanced.

------------------------------------------------------------------------------------------------------------------------

[2020-02-23 23:37:36 #1 store] 
Database 'C:\Users\Yanis\Desktop\Yanis\Espagne\Cours\Software Engineering\Bets_Project\Bets\resources\bets.temp' has been recovered (tr. 12-13)

[2020-02-23 23:37:36 #2 store] 
Database 'C:\Users\Yanis\Desktop\Yanis\Espagne\Cours\Software Engineering\Bets_Project\Bets\resources\bets.temp' is opened by 15900@LAPTOP-FG5SJG3N

[2020-02-23 23:37:36 #3 type] 
Type domain.Question is not enhanced.

[2020-02-23 23:37:36 #4 type] 
Type domain.Event is not enhanced.

[2020-02-23 23:37:36 #5 type] 
Type domain.User is not enhanced.

------------------------------------------------------------------------------------------------------------------------

[2020-02-23 23:38:47 #1 store] 
Database 'C:\Users\Yanis\Desktop\Yanis\Espagne\Cours\Software Engineering\Bets_Project\Bets\resources\bets.temp' is opened by 7352@LAPTOP-FG5SJG3N

[2020-02-23 23:38:47 #2 type] 
Type domain.Question is not enhanced.

[2020-02-23 23:38:47 #3 type] 
Type domain.Event is not enhanced.

[2020-02-23 23:38:47 #4 type] 
Type domain.User is not enhanced.

------------------------------------------------------------------------------------------------------------------------

[2020-02-23 23:39:24 #1 store] 
Database 'C:\Users\Yanis\Desktop\Yanis\Espagne\Cours\Software Engineering\Bets_Project\Bets\resources\bets.temp' has been recovered (tr. 15-16)

[2020-02-23 23:39:24 #2 store] 
Database 'C:\Users\Yanis\Desktop\Yanis\Espagne\Cours\Software Engineering\Bets_Project\Bets\resources\bets.temp' is opened by 11220@LAPTOP-FG5SJG3N

[2020-02-23 23:39:24 #3 type] 
Type domain.Question is not enhanced.

[2020-02-23 23:39:24 #4 type] 
Type domain.Event is not enhanced.

[2020-02-23 23:39:24 #5 type] 
Type domain.User is not enhanced.

------------------------------------------------------------------------------------------------------------------------

[2020-02-23 23:40:31 #1 store] 
Database 'C:\Users\Yanis\Desktop\Yanis\Espagne\Cours\Software Engineering\Bets_Project\Bets\resources\bets.temp' has been recovered (tr. 18-19)

[2020-02-23 23:40:31 #2 store] 
Database 'C:\Users\Yanis\Desktop\Yanis\Espagne\Cours\Software Engineering\Bets_Project\Bets\resources\bets.temp' is opened by 6840@LAPTOP-FG5SJG3N

[2020-02-23 23:40:31 #3 type] 
Type domain.Question is not enhanced.

[2020-02-23 23:40:31 #4 type] 
Type domain.Event is not enhanced.

[2020-02-23 23:40:31 #5 type] 
Type domain.User is not enhanced.

------------------------------------------------------------------------------------------------------------------------

[2020-02-23 23:41:59 #1 store] 
Database 'C:\Users\Yanis\Desktop\Yanis\Espagne\Cours\Software Engineering\Bets_Project\Bets\resources\bets.temp' is opened by 15580@LAPTOP-FG5SJG3N

[2020-02-23 23:42:00 #2 type] 
Type domain.Question is not enhanced.

[2020-02-23 23:42:00 #3 type] 
Type domain.Event is not enhanced.

[2020-02-23 23:42:00 #4 type] 
Type domain.User is not enhanced.

------------------------------------------------------------------------------------------------------------------------

[2020-02-23 23:46:49 #1 store] 
Database 'C:\Users\Yanis\Desktop\Yanis\Espagne\Cours\Software Engineering\Bets_Project\Bets\resources\bets.temp' is opened by 11004@LAPTOP-FG5SJG3N

[2020-02-23 23:46:49 #2 type] 
Type domain.Question is not enhanced.

[2020-02-23 23:46:49 #3 type] 
Type domain.Event is not enhanced.

[2020-02-23 23:46:49 #4 type] 
Type domain.User is not enhanced.

------------------------------------------------------------------------------------------------------------------------

[2020-02-23 23:48:14 #1 store] 
Database 'C:\Users\Yanis\Desktop\Yanis\Espagne\Cours\Software Engineering\Bets_Project\Bets\resources\bets.temp' has been recovered (tr. 27-28)

[2020-02-23 23:48:14 #2 store] 
Database 'C:\Users\Yanis\Desktop\Yanis\Espagne\Cours\Software Engineering\Bets_Project\Bets\resources\bets.temp' is opened by 11372@LAPTOP-FG5SJG3N

[2020-02-23 23:48:14 #3 type] 
Type domain.Question is not enhanced.

[2020-02-23 23:48:14 #4 type] 
Type domain.Event is not enhanced.

[2020-02-23 23:48:14 #5 type] 
Type domain.User is not enhanced.

------------------------------------------------------------------------------------------------------------------------

[2020-02-23 23:48:48 #1 store] 
Database 'C:\Users\Yanis\Desktop\Yanis\Espagne\Cours\Software Engineering\Bets_Project\Bets\resources\bets.temp' has been recovered (tr. 30-31)

[2020-02-23 23:48:49 #2 store] 
Database 'C:\Users\Yanis\Desktop\Yanis\Espagne\Cours\Software Engineering\Bets_Project\Bets\resources\bets.temp' is opened by 10096@LAPTOP-FG5SJG3N

[2020-02-23 23:48:49 #3 type] 
Type domain.Question is not enhanced.

[2020-02-23 23:48:49 #4 type] 
Type domain.Event is not enhanced.

[2020-02-23 23:48:49 #5 type] 
Type domain.User is not enhanced.

------------------------------------------------------------------------------------------------------------------------

[2020-02-23 23:49:47 #1 store] 
Database 'C:\Users\Yanis\Desktop\Yanis\Espagne\Cours\Software Engineering\Bets_Project\Bets\resources\bets.temp' has been recovered (tr. 33-38)

[2020-02-23 23:49:47 #2 store] 
Database 'C:\Users\Yanis\Desktop\Yanis\Espagne\Cours\Software Engineering\Bets_Project\Bets\resources\bets.temp' is opened by 4112@LAPTOP-FG5SJG3N

[2020-02-23 23:49:47 #3 type] 
Type domain.Question is not enhanced.

[2020-02-23 23:49:47 #4 type] 
Type domain.Event is not enhanced.

[2020-02-23 23:49:47 #5 type] 
Type domain.User is not enhanced.

------------------------------------------------------------------------------------------------------------------------

[2020-02-23 23:50:09 #1 store] 
Database 'C:\Users\Yanis\Desktop\Yanis\Espagne\Cours\Software Engineering\Bets_Project\Bets\resources\bets.temp' has been recovered (tr. 39-39)

[2020-02-23 23:50:09 #2 store] 
Database 'C:\Users\Yanis\Desktop\Yanis\Espagne\Cours\Software Engineering\Bets_Project\Bets\resources\bets.temp' is opened by 11536@LAPTOP-FG5SJG3N

[2020-02-23 23:50:10 #3 type] 
Type domain.Question is not enhanced.

[2020-02-23 23:50:10 #4 type] 
Type domain.Event is not enhanced.

[2020-02-23 23:50:10 #5 type] 
Type domain.User is not enhanced.

------------------------------------------------------------------------------------------------------------------------

[2020-02-23 23:52:10 #1 store] 
Database 'C:\Users\Yanis\Desktop\Yanis\Espagne\Cours\Software Engineering\Bets_Project\Bets\resources\bets.temp' has been recovered (tr. 40-43)

[2020-02-23 23:52:10 #2 store] 
Database 'C:\Users\Yanis\Desktop\Yanis\Espagne\Cours\Software Engineering\Bets_Project\Bets\resources\bets.temp' is opened by 12640@LAPTOP-FG5SJG3N

[2020-02-23 23:52:11 #3 type] 
Type domain.Question is not enhanced.

[2020-02-23 23:52:11 #4 type] 
Type domain.Event is not enhanced.

[2020-02-23 23:52:11 #5 type] 
Type domain.User is not enhanced.

------------------------------------------------------------------------------------------------------------------------

[2020-02-23 23:57:35 #1 store] 
Database 'C:\Users\Yanis\Desktop\Yanis\Espagne\Cours\Software Engineering\Bets_Project\Bets\resources\bets.temp' is opened by 15600@LAPTOP-FG5SJG3N

[2020-02-23 23:57:35 #2 type] 
Type domain.Question is not enhanced.

[2020-02-23 23:57:35 #3 type] 
Type domain.Event is not enhanced.

[2020-02-23 23:57:35 #4 type] 
Type domain.User is not enhanced.

------------------------------------------------------------------------------------------------------------------------

[2020-02-23 23:58:58 #1 store] 
Database 'C:\Users\Yanis\Desktop\Yanis\Espagne\Cours\Software Engineering\Bets_Project\Bets\resources\bets.temp' has been recovered (tr. 44-47)

[2020-02-23 23:58:58 #2 store] 
Database 'C:\Users\Yanis\Desktop\Yanis\Espagne\Cours\Software Engineering\Bets_Project\Bets\resources\bets.temp' is opened by 16176@LAPTOP-FG5SJG3N

[2020-02-23 23:58:58 #3 type] 
Type domain.Question is not enhanced.

[2020-02-23 23:58:58 #4 type] 
Type domain.Event is not enhanced.

[2020-02-23 23:58:58 #5 type] 
Type domain.User is not enhanced.

