------------------------------------------------------------------------------------------------------------------------

[2020-05-09 14:16:10 #1 type.registry] 
New type domain.Sport

[2020-05-09 14:16:10 #2 type] 
Type domain.Sport is not enhanced.

[2020-05-09 14:16:11 #3 type.registry] 
New type domain.Event

[2020-05-09 14:16:11 #4 type.registry] 
New type java.util.Vector<domain.Event>

[2020-05-09 14:16:11 #5 type] 
Type domain.Event is not enhanced.

[2020-05-09 14:16:11 #6 type.registry] 
New type domain.Question

[2020-05-09 14:16:11 #7 type.registry] 
New type java.util.Vector<domain.Question>

[2020-05-09 14:16:11 #8 type] 
Type domain.Question is not enhanced.

[2020-05-09 14:16:11 #9 type.registry] 
New type domain.BetChoice

[2020-05-09 14:16:11 #10 type.registry] 
New type java.util.Vector<domain.BetChoice>

[2020-05-09 14:16:11 #11 type] 
Type domain.BetChoice is not enhanced.

[2020-05-09 14:16:11 #12 type.registry] 
New type domain.UserBet

[2020-05-09 14:16:11 #13 type.registry] 
New type java.util.Vector<domain.UserBet>

[2020-05-09 14:16:11 #14 type] 
Type domain.UserBet is not enhanced.

[2020-05-09 14:16:11 #15 type.registry] 
New type domain.User

[2020-05-09 14:16:11 #16 type] 
Type domain.User is not enhanced.

[2020-05-09 14:16:11 #17 type.registry] 
New type domain.Report

[2020-05-09 14:16:11 #18 type.registry] 
New type java.util.Vector<domain.Report>

[2020-05-09 14:16:11 #19 type.registry] 
New type domain.Message

[2020-05-09 14:16:11 #20 type.registry] 
New type java.util.Vector<domain.Message>

[2020-05-09 14:16:11 #21 type.registry] 
New type java.util.Vector<domain.Sport>

[2020-05-09 14:16:11 #22 type.registry] 
New type java.util.Vector<domain.User>

[2020-05-09 14:16:11 #23 type] 
Type domain.Report is not enhanced.

[2020-05-09 14:16:11 #24 type.registry] 
New type domain.ReportType

[2020-05-09 14:16:11 #25 type] 
Type domain.Message is not enhanced.

[2020-05-09 14:16:11 #26 type.registry] 
New type domain.Admin

[2020-05-09 14:16:11 #27 type] 
Type domain.Admin is not enhanced.

[2020-05-09 14:16:11 #28 type.registry] 
New type java.util.Vector<java.lang.Object>

------------------------------------------------------------------------------------------------------------------------

[2020-05-09 14:17:13 #1 type.registry] 
New type domain.Sport

[2020-05-09 14:17:13 #2 type] 
Type domain.Sport is not enhanced.

[2020-05-09 14:17:13 #3 type.registry] 
New type domain.Event

[2020-05-09 14:17:13 #4 type.registry] 
New type java.util.Vector<domain.Event>

[2020-05-09 14:17:13 #5 type] 
Type domain.Event is not enhanced.

[2020-05-09 14:17:13 #6 type.registry] 
New type domain.Question

[2020-05-09 14:17:13 #7 type.registry] 
New type java.util.Vector<domain.Question>

[2020-05-09 14:17:13 #8 type] 
Type domain.Question is not enhanced.

[2020-05-09 14:17:13 #9 type.registry] 
New type domain.BetChoice

[2020-05-09 14:17:13 #10 type.registry] 
New type java.util.Vector<domain.BetChoice>

[2020-05-09 14:17:13 #11 type] 
Type domain.BetChoice is not enhanced.

[2020-05-09 14:17:13 #12 type.registry] 
New type domain.UserBet

[2020-05-09 14:17:13 #13 type.registry] 
New type java.util.Vector<domain.UserBet>

[2020-05-09 14:17:13 #14 type] 
Type domain.UserBet is not enhanced.

[2020-05-09 14:17:13 #15 type.registry] 
New type domain.User

[2020-05-09 14:17:13 #16 type] 
Type domain.User is not enhanced.

[2020-05-09 14:17:13 #17 type.registry] 
New type domain.Report

[2020-05-09 14:17:13 #18 type.registry] 
New type java.util.Vector<domain.Report>

[2020-05-09 14:17:13 #19 type.registry] 
New type domain.Message

[2020-05-09 14:17:13 #20 type.registry] 
New type java.util.Vector<domain.Message>

[2020-05-09 14:17:13 #21 type.registry] 
New type java.util.Vector<domain.Sport>

[2020-05-09 14:17:13 #22 type.registry] 
New type java.util.Vector<domain.User>

[2020-05-09 14:17:13 #23 type] 
Type domain.Report is not enhanced.

[2020-05-09 14:17:13 #24 type.registry] 
New type domain.ReportType

[2020-05-09 14:17:13 #25 type] 
Type domain.Message is not enhanced.

[2020-05-09 14:17:13 #26 type.registry] 
New type domain.Admin

[2020-05-09 14:17:13 #27 type] 
Type domain.Admin is not enhanced.

[2020-05-09 14:17:13 #28 type.registry] 
New type java.util.Vector<java.lang.Object>

------------------------------------------------------------------------------------------------------------------------

[2020-05-09 14:19:34 #1 type.registry] 
New type domain.Sport

[2020-05-09 14:19:34 #2 type] 
Type domain.Sport is not enhanced.

[2020-05-09 14:19:34 #3 type.registry] 
New type domain.Event

[2020-05-09 14:19:34 #4 type.registry] 
New type java.util.Vector<domain.Event>

[2020-05-09 14:19:34 #5 type] 
Type domain.Event is not enhanced.

[2020-05-09 14:19:34 #6 type.registry] 
New type domain.Question

[2020-05-09 14:19:34 #7 type.registry] 
New type java.util.Vector<domain.Question>

[2020-05-09 14:19:34 #8 type] 
Type domain.Question is not enhanced.

[2020-05-09 14:19:34 #9 type.registry] 
New type domain.BetChoice

[2020-05-09 14:19:34 #10 type.registry] 
New type java.util.Vector<domain.BetChoice>

[2020-05-09 14:19:34 #11 type] 
Type domain.BetChoice is not enhanced.

[2020-05-09 14:19:34 #12 type.registry] 
New type domain.UserBet

[2020-05-09 14:19:34 #13 type.registry] 
New type java.util.Vector<domain.UserBet>

[2020-05-09 14:19:34 #14 type] 
Type domain.UserBet is not enhanced.

[2020-05-09 14:19:34 #15 type.registry] 
New type domain.User

[2020-05-09 14:19:34 #16 type] 
Type domain.User is not enhanced.

[2020-05-09 14:19:34 #17 type.registry] 
New type domain.Report

[2020-05-09 14:19:34 #18 type.registry] 
New type java.util.Vector<domain.Report>

[2020-05-09 14:19:34 #19 type.registry] 
New type domain.Message

[2020-05-09 14:19:34 #20 type.registry] 
New type java.util.Vector<domain.Message>

[2020-05-09 14:19:34 #21 type.registry] 
New type java.util.Vector<domain.Sport>

[2020-05-09 14:19:34 #22 type.registry] 
New type java.util.Vector<domain.User>

[2020-05-09 14:19:34 #23 type] 
Type domain.Report is not enhanced.

[2020-05-09 14:19:34 #24 type.registry] 
New type domain.ReportType

[2020-05-09 14:19:34 #25 type] 
Type domain.Message is not enhanced.

[2020-05-09 14:19:34 #26 type.registry] 
New type domain.Admin

[2020-05-09 14:19:34 #27 type] 
Type domain.Admin is not enhanced.

[2020-05-09 14:19:34 #28 type.registry] 
New type java.util.Vector<java.lang.Object>

------------------------------------------------------------------------------------------------------------------------

[2020-05-09 14:19:53 #1 type.registry] 
New type domain.Sport

[2020-05-09 14:19:53 #2 type] 
Type domain.Sport is not enhanced.

[2020-05-09 14:19:53 #3 type.registry] 
New type domain.Event

[2020-05-09 14:19:53 #4 type.registry] 
New type java.util.Vector<domain.Event>

[2020-05-09 14:19:53 #5 type] 
Type domain.Event is not enhanced.

[2020-05-09 14:19:53 #6 type.registry] 
New type domain.Question

[2020-05-09 14:19:53 #7 type.registry] 
New type java.util.Vector<domain.Question>

[2020-05-09 14:19:53 #8 type] 
Type domain.Question is not enhanced.

[2020-05-09 14:19:53 #9 type.registry] 
New type domain.BetChoice

[2020-05-09 14:19:53 #10 type.registry] 
New type java.util.Vector<domain.BetChoice>

[2020-05-09 14:19:53 #11 type] 
Type domain.BetChoice is not enhanced.

[2020-05-09 14:19:53 #12 type.registry] 
New type domain.UserBet

[2020-05-09 14:19:53 #13 type.registry] 
New type java.util.Vector<domain.UserBet>

[2020-05-09 14:19:53 #14 type] 
Type domain.UserBet is not enhanced.

[2020-05-09 14:19:53 #15 type.registry] 
New type domain.User

[2020-05-09 14:19:53 #16 type] 
Type domain.User is not enhanced.

[2020-05-09 14:19:53 #17 type.registry] 
New type domain.Report

[2020-05-09 14:19:53 #18 type.registry] 
New type java.util.Vector<domain.Report>

[2020-05-09 14:19:53 #19 type.registry] 
New type domain.Message

[2020-05-09 14:19:53 #20 type.registry] 
New type java.util.Vector<domain.Message>

[2020-05-09 14:19:53 #21 type.registry] 
New type java.util.Vector<domain.Sport>

[2020-05-09 14:19:53 #22 type.registry] 
New type java.util.Vector<domain.User>

[2020-05-09 14:19:53 #23 type] 
Type domain.Report is not enhanced.

[2020-05-09 14:19:53 #24 type.registry] 
New type domain.ReportType

[2020-05-09 14:19:53 #25 type] 
Type domain.Message is not enhanced.

[2020-05-09 14:19:53 #26 type.registry] 
New type domain.Admin

[2020-05-09 14:19:53 #27 type] 
Type domain.Admin is not enhanced.

[2020-05-09 14:19:53 #28 type.registry] 
New type java.util.Vector<java.lang.Object>

------------------------------------------------------------------------------------------------------------------------

[2020-05-09 14:23:17 #1 type.registry] 
New type domain.Sport

[2020-05-09 14:23:17 #2 type] 
Type domain.Sport is not enhanced.

[2020-05-09 14:23:17 #3 type.registry] 
New type domain.Event

[2020-05-09 14:23:17 #4 type.registry] 
New type java.util.Vector<domain.Event>

[2020-05-09 14:23:17 #5 type] 
Type domain.Event is not enhanced.

[2020-05-09 14:23:17 #6 type.registry] 
New type domain.Question

[2020-05-09 14:23:17 #7 type.registry] 
New type java.util.Vector<domain.Question>

[2020-05-09 14:23:17 #8 type] 
Type domain.Question is not enhanced.

[2020-05-09 14:23:17 #9 type.registry] 
New type domain.BetChoice

[2020-05-09 14:23:17 #10 type.registry] 
New type java.util.Vector<domain.BetChoice>

[2020-05-09 14:23:17 #11 type] 
Type domain.BetChoice is not enhanced.

[2020-05-09 14:23:17 #12 type.registry] 
New type domain.UserBet

[2020-05-09 14:23:17 #13 type.registry] 
New type java.util.Vector<domain.UserBet>

[2020-05-09 14:23:17 #14 type] 
Type domain.UserBet is not enhanced.

[2020-05-09 14:23:17 #15 type.registry] 
New type domain.User

[2020-05-09 14:23:17 #16 type] 
Type domain.User is not enhanced.

[2020-05-09 14:23:17 #17 type.registry] 
New type domain.Report

[2020-05-09 14:23:17 #18 type.registry] 
New type java.util.Vector<domain.Report>

[2020-05-09 14:23:17 #19 type.registry] 
New type domain.Message

[2020-05-09 14:23:17 #20 type.registry] 
New type java.util.Vector<domain.Message>

[2020-05-09 14:23:17 #21 type.registry] 
New type java.util.Vector<domain.Sport>

[2020-05-09 14:23:17 #22 type.registry] 
New type java.util.Vector<domain.User>

[2020-05-09 14:23:17 #23 type] 
Type domain.Report is not enhanced.

[2020-05-09 14:23:17 #24 type.registry] 
New type domain.ReportType

[2020-05-09 14:23:17 #25 type] 
Type domain.Message is not enhanced.

[2020-05-09 14:23:17 #26 type.registry] 
New type domain.Admin

[2020-05-09 14:23:17 #27 type] 
Type domain.Admin is not enhanced.

[2020-05-09 14:23:17 #28 type.registry] 
New type java.util.Vector<java.lang.Object>

------------------------------------------------------------------------------------------------------------------------

[2020-05-09 14:29:09 #1 type.registry] 
New type domain.Sport

[2020-05-09 14:29:09 #2 type] 
Type domain.Sport is not enhanced.

[2020-05-09 14:29:09 #3 type.registry] 
New type domain.Event

[2020-05-09 14:29:09 #4 type.registry] 
New type java.util.Vector<domain.Event>

[2020-05-09 14:29:09 #5 type] 
Type domain.Event is not enhanced.

[2020-05-09 14:29:09 #6 type.registry] 
New type domain.Question

[2020-05-09 14:29:09 #7 type.registry] 
New type java.util.Vector<domain.Question>

[2020-05-09 14:29:09 #8 type] 
Type domain.Question is not enhanced.

[2020-05-09 14:29:09 #9 type.registry] 
New type domain.BetChoice

[2020-05-09 14:29:09 #10 type.registry] 
New type java.util.Vector<domain.BetChoice>

[2020-05-09 14:29:09 #11 type] 
Type domain.BetChoice is not enhanced.

[2020-05-09 14:29:09 #12 type.registry] 
New type domain.UserBet

[2020-05-09 14:29:09 #13 type.registry] 
New type java.util.Vector<domain.UserBet>

[2020-05-09 14:29:09 #14 type] 
Type domain.UserBet is not enhanced.

[2020-05-09 14:29:09 #15 type.registry] 
New type domain.User

[2020-05-09 14:29:09 #16 type] 
Type domain.User is not enhanced.

[2020-05-09 14:29:09 #17 type.registry] 
New type domain.Report

[2020-05-09 14:29:09 #18 type.registry] 
New type java.util.Vector<domain.Report>

[2020-05-09 14:29:09 #19 type.registry] 
New type domain.Message

[2020-05-09 14:29:09 #20 type.registry] 
New type java.util.Vector<domain.Message>

[2020-05-09 14:29:09 #21 type.registry] 
New type java.util.Vector<domain.Sport>

[2020-05-09 14:29:09 #22 type.registry] 
New type java.util.Vector<domain.User>

[2020-05-09 14:29:09 #23 type] 
Type domain.Report is not enhanced.

[2020-05-09 14:29:09 #24 type.registry] 
New type domain.ReportType

[2020-05-09 14:29:09 #25 type] 
Type domain.Message is not enhanced.

[2020-05-09 14:29:09 #26 type.registry] 
New type domain.Admin

[2020-05-09 14:29:09 #27 type] 
Type domain.Admin is not enhanced.

[2020-05-09 14:29:09 #28 type.registry] 
New type java.util.Vector<java.lang.Object>

------------------------------------------------------------------------------------------------------------------------

[2020-05-09 14:31:08 #1 store] 
Database 'C:\Users\Yanis\Desktop\Yanis\Espagne\Cours\Software Engineering\Project\Bets_Project\Bets\resources\bets.temp' is opened by 13540@LAPTOP-FG5SJG3N

[2020-05-09 14:31:09 #2 type.registry] 
New type domain.Sport

[2020-05-09 14:31:09 #3 type] 
Type domain.Sport is not enhanced.

[2020-05-09 14:31:09 #4 type.registry] 
New type domain.Event

[2020-05-09 14:31:09 #5 type.registry] 
New type java.util.Vector<domain.Event>

[2020-05-09 14:31:09 #6 type] 
Type domain.Event is not enhanced.

[2020-05-09 14:31:09 #7 type.registry] 
New type domain.Question

[2020-05-09 14:31:09 #8 type.registry] 
New type java.util.Vector<domain.Question>

[2020-05-09 14:31:09 #9 type] 
Type domain.Question is not enhanced.

[2020-05-09 14:31:09 #10 type.registry] 
New type domain.BetChoice

[2020-05-09 14:31:09 #11 type.registry] 
New type java.util.Vector<domain.BetChoice>

[2020-05-09 14:31:09 #12 type] 
Type domain.BetChoice is not enhanced.

[2020-05-09 14:31:09 #13 type.registry] 
New type domain.UserBet

[2020-05-09 14:31:09 #14 type.registry] 
New type java.util.Vector<domain.UserBet>

[2020-05-09 14:31:09 #15 type] 
Type domain.UserBet is not enhanced.

[2020-05-09 14:31:09 #16 type.registry] 
New type domain.User

[2020-05-09 14:31:09 #17 type] 
Type domain.User is not enhanced.

[2020-05-09 14:31:09 #18 type.registry] 
New type domain.Report

[2020-05-09 14:31:09 #19 type.registry] 
New type java.util.Vector<domain.Report>

[2020-05-09 14:31:09 #20 type.registry] 
New type domain.Message

[2020-05-09 14:31:09 #21 type.registry] 
New type java.util.Vector<domain.Message>

[2020-05-09 14:31:09 #22 type.registry] 
New type java.util.Vector<domain.Sport>

[2020-05-09 14:31:09 #23 type.registry] 
New type java.util.Vector<domain.User>

[2020-05-09 14:31:09 #24 type] 
Type domain.Report is not enhanced.

[2020-05-09 14:31:09 #25 type.registry] 
New type domain.ReportType

[2020-05-09 14:31:09 #26 type] 
Type domain.Message is not enhanced.

[2020-05-09 14:31:09 #27 type.registry] 
New type domain.Admin

[2020-05-09 14:31:09 #28 type] 
Type domain.Admin is not enhanced.

[2020-05-09 14:31:09 #29 type.registry] 
New type java.util.Vector<java.lang.Object>

------------------------------------------------------------------------------------------------------------------------

[2020-05-09 14:32:20 #1 type.registry] 
New type domain.Sport

[2020-05-09 14:32:20 #2 type] 
Type domain.Sport is not enhanced.

[2020-05-09 14:32:20 #3 type.registry] 
New type domain.Event

[2020-05-09 14:32:20 #4 type.registry] 
New type java.util.Vector<domain.Event>

[2020-05-09 14:32:20 #5 type] 
Type domain.Event is not enhanced.

[2020-05-09 14:32:20 #6 type.registry] 
New type domain.Question

[2020-05-09 14:32:20 #7 type.registry] 
New type java.util.Vector<domain.Question>

[2020-05-09 14:32:20 #8 type] 
Type domain.Question is not enhanced.

[2020-05-09 14:32:20 #9 type.registry] 
New type domain.BetChoice

[2020-05-09 14:32:20 #10 type.registry] 
New type java.util.Vector<domain.BetChoice>

[2020-05-09 14:32:20 #11 type] 
Type domain.BetChoice is not enhanced.

[2020-05-09 14:32:20 #12 type.registry] 
New type domain.UserBet

[2020-05-09 14:32:20 #13 type.registry] 
New type java.util.Vector<domain.UserBet>

[2020-05-09 14:32:20 #14 type] 
Type domain.UserBet is not enhanced.

[2020-05-09 14:32:20 #15 type.registry] 
New type domain.User

[2020-05-09 14:32:20 #16 type] 
Type domain.User is not enhanced.

[2020-05-09 14:32:20 #17 type.registry] 
New type domain.Report

[2020-05-09 14:32:20 #18 type.registry] 
New type java.util.Vector<domain.Report>

[2020-05-09 14:32:20 #19 type.registry] 
New type domain.Message

[2020-05-09 14:32:20 #20 type.registry] 
New type java.util.Vector<domain.Message>

[2020-05-09 14:32:20 #21 type.registry] 
New type java.util.Vector<domain.Sport>

[2020-05-09 14:32:20 #22 type.registry] 
New type java.util.Vector<domain.User>

[2020-05-09 14:32:20 #23 type] 
Type domain.Report is not enhanced.

[2020-05-09 14:32:20 #24 type.registry] 
New type domain.ReportType

[2020-05-09 14:32:20 #25 type] 
Type domain.Message is not enhanced.

[2020-05-09 14:32:20 #26 type.registry] 
New type domain.Admin

[2020-05-09 14:32:20 #27 type] 
Type domain.Admin is not enhanced.

[2020-05-09 14:32:20 #28 type.registry] 
New type java.util.Vector<java.lang.Object>

------------------------------------------------------------------------------------------------------------------------

[2020-05-09 14:32:27 #1 type.registry] 
New type domain.Sport

[2020-05-09 14:32:27 #2 type] 
Type domain.Sport is not enhanced.

[2020-05-09 14:32:28 #3 type.registry] 
New type domain.Event

[2020-05-09 14:32:28 #4 type.registry] 
New type java.util.Vector<domain.Event>

[2020-05-09 14:32:28 #5 type] 
Type domain.Event is not enhanced.

[2020-05-09 14:32:28 #6 type.registry] 
New type domain.Question

[2020-05-09 14:32:28 #7 type.registry] 
New type java.util.Vector<domain.Question>

[2020-05-09 14:32:28 #8 type] 
Type domain.Question is not enhanced.

[2020-05-09 14:32:28 #9 type.registry] 
New type domain.BetChoice

[2020-05-09 14:32:28 #10 type.registry] 
New type java.util.Vector<domain.BetChoice>

[2020-05-09 14:32:28 #11 type] 
Type domain.BetChoice is not enhanced.

[2020-05-09 14:32:28 #12 type.registry] 
New type domain.UserBet

[2020-05-09 14:32:28 #13 type.registry] 
New type java.util.Vector<domain.UserBet>

[2020-05-09 14:32:28 #14 type] 
Type domain.UserBet is not enhanced.

[2020-05-09 14:32:28 #15 type.registry] 
New type domain.User

[2020-05-09 14:32:28 #16 type] 
Type domain.User is not enhanced.

[2020-05-09 14:32:28 #17 type.registry] 
New type domain.Report

[2020-05-09 14:32:28 #18 type.registry] 
New type java.util.Vector<domain.Report>

[2020-05-09 14:32:28 #19 type.registry] 
New type domain.Message

[2020-05-09 14:32:28 #20 type.registry] 
New type java.util.Vector<domain.Message>

[2020-05-09 14:32:28 #21 type.registry] 
New type java.util.Vector<domain.Sport>

[2020-05-09 14:32:28 #22 type.registry] 
New type java.util.Vector<domain.User>

[2020-05-09 14:32:28 #23 type] 
Type domain.Report is not enhanced.

[2020-05-09 14:32:28 #24 type.registry] 
New type domain.ReportType

[2020-05-09 14:32:28 #25 type] 
Type domain.Message is not enhanced.

[2020-05-09 14:32:28 #26 type.registry] 
New type domain.Admin

[2020-05-09 14:32:28 #27 type] 
Type domain.Admin is not enhanced.

[2020-05-09 14:32:28 #28 type.registry] 
New type java.util.Vector<java.lang.Object>

------------------------------------------------------------------------------------------------------------------------

[2020-05-09 14:32:34 #1 type.registry] 
New type domain.Sport

[2020-05-09 14:32:34 #2 type] 
Type domain.Sport is not enhanced.

[2020-05-09 14:32:34 #3 type.registry] 
New type domain.Event

[2020-05-09 14:32:34 #4 type.registry] 
New type java.util.Vector<domain.Event>

[2020-05-09 14:32:34 #5 type] 
Type domain.Event is not enhanced.

[2020-05-09 14:32:34 #6 type.registry] 
New type domain.Question

[2020-05-09 14:32:34 #7 type.registry] 
New type java.util.Vector<domain.Question>

[2020-05-09 14:32:34 #8 type] 
Type domain.Question is not enhanced.

[2020-05-09 14:32:34 #9 type.registry] 
New type domain.BetChoice

[2020-05-09 14:32:34 #10 type.registry] 
New type java.util.Vector<domain.BetChoice>

[2020-05-09 14:32:34 #11 type] 
Type domain.BetChoice is not enhanced.

[2020-05-09 14:32:34 #12 type.registry] 
New type domain.UserBet

[2020-05-09 14:32:34 #13 type.registry] 
New type java.util.Vector<domain.UserBet>

[2020-05-09 14:32:34 #14 type] 
Type domain.UserBet is not enhanced.

[2020-05-09 14:32:34 #15 type.registry] 
New type domain.User

[2020-05-09 14:32:34 #16 type] 
Type domain.User is not enhanced.

[2020-05-09 14:32:34 #17 type.registry] 
New type domain.Report

[2020-05-09 14:32:34 #18 type.registry] 
New type java.util.Vector<domain.Report>

[2020-05-09 14:32:34 #19 type.registry] 
New type domain.Message

[2020-05-09 14:32:34 #20 type.registry] 
New type java.util.Vector<domain.Message>

[2020-05-09 14:32:34 #21 type.registry] 
New type java.util.Vector<domain.Sport>

[2020-05-09 14:32:34 #22 type.registry] 
New type java.util.Vector<domain.User>

[2020-05-09 14:32:34 #23 type] 
Type domain.Report is not enhanced.

[2020-05-09 14:32:34 #24 type.registry] 
New type domain.ReportType

[2020-05-09 14:32:34 #25 type] 
Type domain.Message is not enhanced.

[2020-05-09 14:32:34 #26 type.registry] 
New type domain.Admin

[2020-05-09 14:32:34 #27 type] 
Type domain.Admin is not enhanced.

[2020-05-09 14:32:34 #28 type.registry] 
New type java.util.Vector<java.lang.Object>

------------------------------------------------------------------------------------------------------------------------

[2020-05-09 14:32:41 #1 type.registry] 
New type domain.Sport

[2020-05-09 14:32:41 #2 type] 
Type domain.Sport is not enhanced.

[2020-05-09 14:32:41 #3 type.registry] 
New type domain.Event

[2020-05-09 14:32:41 #4 type.registry] 
New type java.util.Vector<domain.Event>

[2020-05-09 14:32:41 #5 type] 
Type domain.Event is not enhanced.

[2020-05-09 14:32:41 #6 type.registry] 
New type domain.Question

[2020-05-09 14:32:41 #7 type.registry] 
New type java.util.Vector<domain.Question>

[2020-05-09 14:32:41 #8 type] 
Type domain.Question is not enhanced.

[2020-05-09 14:32:41 #9 type.registry] 
New type domain.BetChoice

[2020-05-09 14:32:41 #10 type.registry] 
New type java.util.Vector<domain.BetChoice>

[2020-05-09 14:32:41 #11 type] 
Type domain.BetChoice is not enhanced.

[2020-05-09 14:32:41 #12 type.registry] 
New type domain.UserBet

[2020-05-09 14:32:41 #13 type.registry] 
New type java.util.Vector<domain.UserBet>

[2020-05-09 14:32:41 #14 type] 
Type domain.UserBet is not enhanced.

[2020-05-09 14:32:41 #15 type.registry] 
New type domain.User

[2020-05-09 14:32:41 #16 type] 
Type domain.User is not enhanced.

[2020-05-09 14:32:41 #17 type.registry] 
New type domain.Report

[2020-05-09 14:32:41 #18 type.registry] 
New type java.util.Vector<domain.Report>

[2020-05-09 14:32:41 #19 type.registry] 
New type domain.Message

[2020-05-09 14:32:41 #20 type.registry] 
New type java.util.Vector<domain.Message>

[2020-05-09 14:32:41 #21 type.registry] 
New type java.util.Vector<domain.Sport>

[2020-05-09 14:32:41 #22 type.registry] 
New type java.util.Vector<domain.User>

[2020-05-09 14:32:41 #23 type] 
Type domain.Report is not enhanced.

[2020-05-09 14:32:41 #24 type.registry] 
New type domain.ReportType

[2020-05-09 14:32:41 #25 type] 
Type domain.Message is not enhanced.

[2020-05-09 14:32:41 #26 type.registry] 
New type domain.Admin

[2020-05-09 14:32:41 #27 type] 
Type domain.Admin is not enhanced.

[2020-05-09 14:32:41 #28 type.registry] 
New type java.util.Vector<java.lang.Object>

------------------------------------------------------------------------------------------------------------------------

[2020-05-09 14:32:46 #1 type.registry] 
New type domain.Sport

[2020-05-09 14:32:46 #2 type] 
Type domain.Sport is not enhanced.

[2020-05-09 14:32:46 #3 type.registry] 
New type domain.Event

[2020-05-09 14:32:46 #4 type.registry] 
New type java.util.Vector<domain.Event>

[2020-05-09 14:32:46 #5 type] 
Type domain.Event is not enhanced.

[2020-05-09 14:32:47 #6 type.registry] 
New type domain.Question

[2020-05-09 14:32:47 #7 type.registry] 
New type java.util.Vector<domain.Question>

[2020-05-09 14:32:47 #8 type] 
Type domain.Question is not enhanced.

[2020-05-09 14:32:47 #9 type.registry] 
New type domain.BetChoice

[2020-05-09 14:32:47 #10 type.registry] 
New type java.util.Vector<domain.BetChoice>

[2020-05-09 14:32:47 #11 type] 
Type domain.BetChoice is not enhanced.

[2020-05-09 14:32:47 #12 type.registry] 
New type domain.UserBet

[2020-05-09 14:32:47 #13 type.registry] 
New type java.util.Vector<domain.UserBet>

[2020-05-09 14:32:47 #14 type] 
Type domain.UserBet is not enhanced.

[2020-05-09 14:32:47 #15 type.registry] 
New type domain.User

[2020-05-09 14:32:47 #16 type] 
Type domain.User is not enhanced.

[2020-05-09 14:32:47 #17 type.registry] 
New type domain.Report

[2020-05-09 14:32:47 #18 type.registry] 
New type java.util.Vector<domain.Report>

[2020-05-09 14:32:47 #19 type.registry] 
New type domain.Message

[2020-05-09 14:32:47 #20 type.registry] 
New type java.util.Vector<domain.Message>

[2020-05-09 14:32:47 #21 type.registry] 
New type java.util.Vector<domain.Sport>

[2020-05-09 14:32:47 #22 type.registry] 
New type java.util.Vector<domain.User>

[2020-05-09 14:32:47 #23 type] 
Type domain.Report is not enhanced.

[2020-05-09 14:32:47 #24 type.registry] 
New type domain.ReportType

[2020-05-09 14:32:47 #25 type] 
Type domain.Message is not enhanced.

[2020-05-09 14:32:47 #26 type.registry] 
New type domain.Admin

[2020-05-09 14:32:47 #27 type] 
Type domain.Admin is not enhanced.

[2020-05-09 14:32:47 #28 type.registry] 
New type java.util.Vector<java.lang.Object>

------------------------------------------------------------------------------------------------------------------------

[2020-05-09 14:32:54 #1 type.registry] 
New type domain.Sport

[2020-05-09 14:32:54 #2 type] 
Type domain.Sport is not enhanced.

[2020-05-09 14:32:54 #3 type.registry] 
New type domain.Event

[2020-05-09 14:32:54 #4 type.registry] 
New type java.util.Vector<domain.Event>

[2020-05-09 14:32:54 #5 type] 
Type domain.Event is not enhanced.

[2020-05-09 14:32:54 #6 type.registry] 
New type domain.Question

[2020-05-09 14:32:54 #7 type.registry] 
New type java.util.Vector<domain.Question>

[2020-05-09 14:32:54 #8 type] 
Type domain.Question is not enhanced.

[2020-05-09 14:32:54 #9 type.registry] 
New type domain.BetChoice

[2020-05-09 14:32:54 #10 type.registry] 
New type java.util.Vector<domain.BetChoice>

[2020-05-09 14:32:54 #11 type] 
Type domain.BetChoice is not enhanced.

[2020-05-09 14:32:54 #12 type.registry] 
New type domain.UserBet

[2020-05-09 14:32:54 #13 type.registry] 
New type java.util.Vector<domain.UserBet>

[2020-05-09 14:32:54 #14 type] 
Type domain.UserBet is not enhanced.

[2020-05-09 14:32:54 #15 type.registry] 
New type domain.User

[2020-05-09 14:32:54 #16 type] 
Type domain.User is not enhanced.

[2020-05-09 14:32:54 #17 type.registry] 
New type domain.Report

[2020-05-09 14:32:54 #18 type.registry] 
New type java.util.Vector<domain.Report>

[2020-05-09 14:32:54 #19 type.registry] 
New type domain.Message

[2020-05-09 14:32:54 #20 type.registry] 
New type java.util.Vector<domain.Message>

[2020-05-09 14:32:54 #21 type.registry] 
New type java.util.Vector<domain.Sport>

[2020-05-09 14:32:54 #22 type.registry] 
New type java.util.Vector<domain.User>

[2020-05-09 14:32:54 #23 type] 
Type domain.Report is not enhanced.

[2020-05-09 14:32:54 #24 type.registry] 
New type domain.ReportType

[2020-05-09 14:32:54 #25 type] 
Type domain.Message is not enhanced.

[2020-05-09 14:32:54 #26 type.registry] 
New type domain.Admin

[2020-05-09 14:32:54 #27 type] 
Type domain.Admin is not enhanced.

[2020-05-09 14:32:54 #28 type.registry] 
New type java.util.Vector<java.lang.Object>

------------------------------------------------------------------------------------------------------------------------

[2020-05-09 14:33:11 #1 type.registry] 
New type domain.Sport

[2020-05-09 14:33:12 #2 type] 
Type domain.Sport is not enhanced.

[2020-05-09 14:33:12 #3 type.registry] 
New type domain.Event

[2020-05-09 14:33:12 #4 type.registry] 
New type java.util.Vector<domain.Event>

[2020-05-09 14:33:12 #5 type] 
Type domain.Event is not enhanced.

[2020-05-09 14:33:12 #6 type.registry] 
New type domain.Question

[2020-05-09 14:33:12 #7 type.registry] 
New type java.util.Vector<domain.Question>

[2020-05-09 14:33:12 #8 type] 
Type domain.Question is not enhanced.

[2020-05-09 14:33:12 #9 type.registry] 
New type domain.BetChoice

[2020-05-09 14:33:12 #10 type.registry] 
New type java.util.Vector<domain.BetChoice>

[2020-05-09 14:33:12 #11 type] 
Type domain.BetChoice is not enhanced.

[2020-05-09 14:33:12 #12 type.registry] 
New type domain.UserBet

[2020-05-09 14:33:12 #13 type.registry] 
New type java.util.Vector<domain.UserBet>

[2020-05-09 14:33:12 #14 type] 
Type domain.UserBet is not enhanced.

[2020-05-09 14:33:12 #15 type.registry] 
New type domain.User

[2020-05-09 14:33:12 #16 type] 
Type domain.User is not enhanced.

[2020-05-09 14:33:12 #17 type.registry] 
New type domain.Report

[2020-05-09 14:33:12 #18 type.registry] 
New type java.util.Vector<domain.Report>

[2020-05-09 14:33:12 #19 type.registry] 
New type domain.Message

[2020-05-09 14:33:12 #20 type.registry] 
New type java.util.Vector<domain.Message>

[2020-05-09 14:33:12 #21 type.registry] 
New type java.util.Vector<domain.Sport>

[2020-05-09 14:33:12 #22 type.registry] 
New type java.util.Vector<domain.User>

[2020-05-09 14:33:12 #23 type] 
Type domain.Report is not enhanced.

[2020-05-09 14:33:12 #24 type.registry] 
New type domain.ReportType

[2020-05-09 14:33:12 #25 type] 
Type domain.Message is not enhanced.

[2020-05-09 14:33:12 #26 type.registry] 
New type domain.Admin

[2020-05-09 14:33:12 #27 type] 
Type domain.Admin is not enhanced.

[2020-05-09 14:33:12 #28 type.registry] 
New type java.util.Vector<java.lang.Object>

------------------------------------------------------------------------------------------------------------------------

[2020-05-09 14:33:37 #1 type.registry] 
New type domain.Sport

[2020-05-09 14:33:37 #2 type] 
Type domain.Sport is not enhanced.

[2020-05-09 14:33:37 #3 type.registry] 
New type domain.Event

[2020-05-09 14:33:37 #4 type.registry] 
New type java.util.Vector<domain.Event>

[2020-05-09 14:33:37 #5 type] 
Type domain.Event is not enhanced.

[2020-05-09 14:33:37 #6 type.registry] 
New type domain.Question

[2020-05-09 14:33:37 #7 type.registry] 
New type java.util.Vector<domain.Question>

[2020-05-09 14:33:37 #8 type] 
Type domain.Question is not enhanced.

[2020-05-09 14:33:37 #9 type.registry] 
New type domain.BetChoice

[2020-05-09 14:33:37 #10 type.registry] 
New type java.util.Vector<domain.BetChoice>

[2020-05-09 14:33:37 #11 type] 
Type domain.BetChoice is not enhanced.

[2020-05-09 14:33:37 #12 type.registry] 
New type domain.UserBet

[2020-05-09 14:33:37 #13 type.registry] 
New type java.util.Vector<domain.UserBet>

[2020-05-09 14:33:37 #14 type] 
Type domain.UserBet is not enhanced.

[2020-05-09 14:33:37 #15 type.registry] 
New type domain.User

[2020-05-09 14:33:37 #16 type] 
Type domain.User is not enhanced.

[2020-05-09 14:33:37 #17 type.registry] 
New type domain.Report

[2020-05-09 14:33:37 #18 type.registry] 
New type java.util.Vector<domain.Report>

[2020-05-09 14:33:37 #19 type.registry] 
New type domain.Message

[2020-05-09 14:33:37 #20 type.registry] 
New type java.util.Vector<domain.Message>

[2020-05-09 14:33:37 #21 type.registry] 
New type java.util.Vector<domain.Sport>

[2020-05-09 14:33:37 #22 type.registry] 
New type java.util.Vector<domain.User>

[2020-05-09 14:33:37 #23 type] 
Type domain.Report is not enhanced.

[2020-05-09 14:33:37 #24 type.registry] 
New type domain.ReportType

[2020-05-09 14:33:37 #25 type] 
Type domain.Message is not enhanced.

[2020-05-09 14:33:37 #26 type.registry] 
New type domain.Admin

[2020-05-09 14:33:37 #27 type] 
Type domain.Admin is not enhanced.

[2020-05-09 14:33:37 #28 type.registry] 
New type java.util.Vector<java.lang.Object>

------------------------------------------------------------------------------------------------------------------------

[2020-05-09 14:33:47 #1 type.registry] 
New type domain.Sport

[2020-05-09 14:33:47 #2 type] 
Type domain.Sport is not enhanced.

[2020-05-09 14:33:47 #3 type.registry] 
New type domain.Event

[2020-05-09 14:33:47 #4 type.registry] 
New type java.util.Vector<domain.Event>

[2020-05-09 14:33:47 #5 type] 
Type domain.Event is not enhanced.

[2020-05-09 14:33:47 #6 type.registry] 
New type domain.Question

[2020-05-09 14:33:47 #7 type.registry] 
New type java.util.Vector<domain.Question>

[2020-05-09 14:33:47 #8 type] 
Type domain.Question is not enhanced.

[2020-05-09 14:33:47 #9 type.registry] 
New type domain.BetChoice

[2020-05-09 14:33:47 #10 type.registry] 
New type java.util.Vector<domain.BetChoice>

[2020-05-09 14:33:47 #11 type] 
Type domain.BetChoice is not enhanced.

[2020-05-09 14:33:47 #12 type.registry] 
New type domain.UserBet

[2020-05-09 14:33:47 #13 type.registry] 
New type java.util.Vector<domain.UserBet>

[2020-05-09 14:33:47 #14 type] 
Type domain.UserBet is not enhanced.

[2020-05-09 14:33:47 #15 type.registry] 
New type domain.User

[2020-05-09 14:33:47 #16 type] 
Type domain.User is not enhanced.

[2020-05-09 14:33:47 #17 type.registry] 
New type domain.Report

[2020-05-09 14:33:47 #18 type.registry] 
New type java.util.Vector<domain.Report>

[2020-05-09 14:33:47 #19 type.registry] 
New type domain.Message

[2020-05-09 14:33:47 #20 type.registry] 
New type java.util.Vector<domain.Message>

[2020-05-09 14:33:47 #21 type.registry] 
New type java.util.Vector<domain.Sport>

[2020-05-09 14:33:47 #22 type.registry] 
New type java.util.Vector<domain.User>

[2020-05-09 14:33:47 #23 type] 
Type domain.Report is not enhanced.

[2020-05-09 14:33:47 #24 type.registry] 
New type domain.ReportType

[2020-05-09 14:33:47 #25 type] 
Type domain.Message is not enhanced.

[2020-05-09 14:33:47 #26 type.registry] 
New type domain.Admin

[2020-05-09 14:33:47 #27 type] 
Type domain.Admin is not enhanced.

[2020-05-09 14:33:47 #28 type.registry] 
New type java.util.Vector<java.lang.Object>

------------------------------------------------------------------------------------------------------------------------

[2020-05-09 14:33:59 #1 type.registry] 
New type domain.Sport

[2020-05-09 14:33:59 #2 type] 
Type domain.Sport is not enhanced.

[2020-05-09 14:33:59 #3 type.registry] 
New type domain.Event

[2020-05-09 14:33:59 #4 type.registry] 
New type java.util.Vector<domain.Event>

[2020-05-09 14:34:00 #5 type] 
Type domain.Event is not enhanced.

[2020-05-09 14:34:00 #6 type.registry] 
New type domain.Question

[2020-05-09 14:34:00 #7 type.registry] 
New type java.util.Vector<domain.Question>

[2020-05-09 14:34:00 #8 type] 
Type domain.Question is not enhanced.

[2020-05-09 14:34:00 #9 type.registry] 
New type domain.BetChoice

[2020-05-09 14:34:00 #10 type.registry] 
New type java.util.Vector<domain.BetChoice>

[2020-05-09 14:34:00 #11 type] 
Type domain.BetChoice is not enhanced.

[2020-05-09 14:34:00 #12 type.registry] 
New type domain.UserBet

[2020-05-09 14:34:00 #13 type.registry] 
New type java.util.Vector<domain.UserBet>

[2020-05-09 14:34:00 #14 type] 
Type domain.UserBet is not enhanced.

[2020-05-09 14:34:00 #15 type.registry] 
New type domain.User

[2020-05-09 14:34:00 #16 type] 
Type domain.User is not enhanced.

[2020-05-09 14:34:00 #17 type.registry] 
New type domain.Report

[2020-05-09 14:34:00 #18 type.registry] 
New type java.util.Vector<domain.Report>

[2020-05-09 14:34:00 #19 type.registry] 
New type domain.Message

[2020-05-09 14:34:00 #20 type.registry] 
New type java.util.Vector<domain.Message>

[2020-05-09 14:34:00 #21 type.registry] 
New type java.util.Vector<domain.Sport>

[2020-05-09 14:34:00 #22 type.registry] 
New type java.util.Vector<domain.User>

[2020-05-09 14:34:00 #23 type] 
Type domain.Report is not enhanced.

[2020-05-09 14:34:00 #24 type.registry] 
New type domain.ReportType

[2020-05-09 14:34:00 #25 type] 
Type domain.Message is not enhanced.

[2020-05-09 14:34:00 #26 type.registry] 
New type domain.Admin

[2020-05-09 14:34:00 #27 type] 
Type domain.Admin is not enhanced.

[2020-05-09 14:34:00 #28 type.registry] 
New type java.util.Vector<java.lang.Object>

------------------------------------------------------------------------------------------------------------------------

[2020-05-09 14:34:11 #1 type.registry] 
New type domain.Sport

[2020-05-09 14:34:11 #2 type] 
Type domain.Sport is not enhanced.

[2020-05-09 14:34:11 #3 type.registry] 
New type domain.Event

[2020-05-09 14:34:11 #4 type.registry] 
New type java.util.Vector<domain.Event>

[2020-05-09 14:34:11 #5 type] 
Type domain.Event is not enhanced.

[2020-05-09 14:34:11 #6 type.registry] 
New type domain.Question

[2020-05-09 14:34:11 #7 type.registry] 
New type java.util.Vector<domain.Question>

[2020-05-09 14:34:11 #8 type] 
Type domain.Question is not enhanced.

[2020-05-09 14:34:11 #9 type.registry] 
New type domain.BetChoice

[2020-05-09 14:34:11 #10 type.registry] 
New type java.util.Vector<domain.BetChoice>

[2020-05-09 14:34:11 #11 type] 
Type domain.BetChoice is not enhanced.

[2020-05-09 14:34:11 #12 type.registry] 
New type domain.UserBet

[2020-05-09 14:34:11 #13 type.registry] 
New type java.util.Vector<domain.UserBet>

[2020-05-09 14:34:11 #14 type] 
Type domain.UserBet is not enhanced.

[2020-05-09 14:34:11 #15 type.registry] 
New type domain.User

[2020-05-09 14:34:11 #16 type] 
Type domain.User is not enhanced.

[2020-05-09 14:34:11 #17 type.registry] 
New type domain.Report

[2020-05-09 14:34:11 #18 type.registry] 
New type java.util.Vector<domain.Report>

[2020-05-09 14:34:11 #19 type.registry] 
New type domain.Message

[2020-05-09 14:34:11 #20 type.registry] 
New type java.util.Vector<domain.Message>

[2020-05-09 14:34:11 #21 type.registry] 
New type java.util.Vector<domain.Sport>

[2020-05-09 14:34:11 #22 type.registry] 
New type java.util.Vector<domain.User>

[2020-05-09 14:34:11 #23 type] 
Type domain.Report is not enhanced.

[2020-05-09 14:34:11 #24 type.registry] 
New type domain.ReportType

[2020-05-09 14:34:11 #25 type] 
Type domain.Message is not enhanced.

[2020-05-09 14:34:11 #26 type.registry] 
New type domain.Admin

[2020-05-09 14:34:11 #27 type] 
Type domain.Admin is not enhanced.

[2020-05-09 14:34:11 #28 type.registry] 
New type java.util.Vector<java.lang.Object>

------------------------------------------------------------------------------------------------------------------------

[2020-05-09 14:42:57 #1 type.registry] 
New type domain.Sport

[2020-05-09 14:42:57 #2 type] 
Type domain.Sport is not enhanced.

[2020-05-09 14:42:57 #3 type.registry] 
New type domain.Event

[2020-05-09 14:42:57 #4 type.registry] 
New type java.util.Vector<domain.Event>

[2020-05-09 14:42:57 #5 type] 
Type domain.Event is not enhanced.

[2020-05-09 14:42:57 #6 type.registry] 
New type domain.Question

[2020-05-09 14:42:57 #7 type.registry] 
New type java.util.Vector<domain.Question>

[2020-05-09 14:42:57 #8 type] 
Type domain.Question is not enhanced.

[2020-05-09 14:42:57 #9 type.registry] 
New type domain.BetChoice

[2020-05-09 14:42:57 #10 type.registry] 
New type java.util.Vector<domain.BetChoice>

[2020-05-09 14:42:57 #11 type] 
Type domain.BetChoice is not enhanced.

[2020-05-09 14:42:57 #12 type.registry] 
New type domain.UserBet

[2020-05-09 14:42:57 #13 type.registry] 
New type java.util.Vector<domain.UserBet>

[2020-05-09 14:42:57 #14 type] 
Type domain.UserBet is not enhanced.

[2020-05-09 14:42:57 #15 type.registry] 
New type domain.User

[2020-05-09 14:42:57 #16 type] 
Type domain.User is not enhanced.

[2020-05-09 14:42:57 #17 type.registry] 
New type domain.Report

[2020-05-09 14:42:57 #18 type.registry] 
New type java.util.Vector<domain.Report>

[2020-05-09 14:42:57 #19 type.registry] 
New type domain.Message

[2020-05-09 14:42:57 #20 type.registry] 
New type java.util.Vector<domain.Message>

[2020-05-09 14:42:57 #21 type.registry] 
New type java.util.Vector<domain.Sport>

[2020-05-09 14:42:57 #22 type.registry] 
New type java.util.Vector<domain.User>

[2020-05-09 14:42:57 #23 type] 
Type domain.Report is not enhanced.

[2020-05-09 14:42:57 #24 type.registry] 
New type domain.ReportType

[2020-05-09 14:42:57 #25 type] 
Type domain.Message is not enhanced.

[2020-05-09 14:42:57 #26 type.registry] 
New type domain.Admin

[2020-05-09 14:42:57 #27 type] 
Type domain.Admin is not enhanced.

[2020-05-09 14:42:57 #28 type.registry] 
New type java.util.Vector<java.lang.Object>

------------------------------------------------------------------------------------------------------------------------

[2020-05-09 14:43:02 #1 type.registry] 
New type domain.Sport

[2020-05-09 14:43:02 #2 type] 
Type domain.Sport is not enhanced.

[2020-05-09 14:43:02 #3 type.registry] 
New type domain.Event

[2020-05-09 14:43:02 #4 type.registry] 
New type java.util.Vector<domain.Event>

[2020-05-09 14:43:02 #5 type] 
Type domain.Event is not enhanced.

[2020-05-09 14:43:02 #6 type.registry] 
New type domain.Question

[2020-05-09 14:43:02 #7 type.registry] 
New type java.util.Vector<domain.Question>

[2020-05-09 14:43:02 #8 type] 
Type domain.Question is not enhanced.

[2020-05-09 14:43:02 #9 type.registry] 
New type domain.BetChoice

[2020-05-09 14:43:02 #10 type.registry] 
New type java.util.Vector<domain.BetChoice>

[2020-05-09 14:43:02 #11 type] 
Type domain.BetChoice is not enhanced.

[2020-05-09 14:43:02 #12 type.registry] 
New type domain.UserBet

[2020-05-09 14:43:02 #13 type.registry] 
New type java.util.Vector<domain.UserBet>

[2020-05-09 14:43:02 #14 type] 
Type domain.UserBet is not enhanced.

[2020-05-09 14:43:02 #15 type.registry] 
New type domain.User

[2020-05-09 14:43:02 #16 type] 
Type domain.User is not enhanced.

[2020-05-09 14:43:02 #17 type.registry] 
New type domain.Report

[2020-05-09 14:43:02 #18 type.registry] 
New type java.util.Vector<domain.Report>

[2020-05-09 14:43:02 #19 type.registry] 
New type domain.Message

[2020-05-09 14:43:02 #20 type.registry] 
New type java.util.Vector<domain.Message>

[2020-05-09 14:43:02 #21 type.registry] 
New type java.util.Vector<domain.Sport>

[2020-05-09 14:43:02 #22 type.registry] 
New type java.util.Vector<domain.User>

[2020-05-09 14:43:02 #23 type] 
Type domain.Report is not enhanced.

[2020-05-09 14:43:02 #24 type.registry] 
New type domain.ReportType

[2020-05-09 14:43:02 #25 type] 
Type domain.Message is not enhanced.

[2020-05-09 14:43:02 #26 type.registry] 
New type domain.Admin

[2020-05-09 14:43:02 #27 type] 
Type domain.Admin is not enhanced.

[2020-05-09 14:43:02 #28 type.registry] 
New type java.util.Vector<java.lang.Object>

