------------------------------------------------------------------------------------------------------------------------

[2020-02-28 09:12:00 #1 store] 
Database 'C:\Users\Yanis\Desktop\Yanis\Espagne\Cours\Software Engineering\Project\Bets_Project\Bets\resources\bets.temp' is opened by 11736@LAPTOP-FG5SJG3N

[2020-02-28 09:12:01 #2 type.registry] 
New type domain.Question

[2020-02-28 09:12:01 #3 type] 
Type domain.Question is not enhanced.

[2020-02-28 09:12:01 #4 type.registry] 
New type domain.Event

[2020-02-28 09:12:01 #5 type.registry] 
New type domain.Bet

[2020-02-28 09:12:01 #6 type.registry] 
New type java.util.Vector<domain.Bet>

[2020-02-28 09:12:01 #7 type] 
Type domain.Event is not enhanced.

[2020-02-28 09:12:01 #8 type.registry] 
New type java.util.Vector<domain.Question>

[2020-02-28 09:12:01 #9 type] 
Type domain.Bet is not enhanced.

[2020-02-28 09:12:01 #10 type.registry] 
New type domain.UserBet

[2020-02-28 09:12:01 #11 type.registry] 
New type java.util.Vector<domain.UserBet>

[2020-02-28 09:12:01 #12 type] 
Type domain.UserBet is not enhanced.

[2020-02-28 09:12:01 #13 type.registry] 
New type domain.User

[2020-02-28 09:12:01 #14 type] 
Type domain.User is not enhanced.

[2020-02-28 09:12:01 #15 type.registry] 
New type java.util.Vector<domain.User>

[2020-02-28 09:12:01 #16 type.registry] 
New type domain.Admin

[2020-02-28 09:12:01 #17 type] 
Type domain.Admin is not enhanced.

[2020-02-28 09:12:01 #18 type.registry] 
New type java.util.Vector<java.lang.Object>

------------------------------------------------------------------------------------------------------------------------

[2020-02-28 09:13:46 #1 store] 
Database 'C:\Users\Yanis\Desktop\Yanis\Espagne\Cours\Software Engineering\Project\Bets_Project\Bets\resources\bets.temp' is opened by 14588@LAPTOP-FG5SJG3N

[2020-02-28 09:13:46 #2 type.registry] 
New type domain.Question

[2020-02-28 09:13:46 #3 type] 
Type domain.Question is not enhanced.

[2020-02-28 09:13:46 #4 type.registry] 
New type domain.Event

[2020-02-28 09:13:46 #5 type.registry] 
New type domain.Bet

[2020-02-28 09:13:46 #6 type.registry] 
New type java.util.Vector<domain.Bet>

[2020-02-28 09:13:46 #7 type] 
Type domain.Event is not enhanced.

[2020-02-28 09:13:46 #8 type.registry] 
New type java.util.Vector<domain.Question>

[2020-02-28 09:13:46 #9 type] 
Type domain.Bet is not enhanced.

[2020-02-28 09:13:46 #10 type.registry] 
New type domain.UserBet

[2020-02-28 09:13:46 #11 type.registry] 
New type java.util.Vector<domain.UserBet>

[2020-02-28 09:13:46 #12 type] 
Type domain.UserBet is not enhanced.

[2020-02-28 09:13:46 #13 type.registry] 
New type domain.User

[2020-02-28 09:13:46 #14 type] 
Type domain.User is not enhanced.

[2020-02-28 09:13:46 #15 type.registry] 
New type java.util.Vector<domain.User>

[2020-02-28 09:13:46 #16 type.registry] 
New type domain.Admin

[2020-02-28 09:13:46 #17 type] 
Type domain.Admin is not enhanced.

[2020-02-28 09:13:46 #18 type.registry] 
New type java.util.Vector<java.lang.Object>

------------------------------------------------------------------------------------------------------------------------

[2020-02-28 09:15:02 #1 store] 
Database 'C:\Users\Yanis\Desktop\Yanis\Espagne\Cours\Software Engineering\Project\Bets_Project\Bets\resources\bets.temp' is opened by 2324@LAPTOP-FG5SJG3N

[2020-02-28 09:15:02 #2 type.registry] 
New type domain.Question

[2020-02-28 09:15:02 #3 type] 
Type domain.Question is not enhanced.

[2020-02-28 09:15:02 #4 type.registry] 
New type domain.Event

[2020-02-28 09:15:02 #5 type.registry] 
New type domain.Bet

[2020-02-28 09:15:02 #6 type.registry] 
New type java.util.Vector<domain.Bet>

[2020-02-28 09:15:02 #7 type] 
Type domain.Event is not enhanced.

[2020-02-28 09:15:02 #8 type.registry] 
New type java.util.Vector<domain.Question>

[2020-02-28 09:15:02 #9 type] 
Type domain.Bet is not enhanced.

[2020-02-28 09:15:02 #10 type.registry] 
New type domain.UserBet

[2020-02-28 09:15:02 #11 type.registry] 
New type java.util.Vector<domain.UserBet>

[2020-02-28 09:15:02 #12 type] 
Type domain.UserBet is not enhanced.

[2020-02-28 09:15:02 #13 type.registry] 
New type domain.User

[2020-02-28 09:15:02 #14 type] 
Type domain.User is not enhanced.

[2020-02-28 09:15:02 #15 type.registry] 
New type java.util.Vector<domain.User>

[2020-02-28 09:15:02 #16 type.registry] 
New type domain.Admin

[2020-02-28 09:15:02 #17 type] 
Type domain.Admin is not enhanced.

[2020-02-28 09:15:02 #18 type.registry] 
New type java.util.Vector<java.lang.Object>

------------------------------------------------------------------------------------------------------------------------

[2020-02-28 09:20:24 #1 store] 
Database 'C:\Users\Yanis\Desktop\Yanis\Espagne\Cours\Software Engineering\Project\Bets_Project\Bets\resources\bets.temp' is opened by 2228@LAPTOP-FG5SJG3N

[2020-02-28 09:20:24 #2 type.registry] 
New type domain.Question

[2020-02-28 09:20:24 #3 type] 
Type domain.Question is not enhanced.

[2020-02-28 09:20:24 #4 type.registry] 
New type domain.Event

[2020-02-28 09:20:24 #5 type.registry] 
New type domain.Bet

[2020-02-28 09:20:24 #6 type.registry] 
New type java.util.Vector<domain.Bet>

[2020-02-28 09:20:24 #7 type] 
Type domain.Event is not enhanced.

[2020-02-28 09:20:24 #8 type.registry] 
New type java.util.Vector<domain.Question>

[2020-02-28 09:20:24 #9 type] 
Type domain.Bet is not enhanced.

[2020-02-28 09:20:24 #10 type.registry] 
New type domain.UserBet

[2020-02-28 09:20:24 #11 type.registry] 
New type java.util.Vector<domain.UserBet>

[2020-02-28 09:20:24 #12 type] 
Type domain.UserBet is not enhanced.

[2020-02-28 09:20:24 #13 type.registry] 
New type domain.User

[2020-02-28 09:20:24 #14 type] 
Type domain.User is not enhanced.

[2020-02-28 09:20:24 #15 type.registry] 
New type java.util.Vector<domain.User>

[2020-02-28 09:20:24 #16 type.registry] 
New type domain.Admin

[2020-02-28 09:20:24 #17 type] 
Type domain.Admin is not enhanced.

[2020-02-28 09:20:24 #18 type.registry] 
New type java.util.Vector<java.lang.Object>

------------------------------------------------------------------------------------------------------------------------

[2020-02-28 09:23:38 #1 store] 
Database 'C:\Users\Yanis\Desktop\Yanis\Espagne\Cours\Software Engineering\Project\Bets_Project\Bets\resources\bets.temp' is opened by 10136@LAPTOP-FG5SJG3N

[2020-02-28 09:23:38 #2 type.registry] 
New type domain.Question

[2020-02-28 09:23:38 #3 type] 
Type domain.Question is not enhanced.

[2020-02-28 09:23:38 #4 type.registry] 
New type domain.Event

[2020-02-28 09:23:38 #5 type.registry] 
New type domain.Bet

[2020-02-28 09:23:39 #6 type.registry] 
New type java.util.Vector<domain.Bet>

[2020-02-28 09:23:39 #7 type] 
Type domain.Event is not enhanced.

[2020-02-28 09:23:39 #8 type.registry] 
New type java.util.Vector<domain.Question>

[2020-02-28 09:23:39 #9 type] 
Type domain.Bet is not enhanced.

[2020-02-28 09:23:39 #10 type.registry] 
New type domain.UserBet

[2020-02-28 09:23:39 #11 type.registry] 
New type java.util.Vector<domain.UserBet>

[2020-02-28 09:23:39 #12 type] 
Type domain.UserBet is not enhanced.

[2020-02-28 09:23:39 #13 type.registry] 
New type domain.User

[2020-02-28 09:23:39 #14 type] 
Type domain.User is not enhanced.

[2020-02-28 09:23:39 #15 type.registry] 
New type java.util.Vector<domain.User>

[2020-02-28 09:23:39 #16 type.registry] 
New type domain.Admin

[2020-02-28 09:23:39 #17 type] 
Type domain.Admin is not enhanced.

[2020-02-28 09:23:39 #18 type.registry] 
New type java.util.Vector<java.lang.Object>

------------------------------------------------------------------------------------------------------------------------

[2020-02-28 09:49:06 #1 store] 
Database 'C:\Users\Yanis\Desktop\Yanis\Espagne\Cours\Software Engineering\Project\Bets_Project\Bets\resources\bets.temp' is opened by 6308@LAPTOP-FG5SJG3N

[2020-02-28 09:49:06 #2 type.registry] 
New type domain.Question

[2020-02-28 09:49:06 #3 type] 
Type domain.Question is not enhanced.

[2020-02-28 09:49:06 #4 type.registry] 
New type domain.Event

[2020-02-28 09:49:06 #5 type.registry] 
New type domain.Bet

[2020-02-28 09:49:06 #6 type.registry] 
New type java.util.Vector<domain.Bet>

[2020-02-28 09:49:06 #7 type] 
Type domain.Event is not enhanced.

[2020-02-28 09:49:06 #8 type.registry] 
New type java.util.Vector<domain.Question>

[2020-02-28 09:49:06 #9 type] 
Type domain.Bet is not enhanced.

[2020-02-28 09:49:06 #10 type.registry] 
New type domain.UserBet

[2020-02-28 09:49:06 #11 type.registry] 
New type java.util.Vector<domain.UserBet>

[2020-02-28 09:49:06 #12 type] 
Type domain.UserBet is not enhanced.

[2020-02-28 09:49:06 #13 type.registry] 
New type domain.User

[2020-02-28 09:49:06 #14 type] 
Type domain.User is not enhanced.

[2020-02-28 09:49:06 #15 type.registry] 
New type java.util.Vector<domain.User>

[2020-02-28 09:49:06 #16 type.registry] 
New type domain.Admin

[2020-02-28 09:49:06 #17 type] 
Type domain.Admin is not enhanced.

[2020-02-28 09:49:06 #18 type.registry] 
New type java.util.Vector<java.lang.Object>

------------------------------------------------------------------------------------------------------------------------

[2020-02-28 09:51:14 #1 store] 
Database 'C:\Users\Yanis\Desktop\Yanis\Espagne\Cours\Software Engineering\Project\Bets_Project\Bets\resources\bets.temp' is opened by 9164@LAPTOP-FG5SJG3N

[2020-02-28 09:51:15 #2 type.registry] 
New type domain.Question

[2020-02-28 09:51:15 #3 type] 
Type domain.Question is not enhanced.

[2020-02-28 09:51:15 #4 type.registry] 
New type domain.Event

[2020-02-28 09:51:15 #5 type.registry] 
New type domain.Bet

[2020-02-28 09:51:15 #6 type.registry] 
New type java.util.Vector<domain.Bet>

[2020-02-28 09:51:15 #7 type] 
Type domain.Event is not enhanced.

[2020-02-28 09:51:15 #8 type.registry] 
New type java.util.Vector<domain.Question>

[2020-02-28 09:51:15 #9 type] 
Type domain.Bet is not enhanced.

[2020-02-28 09:51:15 #10 type.registry] 
New type domain.UserBet

[2020-02-28 09:51:15 #11 type.registry] 
New type java.util.Vector<domain.UserBet>

[2020-02-28 09:51:15 #12 type] 
Type domain.UserBet is not enhanced.

[2020-02-28 09:51:15 #13 type.registry] 
New type domain.User

[2020-02-28 09:51:15 #14 type] 
Type domain.User is not enhanced.

[2020-02-28 09:51:15 #15 type.registry] 
New type java.util.Vector<domain.User>

[2020-02-28 09:51:15 #16 type.registry] 
New type domain.Admin

[2020-02-28 09:51:15 #17 type] 
Type domain.Admin is not enhanced.

[2020-02-28 09:51:15 #18 type.registry] 
New type java.util.Vector<java.lang.Object>

------------------------------------------------------------------------------------------------------------------------

[2020-02-28 09:56:21 #1 store] 
Database 'C:\Users\Yanis\Desktop\Yanis\Espagne\Cours\Software Engineering\Project\Bets_Project\Bets\resources\bets.temp' is opened by 9804@LAPTOP-FG5SJG3N

[2020-02-28 09:56:22 #2 type.registry] 
New type domain.Question

[2020-02-28 09:56:22 #3 type] 
Type domain.Question is not enhanced.

[2020-02-28 09:56:22 #4 type.registry] 
New type domain.Event

[2020-02-28 09:56:22 #5 type.registry] 
New type domain.Bet

[2020-02-28 09:56:22 #6 type.registry] 
New type java.util.Vector<domain.Bet>

[2020-02-28 09:56:22 #7 type] 
Type domain.Event is not enhanced.

[2020-02-28 09:56:22 #8 type.registry] 
New type java.util.Vector<domain.Question>

[2020-02-28 09:56:22 #9 type] 
Type domain.Bet is not enhanced.

[2020-02-28 09:56:22 #10 type.registry] 
New type domain.UserBet

[2020-02-28 09:56:22 #11 type.registry] 
New type java.util.Vector<domain.UserBet>

[2020-02-28 09:56:22 #12 type] 
Type domain.UserBet is not enhanced.

[2020-02-28 09:56:22 #13 type.registry] 
New type domain.User

[2020-02-28 09:56:22 #14 type] 
Type domain.User is not enhanced.

[2020-02-28 09:56:22 #15 type.registry] 
New type java.util.Vector<domain.User>

[2020-02-28 09:56:22 #16 type.registry] 
New type domain.Admin

[2020-02-28 09:56:22 #17 type] 
Type domain.Admin is not enhanced.

[2020-02-28 09:56:22 #18 type.registry] 
New type java.util.Vector<java.lang.Object>

------------------------------------------------------------------------------------------------------------------------

[2020-02-28 10:04:26 #1 store] 
Database 'C:\Users\Yanis\Desktop\Yanis\Espagne\Cours\Software Engineering\Project\Bets_Project\Bets\resources\bets.temp' is opened by 15216@LAPTOP-FG5SJG3N

[2020-02-28 10:04:26 #2 type.registry] 
New type domain.Question

[2020-02-28 10:04:26 #3 type] 
Type domain.Question is not enhanced.

[2020-02-28 10:04:26 #4 type.registry] 
New type domain.Event

[2020-02-28 10:04:26 #5 type.registry] 
New type domain.Bet

[2020-02-28 10:04:26 #6 type.registry] 
New type java.util.Vector<domain.Bet>

[2020-02-28 10:04:26 #7 type] 
Type domain.Event is not enhanced.

[2020-02-28 10:04:26 #8 type.registry] 
New type java.util.Vector<domain.Question>

[2020-02-28 10:04:26 #9 type] 
Type domain.Bet is not enhanced.

[2020-02-28 10:04:26 #10 type.registry] 
New type domain.UserBet

[2020-02-28 10:04:26 #11 type.registry] 
New type java.util.Vector<domain.UserBet>

[2020-02-28 10:04:26 #12 type] 
Type domain.UserBet is not enhanced.

[2020-02-28 10:04:26 #13 type.registry] 
New type domain.User

[2020-02-28 10:04:26 #14 type] 
Type domain.User is not enhanced.

[2020-02-28 10:04:26 #15 type.registry] 
New type java.util.Vector<domain.User>

[2020-02-28 10:04:26 #16 type.registry] 
New type domain.Admin

[2020-02-28 10:04:26 #17 type] 
Type domain.Admin is not enhanced.

[2020-02-28 10:04:26 #18 type.registry] 
New type java.util.Vector<java.lang.Object>

------------------------------------------------------------------------------------------------------------------------

[2020-02-28 10:05:08 #1 store] 
Database 'C:\Users\Yanis\Desktop\Yanis\Espagne\Cours\Software Engineering\Project\Bets_Project\Bets\resources\bets.temp' is opened by 11576@LAPTOP-FG5SJG3N

[2020-02-28 10:05:08 #2 type.registry] 
New type domain.Question

[2020-02-28 10:05:08 #3 type] 
Type domain.Question is not enhanced.

[2020-02-28 10:05:08 #4 type.registry] 
New type domain.Event

[2020-02-28 10:05:08 #5 type.registry] 
New type domain.Bet

[2020-02-28 10:05:08 #6 type.registry] 
New type java.util.Vector<domain.Bet>

[2020-02-28 10:05:08 #7 type] 
Type domain.Event is not enhanced.

[2020-02-28 10:05:08 #8 type.registry] 
New type java.util.Vector<domain.Question>

[2020-02-28 10:05:08 #9 type] 
Type domain.Bet is not enhanced.

[2020-02-28 10:05:08 #10 type.registry] 
New type domain.UserBet

[2020-02-28 10:05:08 #11 type.registry] 
New type java.util.Vector<domain.UserBet>

[2020-02-28 10:05:08 #12 type] 
Type domain.UserBet is not enhanced.

[2020-02-28 10:05:08 #13 type.registry] 
New type domain.User

[2020-02-28 10:05:08 #14 type] 
Type domain.User is not enhanced.

[2020-02-28 10:05:08 #15 type.registry] 
New type java.util.Vector<domain.User>

[2020-02-28 10:05:08 #16 type.registry] 
New type domain.Admin

[2020-02-28 10:05:08 #17 type] 
Type domain.Admin is not enhanced.

[2020-02-28 10:05:08 #18 type.registry] 
New type java.util.Vector<java.lang.Object>

------------------------------------------------------------------------------------------------------------------------

[2020-02-28 10:08:02 #1 store] 
Database 'C:\Users\Yanis\Desktop\Yanis\Espagne\Cours\Software Engineering\Project\Bets_Project\Bets\resources\bets.temp' is opened by 12424@LAPTOP-FG5SJG3N

[2020-02-28 10:08:02 #2 type.registry] 
New type domain.Question

[2020-02-28 10:08:02 #3 type] 
Type domain.Question is not enhanced.

[2020-02-28 10:08:02 #4 type.registry] 
New type domain.Event

[2020-02-28 10:08:02 #5 type.registry] 
New type domain.Bet

[2020-02-28 10:08:02 #6 type.registry] 
New type java.util.Vector<domain.Bet>

[2020-02-28 10:08:02 #7 type] 
Type domain.Event is not enhanced.

[2020-02-28 10:08:02 #8 type.registry] 
New type java.util.Vector<domain.Question>

[2020-02-28 10:08:02 #9 type] 
Type domain.Bet is not enhanced.

[2020-02-28 10:08:02 #10 type.registry] 
New type domain.UserBet

[2020-02-28 10:08:02 #11 type.registry] 
New type java.util.Vector<domain.UserBet>

[2020-02-28 10:08:02 #12 type] 
Type domain.UserBet is not enhanced.

[2020-02-28 10:08:02 #13 type.registry] 
New type domain.User

[2020-02-28 10:08:02 #14 type] 
Type domain.User is not enhanced.

[2020-02-28 10:08:02 #15 type.registry] 
New type java.util.Vector<domain.User>

[2020-02-28 10:08:02 #16 type.registry] 
New type domain.Admin

[2020-02-28 10:08:02 #17 type] 
Type domain.Admin is not enhanced.

[2020-02-28 10:08:02 #18 type.registry] 
New type java.util.Vector<java.lang.Object>

------------------------------------------------------------------------------------------------------------------------

[2020-02-28 10:35:13 #1 store] 
Database 'C:\Users\Yanis\Desktop\Yanis\Espagne\Cours\Software Engineering\Project\Bets_Project\Bets\resources\bets.temp' is opened by 8548@LAPTOP-FG5SJG3N

[2020-02-28 10:35:13 #2 type.registry] 
New type domain.Question

[2020-02-28 10:35:13 #3 type] 
Type domain.Question is not enhanced.

[2020-02-28 10:35:13 #4 type.registry] 
New type domain.Event

[2020-02-28 10:35:13 #5 type.registry] 
New type domain.Bet

[2020-02-28 10:35:13 #6 type.registry] 
New type java.util.Vector<domain.Bet>

[2020-02-28 10:35:13 #7 type] 
Type domain.Event is not enhanced.

[2020-02-28 10:35:13 #8 type.registry] 
New type java.util.Vector<domain.Question>

[2020-02-28 10:35:13 #9 type] 
Type domain.Bet is not enhanced.

[2020-02-28 10:35:13 #10 type.registry] 
New type domain.UserBet

[2020-02-28 10:35:13 #11 type.registry] 
New type java.util.Vector<domain.UserBet>

[2020-02-28 10:35:13 #12 type] 
Type domain.UserBet is not enhanced.

[2020-02-28 10:35:13 #13 type.registry] 
New type domain.User

[2020-02-28 10:35:13 #14 type] 
Type domain.User is not enhanced.

[2020-02-28 10:35:13 #15 type.registry] 
New type java.util.Vector<domain.User>

[2020-02-28 10:35:13 #16 type.registry] 
New type domain.Admin

[2020-02-28 10:35:13 #17 type] 
Type domain.Admin is not enhanced.

[2020-02-28 10:35:13 #18 type.registry] 
New type java.util.Vector<java.lang.Object>

------------------------------------------------------------------------------------------------------------------------

[2020-02-28 10:38:32 #1 store] 
Database 'C:\Users\Yanis\Desktop\Yanis\Espagne\Cours\Software Engineering\Project\Bets_Project\Bets\resources\bets.temp' is opened by 12412@LAPTOP-FG5SJG3N

[2020-02-28 10:38:33 #2 type.registry] 
New type domain.Question

[2020-02-28 10:38:33 #3 type] 
Type domain.Question is not enhanced.

[2020-02-28 10:38:33 #4 type.registry] 
New type domain.Event

[2020-02-28 10:38:33 #5 type.registry] 
New type domain.Bet

[2020-02-28 10:38:33 #6 type.registry] 
New type java.util.Vector<domain.Bet>

[2020-02-28 10:38:33 #7 type] 
Type domain.Event is not enhanced.

[2020-02-28 10:38:33 #8 type.registry] 
New type java.util.Vector<domain.Question>

[2020-02-28 10:38:33 #9 type] 
Type domain.Bet is not enhanced.

[2020-02-28 10:38:33 #10 type.registry] 
New type domain.UserBet

[2020-02-28 10:38:33 #11 type.registry] 
New type java.util.Vector<domain.UserBet>

[2020-02-28 10:38:33 #12 type] 
Type domain.UserBet is not enhanced.

[2020-02-28 10:38:33 #13 type.registry] 
New type domain.User

[2020-02-28 10:38:33 #14 type] 
Type domain.User is not enhanced.

[2020-02-28 10:38:33 #15 type.registry] 
New type java.util.Vector<domain.User>

[2020-02-28 10:38:33 #16 type.registry] 
New type domain.Admin

[2020-02-28 10:38:33 #17 type] 
Type domain.Admin is not enhanced.

[2020-02-28 10:38:33 #18 type.registry] 
New type java.util.Vector<java.lang.Object>

------------------------------------------------------------------------------------------------------------------------

[2020-02-28 10:42:05 #1 store] 
Database 'C:\Users\Yanis\Desktop\Yanis\Espagne\Cours\Software Engineering\Project\Bets_Project\Bets\resources\bets.temp' is opened by 2212@LAPTOP-FG5SJG3N

[2020-02-28 10:42:06 #2 type.registry] 
New type domain.Question

[2020-02-28 10:42:06 #3 type] 
Type domain.Question is not enhanced.

[2020-02-28 10:42:06 #4 type.registry] 
New type domain.Event

[2020-02-28 10:42:06 #5 type.registry] 
New type domain.Bet

[2020-02-28 10:42:06 #6 type.registry] 
New type java.util.Vector<domain.Bet>

[2020-02-28 10:42:06 #7 type] 
Type domain.Event is not enhanced.

[2020-02-28 10:42:06 #8 type.registry] 
New type java.util.Vector<domain.Question>

[2020-02-28 10:42:06 #9 type] 
Type domain.Bet is not enhanced.

[2020-02-28 10:42:06 #10 type.registry] 
New type domain.UserBet

[2020-02-28 10:42:06 #11 type.registry] 
New type java.util.Vector<domain.UserBet>

[2020-02-28 10:42:06 #12 type] 
Type domain.UserBet is not enhanced.

[2020-02-28 10:42:06 #13 type.registry] 
New type domain.User

[2020-02-28 10:42:06 #14 type] 
Type domain.User is not enhanced.

[2020-02-28 10:42:06 #15 type.registry] 
New type java.util.Vector<domain.User>

[2020-02-28 10:42:06 #16 type.registry] 
New type domain.Admin

[2020-02-28 10:42:06 #17 type] 
Type domain.Admin is not enhanced.

[2020-02-28 10:42:06 #18 type.registry] 
New type java.util.Vector<java.lang.Object>

------------------------------------------------------------------------------------------------------------------------

[2020-02-28 10:45:53 #1 store] 
Database 'C:\Users\Yanis\Desktop\Yanis\Espagne\Cours\Software Engineering\Project\Bets_Project\Bets\resources\bets.temp' is opened by 5180@LAPTOP-FG5SJG3N

[2020-02-28 10:45:54 #2 type.registry] 
New type domain.Question

[2020-02-28 10:45:54 #3 type] 
Type domain.Question is not enhanced.

[2020-02-28 10:45:54 #4 type.registry] 
New type domain.Event

[2020-02-28 10:45:54 #5 type.registry] 
New type domain.Bet

[2020-02-28 10:45:54 #6 type.registry] 
New type java.util.Vector<domain.Bet>

[2020-02-28 10:45:54 #7 type] 
Type domain.Event is not enhanced.

[2020-02-28 10:45:54 #8 type.registry] 
New type java.util.Vector<domain.Question>

[2020-02-28 10:45:54 #9 type] 
Type domain.Bet is not enhanced.

[2020-02-28 10:45:54 #10 type.registry] 
New type domain.UserBet

[2020-02-28 10:45:54 #11 type.registry] 
New type java.util.Vector<domain.UserBet>

[2020-02-28 10:45:54 #12 type] 
Type domain.UserBet is not enhanced.

[2020-02-28 10:45:54 #13 type.registry] 
New type domain.User

[2020-02-28 10:45:54 #14 type] 
Type domain.User is not enhanced.

[2020-02-28 10:45:54 #15 type.registry] 
New type java.util.Vector<domain.User>

[2020-02-28 10:45:54 #16 type.registry] 
New type domain.Admin

[2020-02-28 10:45:54 #17 type] 
Type domain.Admin is not enhanced.

[2020-02-28 10:45:54 #18 type.registry] 
New type java.util.Vector<java.lang.Object>

------------------------------------------------------------------------------------------------------------------------

[2020-02-28 10:46:44 #1 store] 
Database 'C:\Users\Yanis\Desktop\Yanis\Espagne\Cours\Software Engineering\Project\Bets_Project\Bets\resources\bets.temp' is opened by 9644@LAPTOP-FG5SJG3N

[2020-02-28 10:46:45 #2 type.registry] 
New type domain.Question

[2020-02-28 10:46:45 #3 type] 
Type domain.Question is not enhanced.

[2020-02-28 10:46:45 #4 type.registry] 
New type domain.Event

[2020-02-28 10:46:45 #5 type.registry] 
New type domain.Bet

[2020-02-28 10:46:45 #6 type.registry] 
New type java.util.Vector<domain.Bet>

[2020-02-28 10:46:45 #7 type] 
Type domain.Event is not enhanced.

[2020-02-28 10:46:45 #8 type.registry] 
New type java.util.Vector<domain.Question>

[2020-02-28 10:46:45 #9 type] 
Type domain.Bet is not enhanced.

[2020-02-28 10:46:45 #10 type.registry] 
New type domain.UserBet

[2020-02-28 10:46:45 #11 type.registry] 
New type java.util.Vector<domain.UserBet>

[2020-02-28 10:46:45 #12 type] 
Type domain.UserBet is not enhanced.

[2020-02-28 10:46:45 #13 type.registry] 
New type domain.User

[2020-02-28 10:46:45 #14 type] 
Type domain.User is not enhanced.

[2020-02-28 10:46:45 #15 type.registry] 
New type java.util.Vector<domain.User>

[2020-02-28 10:46:45 #16 type.registry] 
New type domain.Admin

[2020-02-28 10:46:45 #17 type] 
Type domain.Admin is not enhanced.

[2020-02-28 10:46:45 #18 type.registry] 
New type java.util.Vector<java.lang.Object>

------------------------------------------------------------------------------------------------------------------------

[2020-02-28 10:47:11 #1 store] 
Database 'C:\Users\Yanis\Desktop\Yanis\Espagne\Cours\Software Engineering\Project\Bets_Project\Bets\resources\bets.temp' is opened by 11524@LAPTOP-FG5SJG3N

[2020-02-28 10:47:12 #2 type.registry] 
New type domain.Question

[2020-02-28 10:47:12 #3 type] 
Type domain.Question is not enhanced.

[2020-02-28 10:47:12 #4 type.registry] 
New type domain.Event

[2020-02-28 10:47:12 #5 type.registry] 
New type domain.Bet

[2020-02-28 10:47:12 #6 type.registry] 
New type java.util.Vector<domain.Bet>

[2020-02-28 10:47:12 #7 type] 
Type domain.Event is not enhanced.

[2020-02-28 10:47:12 #8 type.registry] 
New type java.util.Vector<domain.Question>

[2020-02-28 10:47:12 #9 type] 
Type domain.Bet is not enhanced.

[2020-02-28 10:47:12 #10 type.registry] 
New type domain.UserBet

[2020-02-28 10:47:12 #11 type.registry] 
New type java.util.Vector<domain.UserBet>

[2020-02-28 10:47:12 #12 type] 
Type domain.UserBet is not enhanced.

[2020-02-28 10:47:12 #13 type.registry] 
New type domain.User

[2020-02-28 10:47:12 #14 type] 
Type domain.User is not enhanced.

[2020-02-28 10:47:12 #15 type.registry] 
New type java.util.Vector<domain.User>

[2020-02-28 10:47:12 #16 type.registry] 
New type domain.Admin

[2020-02-28 10:47:12 #17 type] 
Type domain.Admin is not enhanced.

[2020-02-28 10:47:12 #18 type.registry] 
New type java.util.Vector<java.lang.Object>

------------------------------------------------------------------------------------------------------------------------

[2020-02-28 10:50:51 #1 store] 
Database 'C:\Users\Yanis\Desktop\Yanis\Espagne\Cours\Software Engineering\Project\Bets_Project\Bets\resources\bets.temp' is opened by 11980@LAPTOP-FG5SJG3N

[2020-02-28 10:50:51 #2 type.registry] 
New type domain.Question

[2020-02-28 10:50:51 #3 type] 
Type domain.Question is not enhanced.

[2020-02-28 10:50:51 #4 type.registry] 
New type domain.Event

[2020-02-28 10:50:51 #5 type.registry] 
New type domain.Bet

[2020-02-28 10:50:51 #6 type.registry] 
New type java.util.Vector<domain.Bet>

[2020-02-28 10:50:51 #7 type] 
Type domain.Event is not enhanced.

[2020-02-28 10:50:51 #8 type.registry] 
New type java.util.Vector<domain.Question>

[2020-02-28 10:50:51 #9 type] 
Type domain.Bet is not enhanced.

[2020-02-28 10:50:51 #10 type.registry] 
New type domain.UserBet

[2020-02-28 10:50:51 #11 type.registry] 
New type java.util.Vector<domain.UserBet>

[2020-02-28 10:50:51 #12 type] 
Type domain.UserBet is not enhanced.

[2020-02-28 10:50:51 #13 type.registry] 
New type domain.User

[2020-02-28 10:50:51 #14 type] 
Type domain.User is not enhanced.

[2020-02-28 10:50:51 #15 type.registry] 
New type java.util.Vector<domain.User>

[2020-02-28 10:50:51 #16 type.registry] 
New type domain.Admin

[2020-02-28 10:50:51 #17 type] 
Type domain.Admin is not enhanced.

[2020-02-28 10:50:51 #18 type.registry] 
New type java.util.Vector<java.lang.Object>

------------------------------------------------------------------------------------------------------------------------

[2020-02-28 10:52:27 #1 store] 
Database 'C:\Users\Yanis\Desktop\Yanis\Espagne\Cours\Software Engineering\Project\Bets_Project\Bets\resources\bets.temp' is opened by 6276@LAPTOP-FG5SJG3N

[2020-02-28 10:52:27 #2 type.registry] 
New type domain.Question

[2020-02-28 10:52:27 #3 type] 
Type domain.Question is not enhanced.

[2020-02-28 10:52:27 #4 type.registry] 
New type domain.Event

[2020-02-28 10:52:27 #5 type.registry] 
New type domain.Bet

[2020-02-28 10:52:27 #6 type.registry] 
New type java.util.Vector<domain.Bet>

[2020-02-28 10:52:27 #7 type] 
Type domain.Event is not enhanced.

[2020-02-28 10:52:27 #8 type.registry] 
New type java.util.Vector<domain.Question>

[2020-02-28 10:52:27 #9 type] 
Type domain.Bet is not enhanced.

[2020-02-28 10:52:27 #10 type.registry] 
New type domain.UserBet

[2020-02-28 10:52:27 #11 type.registry] 
New type java.util.Vector<domain.UserBet>

[2020-02-28 10:52:27 #12 type] 
Type domain.UserBet is not enhanced.

[2020-02-28 10:52:27 #13 type.registry] 
New type domain.User

[2020-02-28 10:52:27 #14 type] 
Type domain.User is not enhanced.

[2020-02-28 10:52:27 #15 type.registry] 
New type java.util.Vector<domain.User>

[2020-02-28 10:52:27 #16 type.registry] 
New type domain.Admin

[2020-02-28 10:52:27 #17 type] 
Type domain.Admin is not enhanced.

[2020-02-28 10:52:27 #18 type.registry] 
New type java.util.Vector<java.lang.Object>

------------------------------------------------------------------------------------------------------------------------

[2020-02-28 10:56:11 #1 store] 
Database 'C:\Users\Yanis\Desktop\Yanis\Espagne\Cours\Software Engineering\Project\Bets_Project\Bets\resources\bets.temp' is opened by 2464@LAPTOP-FG5SJG3N

[2020-02-28 10:56:11 #2 type.registry] 
New type domain.Question

[2020-02-28 10:56:11 #3 type] 
Type domain.Question is not enhanced.

[2020-02-28 10:56:11 #4 type.registry] 
New type domain.Event

[2020-02-28 10:56:11 #5 type.registry] 
New type domain.Bet

[2020-02-28 10:56:11 #6 type.registry] 
New type java.util.Vector<domain.Bet>

[2020-02-28 10:56:11 #7 type] 
Type domain.Event is not enhanced.

[2020-02-28 10:56:11 #8 type.registry] 
New type java.util.Vector<domain.Question>

[2020-02-28 10:56:11 #9 type] 
Type domain.Bet is not enhanced.

[2020-02-28 10:56:11 #10 type.registry] 
New type domain.UserBet

[2020-02-28 10:56:11 #11 type.registry] 
New type java.util.Vector<domain.UserBet>

[2020-02-28 10:56:11 #12 type] 
Type domain.UserBet is not enhanced.

[2020-02-28 10:56:11 #13 type.registry] 
New type domain.User

[2020-02-28 10:56:11 #14 type] 
Type domain.User is not enhanced.

[2020-02-28 10:56:11 #15 type.registry] 
New type java.util.Vector<domain.User>

[2020-02-28 10:56:11 #16 type.registry] 
New type domain.Admin

[2020-02-28 10:56:11 #17 type] 
Type domain.Admin is not enhanced.

[2020-02-28 10:56:11 #18 type.registry] 
New type java.util.Vector<java.lang.Object>

------------------------------------------------------------------------------------------------------------------------

[2020-02-28 10:56:19 #1 store] 
Database 'C:\Users\Yanis\Desktop\Yanis\Espagne\Cours\Software Engineering\Project\Bets_Project\Bets\resources\bets.temp' is opened by 11596@LAPTOP-FG5SJG3N

[2020-02-28 10:56:19 #2 type.registry] 
New type domain.Question

[2020-02-28 10:56:19 #3 type] 
Type domain.Question is not enhanced.

[2020-02-28 10:56:19 #4 type.registry] 
New type domain.Event

[2020-02-28 10:56:19 #5 type.registry] 
New type domain.Bet

[2020-02-28 10:56:19 #6 type.registry] 
New type java.util.Vector<domain.Bet>

[2020-02-28 10:56:19 #7 type] 
Type domain.Event is not enhanced.

[2020-02-28 10:56:19 #8 type.registry] 
New type java.util.Vector<domain.Question>

[2020-02-28 10:56:19 #9 type] 
Type domain.Bet is not enhanced.

[2020-02-28 10:56:19 #10 type.registry] 
New type domain.UserBet

[2020-02-28 10:56:19 #11 type.registry] 
New type java.util.Vector<domain.UserBet>

[2020-02-28 10:56:19 #12 type] 
Type domain.UserBet is not enhanced.

[2020-02-28 10:56:19 #13 type.registry] 
New type domain.User

[2020-02-28 10:56:19 #14 type] 
Type domain.User is not enhanced.

[2020-02-28 10:56:19 #15 type.registry] 
New type java.util.Vector<domain.User>

[2020-02-28 10:56:19 #16 type.registry] 
New type domain.Admin

[2020-02-28 10:56:19 #17 type] 
Type domain.Admin is not enhanced.

[2020-02-28 10:56:19 #18 type.registry] 
New type java.util.Vector<java.lang.Object>

------------------------------------------------------------------------------------------------------------------------

[2020-02-28 10:57:09 #1 store] 
Database 'C:\Users\Yanis\Desktop\Yanis\Espagne\Cours\Software Engineering\Project\Bets_Project\Bets\resources\bets.temp' is opened by 5336@LAPTOP-FG5SJG3N

[2020-02-28 10:57:09 #2 type.registry] 
New type domain.Question

[2020-02-28 10:57:09 #3 type] 
Type domain.Question is not enhanced.

[2020-02-28 10:57:09 #4 type.registry] 
New type domain.Event

[2020-02-28 10:57:09 #5 type.registry] 
New type domain.Bet

[2020-02-28 10:57:10 #6 type.registry] 
New type java.util.Vector<domain.Bet>

[2020-02-28 10:57:10 #7 type] 
Type domain.Event is not enhanced.

[2020-02-28 10:57:10 #8 type.registry] 
New type java.util.Vector<domain.Question>

[2020-02-28 10:57:10 #9 type] 
Type domain.Bet is not enhanced.

[2020-02-28 10:57:10 #10 type.registry] 
New type domain.UserBet

[2020-02-28 10:57:10 #11 type.registry] 
New type java.util.Vector<domain.UserBet>

[2020-02-28 10:57:10 #12 type] 
Type domain.UserBet is not enhanced.

[2020-02-28 10:57:10 #13 type.registry] 
New type domain.User

[2020-02-28 10:57:10 #14 type] 
Type domain.User is not enhanced.

[2020-02-28 10:57:10 #15 type.registry] 
New type java.util.Vector<domain.User>

[2020-02-28 10:57:10 #16 type.registry] 
New type domain.Admin

[2020-02-28 10:57:10 #17 type] 
Type domain.Admin is not enhanced.

[2020-02-28 10:57:10 #18 type.registry] 
New type java.util.Vector<java.lang.Object>

------------------------------------------------------------------------------------------------------------------------

[2020-02-28 10:57:29 #1 store] 
Database 'C:\Users\Yanis\Desktop\Yanis\Espagne\Cours\Software Engineering\Project\Bets_Project\Bets\resources\bets.temp' is opened by 1944@LAPTOP-FG5SJG3N

[2020-02-28 10:57:29 #2 type.registry] 
New type domain.Question

[2020-02-28 10:57:29 #3 type] 
Type domain.Question is not enhanced.

[2020-02-28 10:57:29 #4 type.registry] 
New type domain.Event

[2020-02-28 10:57:29 #5 type.registry] 
New type domain.Bet

[2020-02-28 10:57:29 #6 type.registry] 
New type java.util.Vector<domain.Bet>

[2020-02-28 10:57:29 #7 type] 
Type domain.Event is not enhanced.

[2020-02-28 10:57:29 #8 type.registry] 
New type java.util.Vector<domain.Question>

[2020-02-28 10:57:29 #9 type] 
Type domain.Bet is not enhanced.

[2020-02-28 10:57:29 #10 type.registry] 
New type domain.UserBet

[2020-02-28 10:57:29 #11 type.registry] 
New type java.util.Vector<domain.UserBet>

[2020-02-28 10:57:29 #12 type] 
Type domain.UserBet is not enhanced.

[2020-02-28 10:57:29 #13 type.registry] 
New type domain.User

[2020-02-28 10:57:29 #14 type] 
Type domain.User is not enhanced.

[2020-02-28 10:57:29 #15 type.registry] 
New type java.util.Vector<domain.User>

[2020-02-28 10:57:29 #16 type.registry] 
New type domain.Admin

[2020-02-28 10:57:29 #17 type] 
Type domain.Admin is not enhanced.

[2020-02-28 10:57:29 #18 type.registry] 
New type java.util.Vector<java.lang.Object>

------------------------------------------------------------------------------------------------------------------------

[2020-02-28 11:00:36 #1 store] 
Database 'C:\Users\Yanis\Desktop\Yanis\Espagne\Cours\Software Engineering\Project\Bets_Project\Bets\resources\bets.temp' is opened by 3800@LAPTOP-FG5SJG3N

[2020-02-28 11:00:36 #2 type.registry] 
New type domain.Question

[2020-02-28 11:00:36 #3 type] 
Type domain.Question is not enhanced.

[2020-02-28 11:00:36 #4 type.registry] 
New type domain.Event

[2020-02-28 11:00:36 #5 type.registry] 
New type domain.Bet

[2020-02-28 11:00:36 #6 type.registry] 
New type java.util.Vector<domain.Bet>

[2020-02-28 11:00:36 #7 type] 
Type domain.Event is not enhanced.

[2020-02-28 11:00:36 #8 type.registry] 
New type java.util.Vector<domain.Question>

[2020-02-28 11:00:36 #9 type] 
Type domain.Bet is not enhanced.

[2020-02-28 11:00:36 #10 type.registry] 
New type domain.UserBet

[2020-02-28 11:00:36 #11 type.registry] 
New type java.util.Vector<domain.UserBet>

[2020-02-28 11:00:36 #12 type] 
Type domain.UserBet is not enhanced.

[2020-02-28 11:00:36 #13 type.registry] 
New type domain.User

[2020-02-28 11:00:36 #14 type] 
Type domain.User is not enhanced.

[2020-02-28 11:00:36 #15 type.registry] 
New type java.util.Vector<domain.User>

[2020-02-28 11:00:36 #16 type.registry] 
New type domain.Admin

[2020-02-28 11:00:36 #17 type] 
Type domain.Admin is not enhanced.

[2020-02-28 11:00:36 #18 type.registry] 
New type java.util.Vector<java.lang.Object>

------------------------------------------------------------------------------------------------------------------------

[2020-02-28 11:03:08 #1 store] 
Database 'C:\Users\Yanis\Desktop\Yanis\Espagne\Cours\Software Engineering\Project\Bets_Project\Bets\resources\bets.temp' is opened by 6596@LAPTOP-FG5SJG3N

[2020-02-28 11:03:08 #2 type.registry] 
New type domain.Question

[2020-02-28 11:03:08 #3 type] 
Type domain.Question is not enhanced.

[2020-02-28 11:03:08 #4 type.registry] 
New type domain.Event

[2020-02-28 11:03:08 #5 type.registry] 
New type domain.Bet

[2020-02-28 11:03:08 #6 type.registry] 
New type java.util.Vector<domain.Bet>

[2020-02-28 11:03:08 #7 type] 
Type domain.Event is not enhanced.

[2020-02-28 11:03:08 #8 type.registry] 
New type java.util.Vector<domain.Question>

[2020-02-28 11:03:08 #9 type] 
Type domain.Bet is not enhanced.

[2020-02-28 11:03:08 #10 type.registry] 
New type domain.UserBet

[2020-02-28 11:03:08 #11 type.registry] 
New type java.util.Vector<domain.UserBet>

[2020-02-28 11:03:08 #12 type] 
Type domain.UserBet is not enhanced.

[2020-02-28 11:03:08 #13 type.registry] 
New type domain.User

[2020-02-28 11:03:08 #14 type] 
Type domain.User is not enhanced.

[2020-02-28 11:03:08 #15 type.registry] 
New type java.util.Vector<domain.User>

[2020-02-28 11:03:08 #16 type.registry] 
New type domain.Admin

[2020-02-28 11:03:08 #17 type] 
Type domain.Admin is not enhanced.

[2020-02-28 11:03:08 #18 type.registry] 
New type java.util.Vector<java.lang.Object>

------------------------------------------------------------------------------------------------------------------------

[2020-02-28 11:03:28 #1 store] 
Database 'C:\Users\Yanis\Desktop\Yanis\Espagne\Cours\Software Engineering\Project\Bets_Project\Bets\resources\bets.temp' is opened by 10264@LAPTOP-FG5SJG3N

[2020-02-28 11:03:29 #2 type.registry] 
New type domain.Question

[2020-02-28 11:03:29 #3 type] 
Type domain.Question is not enhanced.

[2020-02-28 11:03:29 #4 type.registry] 
New type domain.Event

[2020-02-28 11:03:29 #5 type.registry] 
New type domain.Bet

[2020-02-28 11:03:29 #6 type.registry] 
New type java.util.Vector<domain.Bet>

[2020-02-28 11:03:29 #7 type] 
Type domain.Event is not enhanced.

[2020-02-28 11:03:29 #8 type.registry] 
New type java.util.Vector<domain.Question>

[2020-02-28 11:03:29 #9 type] 
Type domain.Bet is not enhanced.

[2020-02-28 11:03:29 #10 type.registry] 
New type domain.UserBet

[2020-02-28 11:03:29 #11 type.registry] 
New type java.util.Vector<domain.UserBet>

[2020-02-28 11:03:29 #12 type] 
Type domain.UserBet is not enhanced.

[2020-02-28 11:03:29 #13 type.registry] 
New type domain.User

[2020-02-28 11:03:29 #14 type] 
Type domain.User is not enhanced.

[2020-02-28 11:03:29 #15 type.registry] 
New type java.util.Vector<domain.User>

[2020-02-28 11:03:29 #16 type.registry] 
New type domain.Admin

[2020-02-28 11:03:29 #17 type] 
Type domain.Admin is not enhanced.

[2020-02-28 11:03:29 #18 type.registry] 
New type java.util.Vector<java.lang.Object>

------------------------------------------------------------------------------------------------------------------------

[2020-02-28 11:06:28 #1 store] 
Database 'C:\Users\Yanis\Desktop\Yanis\Espagne\Cours\Software Engineering\Project\Bets_Project\Bets\resources\bets.temp' is opened by 6944@LAPTOP-FG5SJG3N

[2020-02-28 11:06:29 #2 type.registry] 
New type domain.Question

[2020-02-28 11:06:29 #3 type] 
Type domain.Question is not enhanced.

[2020-02-28 11:06:29 #4 type.registry] 
New type domain.Event

[2020-02-28 11:06:29 #5 type.registry] 
New type domain.Bet

[2020-02-28 11:06:29 #6 type.registry] 
New type java.util.Vector<domain.Bet>

[2020-02-28 11:06:29 #7 type] 
Type domain.Event is not enhanced.

[2020-02-28 11:06:29 #8 type.registry] 
New type java.util.Vector<domain.Question>

[2020-02-28 11:06:29 #9 type] 
Type domain.Bet is not enhanced.

[2020-02-28 11:06:29 #10 type.registry] 
New type domain.UserBet

[2020-02-28 11:06:29 #11 type.registry] 
New type java.util.Vector<domain.UserBet>

[2020-02-28 11:06:29 #12 type] 
Type domain.UserBet is not enhanced.

[2020-02-28 11:06:29 #13 type.registry] 
New type domain.User

[2020-02-28 11:06:29 #14 type] 
Type domain.User is not enhanced.

[2020-02-28 11:06:29 #15 type.registry] 
New type java.util.Vector<domain.User>

[2020-02-28 11:06:29 #16 type.registry] 
New type domain.Admin

[2020-02-28 11:06:29 #17 type] 
Type domain.Admin is not enhanced.

[2020-02-28 11:06:29 #18 type.registry] 
New type java.util.Vector<java.lang.Object>

------------------------------------------------------------------------------------------------------------------------

[2020-02-28 11:07:32 #1 store] 
Database 'C:\Users\Yanis\Desktop\Yanis\Espagne\Cours\Software Engineering\Project\Bets_Project\Bets\resources\bets.temp' is opened by 10164@LAPTOP-FG5SJG3N

------------------------------------------------------------------------------------------------------------------------

[2020-02-28 11:08:01 #1 store] 
Database 'C:\Users\Yanis\Desktop\Yanis\Espagne\Cours\Software Engineering\Project\Bets_Project\Bets\resources\bets.temp' is opened by 6368@LAPTOP-FG5SJG3N

------------------------------------------------------------------------------------------------------------------------

[2020-02-28 11:09:15 #1 store] 
Database 'C:\Users\Yanis\Desktop\Yanis\Espagne\Cours\Software Engineering\Project\Bets_Project\Bets\resources\bets.temp' is opened by 1940@LAPTOP-FG5SJG3N

[2020-02-28 11:09:16 #2 type.registry] 
New type domain.Question

[2020-02-28 11:09:16 #3 type] 
Type domain.Question is not enhanced.

[2020-02-28 11:09:16 #4 type.registry] 
New type domain.Event

[2020-02-28 11:09:16 #5 type.registry] 
New type domain.Bet

[2020-02-28 11:09:16 #6 type.registry] 
New type java.util.Vector<domain.Bet>

[2020-02-28 11:09:16 #7 type] 
Type domain.Event is not enhanced.

[2020-02-28 11:09:16 #8 type.registry] 
New type java.util.Vector<domain.Question>

[2020-02-28 11:09:16 #9 type] 
Type domain.Bet is not enhanced.

[2020-02-28 11:09:16 #10 type.registry] 
New type domain.UserBet

[2020-02-28 11:09:16 #11 type.registry] 
New type java.util.Vector<domain.UserBet>

[2020-02-28 11:09:16 #12 type] 
Type domain.UserBet is not enhanced.

[2020-02-28 11:09:16 #13 type.registry] 
New type domain.User

[2020-02-28 11:09:16 #14 type] 
Type domain.User is not enhanced.

[2020-02-28 11:09:16 #15 type.registry] 
New type java.util.Vector<domain.User>

[2020-02-28 11:09:16 #16 type.registry] 
New type domain.Admin

[2020-02-28 11:09:16 #17 type] 
Type domain.Admin is not enhanced.

[2020-02-28 11:09:16 #18 type.registry] 
New type java.util.Vector<java.lang.Object>

------------------------------------------------------------------------------------------------------------------------

[2020-02-28 11:09:21 #1 store] 
Database 'C:\Users\Yanis\Desktop\Yanis\Espagne\Cours\Software Engineering\Project\Bets_Project\Bets\resources\bets.temp' is opened by 5216@LAPTOP-FG5SJG3N

[2020-02-28 11:09:21 #2 type.registry] 
New type domain.Question

[2020-02-28 11:09:21 #3 type] 
Type domain.Question is not enhanced.

[2020-02-28 11:09:21 #4 type.registry] 
New type domain.Event

[2020-02-28 11:09:21 #5 type.registry] 
New type domain.Bet

[2020-02-28 11:09:21 #6 type.registry] 
New type java.util.Vector<domain.Bet>

[2020-02-28 11:09:21 #7 type] 
Type domain.Event is not enhanced.

[2020-02-28 11:09:21 #8 type.registry] 
New type java.util.Vector<domain.Question>

[2020-02-28 11:09:21 #9 type] 
Type domain.Bet is not enhanced.

[2020-02-28 11:09:21 #10 type.registry] 
New type domain.UserBet

[2020-02-28 11:09:21 #11 type.registry] 
New type java.util.Vector<domain.UserBet>

[2020-02-28 11:09:21 #12 type] 
Type domain.UserBet is not enhanced.

[2020-02-28 11:09:21 #13 type.registry] 
New type domain.User

[2020-02-28 11:09:21 #14 type] 
Type domain.User is not enhanced.

[2020-02-28 11:09:21 #15 type.registry] 
New type java.util.Vector<domain.User>

[2020-02-28 11:09:21 #16 type.registry] 
New type domain.Admin

[2020-02-28 11:09:21 #17 type] 
Type domain.Admin is not enhanced.

[2020-02-28 11:09:21 #18 type.registry] 
New type java.util.Vector<java.lang.Object>

------------------------------------------------------------------------------------------------------------------------

[2020-02-28 11:11:51 #1 store] 
Database 'C:\Users\Yanis\Desktop\Yanis\Espagne\Cours\Software Engineering\Project\Bets_Project\Bets\resources\bets.temp' is opened by 13828@LAPTOP-FG5SJG3N

[2020-02-28 11:11:52 #2 type.registry] 
New type domain.Question

[2020-02-28 11:11:52 #3 type] 
Type domain.Question is not enhanced.

[2020-02-28 11:11:52 #4 type.registry] 
New type domain.Event

[2020-02-28 11:11:52 #5 type.registry] 
New type domain.Bet

[2020-02-28 11:11:52 #6 type.registry] 
New type java.util.Vector<domain.Bet>

[2020-02-28 11:11:52 #7 type] 
Type domain.Event is not enhanced.

[2020-02-28 11:11:52 #8 type.registry] 
New type java.util.Vector<domain.Question>

[2020-02-28 11:11:52 #9 type] 
Type domain.Bet is not enhanced.

[2020-02-28 11:11:52 #10 type.registry] 
New type domain.UserBet

[2020-02-28 11:11:52 #11 type.registry] 
New type java.util.Vector<domain.UserBet>

[2020-02-28 11:11:52 #12 type] 
Type domain.UserBet is not enhanced.

[2020-02-28 11:11:52 #13 type.registry] 
New type domain.User

[2020-02-28 11:11:52 #14 type] 
Type domain.User is not enhanced.

[2020-02-28 11:11:52 #15 type.registry] 
New type java.util.Vector<domain.User>

[2020-02-28 11:11:52 #16 type.registry] 
New type domain.Admin

[2020-02-28 11:11:52 #17 type] 
Type domain.Admin is not enhanced.

[2020-02-28 11:11:52 #18 type.registry] 
New type java.util.Vector<java.lang.Object>

------------------------------------------------------------------------------------------------------------------------

[2020-02-28 11:16:50 #1 store] 
Database 'C:\Users\Yanis\Desktop\Yanis\Espagne\Cours\Software Engineering\Project\Bets_Project\Bets\resources\bets.temp' is opened by 8548@LAPTOP-FG5SJG3N

[2020-02-28 11:16:51 #2 type.registry] 
New type domain.Question

[2020-02-28 11:16:51 #3 type] 
Type domain.Question is not enhanced.

[2020-02-28 11:16:51 #4 type.registry] 
New type domain.Event

[2020-02-28 11:16:51 #5 type.registry] 
New type domain.Bet

[2020-02-28 11:16:51 #6 type.registry] 
New type java.util.Vector<domain.Bet>

[2020-02-28 11:16:51 #7 type] 
Type domain.Event is not enhanced.

[2020-02-28 11:16:51 #8 type.registry] 
New type java.util.Vector<domain.Question>

[2020-02-28 11:16:51 #9 type] 
Type domain.Bet is not enhanced.

[2020-02-28 11:16:51 #10 type.registry] 
New type domain.UserBet

[2020-02-28 11:16:51 #11 type.registry] 
New type java.util.Vector<domain.UserBet>

[2020-02-28 11:16:51 #12 type] 
Type domain.UserBet is not enhanced.

[2020-02-28 11:16:51 #13 type.registry] 
New type domain.User

[2020-02-28 11:16:51 #14 type] 
Type domain.User is not enhanced.

[2020-02-28 11:16:51 #15 type.registry] 
New type java.util.Vector<domain.User>

[2020-02-28 11:16:51 #16 type.registry] 
New type domain.Admin

[2020-02-28 11:16:51 #17 type] 
Type domain.Admin is not enhanced.

[2020-02-28 11:16:51 #18 type.registry] 
New type java.util.Vector<java.lang.Object>

