------------------------------------------------------------------------------------------------------------------------

[2020-03-12 14:13:23 #1 store] 
Database 'C:\Users\Yanis\Desktop\Yanis\Espagne\Cours\Software Engineering\Project\Bets_Project\Bets\resources\bets.temp' is opened by 15828@LAPTOP-FG5SJG3N

[2020-03-12 14:13:23 #2 type.registry] 
New type domain.Question

[2020-03-12 14:13:23 #3 type] 
Type domain.Question is not enhanced.

[2020-03-12 14:13:23 #4 type.registry] 
New type domain.Event

[2020-03-12 14:13:23 #5 type.registry] 
New type domain.BetChoice

[2020-03-12 14:13:23 #6 type.registry] 
New type java.util.Vector<domain.BetChoice>

[2020-03-12 14:13:23 #7 type] 
Type domain.Event is not enhanced.

[2020-03-12 14:13:23 #8 type.registry] 
New type java.util.Vector<domain.Question>

[2020-03-12 14:13:23 #9 type] 
Type domain.BetChoice is not enhanced.

[2020-03-12 14:13:23 #10 type.registry] 
New type domain.UserBet

[2020-03-12 14:13:23 #11 type.registry] 
New type java.util.Vector<domain.UserBet>

[2020-03-12 14:13:23 #12 type] 
Type domain.UserBet is not enhanced.

[2020-03-12 14:13:23 #13 type.registry] 
New type domain.User

[2020-03-12 14:13:23 #14 type] 
Type domain.User is not enhanced.

[2020-03-12 14:13:23 #15 type.registry] 
New type domain.Sport

[2020-03-12 14:13:23 #16 type.registry] 
New type java.util.Vector<domain.Sport>

[2020-03-12 14:13:23 #17 type.registry] 
New type java.util.Vector<domain.User>

[2020-03-12 14:13:23 #18 type] 
Type domain.Sport is not enhanced.

[2020-03-12 14:13:23 #19 type.registry] 
New type java.util.Vector<domain.Event>

[2020-03-12 14:13:23 #20 type.registry] 
New type domain.Admin

[2020-03-12 14:13:23 #21 type] 
Type domain.Admin is not enhanced.

[2020-03-12 14:13:23 #22 type.registry] 
New type java.util.Vector<java.lang.Object>

------------------------------------------------------------------------------------------------------------------------

[2020-03-12 14:14:45 #1 store] 
Database 'C:\Users\Yanis\Desktop\Yanis\Espagne\Cours\Software Engineering\Project\Bets_Project\Bets\resources\bets.temp' is opened by 12804@LAPTOP-FG5SJG3N

[2020-03-12 14:14:45 #2 type.registry] 
New type domain.Question

[2020-03-12 14:14:45 #3 type] 
Type domain.Question is not enhanced.

[2020-03-12 14:14:45 #4 type.registry] 
New type domain.Event

[2020-03-12 14:14:45 #5 type.registry] 
New type domain.BetChoice

[2020-03-12 14:14:45 #6 type.registry] 
New type java.util.Vector<domain.BetChoice>

[2020-03-12 14:14:45 #7 type] 
Type domain.Event is not enhanced.

[2020-03-12 14:14:45 #8 type.registry] 
New type java.util.Vector<domain.Question>

[2020-03-12 14:14:45 #9 type] 
Type domain.BetChoice is not enhanced.

[2020-03-12 14:14:45 #10 type.registry] 
New type domain.UserBet

[2020-03-12 14:14:45 #11 type.registry] 
New type java.util.Vector<domain.UserBet>

[2020-03-12 14:14:45 #12 type] 
Type domain.UserBet is not enhanced.

[2020-03-12 14:14:45 #13 type.registry] 
New type domain.User

[2020-03-12 14:14:45 #14 type] 
Type domain.User is not enhanced.

[2020-03-12 14:14:45 #15 type.registry] 
New type domain.Sport

[2020-03-12 14:14:45 #16 type.registry] 
New type java.util.Vector<domain.Sport>

[2020-03-12 14:14:45 #17 type.registry] 
New type java.util.Vector<domain.User>

[2020-03-12 14:14:45 #18 type] 
Type domain.Sport is not enhanced.

[2020-03-12 14:14:45 #19 type.registry] 
New type java.util.Vector<domain.Event>

[2020-03-12 14:14:45 #20 type.registry] 
New type domain.Admin

[2020-03-12 14:14:45 #21 type] 
Type domain.Admin is not enhanced.

[2020-03-12 14:14:45 #22 type.registry] 
New type java.util.Vector<java.lang.Object>

------------------------------------------------------------------------------------------------------------------------

[2020-03-12 14:18:18 #1 store] 
Database 'C:\Users\Yanis\Desktop\Yanis\Espagne\Cours\Software Engineering\Project\Bets_Project\Bets\resources\bets.temp' is opened by 15616@LAPTOP-FG5SJG3N

[2020-03-12 14:18:18 #2 type.registry] 
New type domain.Question

[2020-03-12 14:18:18 #3 type] 
Type domain.Question is not enhanced.

[2020-03-12 14:18:18 #4 type.registry] 
New type domain.Event

[2020-03-12 14:18:18 #5 type.registry] 
New type domain.BetChoice

[2020-03-12 14:18:18 #6 type.registry] 
New type java.util.Vector<domain.BetChoice>

[2020-03-12 14:18:18 #7 type] 
Type domain.Event is not enhanced.

[2020-03-12 14:18:18 #8 type.registry] 
New type java.util.Vector<domain.Question>

[2020-03-12 14:18:18 #9 type] 
Type domain.BetChoice is not enhanced.

[2020-03-12 14:18:18 #10 type.registry] 
New type domain.UserBet

[2020-03-12 14:18:18 #11 type.registry] 
New type java.util.Vector<domain.UserBet>

[2020-03-12 14:18:18 #12 type] 
Type domain.UserBet is not enhanced.

[2020-03-12 14:18:18 #13 type.registry] 
New type domain.User

[2020-03-12 14:18:18 #14 type] 
Type domain.User is not enhanced.

[2020-03-12 14:18:18 #15 type.registry] 
New type domain.Sport

[2020-03-12 14:18:18 #16 type.registry] 
New type java.util.Vector<domain.Sport>

[2020-03-12 14:18:18 #17 type.registry] 
New type java.util.Vector<domain.User>

[2020-03-12 14:18:18 #18 type] 
Type domain.Sport is not enhanced.

[2020-03-12 14:18:18 #19 type.registry] 
New type java.util.Vector<domain.Event>

[2020-03-12 14:18:19 #20 type.registry] 
New type domain.Admin

[2020-03-12 14:18:19 #21 type] 
Type domain.Admin is not enhanced.

[2020-03-12 14:18:19 #22 type.registry] 
New type java.util.Vector<java.lang.Object>

------------------------------------------------------------------------------------------------------------------------

[2020-03-12 14:24:20 #1 store] 
Database 'C:\Users\Yanis\Desktop\Yanis\Espagne\Cours\Software Engineering\Project\Bets_Project\Bets\resources\bets.temp' is opened by 15452@LAPTOP-FG5SJG3N

[2020-03-12 14:24:20 #2 type.registry] 
New type domain.Question

[2020-03-12 14:24:20 #3 type] 
Type domain.Question is not enhanced.

[2020-03-12 14:24:20 #4 type.registry] 
New type domain.Event

[2020-03-12 14:24:20 #5 type.registry] 
New type domain.BetChoice

[2020-03-12 14:24:20 #6 type.registry] 
New type java.util.Vector<domain.BetChoice>

[2020-03-12 14:24:20 #7 type] 
Type domain.Event is not enhanced.

[2020-03-12 14:24:20 #8 type.registry] 
New type java.util.Vector<domain.Question>

[2020-03-12 14:24:20 #9 type] 
Type domain.BetChoice is not enhanced.

[2020-03-12 14:24:20 #10 type.registry] 
New type domain.UserBet

[2020-03-12 14:24:20 #11 type.registry] 
New type java.util.Vector<domain.UserBet>

[2020-03-12 14:24:20 #12 type] 
Type domain.UserBet is not enhanced.

[2020-03-12 14:24:20 #13 type.registry] 
New type domain.User

[2020-03-12 14:24:20 #14 type] 
Type domain.User is not enhanced.

[2020-03-12 14:24:20 #15 type.registry] 
New type domain.Sport

[2020-03-12 14:24:20 #16 type.registry] 
New type java.util.Vector<domain.Sport>

[2020-03-12 14:24:20 #17 type.registry] 
New type java.util.Vector<domain.User>

[2020-03-12 14:24:20 #18 type] 
Type domain.Sport is not enhanced.

[2020-03-12 14:24:20 #19 type.registry] 
New type java.util.Vector<domain.Event>

[2020-03-12 14:24:20 #20 type.registry] 
New type domain.Admin

[2020-03-12 14:24:20 #21 type] 
Type domain.Admin is not enhanced.

[2020-03-12 14:24:20 #22 type.registry] 
New type java.util.Vector<java.lang.Object>

------------------------------------------------------------------------------------------------------------------------

[2020-03-12 14:31:54 #1 store] 
Database 'C:\Users\Yanis\Desktop\Yanis\Espagne\Cours\Software Engineering\Project\Bets_Project\Bets\resources\bets.temp' is opened by 9136@LAPTOP-FG5SJG3N

[2020-03-12 14:31:54 #2 type.registry] 
New type domain.Question

[2020-03-12 14:31:54 #3 type] 
Type domain.Question is not enhanced.

[2020-03-12 14:31:54 #4 type.registry] 
New type domain.Event

[2020-03-12 14:31:54 #5 type.registry] 
New type domain.BetChoice

[2020-03-12 14:31:54 #6 type.registry] 
New type java.util.Vector<domain.BetChoice>

[2020-03-12 14:31:54 #7 type] 
Type domain.Event is not enhanced.

[2020-03-12 14:31:54 #8 type.registry] 
New type java.util.Vector<domain.Question>

[2020-03-12 14:31:54 #9 type] 
Type domain.BetChoice is not enhanced.

[2020-03-12 14:31:54 #10 type.registry] 
New type domain.UserBet

[2020-03-12 14:31:54 #11 type.registry] 
New type java.util.Vector<domain.UserBet>

[2020-03-12 14:31:54 #12 type] 
Type domain.UserBet is not enhanced.

[2020-03-12 14:31:54 #13 type.registry] 
New type domain.User

[2020-03-12 14:31:54 #14 type] 
Type domain.User is not enhanced.

[2020-03-12 14:31:54 #15 type.registry] 
New type domain.Sport

[2020-03-12 14:31:54 #16 type.registry] 
New type java.util.Vector<domain.Sport>

[2020-03-12 14:31:54 #17 type.registry] 
New type java.util.Vector<domain.User>

[2020-03-12 14:31:54 #18 type] 
Type domain.Sport is not enhanced.

[2020-03-12 14:31:54 #19 type.registry] 
New type java.util.Vector<domain.Event>

[2020-03-12 14:31:54 #20 type.registry] 
New type domain.Admin

[2020-03-12 14:31:54 #21 type] 
Type domain.Admin is not enhanced.

[2020-03-12 14:31:54 #22 type.registry] 
New type java.util.Vector<java.lang.Object>

------------------------------------------------------------------------------------------------------------------------

[2020-03-12 14:36:22 #1 store] 
Database 'C:\Users\Yanis\Desktop\Yanis\Espagne\Cours\Software Engineering\Project\Bets_Project\Bets\resources\bets.temp' is opened by 5884@LAPTOP-FG5SJG3N

[2020-03-12 14:36:22 #2 type.registry] 
New type domain.Question

[2020-03-12 14:36:22 #3 type] 
Type domain.Question is not enhanced.

[2020-03-12 14:36:22 #4 type.registry] 
New type domain.Event

[2020-03-12 14:36:22 #5 type.registry] 
New type domain.BetChoice

[2020-03-12 14:36:22 #6 type.registry] 
New type java.util.Vector<domain.BetChoice>

[2020-03-12 14:36:22 #7 type] 
Type domain.Event is not enhanced.

[2020-03-12 14:36:22 #8 type.registry] 
New type java.util.Vector<domain.Question>

[2020-03-12 14:36:22 #9 type] 
Type domain.BetChoice is not enhanced.

[2020-03-12 14:36:22 #10 type.registry] 
New type domain.UserBet

[2020-03-12 14:36:22 #11 type.registry] 
New type java.util.Vector<domain.UserBet>

[2020-03-12 14:36:22 #12 type] 
Type domain.UserBet is not enhanced.

[2020-03-12 14:36:22 #13 type.registry] 
New type domain.User

[2020-03-12 14:36:22 #14 type] 
Type domain.User is not enhanced.

[2020-03-12 14:36:22 #15 type.registry] 
New type domain.Sport

[2020-03-12 14:36:22 #16 type.registry] 
New type java.util.Vector<domain.Sport>

[2020-03-12 14:36:22 #17 type.registry] 
New type java.util.Vector<domain.User>

[2020-03-12 14:36:22 #18 type] 
Type domain.Sport is not enhanced.

[2020-03-12 14:36:22 #19 type.registry] 
New type java.util.Vector<domain.Event>

[2020-03-12 14:36:22 #20 type.registry] 
New type domain.Admin

[2020-03-12 14:36:22 #21 type] 
Type domain.Admin is not enhanced.

[2020-03-12 14:36:22 #22 type.registry] 
New type java.util.Vector<java.lang.Object>

------------------------------------------------------------------------------------------------------------------------

[2020-03-12 14:36:55 #1 store] 
Database 'C:\Users\Yanis\Desktop\Yanis\Espagne\Cours\Software Engineering\Project\Bets_Project\Bets\resources\bets.temp' is opened by 12560@LAPTOP-FG5SJG3N

[2020-03-12 14:36:56 #2 type.registry] 
New type domain.Question

[2020-03-12 14:36:56 #3 type] 
Type domain.Question is not enhanced.

[2020-03-12 14:36:56 #4 type.registry] 
New type domain.Event

[2020-03-12 14:36:56 #5 type.registry] 
New type domain.BetChoice

[2020-03-12 14:36:56 #6 type.registry] 
New type java.util.Vector<domain.BetChoice>

[2020-03-12 14:36:56 #7 type] 
Type domain.Event is not enhanced.

[2020-03-12 14:36:56 #8 type.registry] 
New type java.util.Vector<domain.Question>

[2020-03-12 14:36:56 #9 type] 
Type domain.BetChoice is not enhanced.

[2020-03-12 14:36:56 #10 type.registry] 
New type domain.UserBet

[2020-03-12 14:36:56 #11 type.registry] 
New type java.util.Vector<domain.UserBet>

[2020-03-12 14:36:56 #12 type] 
Type domain.UserBet is not enhanced.

[2020-03-12 14:36:56 #13 type.registry] 
New type domain.User

[2020-03-12 14:36:56 #14 type] 
Type domain.User is not enhanced.

[2020-03-12 14:36:56 #15 type.registry] 
New type domain.Sport

[2020-03-12 14:36:56 #16 type.registry] 
New type java.util.Vector<domain.Sport>

[2020-03-12 14:36:56 #17 type.registry] 
New type java.util.Vector<domain.User>

[2020-03-12 14:36:56 #18 type] 
Type domain.Sport is not enhanced.

[2020-03-12 14:36:56 #19 type.registry] 
New type java.util.Vector<domain.Event>

[2020-03-12 14:36:56 #20 type.registry] 
New type domain.Admin

[2020-03-12 14:36:56 #21 type] 
Type domain.Admin is not enhanced.

[2020-03-12 14:36:56 #22 type.registry] 
New type java.util.Vector<java.lang.Object>

------------------------------------------------------------------------------------------------------------------------

[2020-03-12 14:37:40 #1 store] 
Database 'C:\Users\Yanis\Desktop\Yanis\Espagne\Cours\Software Engineering\Project\Bets_Project\Bets\resources\bets.temp' is opened by 10044@LAPTOP-FG5SJG3N

[2020-03-12 14:37:40 #2 type.registry] 
New type domain.Question

[2020-03-12 14:37:40 #3 type] 
Type domain.Question is not enhanced.

[2020-03-12 14:37:40 #4 type.registry] 
New type domain.Event

[2020-03-12 14:37:40 #5 type.registry] 
New type domain.BetChoice

[2020-03-12 14:37:40 #6 type.registry] 
New type java.util.Vector<domain.BetChoice>

[2020-03-12 14:37:40 #7 type] 
Type domain.Event is not enhanced.

[2020-03-12 14:37:40 #8 type.registry] 
New type java.util.Vector<domain.Question>

[2020-03-12 14:37:40 #9 type] 
Type domain.BetChoice is not enhanced.

[2020-03-12 14:37:40 #10 type.registry] 
New type domain.UserBet

[2020-03-12 14:37:40 #11 type.registry] 
New type java.util.Vector<domain.UserBet>

[2020-03-12 14:37:40 #12 type] 
Type domain.UserBet is not enhanced.

[2020-03-12 14:37:40 #13 type.registry] 
New type domain.User

[2020-03-12 14:37:40 #14 type] 
Type domain.User is not enhanced.

[2020-03-12 14:37:40 #15 type.registry] 
New type domain.Sport

[2020-03-12 14:37:40 #16 type.registry] 
New type java.util.Vector<domain.Sport>

[2020-03-12 14:37:40 #17 type.registry] 
New type java.util.Vector<domain.User>

[2020-03-12 14:37:40 #18 type] 
Type domain.Sport is not enhanced.

[2020-03-12 14:37:40 #19 type.registry] 
New type java.util.Vector<domain.Event>

[2020-03-12 14:37:40 #20 type.registry] 
New type domain.Admin

[2020-03-12 14:37:40 #21 type] 
Type domain.Admin is not enhanced.

[2020-03-12 14:37:40 #22 type.registry] 
New type java.util.Vector<java.lang.Object>

------------------------------------------------------------------------------------------------------------------------

[2020-03-12 15:00:11 #1 store] 
Database '/Users/Marion_brnrd/git/Bets_Project/Bets/resources/bets.temp' is opened by 1501@MacBook-Air-de-Marion-3.local

[2020-03-12 15:00:11 #2 type.registry] 
New type domain.Question

[2020-03-12 15:00:11 #3 type] 
Type domain.Question is not enhanced.

[2020-03-12 15:00:11 #4 type.registry] 
New type domain.Event

[2020-03-12 15:00:11 #5 type.registry] 
New type domain.BetChoice

[2020-03-12 15:00:11 #6 type.registry] 
New type java.util.Vector<domain.BetChoice>

[2020-03-12 15:00:11 #7 type] 
Type domain.Event is not enhanced.

[2020-03-12 15:00:11 #8 type.registry] 
New type java.util.Vector<domain.Question>

[2020-03-12 15:00:11 #9 type] 
Type domain.BetChoice is not enhanced.

[2020-03-12 15:00:11 #10 type.registry] 
New type domain.UserBet

[2020-03-12 15:00:11 #11 type.registry] 
New type java.util.Vector<domain.UserBet>

[2020-03-12 15:00:11 #12 type] 
Type domain.UserBet is not enhanced.

[2020-03-12 15:00:11 #13 type.registry] 
New type domain.User

[2020-03-12 15:00:11 #14 type] 
Type domain.User is not enhanced.

[2020-03-12 15:00:11 #15 type.registry] 
New type domain.Sport

[2020-03-12 15:00:11 #16 type.registry] 
New type java.util.Vector<domain.Sport>

[2020-03-12 15:00:11 #17 type.registry] 
New type java.util.Vector<domain.User>

[2020-03-12 15:00:11 #18 type] 
Type domain.Sport is not enhanced.

[2020-03-12 15:00:11 #19 type.registry] 
New type java.util.Vector<domain.Event>

[2020-03-12 15:00:11 #20 type.registry] 
New type domain.Admin

[2020-03-12 15:00:11 #21 type] 
Type domain.Admin is not enhanced.

[2020-03-12 15:00:11 #22 type.registry] 
New type java.util.Vector<java.lang.Object>

------------------------------------------------------------------------------------------------------------------------

[2020-03-12 15:02:58 #1 store] 
Database '/Users/Marion_brnrd/git/Bets_Project/Bets/resources/bets.temp' is opened by 1505@MacBook-Air-de-Marion-3.local

[2020-03-12 15:02:58 #2 type.registry] 
New type domain.Question

[2020-03-12 15:02:58 #3 type] 
Type domain.Question is not enhanced.

[2020-03-12 15:02:58 #4 type.registry] 
New type domain.Event

[2020-03-12 15:02:58 #5 type.registry] 
New type domain.BetChoice

[2020-03-12 15:02:58 #6 type.registry] 
New type java.util.Vector<domain.BetChoice>

[2020-03-12 15:02:58 #7 type] 
Type domain.Event is not enhanced.

[2020-03-12 15:02:58 #8 type.registry] 
New type java.util.Vector<domain.Question>

[2020-03-12 15:02:58 #9 type] 
Type domain.BetChoice is not enhanced.

[2020-03-12 15:02:58 #10 type.registry] 
New type domain.UserBet

[2020-03-12 15:02:58 #11 type.registry] 
New type java.util.Vector<domain.UserBet>

[2020-03-12 15:02:58 #12 type] 
Type domain.UserBet is not enhanced.

[2020-03-12 15:02:58 #13 type.registry] 
New type domain.User

[2020-03-12 15:02:58 #14 type] 
Type domain.User is not enhanced.

[2020-03-12 15:02:58 #15 type.registry] 
New type domain.Sport

[2020-03-12 15:02:58 #16 type.registry] 
New type java.util.Vector<domain.Sport>

[2020-03-12 15:02:58 #17 type.registry] 
New type java.util.Vector<domain.User>

[2020-03-12 15:02:58 #18 type] 
Type domain.Sport is not enhanced.

[2020-03-12 15:02:58 #19 type.registry] 
New type java.util.Vector<domain.Event>

[2020-03-12 15:02:58 #20 type.registry] 
New type domain.Admin

[2020-03-12 15:02:58 #21 type] 
Type domain.Admin is not enhanced.

[2020-03-12 15:02:58 #22 type.registry] 
New type java.util.Vector<java.lang.Object>

------------------------------------------------------------------------------------------------------------------------

[2020-03-12 15:06:37 #1 store] 
Database '/Users/Marion_brnrd/git/Bets_Project/Bets/resources/bets.temp' is opened by 1517@MacBook-Air-de-Marion-3.local

[2020-03-12 15:06:37 #2 type.registry] 
New type domain.Question

[2020-03-12 15:06:37 #3 type] 
Type domain.Question is not enhanced.

[2020-03-12 15:06:37 #4 type.registry] 
New type domain.Event

[2020-03-12 15:06:37 #5 type.registry] 
New type domain.BetChoice

[2020-03-12 15:06:37 #6 type.registry] 
New type java.util.Vector<domain.BetChoice>

[2020-03-12 15:06:37 #7 type] 
Type domain.Event is not enhanced.

[2020-03-12 15:06:37 #8 type.registry] 
New type java.util.Vector<domain.Question>

[2020-03-12 15:06:37 #9 type] 
Type domain.BetChoice is not enhanced.

[2020-03-12 15:06:37 #10 type.registry] 
New type domain.UserBet

[2020-03-12 15:06:37 #11 type.registry] 
New type java.util.Vector<domain.UserBet>

[2020-03-12 15:06:37 #12 type] 
Type domain.UserBet is not enhanced.

[2020-03-12 15:06:37 #13 type.registry] 
New type domain.User

[2020-03-12 15:06:37 #14 type] 
Type domain.User is not enhanced.

[2020-03-12 15:06:37 #15 type.registry] 
New type domain.Sport

[2020-03-12 15:06:37 #16 type.registry] 
New type java.util.Vector<domain.Sport>

[2020-03-12 15:06:37 #17 type.registry] 
New type java.util.Vector<domain.User>

[2020-03-12 15:06:37 #18 type] 
Type domain.Sport is not enhanced.

[2020-03-12 15:06:37 #19 type.registry] 
New type java.util.Vector<domain.Event>

[2020-03-12 15:06:37 #20 type.registry] 
New type domain.Admin

[2020-03-12 15:06:37 #21 type] 
Type domain.Admin is not enhanced.

[2020-03-12 15:06:37 #22 type.registry] 
New type java.util.Vector<java.lang.Object>

------------------------------------------------------------------------------------------------------------------------

[2020-03-12 15:08:02 #1 store] 
Database '/Users/Marion_brnrd/git/Bets_Project/Bets/resources/bets.temp' is opened by 1520@MacBook-Air-de-Marion-3.local

[2020-03-12 15:08:02 #2 type.registry] 
New type domain.Question

[2020-03-12 15:08:02 #3 type] 
Type domain.Question is not enhanced.

[2020-03-12 15:08:02 #4 type.registry] 
New type domain.Event

[2020-03-12 15:08:02 #5 type.registry] 
New type domain.BetChoice

[2020-03-12 15:08:02 #6 type.registry] 
New type java.util.Vector<domain.BetChoice>

[2020-03-12 15:08:02 #7 type] 
Type domain.Event is not enhanced.

[2020-03-12 15:08:02 #8 type.registry] 
New type java.util.Vector<domain.Question>

[2020-03-12 15:08:02 #9 type] 
Type domain.BetChoice is not enhanced.

[2020-03-12 15:08:02 #10 type.registry] 
New type domain.UserBet

[2020-03-12 15:08:02 #11 type.registry] 
New type java.util.Vector<domain.UserBet>

[2020-03-12 15:08:02 #12 type] 
Type domain.UserBet is not enhanced.

[2020-03-12 15:08:02 #13 type.registry] 
New type domain.User

[2020-03-12 15:08:02 #14 type] 
Type domain.User is not enhanced.

[2020-03-12 15:08:02 #15 type.registry] 
New type domain.Sport

[2020-03-12 15:08:02 #16 type.registry] 
New type java.util.Vector<domain.Sport>

[2020-03-12 15:08:02 #17 type.registry] 
New type java.util.Vector<domain.User>

[2020-03-12 15:08:02 #18 type] 
Type domain.Sport is not enhanced.

[2020-03-12 15:08:02 #19 type.registry] 
New type java.util.Vector<domain.Event>

[2020-03-12 15:08:02 #20 type.registry] 
New type domain.Admin

[2020-03-12 15:08:02 #21 type] 
Type domain.Admin is not enhanced.

[2020-03-12 15:08:02 #22 type.registry] 
New type java.util.Vector<java.lang.Object>

------------------------------------------------------------------------------------------------------------------------

[2020-03-12 15:09:58 #1 store] 
Database '/Users/Marion_brnrd/git/Bets_Project/Bets/resources/bets.temp' is opened by 1521@MacBook-Air-de-Marion-3.local

[2020-03-12 15:09:58 #2 type.registry] 
New type domain.Question

[2020-03-12 15:09:58 #3 type] 
Type domain.Question is not enhanced.

[2020-03-12 15:09:58 #4 type.registry] 
New type domain.Event

[2020-03-12 15:09:58 #5 type.registry] 
New type domain.BetChoice

[2020-03-12 15:09:58 #6 type.registry] 
New type java.util.Vector<domain.BetChoice>

[2020-03-12 15:09:58 #7 type] 
Type domain.Event is not enhanced.

[2020-03-12 15:09:58 #8 type.registry] 
New type java.util.Vector<domain.Question>

[2020-03-12 15:09:58 #9 type] 
Type domain.BetChoice is not enhanced.

[2020-03-12 15:09:58 #10 type.registry] 
New type domain.UserBet

[2020-03-12 15:09:58 #11 type.registry] 
New type java.util.Vector<domain.UserBet>

[2020-03-12 15:09:58 #12 type] 
Type domain.UserBet is not enhanced.

[2020-03-12 15:09:58 #13 type.registry] 
New type domain.User

[2020-03-12 15:09:58 #14 type] 
Type domain.User is not enhanced.

[2020-03-12 15:09:58 #15 type.registry] 
New type domain.Sport

[2020-03-12 15:09:58 #16 type.registry] 
New type java.util.Vector<domain.Sport>

[2020-03-12 15:09:58 #17 type.registry] 
New type java.util.Vector<domain.User>

[2020-03-12 15:09:58 #18 type] 
Type domain.Sport is not enhanced.

[2020-03-12 15:09:58 #19 type.registry] 
New type java.util.Vector<domain.Event>

[2020-03-12 15:09:58 #20 type.registry] 
New type domain.Admin

[2020-03-12 15:09:58 #21 type] 
Type domain.Admin is not enhanced.

[2020-03-12 15:09:58 #22 type.registry] 
New type java.util.Vector<java.lang.Object>

------------------------------------------------------------------------------------------------------------------------

[2020-03-12 15:11:08 #1 store] 
Database '/Users/Marion_brnrd/git/Bets_Project/Bets/resources/bets.temp' is opened by 1524@MacBook-Air-de-Marion-3.local

[2020-03-12 15:11:09 #2 type.registry] 
New type domain.Question

[2020-03-12 15:11:09 #3 type] 
Type domain.Question is not enhanced.

[2020-03-12 15:11:09 #4 type.registry] 
New type domain.Event

[2020-03-12 15:11:09 #5 type.registry] 
New type domain.BetChoice

[2020-03-12 15:11:09 #6 type.registry] 
New type java.util.Vector<domain.BetChoice>

[2020-03-12 15:11:09 #7 type] 
Type domain.Event is not enhanced.

[2020-03-12 15:11:09 #8 type.registry] 
New type java.util.Vector<domain.Question>

[2020-03-12 15:11:09 #9 type] 
Type domain.BetChoice is not enhanced.

[2020-03-12 15:11:09 #10 type.registry] 
New type domain.UserBet

[2020-03-12 15:11:09 #11 type.registry] 
New type java.util.Vector<domain.UserBet>

[2020-03-12 15:11:09 #12 type] 
Type domain.UserBet is not enhanced.

[2020-03-12 15:11:09 #13 type.registry] 
New type domain.User

[2020-03-12 15:11:09 #14 type] 
Type domain.User is not enhanced.

[2020-03-12 15:11:09 #15 type.registry] 
New type domain.Sport

[2020-03-12 15:11:09 #16 type.registry] 
New type java.util.Vector<domain.Sport>

[2020-03-12 15:11:09 #17 type.registry] 
New type java.util.Vector<domain.User>

[2020-03-12 15:11:09 #18 type] 
Type domain.Sport is not enhanced.

[2020-03-12 15:11:09 #19 type.registry] 
New type java.util.Vector<domain.Event>

[2020-03-12 15:11:09 #20 type.registry] 
New type domain.Admin

[2020-03-12 15:11:09 #21 type] 
Type domain.Admin is not enhanced.

[2020-03-12 15:11:09 #22 type.registry] 
New type java.util.Vector<java.lang.Object>

------------------------------------------------------------------------------------------------------------------------

[2020-03-12 15:11:54 #1 store] 
Database '/Users/Marion_brnrd/git/Bets_Project/Bets/resources/bets.temp' is opened by 1525@MacBook-Air-de-Marion-3.local

[2020-03-12 15:11:54 #2 type.registry] 
New type domain.Question

[2020-03-12 15:11:54 #3 type] 
Type domain.Question is not enhanced.

[2020-03-12 15:11:54 #4 type.registry] 
New type domain.Event

[2020-03-12 15:11:54 #5 type.registry] 
New type domain.BetChoice

[2020-03-12 15:11:54 #6 type.registry] 
New type java.util.Vector<domain.BetChoice>

[2020-03-12 15:11:54 #7 type] 
Type domain.Event is not enhanced.

[2020-03-12 15:11:54 #8 type.registry] 
New type java.util.Vector<domain.Question>

[2020-03-12 15:11:54 #9 type] 
Type domain.BetChoice is not enhanced.

[2020-03-12 15:11:54 #10 type.registry] 
New type domain.UserBet

[2020-03-12 15:11:54 #11 type.registry] 
New type java.util.Vector<domain.UserBet>

[2020-03-12 15:11:54 #12 type] 
Type domain.UserBet is not enhanced.

[2020-03-12 15:11:54 #13 type.registry] 
New type domain.User

[2020-03-12 15:11:54 #14 type] 
Type domain.User is not enhanced.

[2020-03-12 15:11:54 #15 type.registry] 
New type domain.Sport

[2020-03-12 15:11:54 #16 type.registry] 
New type java.util.Vector<domain.Sport>

[2020-03-12 15:11:54 #17 type.registry] 
New type java.util.Vector<domain.User>

[2020-03-12 15:11:54 #18 type] 
Type domain.Sport is not enhanced.

[2020-03-12 15:11:54 #19 type.registry] 
New type java.util.Vector<domain.Event>

[2020-03-12 15:11:54 #20 type.registry] 
New type domain.Admin

[2020-03-12 15:11:54 #21 type] 
Type domain.Admin is not enhanced.

[2020-03-12 15:11:54 #22 type.registry] 
New type java.util.Vector<java.lang.Object>

------------------------------------------------------------------------------------------------------------------------

[2020-03-12 15:12:38 #1 store] 
Database '/Users/Marion_brnrd/git/Bets_Project/Bets/resources/bets.temp' is opened by 1536@MacBook-Air-de-Marion-3.local

[2020-03-12 15:12:38 #2 type.registry] 
New type domain.Question

[2020-03-12 15:12:38 #3 type] 
Type domain.Question is not enhanced.

[2020-03-12 15:12:38 #4 type.registry] 
New type domain.Event

[2020-03-12 15:12:38 #5 type.registry] 
New type domain.BetChoice

[2020-03-12 15:12:38 #6 type.registry] 
New type java.util.Vector<domain.BetChoice>

[2020-03-12 15:12:38 #7 type] 
Type domain.Event is not enhanced.

[2020-03-12 15:12:38 #8 type.registry] 
New type java.util.Vector<domain.Question>

[2020-03-12 15:12:38 #9 type] 
Type domain.BetChoice is not enhanced.

[2020-03-12 15:12:38 #10 type.registry] 
New type domain.UserBet

[2020-03-12 15:12:38 #11 type.registry] 
New type java.util.Vector<domain.UserBet>

[2020-03-12 15:12:38 #12 type] 
Type domain.UserBet is not enhanced.

[2020-03-12 15:12:38 #13 type.registry] 
New type domain.User

[2020-03-12 15:12:38 #14 type] 
Type domain.User is not enhanced.

[2020-03-12 15:12:38 #15 type.registry] 
New type domain.Sport

[2020-03-12 15:12:38 #16 type.registry] 
New type java.util.Vector<domain.Sport>

[2020-03-12 15:12:38 #17 type.registry] 
New type java.util.Vector<domain.User>

[2020-03-12 15:12:38 #18 type] 
Type domain.Sport is not enhanced.

[2020-03-12 15:12:38 #19 type.registry] 
New type java.util.Vector<domain.Event>

[2020-03-12 15:12:38 #20 type.registry] 
New type domain.Admin

[2020-03-12 15:12:38 #21 type] 
Type domain.Admin is not enhanced.

[2020-03-12 15:12:38 #22 type.registry] 
New type java.util.Vector<java.lang.Object>

------------------------------------------------------------------------------------------------------------------------

[2020-03-12 15:21:15 #1 store] 
Database '/Users/Marion_brnrd/git/Bets_Project/Bets/resources/bets.temp' is opened by 1555@MacBook-Air-de-Marion-3.local

[2020-03-12 15:21:15 #2 type.registry] 
New type domain.Question

[2020-03-12 15:21:15 #3 type] 
Type domain.Question is not enhanced.

[2020-03-12 15:21:15 #4 type.registry] 
New type domain.Event

[2020-03-12 15:21:15 #5 type.registry] 
New type domain.BetChoice

[2020-03-12 15:21:15 #6 type.registry] 
New type java.util.Vector<domain.BetChoice>

[2020-03-12 15:21:15 #7 type] 
Type domain.Event is not enhanced.

[2020-03-12 15:21:15 #8 type.registry] 
New type java.util.Vector<domain.Question>

[2020-03-12 15:21:15 #9 type] 
Type domain.BetChoice is not enhanced.

[2020-03-12 15:21:15 #10 type.registry] 
New type domain.UserBet

[2020-03-12 15:21:15 #11 type.registry] 
New type java.util.Vector<domain.UserBet>

[2020-03-12 15:21:15 #12 type] 
Type domain.UserBet is not enhanced.

[2020-03-12 15:21:15 #13 type.registry] 
New type domain.User

[2020-03-12 15:21:15 #14 type] 
Type domain.User is not enhanced.

[2020-03-12 15:21:15 #15 type.registry] 
New type domain.Sport

[2020-03-12 15:21:15 #16 type.registry] 
New type java.util.Vector<domain.Sport>

[2020-03-12 15:21:15 #17 type.registry] 
New type java.util.Vector<domain.User>

[2020-03-12 15:21:15 #18 type] 
Type domain.Sport is not enhanced.

[2020-03-12 15:21:15 #19 type.registry] 
New type java.util.Vector<domain.Event>

[2020-03-12 15:21:15 #20 type.registry] 
New type domain.Admin

[2020-03-12 15:21:15 #21 type] 
Type domain.Admin is not enhanced.

[2020-03-12 15:21:15 #22 type.registry] 
New type java.util.Vector<java.lang.Object>

------------------------------------------------------------------------------------------------------------------------

[2020-03-12 15:23:11 #1 store] 
Database '/Users/Marion_brnrd/git/Bets_Project/Bets/resources/bets.temp' is opened by 1561@MacBook-Air-de-Marion-3.local

[2020-03-12 15:23:11 #2 type.registry] 
New type domain.Question

[2020-03-12 15:23:11 #3 type] 
Type domain.Question is not enhanced.

[2020-03-12 15:23:11 #4 type.registry] 
New type domain.Event

[2020-03-12 15:23:11 #5 type.registry] 
New type domain.BetChoice

[2020-03-12 15:23:11 #6 type.registry] 
New type java.util.Vector<domain.BetChoice>

[2020-03-12 15:23:11 #7 type] 
Type domain.Event is not enhanced.

[2020-03-12 15:23:11 #8 type.registry] 
New type java.util.Vector<domain.Question>

[2020-03-12 15:23:11 #9 type] 
Type domain.BetChoice is not enhanced.

[2020-03-12 15:23:11 #10 type.registry] 
New type domain.UserBet

[2020-03-12 15:23:11 #11 type.registry] 
New type java.util.Vector<domain.UserBet>

[2020-03-12 15:23:11 #12 type] 
Type domain.UserBet is not enhanced.

[2020-03-12 15:23:11 #13 type.registry] 
New type domain.User

[2020-03-12 15:23:11 #14 type] 
Type domain.User is not enhanced.

[2020-03-12 15:23:11 #15 type.registry] 
New type domain.Sport

[2020-03-12 15:23:11 #16 type.registry] 
New type java.util.Vector<domain.Sport>

[2020-03-12 15:23:11 #17 type.registry] 
New type java.util.Vector<domain.User>

[2020-03-12 15:23:11 #18 type] 
Type domain.Sport is not enhanced.

[2020-03-12 15:23:11 #19 type.registry] 
New type java.util.Vector<domain.Event>

[2020-03-12 15:23:11 #20 type.registry] 
New type domain.Admin

[2020-03-12 15:23:11 #21 type] 
Type domain.Admin is not enhanced.

[2020-03-12 15:23:11 #22 type.registry] 
New type java.util.Vector<java.lang.Object>

------------------------------------------------------------------------------------------------------------------------

[2020-03-12 15:31:39 #1 store] 
Database '/Users/Marion_brnrd/git/Bets_Project/Bets/resources/bets.temp' is opened by 1575@MacBook-Air-de-Marion-3.local

[2020-03-12 15:31:39 #2 type.registry] 
New type domain.Question

[2020-03-12 15:31:39 #3 type] 
Type domain.Question is not enhanced.

[2020-03-12 15:31:39 #4 type.registry] 
New type domain.Event

[2020-03-12 15:31:39 #5 type.registry] 
New type domain.BetChoice

[2020-03-12 15:31:39 #6 type.registry] 
New type java.util.Vector<domain.BetChoice>

[2020-03-12 15:31:39 #7 type] 
Type domain.Event is not enhanced.

[2020-03-12 15:31:39 #8 type.registry] 
New type domain.Sport

[2020-03-12 15:31:39 #9 type.registry] 
New type java.util.Vector<domain.Question>

[2020-03-12 15:31:39 #10 type] 
Type domain.BetChoice is not enhanced.

[2020-03-12 15:31:39 #11 type.registry] 
New type domain.UserBet

[2020-03-12 15:31:39 #12 type.registry] 
New type java.util.Vector<domain.UserBet>

[2020-03-12 15:31:39 #13 type] 
Type domain.Sport is not enhanced.

[2020-03-12 15:31:39 #14 type.registry] 
New type java.util.Vector<domain.Event>

[2020-03-12 15:31:39 #15 type] 
Type domain.UserBet is not enhanced.

[2020-03-12 15:31:39 #16 type.registry] 
New type domain.User

[2020-03-12 15:31:39 #17 type] 
Type domain.User is not enhanced.

[2020-03-12 15:31:39 #18 type.registry] 
New type java.util.Vector<domain.Sport>

[2020-03-12 15:31:39 #19 type.registry] 
New type java.util.Vector<domain.User>

[2020-03-12 15:31:39 #20 type.registry] 
New type domain.Admin

[2020-03-12 15:31:39 #21 type] 
Type domain.Admin is not enhanced.

[2020-03-12 15:31:39 #22 type.registry] 
New type java.util.Vector<java.lang.Object>

------------------------------------------------------------------------------------------------------------------------

[2020-03-12 15:33:19 #1 store] 
Database '/Users/Marion_brnrd/git/Bets_Project/Bets/resources/bets.temp' is opened by 1577@MacBook-Air-de-Marion-3.local

[2020-03-12 15:33:19 #2 type.registry] 
New type domain.Question

[2020-03-12 15:33:19 #3 type] 
Type domain.Question is not enhanced.

[2020-03-12 15:33:19 #4 type.registry] 
New type domain.Event

[2020-03-12 15:33:19 #5 type.registry] 
New type domain.BetChoice

[2020-03-12 15:33:19 #6 type.registry] 
New type java.util.Vector<domain.BetChoice>

[2020-03-12 15:33:19 #7 type] 
Type domain.Event is not enhanced.

[2020-03-12 15:33:19 #8 type.registry] 
New type domain.Sport

[2020-03-12 15:33:19 #9 type.registry] 
New type java.util.Vector<domain.Question>

[2020-03-12 15:33:19 #10 type] 
Type domain.BetChoice is not enhanced.

[2020-03-12 15:33:19 #11 type.registry] 
New type domain.UserBet

[2020-03-12 15:33:19 #12 type.registry] 
New type java.util.Vector<domain.UserBet>

[2020-03-12 15:33:19 #13 type] 
Type domain.Sport is not enhanced.

[2020-03-12 15:33:19 #14 type.registry] 
New type java.util.Vector<domain.Event>

[2020-03-12 15:33:19 #15 type] 
Type domain.UserBet is not enhanced.

[2020-03-12 15:33:19 #16 type.registry] 
New type domain.User

[2020-03-12 15:33:19 #17 type] 
Type domain.User is not enhanced.

[2020-03-12 15:33:19 #18 type.registry] 
New type java.util.Vector<domain.Sport>

[2020-03-12 15:33:19 #19 type.registry] 
New type java.util.Vector<domain.User>

[2020-03-12 15:33:19 #20 type.registry] 
New type domain.Admin

[2020-03-12 15:33:19 #21 type] 
Type domain.Admin is not enhanced.

[2020-03-12 15:33:19 #22 type.registry] 
New type java.util.Vector<java.lang.Object>

------------------------------------------------------------------------------------------------------------------------

[2020-03-12 15:34:44 #1 store] 
Database '/Users/Marion_brnrd/git/Bets_Project/Bets/resources/bets.temp' is opened by 1588@MacBook-Air-de-Marion-3.local

[2020-03-12 15:34:44 #2 type.registry] 
New type domain.Question

[2020-03-12 15:34:44 #3 type] 
Type domain.Question is not enhanced.

[2020-03-12 15:34:44 #4 type.registry] 
New type domain.Event

[2020-03-12 15:34:44 #5 type.registry] 
New type domain.BetChoice

[2020-03-12 15:34:44 #6 type.registry] 
New type java.util.Vector<domain.BetChoice>

[2020-03-12 15:34:44 #7 type] 
Type domain.Event is not enhanced.

[2020-03-12 15:34:44 #8 type.registry] 
New type domain.Sport

[2020-03-12 15:34:44 #9 type.registry] 
New type java.util.Vector<domain.Question>

[2020-03-12 15:34:44 #10 type] 
Type domain.BetChoice is not enhanced.

[2020-03-12 15:34:44 #11 type.registry] 
New type domain.UserBet

[2020-03-12 15:34:44 #12 type.registry] 
New type java.util.Vector<domain.UserBet>

[2020-03-12 15:34:44 #13 type] 
Type domain.Sport is not enhanced.

[2020-03-12 15:34:44 #14 type.registry] 
New type java.util.Vector<domain.Event>

[2020-03-12 15:34:44 #15 type] 
Type domain.UserBet is not enhanced.

[2020-03-12 15:34:44 #16 type.registry] 
New type domain.User

[2020-03-12 15:34:44 #17 type] 
Type domain.User is not enhanced.

[2020-03-12 15:34:44 #18 type.registry] 
New type java.util.Vector<domain.Sport>

[2020-03-12 15:34:44 #19 type.registry] 
New type java.util.Vector<domain.User>

[2020-03-12 15:34:44 #20 type.registry] 
New type domain.Admin

[2020-03-12 15:34:44 #21 type] 
Type domain.Admin is not enhanced.

[2020-03-12 15:34:44 #22 type.registry] 
New type java.util.Vector<java.lang.Object>

------------------------------------------------------------------------------------------------------------------------

[2020-03-12 15:36:35 #1 store] 
Database '/Users/Marion_brnrd/git/Bets_Project/Bets/resources/bets.temp' is opened by 1589@MacBook-Air-de-Marion-3.local

[2020-03-12 15:36:35 #2 type.registry] 
New type domain.Question

[2020-03-12 15:36:35 #3 type] 
Type domain.Question is not enhanced.

[2020-03-12 15:36:35 #4 type.registry] 
New type domain.Event

[2020-03-12 15:36:35 #5 type.registry] 
New type domain.BetChoice

[2020-03-12 15:36:35 #6 type.registry] 
New type java.util.Vector<domain.BetChoice>

[2020-03-12 15:36:35 #7 type] 
Type domain.Event is not enhanced.

[2020-03-12 15:36:35 #8 type.registry] 
New type domain.Sport

[2020-03-12 15:36:35 #9 type.registry] 
New type java.util.Vector<domain.Question>

[2020-03-12 15:36:35 #10 type] 
Type domain.BetChoice is not enhanced.

[2020-03-12 15:36:35 #11 type.registry] 
New type domain.UserBet

[2020-03-12 15:36:35 #12 type.registry] 
New type java.util.Vector<domain.UserBet>

[2020-03-12 15:36:35 #13 type] 
Type domain.Sport is not enhanced.

[2020-03-12 15:36:35 #14 type.registry] 
New type java.util.Vector<domain.Event>

[2020-03-12 15:36:35 #15 type] 
Type domain.UserBet is not enhanced.

[2020-03-12 15:36:35 #16 type.registry] 
New type domain.User

[2020-03-12 15:36:35 #17 type] 
Type domain.User is not enhanced.

[2020-03-12 15:36:35 #18 type.registry] 
New type java.util.Vector<domain.Sport>

[2020-03-12 15:36:35 #19 type.registry] 
New type java.util.Vector<domain.User>

[2020-03-12 15:36:35 #20 type.registry] 
New type domain.Admin

[2020-03-12 15:36:35 #21 type] 
Type domain.Admin is not enhanced.

[2020-03-12 15:36:35 #22 type.registry] 
New type java.util.Vector<java.lang.Object>

------------------------------------------------------------------------------------------------------------------------

[2020-03-12 15:38:51 #1 store] 
Database '/Users/Marion_brnrd/git/Bets_Project/Bets/resources/bets.temp' is opened by 1591@MacBook-Air-de-Marion-3.local

[2020-03-12 15:38:52 #2 type.registry] 
New type domain.Question

[2020-03-12 15:38:52 #3 type] 
Type domain.Question is not enhanced.

[2020-03-12 15:38:52 #4 type.registry] 
New type domain.Event

[2020-03-12 15:38:52 #5 type.registry] 
New type domain.BetChoice

[2020-03-12 15:38:52 #6 type.registry] 
New type java.util.Vector<domain.BetChoice>

[2020-03-12 15:38:52 #7 type] 
Type domain.Event is not enhanced.

[2020-03-12 15:38:52 #8 type.registry] 
New type domain.Sport

[2020-03-12 15:38:52 #9 type.registry] 
New type java.util.Vector<domain.Question>

[2020-03-12 15:38:52 #10 type] 
Type domain.BetChoice is not enhanced.

[2020-03-12 15:38:52 #11 type.registry] 
New type domain.UserBet

[2020-03-12 15:38:52 #12 type.registry] 
New type java.util.Vector<domain.UserBet>

[2020-03-12 15:38:52 #13 type] 
Type domain.Sport is not enhanced.

[2020-03-12 15:38:52 #14 type.registry] 
New type java.util.Vector<domain.Event>

[2020-03-12 15:38:52 #15 type] 
Type domain.UserBet is not enhanced.

[2020-03-12 15:38:52 #16 type.registry] 
New type domain.User

[2020-03-12 15:38:52 #17 type] 
Type domain.User is not enhanced.

[2020-03-12 15:38:52 #18 type.registry] 
New type java.util.Vector<domain.Sport>

[2020-03-12 15:38:52 #19 type.registry] 
New type java.util.Vector<domain.User>

[2020-03-12 15:38:52 #20 type.registry] 
New type domain.Admin

[2020-03-12 15:38:52 #21 type] 
Type domain.Admin is not enhanced.

[2020-03-12 15:38:52 #22 type.registry] 
New type java.util.Vector<java.lang.Object>

------------------------------------------------------------------------------------------------------------------------

[2020-03-12 15:40:45 #1 store] 
Database '/Users/Marion_brnrd/git/Bets_Project/Bets/resources/bets.temp' is opened by 1602@MacBook-Air-de-Marion-3.local

[2020-03-12 15:40:46 #2 type.registry] 
New type domain.Question

[2020-03-12 15:40:46 #3 type] 
Type domain.Question is not enhanced.

[2020-03-12 15:40:46 #4 type.registry] 
New type domain.Event

[2020-03-12 15:40:46 #5 type.registry] 
New type domain.BetChoice

[2020-03-12 15:40:46 #6 type.registry] 
New type java.util.Vector<domain.BetChoice>

[2020-03-12 15:40:46 #7 type] 
Type domain.Event is not enhanced.

[2020-03-12 15:40:46 #8 type.registry] 
New type domain.Sport

[2020-03-12 15:40:46 #9 type.registry] 
New type java.util.Vector<domain.Question>

[2020-03-12 15:40:46 #10 type] 
Type domain.BetChoice is not enhanced.

[2020-03-12 15:40:46 #11 type.registry] 
New type domain.UserBet

[2020-03-12 15:40:46 #12 type.registry] 
New type java.util.Vector<domain.UserBet>

[2020-03-12 15:40:46 #13 type] 
Type domain.Sport is not enhanced.

[2020-03-12 15:40:46 #14 type.registry] 
New type java.util.Vector<domain.Event>

[2020-03-12 15:40:46 #15 type] 
Type domain.UserBet is not enhanced.

[2020-03-12 15:40:46 #16 type.registry] 
New type domain.User

[2020-03-12 15:40:46 #17 type] 
Type domain.User is not enhanced.

[2020-03-12 15:40:46 #18 type.registry] 
New type java.util.Vector<domain.Sport>

[2020-03-12 15:40:46 #19 type.registry] 
New type java.util.Vector<domain.User>

[2020-03-12 15:40:46 #20 type.registry] 
New type domain.Admin

[2020-03-12 15:40:46 #21 type] 
Type domain.Admin is not enhanced.

[2020-03-12 15:40:46 #22 type.registry] 
New type java.util.Vector<java.lang.Object>

------------------------------------------------------------------------------------------------------------------------

[2020-03-12 15:41:35 #1 store] 
Database '/Users/Marion_brnrd/git/Bets_Project/Bets/resources/bets.temp' is opened by 1604@MacBook-Air-de-Marion-3.local

[2020-03-12 15:41:35 #2 type.registry] 
New type domain.Question

[2020-03-12 15:41:35 #3 type] 
Type domain.Question is not enhanced.

[2020-03-12 15:41:35 #4 type.registry] 
New type domain.Event

[2020-03-12 15:41:35 #5 type.registry] 
New type domain.BetChoice

[2020-03-12 15:41:35 #6 type.registry] 
New type java.util.Vector<domain.BetChoice>

[2020-03-12 15:41:35 #7 type] 
Type domain.Event is not enhanced.

[2020-03-12 15:41:35 #8 type.registry] 
New type domain.Sport

[2020-03-12 15:41:35 #9 type.registry] 
New type java.util.Vector<domain.Question>

[2020-03-12 15:41:35 #10 type] 
Type domain.BetChoice is not enhanced.

[2020-03-12 15:41:35 #11 type.registry] 
New type domain.UserBet

[2020-03-12 15:41:35 #12 type.registry] 
New type java.util.Vector<domain.UserBet>

[2020-03-12 15:41:35 #13 type] 
Type domain.Sport is not enhanced.

[2020-03-12 15:41:35 #14 type.registry] 
New type java.util.Vector<domain.Event>

[2020-03-12 15:41:35 #15 type] 
Type domain.UserBet is not enhanced.

[2020-03-12 15:41:35 #16 type.registry] 
New type domain.User

[2020-03-12 15:41:35 #17 type] 
Type domain.User is not enhanced.

[2020-03-12 15:41:35 #18 type.registry] 
New type java.util.Vector<domain.Sport>

[2020-03-12 15:41:35 #19 type.registry] 
New type java.util.Vector<domain.User>

[2020-03-12 15:41:35 #20 type.registry] 
New type domain.Admin

[2020-03-12 15:41:35 #21 type] 
Type domain.Admin is not enhanced.

[2020-03-12 15:41:35 #22 type.registry] 
New type java.util.Vector<java.lang.Object>

------------------------------------------------------------------------------------------------------------------------

[2020-03-12 15:43:03 #1 store] 
Database '/Users/Marion_brnrd/git/Bets_Project/Bets/resources/bets.temp' is opened by 1605@MacBook-Air-de-Marion-3.local

[2020-03-12 15:43:03 #2 type.registry] 
New type domain.Question

[2020-03-12 15:43:03 #3 type] 
Type domain.Question is not enhanced.

[2020-03-12 15:43:03 #4 type.registry] 
New type domain.Event

[2020-03-12 15:43:03 #5 type.registry] 
New type domain.BetChoice

[2020-03-12 15:43:03 #6 type.registry] 
New type java.util.Vector<domain.BetChoice>

[2020-03-12 15:43:03 #7 type] 
Type domain.Event is not enhanced.

[2020-03-12 15:43:03 #8 type.registry] 
New type domain.Sport

[2020-03-12 15:43:03 #9 type.registry] 
New type java.util.Vector<domain.Question>

[2020-03-12 15:43:03 #10 type] 
Type domain.BetChoice is not enhanced.

[2020-03-12 15:43:03 #11 type.registry] 
New type domain.UserBet

[2020-03-12 15:43:03 #12 type.registry] 
New type java.util.Vector<domain.UserBet>

[2020-03-12 15:43:03 #13 type] 
Type domain.Sport is not enhanced.

[2020-03-12 15:43:03 #14 type.registry] 
New type java.util.Vector<domain.Event>

[2020-03-12 15:43:03 #15 type] 
Type domain.UserBet is not enhanced.

[2020-03-12 15:43:03 #16 type.registry] 
New type domain.User

[2020-03-12 15:43:03 #17 type] 
Type domain.User is not enhanced.

[2020-03-12 15:43:03 #18 type.registry] 
New type java.util.Vector<domain.Sport>

[2020-03-12 15:43:03 #19 type.registry] 
New type java.util.Vector<domain.User>

[2020-03-12 15:43:03 #20 type.registry] 
New type domain.Admin

[2020-03-12 15:43:03 #21 type] 
Type domain.Admin is not enhanced.

[2020-03-12 15:43:03 #22 type.registry] 
New type java.util.Vector<java.lang.Object>

------------------------------------------------------------------------------------------------------------------------

[2020-03-12 15:44:47 #1 store] 
Database '/Users/Marion_brnrd/git/Bets_Project/Bets/resources/bets.temp' is opened by 1607@MacBook-Air-de-Marion-3.local

[2020-03-12 15:44:47 #2 type.registry] 
New type domain.Question

[2020-03-12 15:44:47 #3 type] 
Type domain.Question is not enhanced.

[2020-03-12 15:44:47 #4 type.registry] 
New type domain.Event

[2020-03-12 15:44:47 #5 type.registry] 
New type domain.BetChoice

[2020-03-12 15:44:47 #6 type.registry] 
New type java.util.Vector<domain.BetChoice>

[2020-03-12 15:44:47 #7 type] 
Type domain.Event is not enhanced.

[2020-03-12 15:44:47 #8 type.registry] 
New type domain.Sport

[2020-03-12 15:44:47 #9 type.registry] 
New type java.util.Vector<domain.Question>

[2020-03-12 15:44:47 #10 type] 
Type domain.BetChoice is not enhanced.

[2020-03-12 15:44:47 #11 type.registry] 
New type domain.UserBet

[2020-03-12 15:44:47 #12 type.registry] 
New type java.util.Vector<domain.UserBet>

[2020-03-12 15:44:47 #13 type] 
Type domain.Sport is not enhanced.

[2020-03-12 15:44:47 #14 type.registry] 
New type java.util.Vector<domain.Event>

[2020-03-12 15:44:47 #15 type] 
Type domain.UserBet is not enhanced.

[2020-03-12 15:44:47 #16 type.registry] 
New type domain.User

[2020-03-12 15:44:47 #17 type] 
Type domain.User is not enhanced.

[2020-03-12 15:44:47 #18 type.registry] 
New type java.util.Vector<domain.Sport>

[2020-03-12 15:44:47 #19 type.registry] 
New type java.util.Vector<domain.User>

[2020-03-12 15:44:47 #20 type.registry] 
New type domain.Admin

[2020-03-12 15:44:47 #21 type] 
Type domain.Admin is not enhanced.

[2020-03-12 15:44:47 #22 type.registry] 
New type java.util.Vector<java.lang.Object>

------------------------------------------------------------------------------------------------------------------------

[2020-03-12 15:47:22 #1 store] 
Database '/Users/Marion_brnrd/git/Bets_Project/Bets/resources/bets.temp' is opened by 1608@MacBook-Air-de-Marion-3.local

[2020-03-12 15:47:23 #2 type.registry] 
New type domain.Question

[2020-03-12 15:47:23 #3 type] 
Type domain.Question is not enhanced.

[2020-03-12 15:47:23 #4 type.registry] 
New type domain.Event

[2020-03-12 15:47:23 #5 type.registry] 
New type domain.BetChoice

[2020-03-12 15:47:23 #6 type.registry] 
New type java.util.Vector<domain.BetChoice>

[2020-03-12 15:47:23 #7 type] 
Type domain.Event is not enhanced.

[2020-03-12 15:47:23 #8 type.registry] 
New type domain.Sport

[2020-03-12 15:47:23 #9 type.registry] 
New type java.util.Vector<domain.Question>

[2020-03-12 15:47:23 #10 type] 
Type domain.BetChoice is not enhanced.

[2020-03-12 15:47:23 #11 type.registry] 
New type domain.UserBet

[2020-03-12 15:47:23 #12 type.registry] 
New type java.util.Vector<domain.UserBet>

[2020-03-12 15:47:23 #13 type] 
Type domain.Sport is not enhanced.

[2020-03-12 15:47:23 #14 type.registry] 
New type java.util.Vector<domain.Event>

[2020-03-12 15:47:23 #15 type] 
Type domain.UserBet is not enhanced.

[2020-03-12 15:47:23 #16 type.registry] 
New type domain.User

[2020-03-12 15:47:23 #17 type] 
Type domain.User is not enhanced.

[2020-03-12 15:47:23 #18 type.registry] 
New type java.util.Vector<domain.Sport>

[2020-03-12 15:47:23 #19 type.registry] 
New type java.util.Vector<domain.User>

[2020-03-12 15:47:23 #20 type.registry] 
New type domain.Admin

[2020-03-12 15:47:23 #21 type] 
Type domain.Admin is not enhanced.

[2020-03-12 15:47:23 #22 type.registry] 
New type java.util.Vector<java.lang.Object>

------------------------------------------------------------------------------------------------------------------------

[2020-03-12 15:50:40 #1 store] 
Database '/Users/Marion_brnrd/git/Bets_Project/Bets/resources/bets.temp' is opened by 1613@MacBook-Air-de-Marion-3.local

[2020-03-12 15:50:41 #2 type.registry] 
New type domain.Question

[2020-03-12 15:50:41 #3 type] 
Type domain.Question is not enhanced.

[2020-03-12 15:50:41 #4 type.registry] 
New type domain.Event

[2020-03-12 15:50:41 #5 type.registry] 
New type domain.BetChoice

[2020-03-12 15:50:41 #6 type.registry] 
New type java.util.Vector<domain.BetChoice>

[2020-03-12 15:50:41 #7 type] 
Type domain.Event is not enhanced.

[2020-03-12 15:50:41 #8 type.registry] 
New type domain.Sport

[2020-03-12 15:50:41 #9 type.registry] 
New type java.util.Vector<domain.Question>

[2020-03-12 15:50:41 #10 type] 
Type domain.BetChoice is not enhanced.

[2020-03-12 15:50:41 #11 type.registry] 
New type domain.UserBet

[2020-03-12 15:50:41 #12 type.registry] 
New type java.util.Vector<domain.UserBet>

[2020-03-12 15:50:41 #13 type] 
Type domain.Sport is not enhanced.

[2020-03-12 15:50:41 #14 type.registry] 
New type java.util.Vector<domain.Event>

[2020-03-12 15:50:41 #15 type] 
Type domain.UserBet is not enhanced.

[2020-03-12 15:50:41 #16 type.registry] 
New type domain.User

[2020-03-12 15:50:41 #17 type] 
Type domain.User is not enhanced.

[2020-03-12 15:50:41 #18 type.registry] 
New type java.util.Vector<domain.Sport>

[2020-03-12 15:50:41 #19 type.registry] 
New type java.util.Vector<domain.User>

[2020-03-12 15:50:41 #20 type.registry] 
New type domain.Admin

[2020-03-12 15:50:41 #21 type] 
Type domain.Admin is not enhanced.

[2020-03-12 15:50:41 #22 type.registry] 
New type java.util.Vector<java.lang.Object>

------------------------------------------------------------------------------------------------------------------------

[2020-03-12 15:52:35 #1 store] 
Database '/Users/Marion_brnrd/git/Bets_Project/Bets/resources/bets.temp' is opened by 1630@MacBook-Air-de-Marion-3.local

[2020-03-12 15:52:36 #2 type.registry] 
New type domain.Question

[2020-03-12 15:52:36 #3 type] 
Type domain.Question is not enhanced.

[2020-03-12 15:52:36 #4 type.registry] 
New type domain.Event

[2020-03-12 15:52:36 #5 type.registry] 
New type domain.BetChoice

[2020-03-12 15:52:36 #6 type.registry] 
New type java.util.Vector<domain.BetChoice>

[2020-03-12 15:52:36 #7 type] 
Type domain.Event is not enhanced.

[2020-03-12 15:52:36 #8 type.registry] 
New type domain.Sport

[2020-03-12 15:52:36 #9 type.registry] 
New type java.util.Vector<domain.Question>

[2020-03-12 15:52:36 #10 type] 
Type domain.BetChoice is not enhanced.

[2020-03-12 15:52:36 #11 type.registry] 
New type domain.UserBet

[2020-03-12 15:52:36 #12 type.registry] 
New type java.util.Vector<domain.UserBet>

[2020-03-12 15:52:36 #13 type] 
Type domain.Sport is not enhanced.

[2020-03-12 15:52:36 #14 type.registry] 
New type java.util.Vector<domain.Event>

[2020-03-12 15:52:36 #15 type] 
Type domain.UserBet is not enhanced.

[2020-03-12 15:52:36 #16 type.registry] 
New type domain.User

[2020-03-12 15:52:36 #17 type] 
Type domain.User is not enhanced.

[2020-03-12 15:52:36 #18 type.registry] 
New type java.util.Vector<domain.Sport>

[2020-03-12 15:52:36 #19 type.registry] 
New type java.util.Vector<domain.User>

[2020-03-12 15:52:36 #20 type.registry] 
New type domain.Admin

[2020-03-12 15:52:36 #21 type] 
Type domain.Admin is not enhanced.

[2020-03-12 15:52:36 #22 type.registry] 
New type java.util.Vector<java.lang.Object>

------------------------------------------------------------------------------------------------------------------------

[2020-03-12 15:53:29 #1 store] 
Database '/Users/Marion_brnrd/git/Bets_Project/Bets/resources/bets.temp' is opened by 1633@MacBook-Air-de-Marion-3.local

[2020-03-12 15:53:29 #2 type.registry] 
New type domain.Question

[2020-03-12 15:53:29 #3 type] 
Type domain.Question is not enhanced.

[2020-03-12 15:53:29 #4 type.registry] 
New type domain.Event

[2020-03-12 15:53:29 #5 type.registry] 
New type domain.BetChoice

[2020-03-12 15:53:29 #6 type.registry] 
New type java.util.Vector<domain.BetChoice>

[2020-03-12 15:53:29 #7 type] 
Type domain.Event is not enhanced.

[2020-03-12 15:53:29 #8 type.registry] 
New type domain.Sport

[2020-03-12 15:53:29 #9 type.registry] 
New type java.util.Vector<domain.Question>

[2020-03-12 15:53:29 #10 type] 
Type domain.BetChoice is not enhanced.

[2020-03-12 15:53:29 #11 type.registry] 
New type domain.UserBet

[2020-03-12 15:53:29 #12 type.registry] 
New type java.util.Vector<domain.UserBet>

[2020-03-12 15:53:29 #13 type] 
Type domain.Sport is not enhanced.

[2020-03-12 15:53:29 #14 type.registry] 
New type java.util.Vector<domain.Event>

[2020-03-12 15:53:29 #15 type] 
Type domain.UserBet is not enhanced.

[2020-03-12 15:53:29 #16 type.registry] 
New type domain.User

[2020-03-12 15:53:29 #17 type] 
Type domain.User is not enhanced.

[2020-03-12 15:53:29 #18 type.registry] 
New type java.util.Vector<domain.Sport>

[2020-03-12 15:53:29 #19 type.registry] 
New type java.util.Vector<domain.User>

[2020-03-12 15:53:29 #20 type.registry] 
New type domain.Admin

[2020-03-12 15:53:29 #21 type] 
Type domain.Admin is not enhanced.

[2020-03-12 15:53:29 #22 type.registry] 
New type java.util.Vector<java.lang.Object>

------------------------------------------------------------------------------------------------------------------------

[2020-03-12 15:54:07 #1 store] 
Database '/Users/Marion_brnrd/git/Bets_Project/Bets/resources/bets.temp' is opened by 1635@MacBook-Air-de-Marion-3.local

[2020-03-12 15:54:07 #2 type.registry] 
New type domain.Question

[2020-03-12 15:54:07 #3 type] 
Type domain.Question is not enhanced.

[2020-03-12 15:54:07 #4 type.registry] 
New type domain.Event

[2020-03-12 15:54:07 #5 type.registry] 
New type domain.BetChoice

[2020-03-12 15:54:07 #6 type.registry] 
New type java.util.Vector<domain.BetChoice>

[2020-03-12 15:54:07 #7 type] 
Type domain.Event is not enhanced.

[2020-03-12 15:54:07 #8 type.registry] 
New type domain.Sport

[2020-03-12 15:54:07 #9 type.registry] 
New type java.util.Vector<domain.Question>

[2020-03-12 15:54:07 #10 type] 
Type domain.BetChoice is not enhanced.

[2020-03-12 15:54:07 #11 type.registry] 
New type domain.UserBet

[2020-03-12 15:54:07 #12 type.registry] 
New type java.util.Vector<domain.UserBet>

[2020-03-12 15:54:07 #13 type] 
Type domain.Sport is not enhanced.

[2020-03-12 15:54:07 #14 type.registry] 
New type java.util.Vector<domain.Event>

[2020-03-12 15:54:07 #15 type] 
Type domain.UserBet is not enhanced.

[2020-03-12 15:54:07 #16 type.registry] 
New type domain.User

[2020-03-12 15:54:07 #17 type] 
Type domain.User is not enhanced.

[2020-03-12 15:54:07 #18 type.registry] 
New type java.util.Vector<domain.Sport>

[2020-03-12 15:54:07 #19 type.registry] 
New type java.util.Vector<domain.User>

[2020-03-12 15:54:07 #20 type.registry] 
New type domain.Admin

[2020-03-12 15:54:07 #21 type] 
Type domain.Admin is not enhanced.

[2020-03-12 15:54:07 #22 type.registry] 
New type java.util.Vector<java.lang.Object>

------------------------------------------------------------------------------------------------------------------------

[2020-03-12 15:54:58 #1 store] 
Database '/Users/Marion_brnrd/git/Bets_Project/Bets/resources/bets.temp' is opened by 1636@MacBook-Air-de-Marion-3.local

[2020-03-12 15:54:58 #2 type.registry] 
New type domain.Question

[2020-03-12 15:54:58 #3 type] 
Type domain.Question is not enhanced.

[2020-03-12 15:54:58 #4 type.registry] 
New type domain.Event

[2020-03-12 15:54:58 #5 type.registry] 
New type domain.BetChoice

[2020-03-12 15:54:58 #6 type.registry] 
New type java.util.Vector<domain.BetChoice>

[2020-03-12 15:54:58 #7 type] 
Type domain.Event is not enhanced.

[2020-03-12 15:54:58 #8 type.registry] 
New type domain.Sport

[2020-03-12 15:54:58 #9 type.registry] 
New type java.util.Vector<domain.Question>

[2020-03-12 15:54:58 #10 type] 
Type domain.BetChoice is not enhanced.

[2020-03-12 15:54:58 #11 type.registry] 
New type domain.UserBet

[2020-03-12 15:54:58 #12 type.registry] 
New type java.util.Vector<domain.UserBet>

[2020-03-12 15:54:58 #13 type] 
Type domain.Sport is not enhanced.

[2020-03-12 15:54:58 #14 type.registry] 
New type java.util.Vector<domain.Event>

[2020-03-12 15:54:58 #15 type] 
Type domain.UserBet is not enhanced.

[2020-03-12 15:54:58 #16 type.registry] 
New type domain.User

[2020-03-12 15:54:58 #17 type] 
Type domain.User is not enhanced.

[2020-03-12 15:54:58 #18 type.registry] 
New type java.util.Vector<domain.Sport>

[2020-03-12 15:54:58 #19 type.registry] 
New type java.util.Vector<domain.User>

[2020-03-12 15:54:58 #20 type.registry] 
New type domain.Admin

[2020-03-12 15:54:58 #21 type] 
Type domain.Admin is not enhanced.

[2020-03-12 15:54:58 #22 type.registry] 
New type java.util.Vector<java.lang.Object>

------------------------------------------------------------------------------------------------------------------------

[2020-03-12 16:04:04 #1 store] 
Database '/Users/Marion_brnrd/git/Bets_Project/Bets/resources/bets.temp' is opened by 1643@MacBook-Air-de-Marion-3.local

[2020-03-12 16:04:04 #2 type.registry] 
New type domain.Question

[2020-03-12 16:04:04 #3 type] 
Type domain.Question is not enhanced.

[2020-03-12 16:04:04 #4 type.registry] 
New type domain.Event

[2020-03-12 16:04:04 #5 type.registry] 
New type domain.BetChoice

[2020-03-12 16:04:04 #6 type.registry] 
New type java.util.Vector<domain.BetChoice>

[2020-03-12 16:04:04 #7 type] 
Type domain.Event is not enhanced.

[2020-03-12 16:04:04 #8 type.registry] 
New type domain.Sport

[2020-03-12 16:04:04 #9 type.registry] 
New type java.util.Vector<domain.Question>

[2020-03-12 16:04:04 #10 type] 
Type domain.BetChoice is not enhanced.

[2020-03-12 16:04:04 #11 type.registry] 
New type domain.UserBet

[2020-03-12 16:04:04 #12 type.registry] 
New type java.util.Vector<domain.UserBet>

[2020-03-12 16:04:04 #13 type] 
Type domain.Sport is not enhanced.

[2020-03-12 16:04:04 #14 type.registry] 
New type java.util.Vector<domain.Event>

[2020-03-12 16:04:04 #15 type] 
Type domain.UserBet is not enhanced.

[2020-03-12 16:04:04 #16 type.registry] 
New type domain.User

[2020-03-12 16:04:04 #17 type] 
Type domain.User is not enhanced.

[2020-03-12 16:04:04 #18 type.registry] 
New type java.util.Vector<domain.Sport>

[2020-03-12 16:04:04 #19 type.registry] 
New type java.util.Vector<domain.User>

[2020-03-12 16:04:04 #20 type.registry] 
New type domain.Admin

[2020-03-12 16:04:04 #21 type] 
Type domain.Admin is not enhanced.

[2020-03-12 16:04:04 #22 type.registry] 
New type java.util.Vector<java.lang.Object>

------------------------------------------------------------------------------------------------------------------------

[2020-03-12 16:07:07 #1 store] 
Database '/Users/Marion_brnrd/git/Bets_Project/Bets/resources/bets.temp' is opened by 1661@MacBook-Air-de-Marion-3.local

[2020-03-12 16:07:07 #2 type.registry] 
New type domain.Question

[2020-03-12 16:07:07 #3 type] 
Type domain.Question is not enhanced.

[2020-03-12 16:07:07 #4 type.registry] 
New type domain.Event

[2020-03-12 16:07:07 #5 type.registry] 
New type domain.BetChoice

[2020-03-12 16:07:07 #6 type.registry] 
New type java.util.Vector<domain.BetChoice>

[2020-03-12 16:07:07 #7 type] 
Type domain.Event is not enhanced.

[2020-03-12 16:07:07 #8 type.registry] 
New type domain.Sport

[2020-03-12 16:07:07 #9 type.registry] 
New type java.util.Vector<domain.Question>

[2020-03-12 16:07:07 #10 type] 
Type domain.BetChoice is not enhanced.

[2020-03-12 16:07:07 #11 type.registry] 
New type domain.UserBet

[2020-03-12 16:07:07 #12 type.registry] 
New type java.util.Vector<domain.UserBet>

[2020-03-12 16:07:07 #13 type] 
Type domain.Sport is not enhanced.

[2020-03-12 16:07:07 #14 type.registry] 
New type java.util.Vector<domain.Event>

[2020-03-12 16:07:07 #15 type] 
Type domain.UserBet is not enhanced.

[2020-03-12 16:07:07 #16 type.registry] 
New type domain.User

[2020-03-12 16:07:07 #17 type] 
Type domain.User is not enhanced.

[2020-03-12 16:07:07 #18 type.registry] 
New type java.util.Vector<domain.Sport>

[2020-03-12 16:07:07 #19 type.registry] 
New type java.util.Vector<domain.User>

[2020-03-12 16:07:07 #20 type.registry] 
New type domain.Admin

[2020-03-12 16:07:07 #21 type] 
Type domain.Admin is not enhanced.

[2020-03-12 16:07:07 #22 type.registry] 
New type java.util.Vector<java.lang.Object>

------------------------------------------------------------------------------------------------------------------------

[2020-03-12 16:07:58 #1 store] 
Database '/Users/Marion_brnrd/git/Bets_Project/Bets/resources/bets.temp' is opened by 1662@MacBook-Air-de-Marion-3.local

[2020-03-12 16:07:58 #2 type.registry] 
New type domain.Question

[2020-03-12 16:07:58 #3 type] 
Type domain.Question is not enhanced.

[2020-03-12 16:07:58 #4 type.registry] 
New type domain.Event

[2020-03-12 16:07:58 #5 type.registry] 
New type domain.BetChoice

[2020-03-12 16:07:58 #6 type.registry] 
New type java.util.Vector<domain.BetChoice>

[2020-03-12 16:07:58 #7 type] 
Type domain.Event is not enhanced.

[2020-03-12 16:07:58 #8 type.registry] 
New type domain.Sport

[2020-03-12 16:07:58 #9 type.registry] 
New type java.util.Vector<domain.Question>

[2020-03-12 16:07:58 #10 type] 
Type domain.BetChoice is not enhanced.

[2020-03-12 16:07:58 #11 type.registry] 
New type domain.UserBet

[2020-03-12 16:07:58 #12 type.registry] 
New type java.util.Vector<domain.UserBet>

[2020-03-12 16:07:58 #13 type] 
Type domain.Sport is not enhanced.

[2020-03-12 16:07:58 #14 type.registry] 
New type java.util.Vector<domain.Event>

[2020-03-12 16:07:58 #15 type] 
Type domain.UserBet is not enhanced.

[2020-03-12 16:07:58 #16 type.registry] 
New type domain.User

[2020-03-12 16:07:58 #17 type] 
Type domain.User is not enhanced.

[2020-03-12 16:07:58 #18 type.registry] 
New type java.util.Vector<domain.Sport>

[2020-03-12 16:07:58 #19 type.registry] 
New type java.util.Vector<domain.User>

[2020-03-12 16:07:58 #20 type.registry] 
New type domain.Admin

[2020-03-12 16:07:58 #21 type] 
Type domain.Admin is not enhanced.

[2020-03-12 16:07:58 #22 type.registry] 
New type java.util.Vector<java.lang.Object>

------------------------------------------------------------------------------------------------------------------------

[2020-03-12 16:13:27 #1 store] 
Database '/Users/Marion_brnrd/git/Bets_Project/Bets/resources/bets.temp' is opened by 1678@MacBook-Air-de-Marion-3.local

[2020-03-12 16:13:27 #2 type.registry] 
New type domain.Question

[2020-03-12 16:13:27 #3 type] 
Type domain.Question is not enhanced.

[2020-03-12 16:13:27 #4 type.registry] 
New type domain.Event

[2020-03-12 16:13:27 #5 type.registry] 
New type domain.BetChoice

[2020-03-12 16:13:27 #6 type.registry] 
New type java.util.Vector<domain.BetChoice>

[2020-03-12 16:13:27 #7 type] 
Type domain.Event is not enhanced.

[2020-03-12 16:13:27 #8 type.registry] 
New type domain.Sport

[2020-03-12 16:13:27 #9 type.registry] 
New type java.util.Vector<domain.Question>

[2020-03-12 16:13:27 #10 type] 
Type domain.BetChoice is not enhanced.

[2020-03-12 16:13:27 #11 type.registry] 
New type domain.UserBet

[2020-03-12 16:13:27 #12 type.registry] 
New type java.util.Vector<domain.UserBet>

[2020-03-12 16:13:27 #13 type] 
Type domain.Sport is not enhanced.

[2020-03-12 16:13:27 #14 type.registry] 
New type java.util.Vector<domain.Event>

[2020-03-12 16:13:27 #15 type] 
Type domain.UserBet is not enhanced.

[2020-03-12 16:13:27 #16 type.registry] 
New type domain.User

[2020-03-12 16:13:27 #17 type] 
Type domain.User is not enhanced.

[2020-03-12 16:13:27 #18 type.registry] 
New type java.util.Vector<domain.Sport>

[2020-03-12 16:13:27 #19 type.registry] 
New type java.util.Vector<domain.User>

[2020-03-12 16:13:27 #20 type.registry] 
New type domain.Admin

[2020-03-12 16:13:27 #21 type] 
Type domain.Admin is not enhanced.

[2020-03-12 16:13:27 #22 type.registry] 
New type java.util.Vector<java.lang.Object>

------------------------------------------------------------------------------------------------------------------------

[2020-03-12 16:16:00 #1 store] 
Database '/Users/Marion_brnrd/git/Bets_Project/Bets/resources/bets.temp' is opened by 1681@MacBook-Air-de-Marion-3.local

[2020-03-12 16:16:00 #2 type.registry] 
New type domain.Question

[2020-03-12 16:16:00 #3 type] 
Type domain.Question is not enhanced.

[2020-03-12 16:16:00 #4 type.registry] 
New type domain.Event

[2020-03-12 16:16:00 #5 type.registry] 
New type domain.BetChoice

[2020-03-12 16:16:00 #6 type.registry] 
New type java.util.Vector<domain.BetChoice>

[2020-03-12 16:16:00 #7 type] 
Type domain.Event is not enhanced.

[2020-03-12 16:16:00 #8 type.registry] 
New type domain.Sport

[2020-03-12 16:16:00 #9 type.registry] 
New type java.util.Vector<domain.Question>

[2020-03-12 16:16:00 #10 type] 
Type domain.BetChoice is not enhanced.

[2020-03-12 16:16:00 #11 type.registry] 
New type domain.UserBet

[2020-03-12 16:16:00 #12 type.registry] 
New type java.util.Vector<domain.UserBet>

[2020-03-12 16:16:00 #13 type] 
Type domain.Sport is not enhanced.

[2020-03-12 16:16:00 #14 type.registry] 
New type java.util.Vector<domain.Event>

[2020-03-12 16:16:00 #15 type] 
Type domain.UserBet is not enhanced.

[2020-03-12 16:16:00 #16 type.registry] 
New type domain.User

[2020-03-12 16:16:00 #17 type] 
Type domain.User is not enhanced.

[2020-03-12 16:16:00 #18 type.registry] 
New type java.util.Vector<domain.Sport>

[2020-03-12 16:16:00 #19 type.registry] 
New type java.util.Vector<domain.User>

[2020-03-12 16:16:00 #20 type.registry] 
New type domain.Admin

[2020-03-12 16:16:00 #21 type] 
Type domain.Admin is not enhanced.

[2020-03-12 16:16:00 #22 type.registry] 
New type java.util.Vector<java.lang.Object>

------------------------------------------------------------------------------------------------------------------------

[2020-03-12 16:17:12 #1 store] 
Database '/Users/Marion_brnrd/git/Bets_Project/Bets/resources/bets.temp' is opened by 1688@MacBook-Air-de-Marion-3.local

[2020-03-12 16:17:13 #2 type.registry] 
New type domain.Question

[2020-03-12 16:17:13 #3 type] 
Type domain.Question is not enhanced.

[2020-03-12 16:17:13 #4 type.registry] 
New type domain.Event

[2020-03-12 16:17:13 #5 type.registry] 
New type domain.BetChoice

[2020-03-12 16:17:13 #6 type.registry] 
New type java.util.Vector<domain.BetChoice>

[2020-03-12 16:17:13 #7 type] 
Type domain.Event is not enhanced.

[2020-03-12 16:17:13 #8 type.registry] 
New type domain.Sport

[2020-03-12 16:17:13 #9 type.registry] 
New type java.util.Vector<domain.Question>

[2020-03-12 16:17:13 #10 type] 
Type domain.BetChoice is not enhanced.

[2020-03-12 16:17:13 #11 type.registry] 
New type domain.UserBet

[2020-03-12 16:17:13 #12 type.registry] 
New type java.util.Vector<domain.UserBet>

[2020-03-12 16:17:13 #13 type] 
Type domain.Sport is not enhanced.

[2020-03-12 16:17:13 #14 type.registry] 
New type java.util.Vector<domain.Event>

[2020-03-12 16:17:13 #15 type] 
Type domain.UserBet is not enhanced.

[2020-03-12 16:17:13 #16 type.registry] 
New type domain.User

[2020-03-12 16:17:13 #17 type] 
Type domain.User is not enhanced.

[2020-03-12 16:17:13 #18 type.registry] 
New type java.util.Vector<domain.Sport>

[2020-03-12 16:17:13 #19 type.registry] 
New type java.util.Vector<domain.User>

[2020-03-12 16:17:13 #20 type.registry] 
New type domain.Admin

[2020-03-12 16:17:13 #21 type] 
Type domain.Admin is not enhanced.

[2020-03-12 16:17:13 #22 type.registry] 
New type java.util.Vector<java.lang.Object>

------------------------------------------------------------------------------------------------------------------------

[2020-03-12 16:17:18 #1 store] 
Database '/Users/Marion_brnrd/git/Bets_Project/Bets/resources/bets.temp' is opened by 1689@MacBook-Air-de-Marion-3.local

[2020-03-12 16:17:19 #2 type.registry] 
New type domain.Question

[2020-03-12 16:17:19 #3 type] 
Type domain.Question is not enhanced.

[2020-03-12 16:17:19 #4 type.registry] 
New type domain.Event

[2020-03-12 16:17:19 #5 type.registry] 
New type domain.BetChoice

[2020-03-12 16:17:19 #6 type.registry] 
New type java.util.Vector<domain.BetChoice>

[2020-03-12 16:17:19 #7 type] 
Type domain.Event is not enhanced.

[2020-03-12 16:17:19 #8 type.registry] 
New type domain.Sport

[2020-03-12 16:17:19 #9 type.registry] 
New type java.util.Vector<domain.Question>

[2020-03-12 16:17:19 #10 type] 
Type domain.BetChoice is not enhanced.

[2020-03-12 16:17:19 #11 type.registry] 
New type domain.UserBet

[2020-03-12 16:17:19 #12 type.registry] 
New type java.util.Vector<domain.UserBet>

[2020-03-12 16:17:19 #13 type] 
Type domain.Sport is not enhanced.

[2020-03-12 16:17:19 #14 type.registry] 
New type java.util.Vector<domain.Event>

[2020-03-12 16:17:19 #15 type] 
Type domain.UserBet is not enhanced.

[2020-03-12 16:17:19 #16 type.registry] 
New type domain.User

[2020-03-12 16:17:19 #17 type] 
Type domain.User is not enhanced.

[2020-03-12 16:17:19 #18 type.registry] 
New type java.util.Vector<domain.Sport>

[2020-03-12 16:17:19 #19 type.registry] 
New type java.util.Vector<domain.User>

[2020-03-12 16:17:19 #20 type.registry] 
New type domain.Admin

[2020-03-12 16:17:19 #21 type] 
Type domain.Admin is not enhanced.

[2020-03-12 16:17:19 #22 type.registry] 
New type java.util.Vector<java.lang.Object>

------------------------------------------------------------------------------------------------------------------------

[2020-03-12 16:19:30 #1 store] 
Database '/Users/Marion_brnrd/git/Bets_Project/Bets/resources/bets.temp' is opened by 1701@MacBook-Air-de-Marion-3.local

[2020-03-12 16:19:31 #2 type.registry] 
New type domain.Question

[2020-03-12 16:19:31 #3 type] 
Type domain.Question is not enhanced.

[2020-03-12 16:19:31 #4 type.registry] 
New type domain.Event

[2020-03-12 16:19:31 #5 type.registry] 
New type domain.BetChoice

[2020-03-12 16:19:31 #6 type.registry] 
New type java.util.Vector<domain.BetChoice>

[2020-03-12 16:19:31 #7 type] 
Type domain.Event is not enhanced.

[2020-03-12 16:19:31 #8 type.registry] 
New type domain.Sport

[2020-03-12 16:19:31 #9 type.registry] 
New type java.util.Vector<domain.Question>

[2020-03-12 16:19:31 #10 type] 
Type domain.BetChoice is not enhanced.

[2020-03-12 16:19:31 #11 type.registry] 
New type domain.UserBet

[2020-03-12 16:19:31 #12 type.registry] 
New type java.util.Vector<domain.UserBet>

[2020-03-12 16:19:31 #13 type] 
Type domain.Sport is not enhanced.

[2020-03-12 16:19:31 #14 type.registry] 
New type java.util.Vector<domain.Event>

[2020-03-12 16:19:31 #15 type] 
Type domain.UserBet is not enhanced.

[2020-03-12 16:19:31 #16 type.registry] 
New type domain.User

[2020-03-12 16:19:31 #17 type] 
Type domain.User is not enhanced.

[2020-03-12 16:19:31 #18 type.registry] 
New type java.util.Vector<domain.Sport>

[2020-03-12 16:19:31 #19 type.registry] 
New type java.util.Vector<domain.User>

[2020-03-12 16:19:31 #20 type.registry] 
New type domain.Admin

[2020-03-12 16:19:31 #21 type] 
Type domain.Admin is not enhanced.

[2020-03-12 16:19:31 #22 type.registry] 
New type java.util.Vector<java.lang.Object>

------------------------------------------------------------------------------------------------------------------------

[2020-03-12 16:22:18 #1 store] 
Database '/Users/Marion_brnrd/git/Bets_Project/Bets/resources/bets.temp' is opened by 1703@MacBook-Air-de-Marion-3.local

[2020-03-12 16:22:19 #2 type.registry] 
New type domain.Question

[2020-03-12 16:22:19 #3 type] 
Type domain.Question is not enhanced.

[2020-03-12 16:22:19 #4 type.registry] 
New type domain.Event

[2020-03-12 16:22:19 #5 type.registry] 
New type domain.BetChoice

[2020-03-12 16:22:19 #6 type.registry] 
New type java.util.Vector<domain.BetChoice>

[2020-03-12 16:22:19 #7 type] 
Type domain.Event is not enhanced.

[2020-03-12 16:22:19 #8 type.registry] 
New type domain.Sport

[2020-03-12 16:22:19 #9 type.registry] 
New type java.util.Vector<domain.Question>

[2020-03-12 16:22:19 #10 type] 
Type domain.BetChoice is not enhanced.

[2020-03-12 16:22:19 #11 type.registry] 
New type domain.UserBet

[2020-03-12 16:22:19 #12 type.registry] 
New type java.util.Vector<domain.UserBet>

[2020-03-12 16:22:19 #13 type] 
Type domain.Sport is not enhanced.

[2020-03-12 16:22:19 #14 type.registry] 
New type java.util.Vector<domain.Event>

[2020-03-12 16:22:19 #15 type] 
Type domain.UserBet is not enhanced.

[2020-03-12 16:22:19 #16 type.registry] 
New type domain.User

[2020-03-12 16:22:19 #17 type] 
Type domain.User is not enhanced.

[2020-03-12 16:22:19 #18 type.registry] 
New type java.util.Vector<domain.Sport>

[2020-03-12 16:22:19 #19 type.registry] 
New type java.util.Vector<domain.User>

[2020-03-12 16:22:19 #20 type.registry] 
New type domain.Admin

[2020-03-12 16:22:19 #21 type] 
Type domain.Admin is not enhanced.

[2020-03-12 16:22:19 #22 type.registry] 
New type java.util.Vector<java.lang.Object>

------------------------------------------------------------------------------------------------------------------------

[2020-03-12 16:23:40 #1 store] 
Database '/Users/Marion_brnrd/git/Bets_Project/Bets/resources/bets.temp' is opened by 1705@MacBook-Air-de-Marion-3.local

[2020-03-12 16:23:40 #2 type.registry] 
New type domain.Question

[2020-03-12 16:23:40 #3 type] 
Type domain.Question is not enhanced.

[2020-03-12 16:23:40 #4 type.registry] 
New type domain.Event

[2020-03-12 16:23:40 #5 type.registry] 
New type domain.BetChoice

[2020-03-12 16:23:40 #6 type.registry] 
New type java.util.Vector<domain.BetChoice>

[2020-03-12 16:23:40 #7 type] 
Type domain.Event is not enhanced.

[2020-03-12 16:23:40 #8 type.registry] 
New type domain.Sport

[2020-03-12 16:23:40 #9 type.registry] 
New type java.util.Vector<domain.Question>

[2020-03-12 16:23:40 #10 type] 
Type domain.BetChoice is not enhanced.

[2020-03-12 16:23:40 #11 type.registry] 
New type domain.UserBet

[2020-03-12 16:23:40 #12 type.registry] 
New type java.util.Vector<domain.UserBet>

[2020-03-12 16:23:40 #13 type] 
Type domain.Sport is not enhanced.

[2020-03-12 16:23:40 #14 type.registry] 
New type java.util.Vector<domain.Event>

[2020-03-12 16:23:40 #15 type] 
Type domain.UserBet is not enhanced.

[2020-03-12 16:23:40 #16 type.registry] 
New type domain.User

[2020-03-12 16:23:40 #17 type] 
Type domain.User is not enhanced.

[2020-03-12 16:23:40 #18 type.registry] 
New type java.util.Vector<domain.Sport>

[2020-03-12 16:23:40 #19 type.registry] 
New type java.util.Vector<domain.User>

[2020-03-12 16:23:40 #20 type.registry] 
New type domain.Admin

[2020-03-12 16:23:40 #21 type] 
Type domain.Admin is not enhanced.

[2020-03-12 16:23:40 #22 type.registry] 
New type java.util.Vector<java.lang.Object>

------------------------------------------------------------------------------------------------------------------------

[2020-03-12 16:24:44 #1 store] 
Database '/Users/Marion_brnrd/git/Bets_Project/Bets/resources/bets.temp' is opened by 1706@MacBook-Air-de-Marion-3.local

[2020-03-12 16:24:45 #2 type.registry] 
New type domain.Question

[2020-03-12 16:24:45 #3 type] 
Type domain.Question is not enhanced.

[2020-03-12 16:24:45 #4 type.registry] 
New type domain.Event

[2020-03-12 16:24:45 #5 type.registry] 
New type domain.BetChoice

[2020-03-12 16:24:45 #6 type.registry] 
New type java.util.Vector<domain.BetChoice>

[2020-03-12 16:24:45 #7 type] 
Type domain.Event is not enhanced.

[2020-03-12 16:24:45 #8 type.registry] 
New type domain.Sport

[2020-03-12 16:24:45 #9 type.registry] 
New type java.util.Vector<domain.Question>

[2020-03-12 16:24:45 #10 type] 
Type domain.BetChoice is not enhanced.

[2020-03-12 16:24:45 #11 type.registry] 
New type domain.UserBet

[2020-03-12 16:24:45 #12 type.registry] 
New type java.util.Vector<domain.UserBet>

[2020-03-12 16:24:45 #13 type] 
Type domain.Sport is not enhanced.

[2020-03-12 16:24:45 #14 type.registry] 
New type java.util.Vector<domain.Event>

[2020-03-12 16:24:45 #15 type] 
Type domain.UserBet is not enhanced.

[2020-03-12 16:24:45 #16 type.registry] 
New type domain.User

[2020-03-12 16:24:45 #17 type] 
Type domain.User is not enhanced.

[2020-03-12 16:24:45 #18 type.registry] 
New type java.util.Vector<domain.Sport>

[2020-03-12 16:24:45 #19 type.registry] 
New type java.util.Vector<domain.User>

[2020-03-12 16:24:45 #20 type.registry] 
New type domain.Admin

[2020-03-12 16:24:45 #21 type] 
Type domain.Admin is not enhanced.

[2020-03-12 16:24:45 #22 type.registry] 
New type java.util.Vector<java.lang.Object>

