------------------------------------------------------------------------------------------------------------------------

[2020-03-29 17:21:39 #1 store] 
Database '/Users/Marion_brnrd/git/Bets_Project/Bets/resources/bets.temp' is opened by 5185@macbook-air-de-marion-3.home

[2020-03-29 17:21:40 #2 type.registry] 
New type domain.Sport

[2020-03-29 17:21:40 #3 type] 
Type domain.Sport is not enhanced.

[2020-03-29 17:21:40 #4 type.registry] 
New type domain.Event

[2020-03-29 17:21:40 #5 type.registry] 
New type java.util.Vector<domain.Event>

[2020-03-29 17:21:40 #6 type] 
Type domain.Event is not enhanced.

[2020-03-29 17:21:40 #7 type.registry] 
New type domain.Question

[2020-03-29 17:21:40 #8 type.registry] 
New type java.util.Vector<domain.Question>

[2020-03-29 17:21:40 #9 type] 
Type domain.Question is not enhanced.

[2020-03-29 17:21:40 #10 type.registry] 
New type domain.BetChoice

[2020-03-29 17:21:40 #11 type.registry] 
New type java.util.Vector<domain.BetChoice>

[2020-03-29 17:21:40 #12 type] 
Type domain.BetChoice is not enhanced.

[2020-03-29 17:21:40 #13 type.registry] 
New type domain.UserBet

[2020-03-29 17:21:40 #14 type.registry] 
New type java.util.Vector<domain.UserBet>

[2020-03-29 17:21:40 #15 type] 
Type domain.UserBet is not enhanced.

[2020-03-29 17:21:40 #16 type.registry] 
New type domain.User

[2020-03-29 17:21:40 #17 type] 
Type domain.User is not enhanced.

[2020-03-29 17:21:40 #18 type.registry] 
New type domain.Report

[2020-03-29 17:21:40 #19 type.registry] 
New type java.util.Vector<domain.Report>

[2020-03-29 17:21:40 #20 type.registry] 
New type domain.Message

[2020-03-29 17:21:40 #21 type.registry] 
New type java.util.Vector<domain.Message>

[2020-03-29 17:21:40 #22 type.registry] 
New type java.util.Vector<domain.Sport>

[2020-03-29 17:21:40 #23 type.registry] 
New type java.util.Vector<domain.User>

[2020-03-29 17:21:40 #24 type] 
Type domain.Report is not enhanced.

[2020-03-29 17:21:40 #25 type.registry] 
New type domain.ReportType

[2020-03-29 17:21:40 #26 type] 
Type domain.Message is not enhanced.

[2020-03-29 17:21:40 #27 type.registry] 
New type domain.Admin

[2020-03-29 17:21:40 #28 type] 
Type domain.Admin is not enhanced.

[2020-03-29 17:21:40 #29 type.registry] 
New type java.util.Vector<java.lang.Object>

------------------------------------------------------------------------------------------------------------------------

[2020-03-29 19:22:02 #1 store] 
Database '/Users/Marion_brnrd/git/Bets_Project/Bets/resources/bets.temp' is opened by 5373@macbook-air-de-marion-3.home

[2020-03-29 19:22:02 #2 type.registry] 
New type domain.Sport

[2020-03-29 19:22:02 #3 type] 
Type domain.Sport is not enhanced.

[2020-03-29 19:22:02 #4 type.registry] 
New type domain.Event

[2020-03-29 19:22:02 #5 type.registry] 
New type java.util.Vector<domain.Event>

[2020-03-29 19:22:02 #6 type] 
Type domain.Event is not enhanced.

[2020-03-29 19:22:02 #7 type.registry] 
New type domain.Question

[2020-03-29 19:22:02 #8 type.registry] 
New type java.util.Vector<domain.Question>

[2020-03-29 19:22:02 #9 type] 
Type domain.Question is not enhanced.

[2020-03-29 19:22:02 #10 type.registry] 
New type domain.BetChoice

[2020-03-29 19:22:02 #11 type.registry] 
New type java.util.Vector<domain.BetChoice>

[2020-03-29 19:22:02 #12 type] 
Type domain.BetChoice is not enhanced.

[2020-03-29 19:22:02 #13 type.registry] 
New type domain.UserBet

[2020-03-29 19:22:02 #14 type.registry] 
New type java.util.Vector<domain.UserBet>

[2020-03-29 19:22:02 #15 type] 
Type domain.UserBet is not enhanced.

[2020-03-29 19:22:02 #16 type.registry] 
New type domain.User

[2020-03-29 19:22:02 #17 type] 
Type domain.User is not enhanced.

[2020-03-29 19:22:02 #18 type.registry] 
New type domain.Report

[2020-03-29 19:22:02 #19 type.registry] 
New type java.util.Vector<domain.Report>

[2020-03-29 19:22:02 #20 type.registry] 
New type domain.Message

[2020-03-29 19:22:02 #21 type.registry] 
New type java.util.Vector<domain.Message>

[2020-03-29 19:22:02 #22 type.registry] 
New type java.util.Vector<domain.Sport>

[2020-03-29 19:22:02 #23 type.registry] 
New type java.util.Vector<domain.User>

[2020-03-29 19:22:02 #24 type] 
Type domain.Report is not enhanced.

[2020-03-29 19:22:02 #25 type.registry] 
New type domain.ReportType

[2020-03-29 19:22:02 #26 type] 
Type domain.Message is not enhanced.

[2020-03-29 19:22:02 #27 type.registry] 
New type domain.Admin

[2020-03-29 19:22:02 #28 type] 
Type domain.Admin is not enhanced.

[2020-03-29 19:22:02 #29 type.registry] 
New type java.util.Vector<java.lang.Object>

