------------------------------------------------------------------------------------------------------------------------

[2020-03-01 11:49:05 #1 store] 
Database '/Users/Marion_brnrd/git/Bets_Project/Bets/resources/bets.temp' is opened by 837@MacBook-Air-de-Marion-3.local

[2020-03-01 11:49:06 #2 type.registry] 
New type domain.Question

[2020-03-01 11:49:06 #3 type] 
Type domain.Question is not enhanced.

[2020-03-01 11:49:06 #4 type.registry] 
New type domain.Event

[2020-03-01 11:49:06 #5 type.registry] 
New type domain.BetChoice

[2020-03-01 11:49:06 #6 type.registry] 
New type java.util.Vector<domain.BetChoice>

[2020-03-01 11:49:06 #7 type] 
Type domain.Event is not enhanced.

[2020-03-01 11:49:06 #8 type.registry] 
New type java.util.Vector<domain.Question>

[2020-03-01 11:49:06 #9 type] 
Type domain.BetChoice is not enhanced.

[2020-03-01 11:49:06 #10 type.registry] 
New type domain.UserBet

[2020-03-01 11:49:06 #11 type.registry] 
New type java.util.Vector<domain.UserBet>

[2020-03-01 11:49:06 #12 type] 
Type domain.UserBet is not enhanced.

[2020-03-01 11:49:06 #13 type.registry] 
New type domain.User

[2020-03-01 11:49:06 #14 type] 
Type domain.User is not enhanced.

[2020-03-01 11:49:06 #15 type.registry] 
New type java.util.Vector<domain.User>

[2020-03-01 11:49:06 #16 type.registry] 
New type domain.Admin

[2020-03-01 11:49:06 #17 type] 
Type domain.Admin is not enhanced.

[2020-03-01 11:49:06 #18 type.registry] 
New type java.util.Vector<java.lang.Object>

------------------------------------------------------------------------------------------------------------------------

[2020-03-01 11:52:43 #1 store] 
Database '/Users/Marion_brnrd/git/Bets_Project/Bets/resources/bets.temp' is opened by 863@MacBook-Air-de-Marion-3.local

[2020-03-01 11:52:43 #2 type.registry] 
New type domain.Question

[2020-03-01 11:52:43 #3 type] 
Type domain.Question is not enhanced.

[2020-03-01 11:52:43 #4 type.registry] 
New type domain.Event

[2020-03-01 11:52:43 #5 type.registry] 
New type domain.BetChoice

[2020-03-01 11:52:43 #6 type.registry] 
New type java.util.Vector<domain.BetChoice>

[2020-03-01 11:52:43 #7 type] 
Type domain.Event is not enhanced.

[2020-03-01 11:52:43 #8 type.registry] 
New type java.util.Vector<domain.Question>

[2020-03-01 11:52:43 #9 type] 
Type domain.BetChoice is not enhanced.

[2020-03-01 11:52:43 #10 type.registry] 
New type domain.UserBet

[2020-03-01 11:52:43 #11 type.registry] 
New type java.util.Vector<domain.UserBet>

[2020-03-01 11:52:43 #12 type] 
Type domain.UserBet is not enhanced.

[2020-03-01 11:52:43 #13 type.registry] 
New type domain.User

[2020-03-01 11:52:43 #14 type] 
Type domain.User is not enhanced.

[2020-03-01 11:52:43 #15 type.registry] 
New type java.util.Vector<domain.User>

[2020-03-01 11:52:43 #16 type.registry] 
New type domain.Admin

[2020-03-01 11:52:43 #17 type] 
Type domain.Admin is not enhanced.

[2020-03-01 11:52:43 #18 type.registry] 
New type java.util.Vector<java.lang.Object>

