------------------------------------------------------------------------------------------------------------------------

[2020-03-14 19:08:33 #1 store] 
Database '/Users/Marion_brnrd/git/Bets_Project/Bets/resources/bets.temp' is opened by 1645@MacBook-Air-de-Marion-3.local

[2020-03-14 19:08:34 #2 type.registry] 
New type domain.Question

[2020-03-14 19:08:34 #3 type] 
Type domain.Question is not enhanced.

[2020-03-14 19:08:34 #4 type.registry] 
New type domain.Event

[2020-03-14 19:08:34 #5 type.registry] 
New type domain.BetChoice

[2020-03-14 19:08:34 #6 type.registry] 
New type java.util.Vector<domain.BetChoice>

[2020-03-14 19:08:34 #7 type] 
Type domain.Event is not enhanced.

[2020-03-14 19:08:34 #8 type.registry] 
New type domain.Sport

[2020-03-14 19:08:34 #9 type.registry] 
New type java.util.Vector<domain.Question>

[2020-03-14 19:08:34 #10 type] 
Type domain.BetChoice is not enhanced.

[2020-03-14 19:08:34 #11 type.registry] 
New type domain.UserBet

[2020-03-14 19:08:34 #12 type.registry] 
New type java.util.Vector<domain.UserBet>

[2020-03-14 19:08:34 #13 type] 
Type domain.Sport is not enhanced.

[2020-03-14 19:08:34 #14 type.registry] 
New type java.util.Vector<domain.Event>

[2020-03-14 19:08:34 #15 type] 
Type domain.UserBet is not enhanced.

[2020-03-14 19:08:34 #16 type.registry] 
New type domain.User

[2020-03-14 19:08:34 #17 type] 
Type domain.User is not enhanced.

[2020-03-14 19:08:34 #18 type.registry] 
New type java.util.Vector<domain.Sport>

[2020-03-14 19:08:34 #19 type.registry] 
New type java.util.Vector<domain.User>

[2020-03-14 19:08:34 #20 type.registry] 
New type domain.Admin

[2020-03-14 19:08:34 #21 type] 
Type domain.Admin is not enhanced.

[2020-03-14 19:08:34 #22 type.registry] 
New type java.util.Vector<java.lang.Object>

------------------------------------------------------------------------------------------------------------------------

[2020-03-14 19:13:25 #1 store] 
Database '/Users/Marion_brnrd/git/Bets_Project/Bets/resources/bets.temp' is opened by 1658@MacBook-Air-de-Marion-3.local

[2020-03-14 19:13:25 #2 type.registry] 
New type domain.Question

[2020-03-14 19:13:25 #3 type] 
Type domain.Question is not enhanced.

[2020-03-14 19:13:25 #4 type.registry] 
New type domain.Event

[2020-03-14 19:13:25 #5 type.registry] 
New type domain.BetChoice

[2020-03-14 19:13:25 #6 type.registry] 
New type java.util.Vector<domain.BetChoice>

[2020-03-14 19:13:25 #7 type] 
Type domain.Event is not enhanced.

[2020-03-14 19:13:25 #8 type.registry] 
New type domain.Sport

[2020-03-14 19:13:25 #9 type.registry] 
New type java.util.Vector<domain.Question>

[2020-03-14 19:13:25 #10 type] 
Type domain.BetChoice is not enhanced.

[2020-03-14 19:13:25 #11 type.registry] 
New type domain.UserBet

[2020-03-14 19:13:25 #12 type.registry] 
New type java.util.Vector<domain.UserBet>

[2020-03-14 19:13:25 #13 type] 
Type domain.Sport is not enhanced.

[2020-03-14 19:13:25 #14 type.registry] 
New type java.util.Vector<domain.Event>

[2020-03-14 19:13:25 #15 type] 
Type domain.UserBet is not enhanced.

[2020-03-14 19:13:25 #16 type.registry] 
New type domain.User

[2020-03-14 19:13:25 #17 type] 
Type domain.User is not enhanced.

[2020-03-14 19:13:25 #18 type.registry] 
New type java.util.Vector<domain.Sport>

[2020-03-14 19:13:25 #19 type.registry] 
New type java.util.Vector<domain.User>

[2020-03-14 19:13:25 #20 type.registry] 
New type domain.Admin

[2020-03-14 19:13:25 #21 type] 
Type domain.Admin is not enhanced.

[2020-03-14 19:13:25 #22 type.registry] 
New type java.util.Vector<java.lang.Object>

------------------------------------------------------------------------------------------------------------------------

[2020-03-14 19:14:27 #1 store] 
Database '/Users/Marion_brnrd/git/Bets_Project/Bets/resources/bets.temp' is opened by 1659@MacBook-Air-de-Marion-3.local

[2020-03-14 19:14:28 #2 type.registry] 
New type domain.Question

[2020-03-14 19:14:28 #3 type] 
Type domain.Question is not enhanced.

[2020-03-14 19:14:28 #4 type.registry] 
New type domain.Event

[2020-03-14 19:14:28 #5 type.registry] 
New type domain.BetChoice

[2020-03-14 19:14:28 #6 type.registry] 
New type java.util.Vector<domain.BetChoice>

[2020-03-14 19:14:28 #7 type] 
Type domain.Event is not enhanced.

[2020-03-14 19:14:28 #8 type.registry] 
New type domain.Sport

[2020-03-14 19:14:28 #9 type.registry] 
New type java.util.Vector<domain.Question>

[2020-03-14 19:14:28 #10 type] 
Type domain.BetChoice is not enhanced.

[2020-03-14 19:14:28 #11 type.registry] 
New type domain.UserBet

[2020-03-14 19:14:28 #12 type.registry] 
New type java.util.Vector<domain.UserBet>

[2020-03-14 19:14:28 #13 type] 
Type domain.Sport is not enhanced.

[2020-03-14 19:14:28 #14 type.registry] 
New type java.util.Vector<domain.Event>

[2020-03-14 19:14:28 #15 type] 
Type domain.UserBet is not enhanced.

[2020-03-14 19:14:28 #16 type.registry] 
New type domain.User

[2020-03-14 19:14:28 #17 type] 
Type domain.User is not enhanced.

[2020-03-14 19:14:28 #18 type.registry] 
New type java.util.Vector<domain.Sport>

[2020-03-14 19:14:28 #19 type.registry] 
New type java.util.Vector<domain.User>

[2020-03-14 19:14:28 #20 type.registry] 
New type domain.Admin

[2020-03-14 19:14:28 #21 type] 
Type domain.Admin is not enhanced.

[2020-03-14 19:14:28 #22 type.registry] 
New type java.util.Vector<java.lang.Object>

------------------------------------------------------------------------------------------------------------------------

[2020-03-14 19:18:23 #1 store] 
Database '/Users/Marion_brnrd/git/Bets_Project/Bets/resources/bets.temp' is opened by 1670@MacBook-Air-de-Marion-3.local

[2020-03-14 19:18:23 #2 type.registry] 
New type domain.Question

[2020-03-14 19:18:23 #3 type] 
Type domain.Question is not enhanced.

[2020-03-14 19:18:23 #4 type.registry] 
New type domain.Event

[2020-03-14 19:18:23 #5 type.registry] 
New type domain.BetChoice

[2020-03-14 19:18:23 #6 type.registry] 
New type java.util.Vector<domain.BetChoice>

[2020-03-14 19:18:23 #7 type] 
Type domain.Event is not enhanced.

[2020-03-14 19:18:23 #8 type.registry] 
New type domain.Sport

[2020-03-14 19:18:23 #9 type.registry] 
New type java.util.Vector<domain.Question>

[2020-03-14 19:18:23 #10 type] 
Type domain.BetChoice is not enhanced.

[2020-03-14 19:18:23 #11 type.registry] 
New type domain.UserBet

[2020-03-14 19:18:23 #12 type.registry] 
New type java.util.Vector<domain.UserBet>

[2020-03-14 19:18:23 #13 type] 
Type domain.Sport is not enhanced.

[2020-03-14 19:18:23 #14 type.registry] 
New type java.util.Vector<domain.Event>

[2020-03-14 19:18:23 #15 type] 
Type domain.UserBet is not enhanced.

[2020-03-14 19:18:23 #16 type.registry] 
New type domain.User

[2020-03-14 19:18:23 #17 type] 
Type domain.User is not enhanced.

[2020-03-14 19:18:23 #18 type.registry] 
New type java.util.Vector<domain.Sport>

[2020-03-14 19:18:23 #19 type.registry] 
New type java.util.Vector<domain.User>

[2020-03-14 19:18:23 #20 type.registry] 
New type domain.Admin

[2020-03-14 19:18:23 #21 type] 
Type domain.Admin is not enhanced.

[2020-03-14 19:18:23 #22 type.registry] 
New type java.util.Vector<java.lang.Object>

------------------------------------------------------------------------------------------------------------------------

[2020-03-14 19:23:42 #1 store] 
Database '/Users/Marion_brnrd/git/Bets_Project/Bets/resources/bets.temp' is opened by 1681@MacBook-Air-de-Marion-3.local

[2020-03-14 19:23:43 #2 type.registry] 
New type domain.Question

[2020-03-14 19:23:43 #3 type] 
Type domain.Question is not enhanced.

[2020-03-14 19:23:43 #4 type.registry] 
New type domain.Event

[2020-03-14 19:23:43 #5 type.registry] 
New type domain.BetChoice

[2020-03-14 19:23:43 #6 type.registry] 
New type java.util.Vector<domain.BetChoice>

[2020-03-14 19:23:43 #7 type] 
Type domain.Event is not enhanced.

[2020-03-14 19:23:43 #8 type.registry] 
New type domain.Sport

[2020-03-14 19:23:43 #9 type.registry] 
New type java.util.Vector<domain.Question>

[2020-03-14 19:23:43 #10 type] 
Type domain.BetChoice is not enhanced.

[2020-03-14 19:23:43 #11 type.registry] 
New type domain.UserBet

[2020-03-14 19:23:43 #12 type.registry] 
New type java.util.Vector<domain.UserBet>

[2020-03-14 19:23:43 #13 type] 
Type domain.Sport is not enhanced.

[2020-03-14 19:23:43 #14 type.registry] 
New type java.util.Vector<domain.Event>

[2020-03-14 19:23:43 #15 type] 
Type domain.UserBet is not enhanced.

[2020-03-14 19:23:43 #16 type.registry] 
New type domain.User

[2020-03-14 19:23:43 #17 type] 
Type domain.User is not enhanced.

[2020-03-14 19:23:43 #18 type.registry] 
New type java.util.Vector<domain.Sport>

[2020-03-14 19:23:43 #19 type.registry] 
New type java.util.Vector<domain.User>

[2020-03-14 19:23:43 #20 type.registry] 
New type domain.Admin

[2020-03-14 19:23:43 #21 type] 
Type domain.Admin is not enhanced.

[2020-03-14 19:23:43 #22 type.registry] 
New type java.util.Vector<java.lang.Object>

------------------------------------------------------------------------------------------------------------------------

[2020-03-14 19:25:58 #1 store] 
Database '/Users/Marion_brnrd/git/Bets_Project/Bets/resources/bets.temp' is opened by 1684@MacBook-Air-de-Marion-3.local

[2020-03-14 19:25:58 #2 type.registry] 
New type domain.Question

[2020-03-14 19:25:58 #3 type] 
Type domain.Question is not enhanced.

[2020-03-14 19:25:58 #4 type.registry] 
New type domain.Event

[2020-03-14 19:25:58 #5 type.registry] 
New type domain.BetChoice

[2020-03-14 19:25:58 #6 type.registry] 
New type java.util.Vector<domain.BetChoice>

[2020-03-14 19:25:58 #7 type] 
Type domain.Event is not enhanced.

[2020-03-14 19:25:58 #8 type.registry] 
New type domain.Sport

[2020-03-14 19:25:58 #9 type.registry] 
New type java.util.Vector<domain.Question>

[2020-03-14 19:25:58 #10 type] 
Type domain.BetChoice is not enhanced.

[2020-03-14 19:25:58 #11 type.registry] 
New type domain.UserBet

[2020-03-14 19:25:58 #12 type.registry] 
New type java.util.Vector<domain.UserBet>

[2020-03-14 19:25:58 #13 type] 
Type domain.Sport is not enhanced.

[2020-03-14 19:25:58 #14 type.registry] 
New type java.util.Vector<domain.Event>

[2020-03-14 19:25:58 #15 type] 
Type domain.UserBet is not enhanced.

[2020-03-14 19:25:58 #16 type.registry] 
New type domain.User

[2020-03-14 19:25:58 #17 type] 
Type domain.User is not enhanced.

[2020-03-14 19:25:58 #18 type.registry] 
New type java.util.Vector<domain.Sport>

[2020-03-14 19:25:58 #19 type.registry] 
New type java.util.Vector<domain.User>

[2020-03-14 19:25:58 #20 type.registry] 
New type domain.Admin

[2020-03-14 19:25:58 #21 type] 
Type domain.Admin is not enhanced.

[2020-03-14 19:25:58 #22 type.registry] 
New type java.util.Vector<java.lang.Object>

------------------------------------------------------------------------------------------------------------------------

[2020-03-14 19:29:40 #1 store] 
Database '/Users/Marion_brnrd/git/Bets_Project/Bets/resources/bets.temp' is opened by 1693@MacBook-Air-de-Marion-3.local

[2020-03-14 19:29:40 #2 type.registry] 
New type domain.Question

[2020-03-14 19:29:40 #3 type] 
Type domain.Question is not enhanced.

[2020-03-14 19:29:40 #4 type.registry] 
New type domain.Event

[2020-03-14 19:29:40 #5 type.registry] 
New type domain.BetChoice

[2020-03-14 19:29:40 #6 type.registry] 
New type java.util.Vector<domain.BetChoice>

[2020-03-14 19:29:40 #7 type] 
Type domain.Event is not enhanced.

[2020-03-14 19:29:40 #8 type.registry] 
New type domain.Sport

[2020-03-14 19:29:40 #9 type.registry] 
New type java.util.Vector<domain.Question>

[2020-03-14 19:29:40 #10 type] 
Type domain.BetChoice is not enhanced.

[2020-03-14 19:29:40 #11 type.registry] 
New type domain.UserBet

[2020-03-14 19:29:40 #12 type.registry] 
New type java.util.Vector<domain.UserBet>

[2020-03-14 19:29:40 #13 type] 
Type domain.Sport is not enhanced.

[2020-03-14 19:29:40 #14 type.registry] 
New type java.util.Vector<domain.Event>

[2020-03-14 19:29:40 #15 type] 
Type domain.UserBet is not enhanced.

[2020-03-14 19:29:40 #16 type.registry] 
New type domain.User

[2020-03-14 19:29:40 #17 type] 
Type domain.User is not enhanced.

[2020-03-14 19:29:40 #18 type.registry] 
New type java.util.Vector<domain.Sport>

[2020-03-14 19:29:40 #19 type.registry] 
New type java.util.Vector<domain.User>

[2020-03-14 19:29:40 #20 type.registry] 
New type domain.Admin

[2020-03-14 19:29:40 #21 type] 
Type domain.Admin is not enhanced.

[2020-03-14 19:29:40 #22 type.registry] 
New type java.util.Vector<java.lang.Object>

------------------------------------------------------------------------------------------------------------------------

[2020-03-14 19:31:04 #1 store] 
Database '/Users/Marion_brnrd/git/Bets_Project/Bets/resources/bets.temp' is opened by 1696@MacBook-Air-de-Marion-3.local

[2020-03-14 19:31:05 #2 type.registry] 
New type domain.Question

[2020-03-14 19:31:05 #3 type] 
Type domain.Question is not enhanced.

[2020-03-14 19:31:05 #4 type.registry] 
New type domain.Event

[2020-03-14 19:31:05 #5 type.registry] 
New type domain.BetChoice

[2020-03-14 19:31:05 #6 type.registry] 
New type java.util.Vector<domain.BetChoice>

[2020-03-14 19:31:05 #7 type] 
Type domain.Event is not enhanced.

[2020-03-14 19:31:05 #8 type.registry] 
New type domain.Sport

[2020-03-14 19:31:05 #9 type.registry] 
New type java.util.Vector<domain.Question>

[2020-03-14 19:31:05 #10 type] 
Type domain.BetChoice is not enhanced.

[2020-03-14 19:31:05 #11 type.registry] 
New type domain.UserBet

[2020-03-14 19:31:05 #12 type.registry] 
New type java.util.Vector<domain.UserBet>

[2020-03-14 19:31:05 #13 type] 
Type domain.Sport is not enhanced.

[2020-03-14 19:31:05 #14 type.registry] 
New type java.util.Vector<domain.Event>

[2020-03-14 19:31:05 #15 type] 
Type domain.UserBet is not enhanced.

[2020-03-14 19:31:05 #16 type.registry] 
New type domain.User

[2020-03-14 19:31:05 #17 type] 
Type domain.User is not enhanced.

[2020-03-14 19:31:05 #18 type.registry] 
New type java.util.Vector<domain.Sport>

[2020-03-14 19:31:05 #19 type.registry] 
New type java.util.Vector<domain.User>

[2020-03-14 19:31:05 #20 type.registry] 
New type domain.Admin

[2020-03-14 19:31:05 #21 type] 
Type domain.Admin is not enhanced.

[2020-03-14 19:31:05 #22 type.registry] 
New type java.util.Vector<java.lang.Object>

------------------------------------------------------------------------------------------------------------------------

[2020-03-14 19:38:56 #1 store] 
Database '/Users/Marion_brnrd/git/Bets_Project/Bets/resources/bets.temp' is opened by 1722@MacBook-Air-de-Marion-3.local

[2020-03-14 19:38:57 #2 type.registry] 
New type domain.Question

[2020-03-14 19:38:57 #3 type] 
Type domain.Question is not enhanced.

[2020-03-14 19:38:57 #4 type.registry] 
New type domain.Event

[2020-03-14 19:38:57 #5 type.registry] 
New type domain.BetChoice

[2020-03-14 19:38:57 #6 type.registry] 
New type java.util.Vector<domain.BetChoice>

[2020-03-14 19:38:57 #7 type] 
Type domain.Event is not enhanced.

[2020-03-14 19:38:57 #8 type.registry] 
New type domain.Sport

[2020-03-14 19:38:57 #9 type.registry] 
New type java.util.Vector<domain.Question>

[2020-03-14 19:38:57 #10 type] 
Type domain.BetChoice is not enhanced.

[2020-03-14 19:38:57 #11 type.registry] 
New type domain.UserBet

[2020-03-14 19:38:57 #12 type.registry] 
New type java.util.Vector<domain.UserBet>

[2020-03-14 19:38:57 #13 type] 
Type domain.Sport is not enhanced.

[2020-03-14 19:38:57 #14 type.registry] 
New type java.util.Vector<domain.Event>

[2020-03-14 19:38:57 #15 type] 
Type domain.UserBet is not enhanced.

[2020-03-14 19:38:57 #16 type.registry] 
New type domain.User

[2020-03-14 19:38:57 #17 type] 
Type domain.User is not enhanced.

[2020-03-14 19:38:57 #18 type.registry] 
New type java.util.Vector<domain.Sport>

[2020-03-14 19:38:57 #19 type.registry] 
New type java.util.Vector<domain.User>

[2020-03-14 19:38:57 #20 type.registry] 
New type domain.Admin

[2020-03-14 19:38:57 #21 type] 
Type domain.Admin is not enhanced.

[2020-03-14 19:38:57 #22 type.registry] 
New type java.util.Vector<java.lang.Object>

------------------------------------------------------------------------------------------------------------------------

[2020-03-14 19:42:53 #1 store] 
Database '/Users/Marion_brnrd/git/Bets_Project/Bets/resources/bets.temp' is opened by 1730@MacBook-Air-de-Marion-3.local

[2020-03-14 19:42:54 #2 type.registry] 
New type domain.Question

[2020-03-14 19:42:54 #3 type] 
Type domain.Question is not enhanced.

[2020-03-14 19:42:54 #4 type.registry] 
New type domain.Event

[2020-03-14 19:42:54 #5 type.registry] 
New type domain.BetChoice

[2020-03-14 19:42:54 #6 type.registry] 
New type java.util.Vector<domain.BetChoice>

[2020-03-14 19:42:54 #7 type] 
Type domain.Event is not enhanced.

[2020-03-14 19:42:54 #8 type.registry] 
New type domain.Sport

[2020-03-14 19:42:54 #9 type.registry] 
New type java.util.Vector<domain.Question>

[2020-03-14 19:42:54 #10 type] 
Type domain.BetChoice is not enhanced.

[2020-03-14 19:42:54 #11 type.registry] 
New type domain.UserBet

[2020-03-14 19:42:54 #12 type.registry] 
New type java.util.Vector<domain.UserBet>

[2020-03-14 19:42:54 #13 type] 
Type domain.Sport is not enhanced.

[2020-03-14 19:42:54 #14 type.registry] 
New type java.util.Vector<domain.Event>

[2020-03-14 19:42:54 #15 type] 
Type domain.UserBet is not enhanced.

[2020-03-14 19:42:54 #16 type.registry] 
New type domain.User

[2020-03-14 19:42:54 #17 type] 
Type domain.User is not enhanced.

[2020-03-14 19:42:54 #18 type.registry] 
New type java.util.Vector<domain.Sport>

[2020-03-14 19:42:54 #19 type.registry] 
New type java.util.Vector<domain.User>

[2020-03-14 19:42:54 #20 type.registry] 
New type domain.Admin

[2020-03-14 19:42:54 #21 type] 
Type domain.Admin is not enhanced.

[2020-03-14 19:42:54 #22 type.registry] 
New type java.util.Vector<java.lang.Object>

------------------------------------------------------------------------------------------------------------------------

[2020-03-14 19:44:08 #1 store] 
Database '/Users/Marion_brnrd/git/Bets_Project/Bets/resources/bets.temp' is opened by 1731@MacBook-Air-de-Marion-3.local

[2020-03-14 19:44:08 #2 type.registry] 
New type domain.Question

[2020-03-14 19:44:08 #3 type] 
Type domain.Question is not enhanced.

[2020-03-14 19:44:08 #4 type.registry] 
New type domain.Event

[2020-03-14 19:44:08 #5 type.registry] 
New type domain.BetChoice

[2020-03-14 19:44:08 #6 type.registry] 
New type java.util.Vector<domain.BetChoice>

[2020-03-14 19:44:08 #7 type] 
Type domain.Event is not enhanced.

[2020-03-14 19:44:08 #8 type.registry] 
New type domain.Sport

[2020-03-14 19:44:08 #9 type.registry] 
New type java.util.Vector<domain.Question>

[2020-03-14 19:44:08 #10 type] 
Type domain.BetChoice is not enhanced.

[2020-03-14 19:44:08 #11 type.registry] 
New type domain.UserBet

[2020-03-14 19:44:08 #12 type.registry] 
New type java.util.Vector<domain.UserBet>

[2020-03-14 19:44:08 #13 type] 
Type domain.Sport is not enhanced.

[2020-03-14 19:44:08 #14 type.registry] 
New type java.util.Vector<domain.Event>

[2020-03-14 19:44:08 #15 type] 
Type domain.UserBet is not enhanced.

[2020-03-14 19:44:08 #16 type.registry] 
New type domain.User

[2020-03-14 19:44:08 #17 type] 
Type domain.User is not enhanced.

[2020-03-14 19:44:08 #18 type.registry] 
New type java.util.Vector<domain.Sport>

[2020-03-14 19:44:08 #19 type.registry] 
New type java.util.Vector<domain.User>

[2020-03-14 19:44:08 #20 type.registry] 
New type domain.Admin

[2020-03-14 19:44:08 #21 type] 
Type domain.Admin is not enhanced.

[2020-03-14 19:44:08 #22 type.registry] 
New type java.util.Vector<java.lang.Object>

------------------------------------------------------------------------------------------------------------------------

[2020-03-14 19:45:26 #1 store] 
Database '/Users/Marion_brnrd/git/Bets_Project/Bets/resources/bets.temp' is opened by 1732@MacBook-Air-de-Marion-3.local

[2020-03-14 19:45:26 #2 type.registry] 
New type domain.Question

[2020-03-14 19:45:26 #3 type] 
Type domain.Question is not enhanced.

[2020-03-14 19:45:26 #4 type.registry] 
New type domain.Event

[2020-03-14 19:45:26 #5 type.registry] 
New type domain.BetChoice

[2020-03-14 19:45:26 #6 type.registry] 
New type java.util.Vector<domain.BetChoice>

[2020-03-14 19:45:26 #7 type] 
Type domain.Event is not enhanced.

[2020-03-14 19:45:26 #8 type.registry] 
New type domain.Sport

[2020-03-14 19:45:26 #9 type.registry] 
New type java.util.Vector<domain.Question>

[2020-03-14 19:45:26 #10 type] 
Type domain.BetChoice is not enhanced.

[2020-03-14 19:45:26 #11 type.registry] 
New type domain.UserBet

[2020-03-14 19:45:26 #12 type.registry] 
New type java.util.Vector<domain.UserBet>

[2020-03-14 19:45:26 #13 type] 
Type domain.Sport is not enhanced.

[2020-03-14 19:45:26 #14 type.registry] 
New type java.util.Vector<domain.Event>

[2020-03-14 19:45:26 #15 type] 
Type domain.UserBet is not enhanced.

[2020-03-14 19:45:26 #16 type.registry] 
New type domain.User

[2020-03-14 19:45:26 #17 type] 
Type domain.User is not enhanced.

[2020-03-14 19:45:26 #18 type.registry] 
New type java.util.Vector<domain.Sport>

[2020-03-14 19:45:26 #19 type.registry] 
New type java.util.Vector<domain.User>

[2020-03-14 19:45:26 #20 type.registry] 
New type domain.Admin

[2020-03-14 19:45:26 #21 type] 
Type domain.Admin is not enhanced.

[2020-03-14 19:45:26 #22 type.registry] 
New type java.util.Vector<java.lang.Object>

------------------------------------------------------------------------------------------------------------------------

[2020-03-14 19:46:57 #1 store] 
Database '/Users/Marion_brnrd/git/Bets_Project/Bets/resources/bets.temp' is opened by 1733@MacBook-Air-de-Marion-3.local

[2020-03-14 19:46:57 #2 type.registry] 
New type domain.Question

[2020-03-14 19:46:57 #3 type] 
Type domain.Question is not enhanced.

[2020-03-14 19:46:57 #4 type.registry] 
New type domain.Event

[2020-03-14 19:46:57 #5 type.registry] 
New type domain.BetChoice

[2020-03-14 19:46:57 #6 type.registry] 
New type java.util.Vector<domain.BetChoice>

[2020-03-14 19:46:57 #7 type] 
Type domain.Event is not enhanced.

[2020-03-14 19:46:57 #8 type.registry] 
New type domain.Sport

[2020-03-14 19:46:57 #9 type.registry] 
New type java.util.Vector<domain.Question>

[2020-03-14 19:46:57 #10 type] 
Type domain.BetChoice is not enhanced.

[2020-03-14 19:46:57 #11 type.registry] 
New type domain.UserBet

[2020-03-14 19:46:57 #12 type.registry] 
New type java.util.Vector<domain.UserBet>

[2020-03-14 19:46:57 #13 type] 
Type domain.Sport is not enhanced.

[2020-03-14 19:46:57 #14 type.registry] 
New type java.util.Vector<domain.Event>

[2020-03-14 19:46:57 #15 type] 
Type domain.UserBet is not enhanced.

[2020-03-14 19:46:57 #16 type.registry] 
New type domain.User

[2020-03-14 19:46:57 #17 type] 
Type domain.User is not enhanced.

[2020-03-14 19:46:57 #18 type.registry] 
New type java.util.Vector<domain.Sport>

[2020-03-14 19:46:57 #19 type.registry] 
New type java.util.Vector<domain.User>

[2020-03-14 19:46:57 #20 type.registry] 
New type domain.Admin

[2020-03-14 19:46:57 #21 type] 
Type domain.Admin is not enhanced.

[2020-03-14 19:46:57 #22 type.registry] 
New type java.util.Vector<java.lang.Object>

------------------------------------------------------------------------------------------------------------------------

[2020-03-14 19:48:40 #1 store] 
Database '/Users/Marion_brnrd/git/Bets_Project/Bets/resources/bets.temp' is opened by 1736@MacBook-Air-de-Marion-3.local

[2020-03-14 19:48:41 #2 type.registry] 
New type domain.Question

[2020-03-14 19:48:41 #3 type] 
Type domain.Question is not enhanced.

[2020-03-14 19:48:41 #4 type.registry] 
New type domain.Event

[2020-03-14 19:48:41 #5 type.registry] 
New type domain.BetChoice

[2020-03-14 19:48:41 #6 type.registry] 
New type java.util.Vector<domain.BetChoice>

[2020-03-14 19:48:41 #7 type] 
Type domain.Event is not enhanced.

[2020-03-14 19:48:41 #8 type.registry] 
New type domain.Sport

[2020-03-14 19:48:41 #9 type.registry] 
New type java.util.Vector<domain.Question>

[2020-03-14 19:48:41 #10 type] 
Type domain.BetChoice is not enhanced.

[2020-03-14 19:48:41 #11 type.registry] 
New type domain.UserBet

[2020-03-14 19:48:41 #12 type.registry] 
New type java.util.Vector<domain.UserBet>

[2020-03-14 19:48:41 #13 type] 
Type domain.Sport is not enhanced.

[2020-03-14 19:48:41 #14 type.registry] 
New type java.util.Vector<domain.Event>

[2020-03-14 19:48:41 #15 type] 
Type domain.UserBet is not enhanced.

[2020-03-14 19:48:41 #16 type.registry] 
New type domain.User

[2020-03-14 19:48:41 #17 type] 
Type domain.User is not enhanced.

[2020-03-14 19:48:41 #18 type.registry] 
New type java.util.Vector<domain.Sport>

[2020-03-14 19:48:41 #19 type.registry] 
New type java.util.Vector<domain.User>

[2020-03-14 19:48:41 #20 type.registry] 
New type domain.Admin

[2020-03-14 19:48:41 #21 type] 
Type domain.Admin is not enhanced.

[2020-03-14 19:48:41 #22 type.registry] 
New type java.util.Vector<java.lang.Object>

------------------------------------------------------------------------------------------------------------------------

[2020-03-14 19:50:38 #1 store] 
Database '/Users/Marion_brnrd/git/Bets_Project/Bets/resources/bets.temp' is opened by 1739@MacBook-Air-de-Marion-3.local

[2020-03-14 19:50:38 #2 type.registry] 
New type domain.Question

[2020-03-14 19:50:38 #3 type] 
Type domain.Question is not enhanced.

[2020-03-14 19:50:38 #4 type.registry] 
New type domain.Event

[2020-03-14 19:50:38 #5 type.registry] 
New type domain.BetChoice

[2020-03-14 19:50:38 #6 type.registry] 
New type java.util.Vector<domain.BetChoice>

[2020-03-14 19:50:38 #7 type] 
Type domain.Event is not enhanced.

[2020-03-14 19:50:38 #8 type.registry] 
New type domain.Sport

[2020-03-14 19:50:38 #9 type.registry] 
New type java.util.Vector<domain.Question>

[2020-03-14 19:50:38 #10 type] 
Type domain.BetChoice is not enhanced.

[2020-03-14 19:50:38 #11 type.registry] 
New type domain.UserBet

[2020-03-14 19:50:38 #12 type.registry] 
New type java.util.Vector<domain.UserBet>

[2020-03-14 19:50:38 #13 type] 
Type domain.Sport is not enhanced.

[2020-03-14 19:50:38 #14 type.registry] 
New type java.util.Vector<domain.Event>

[2020-03-14 19:50:38 #15 type] 
Type domain.UserBet is not enhanced.

[2020-03-14 19:50:38 #16 type.registry] 
New type domain.User

[2020-03-14 19:50:38 #17 type] 
Type domain.User is not enhanced.

[2020-03-14 19:50:38 #18 type.registry] 
New type java.util.Vector<domain.Sport>

[2020-03-14 19:50:38 #19 type.registry] 
New type java.util.Vector<domain.User>

[2020-03-14 19:50:38 #20 type.registry] 
New type domain.Admin

[2020-03-14 19:50:38 #21 type] 
Type domain.Admin is not enhanced.

[2020-03-14 19:50:38 #22 type.registry] 
New type java.util.Vector<java.lang.Object>

------------------------------------------------------------------------------------------------------------------------

[2020-03-14 19:54:50 #1 store] 
Database '/Users/Marion_brnrd/git/Bets_Project/Bets/resources/bets.temp' is opened by 1742@MacBook-Air-de-Marion-3.local

[2020-03-14 19:54:50 #2 type.registry] 
New type domain.Question

[2020-03-14 19:54:50 #3 type] 
Type domain.Question is not enhanced.

[2020-03-14 19:54:50 #4 type.registry] 
New type domain.Event

[2020-03-14 19:54:50 #5 type.registry] 
New type domain.BetChoice

[2020-03-14 19:54:51 #6 type.registry] 
New type java.util.Vector<domain.BetChoice>

[2020-03-14 19:54:51 #7 type] 
Type domain.Event is not enhanced.

[2020-03-14 19:54:51 #8 type.registry] 
New type domain.Sport

[2020-03-14 19:54:51 #9 type.registry] 
New type java.util.Vector<domain.Question>

[2020-03-14 19:54:51 #10 type] 
Type domain.BetChoice is not enhanced.

[2020-03-14 19:54:51 #11 type.registry] 
New type domain.UserBet

[2020-03-14 19:54:51 #12 type.registry] 
New type java.util.Vector<domain.UserBet>

[2020-03-14 19:54:51 #13 type] 
Type domain.Sport is not enhanced.

[2020-03-14 19:54:51 #14 type.registry] 
New type java.util.Vector<domain.Event>

[2020-03-14 19:54:51 #15 type] 
Type domain.UserBet is not enhanced.

[2020-03-14 19:54:51 #16 type.registry] 
New type domain.User

[2020-03-14 19:54:51 #17 type] 
Type domain.User is not enhanced.

[2020-03-14 19:54:51 #18 type.registry] 
New type java.util.Vector<domain.Sport>

[2020-03-14 19:54:51 #19 type.registry] 
New type java.util.Vector<domain.User>

[2020-03-14 19:54:51 #20 type.registry] 
New type domain.Admin

[2020-03-14 19:54:51 #21 type] 
Type domain.Admin is not enhanced.

[2020-03-14 19:54:51 #22 type.registry] 
New type java.util.Vector<java.lang.Object>

------------------------------------------------------------------------------------------------------------------------

[2020-03-14 19:55:44 #1 store] 
Database '/Users/Marion_brnrd/git/Bets_Project/Bets/resources/bets.temp' is opened by 1747@MacBook-Air-de-Marion-3.local

[2020-03-14 19:55:45 #2 type.registry] 
New type domain.Question

[2020-03-14 19:55:45 #3 type] 
Type domain.Question is not enhanced.

[2020-03-14 19:55:45 #4 type.registry] 
New type domain.Event

[2020-03-14 19:55:45 #5 type.registry] 
New type domain.BetChoice

[2020-03-14 19:55:45 #6 type.registry] 
New type java.util.Vector<domain.BetChoice>

[2020-03-14 19:55:45 #7 type] 
Type domain.Event is not enhanced.

[2020-03-14 19:55:45 #8 type.registry] 
New type domain.Sport

[2020-03-14 19:55:45 #9 type.registry] 
New type java.util.Vector<domain.Question>

[2020-03-14 19:55:45 #10 type] 
Type domain.BetChoice is not enhanced.

[2020-03-14 19:55:45 #11 type.registry] 
New type domain.UserBet

[2020-03-14 19:55:45 #12 type.registry] 
New type java.util.Vector<domain.UserBet>

[2020-03-14 19:55:45 #13 type] 
Type domain.Sport is not enhanced.

[2020-03-14 19:55:45 #14 type.registry] 
New type java.util.Vector<domain.Event>

[2020-03-14 19:55:45 #15 type] 
Type domain.UserBet is not enhanced.

[2020-03-14 19:55:45 #16 type.registry] 
New type domain.User

[2020-03-14 19:55:45 #17 type] 
Type domain.User is not enhanced.

[2020-03-14 19:55:45 #18 type.registry] 
New type java.util.Vector<domain.Sport>

[2020-03-14 19:55:45 #19 type.registry] 
New type java.util.Vector<domain.User>

[2020-03-14 19:55:45 #20 type.registry] 
New type domain.Admin

[2020-03-14 19:55:45 #21 type] 
Type domain.Admin is not enhanced.

[2020-03-14 19:55:45 #22 type.registry] 
New type java.util.Vector<java.lang.Object>

------------------------------------------------------------------------------------------------------------------------

[2020-03-14 19:57:46 #1 store] 
Database '/Users/Marion_brnrd/git/Bets_Project/Bets/resources/bets.temp' is opened by 1749@MacBook-Air-de-Marion-3.local

[2020-03-14 19:57:46 #2 type.registry] 
New type domain.Question

[2020-03-14 19:57:46 #3 type] 
Type domain.Question is not enhanced.

[2020-03-14 19:57:46 #4 type.registry] 
New type domain.Event

[2020-03-14 19:57:46 #5 type.registry] 
New type domain.BetChoice

[2020-03-14 19:57:46 #6 type.registry] 
New type java.util.Vector<domain.BetChoice>

[2020-03-14 19:57:46 #7 type] 
Type domain.Event is not enhanced.

[2020-03-14 19:57:46 #8 type.registry] 
New type domain.Sport

[2020-03-14 19:57:46 #9 type.registry] 
New type java.util.Vector<domain.Question>

[2020-03-14 19:57:46 #10 type] 
Type domain.BetChoice is not enhanced.

[2020-03-14 19:57:46 #11 type.registry] 
New type domain.UserBet

[2020-03-14 19:57:46 #12 type.registry] 
New type java.util.Vector<domain.UserBet>

[2020-03-14 19:57:46 #13 type] 
Type domain.Sport is not enhanced.

[2020-03-14 19:57:46 #14 type.registry] 
New type java.util.Vector<domain.Event>

[2020-03-14 19:57:46 #15 type] 
Type domain.UserBet is not enhanced.

[2020-03-14 19:57:46 #16 type.registry] 
New type domain.User

[2020-03-14 19:57:46 #17 type] 
Type domain.User is not enhanced.

[2020-03-14 19:57:46 #18 type.registry] 
New type java.util.Vector<domain.Sport>

[2020-03-14 19:57:46 #19 type.registry] 
New type java.util.Vector<domain.User>

[2020-03-14 19:57:46 #20 type.registry] 
New type domain.Admin

[2020-03-14 19:57:46 #21 type] 
Type domain.Admin is not enhanced.

[2020-03-14 19:57:46 #22 type.registry] 
New type java.util.Vector<java.lang.Object>

------------------------------------------------------------------------------------------------------------------------

[2020-03-14 19:57:51 #1 store] 
Database '/Users/Marion_brnrd/git/Bets_Project/Bets/resources/bets.temp' is opened by 1750@MacBook-Air-de-Marion-3.local

[2020-03-14 19:57:51 #2 type.registry] 
New type domain.Question

[2020-03-14 19:57:51 #3 type] 
Type domain.Question is not enhanced.

[2020-03-14 19:57:51 #4 type.registry] 
New type domain.Event

[2020-03-14 19:57:51 #5 type.registry] 
New type domain.BetChoice

[2020-03-14 19:57:51 #6 type.registry] 
New type java.util.Vector<domain.BetChoice>

[2020-03-14 19:57:51 #7 type] 
Type domain.Event is not enhanced.

[2020-03-14 19:57:51 #8 type.registry] 
New type domain.Sport

[2020-03-14 19:57:51 #9 type.registry] 
New type java.util.Vector<domain.Question>

[2020-03-14 19:57:51 #10 type] 
Type domain.BetChoice is not enhanced.

[2020-03-14 19:57:51 #11 type.registry] 
New type domain.UserBet

[2020-03-14 19:57:51 #12 type.registry] 
New type java.util.Vector<domain.UserBet>

[2020-03-14 19:57:51 #13 type] 
Type domain.Sport is not enhanced.

[2020-03-14 19:57:51 #14 type.registry] 
New type java.util.Vector<domain.Event>

[2020-03-14 19:57:51 #15 type] 
Type domain.UserBet is not enhanced.

[2020-03-14 19:57:51 #16 type.registry] 
New type domain.User

[2020-03-14 19:57:51 #17 type] 
Type domain.User is not enhanced.

[2020-03-14 19:57:51 #18 type.registry] 
New type java.util.Vector<domain.Sport>

[2020-03-14 19:57:51 #19 type.registry] 
New type java.util.Vector<domain.User>

[2020-03-14 19:57:51 #20 type.registry] 
New type domain.Admin

[2020-03-14 19:57:51 #21 type] 
Type domain.Admin is not enhanced.

[2020-03-14 19:57:51 #22 type.registry] 
New type java.util.Vector<java.lang.Object>

------------------------------------------------------------------------------------------------------------------------

[2020-03-14 19:58:48 #1 store] 
Database '/Users/Marion_brnrd/git/Bets_Project/Bets/resources/bets.temp' is opened by 1751@MacBook-Air-de-Marion-3.local

[2020-03-14 19:58:48 #2 type.registry] 
New type domain.Question

[2020-03-14 19:58:48 #3 type] 
Type domain.Question is not enhanced.

[2020-03-14 19:58:48 #4 type.registry] 
New type domain.Event

[2020-03-14 19:58:48 #5 type.registry] 
New type domain.BetChoice

[2020-03-14 19:58:48 #6 type.registry] 
New type java.util.Vector<domain.BetChoice>

[2020-03-14 19:58:48 #7 type] 
Type domain.Event is not enhanced.

[2020-03-14 19:58:48 #8 type.registry] 
New type domain.Sport

[2020-03-14 19:58:48 #9 type.registry] 
New type java.util.Vector<domain.Question>

[2020-03-14 19:58:48 #10 type] 
Type domain.BetChoice is not enhanced.

[2020-03-14 19:58:48 #11 type.registry] 
New type domain.UserBet

[2020-03-14 19:58:48 #12 type.registry] 
New type java.util.Vector<domain.UserBet>

[2020-03-14 19:58:48 #13 type] 
Type domain.Sport is not enhanced.

[2020-03-14 19:58:48 #14 type.registry] 
New type java.util.Vector<domain.Event>

[2020-03-14 19:58:48 #15 type] 
Type domain.UserBet is not enhanced.

[2020-03-14 19:58:48 #16 type.registry] 
New type domain.User

[2020-03-14 19:58:48 #17 type] 
Type domain.User is not enhanced.

[2020-03-14 19:58:48 #18 type.registry] 
New type java.util.Vector<domain.Sport>

[2020-03-14 19:58:48 #19 type.registry] 
New type java.util.Vector<domain.User>

[2020-03-14 19:58:49 #20 type.registry] 
New type domain.Admin

[2020-03-14 19:58:49 #21 type] 
Type domain.Admin is not enhanced.

[2020-03-14 19:58:49 #22 type.registry] 
New type java.util.Vector<java.lang.Object>

------------------------------------------------------------------------------------------------------------------------

[2020-03-14 19:59:25 #1 store] 
Database '/Users/Marion_brnrd/git/Bets_Project/Bets/resources/bets.temp' is opened by 1752@MacBook-Air-de-Marion-3.local

[2020-03-14 19:59:25 #2 type.registry] 
New type domain.Question

[2020-03-14 19:59:25 #3 type] 
Type domain.Question is not enhanced.

[2020-03-14 19:59:25 #4 type.registry] 
New type domain.Event

[2020-03-14 19:59:25 #5 type.registry] 
New type domain.BetChoice

[2020-03-14 19:59:25 #6 type.registry] 
New type java.util.Vector<domain.BetChoice>

[2020-03-14 19:59:25 #7 type] 
Type domain.Event is not enhanced.

[2020-03-14 19:59:25 #8 type.registry] 
New type domain.Sport

[2020-03-14 19:59:25 #9 type.registry] 
New type java.util.Vector<domain.Question>

[2020-03-14 19:59:25 #10 type] 
Type domain.BetChoice is not enhanced.

[2020-03-14 19:59:25 #11 type.registry] 
New type domain.UserBet

[2020-03-14 19:59:25 #12 type.registry] 
New type java.util.Vector<domain.UserBet>

[2020-03-14 19:59:25 #13 type] 
Type domain.Sport is not enhanced.

[2020-03-14 19:59:25 #14 type.registry] 
New type java.util.Vector<domain.Event>

[2020-03-14 19:59:25 #15 type] 
Type domain.UserBet is not enhanced.

[2020-03-14 19:59:25 #16 type.registry] 
New type domain.User

[2020-03-14 19:59:25 #17 type] 
Type domain.User is not enhanced.

[2020-03-14 19:59:25 #18 type.registry] 
New type java.util.Vector<domain.Sport>

[2020-03-14 19:59:25 #19 type.registry] 
New type java.util.Vector<domain.User>

[2020-03-14 19:59:25 #20 type.registry] 
New type domain.Admin

[2020-03-14 19:59:25 #21 type] 
Type domain.Admin is not enhanced.

[2020-03-14 19:59:25 #22 type.registry] 
New type java.util.Vector<java.lang.Object>

------------------------------------------------------------------------------------------------------------------------

[2020-03-14 20:00:06 #1 store] 
Database '/Users/Marion_brnrd/git/Bets_Project/Bets/resources/bets.temp' is opened by 1753@MacBook-Air-de-Marion-3.local

[2020-03-14 20:00:06 #2 type.registry] 
New type domain.Question

[2020-03-14 20:00:06 #3 type] 
Type domain.Question is not enhanced.

[2020-03-14 20:00:06 #4 type.registry] 
New type domain.Event

[2020-03-14 20:00:06 #5 type.registry] 
New type domain.BetChoice

[2020-03-14 20:00:06 #6 type.registry] 
New type java.util.Vector<domain.BetChoice>

[2020-03-14 20:00:06 #7 type] 
Type domain.Event is not enhanced.

[2020-03-14 20:00:06 #8 type.registry] 
New type domain.Sport

[2020-03-14 20:00:06 #9 type.registry] 
New type java.util.Vector<domain.Question>

[2020-03-14 20:00:06 #10 type] 
Type domain.BetChoice is not enhanced.

[2020-03-14 20:00:06 #11 type.registry] 
New type domain.UserBet

[2020-03-14 20:00:06 #12 type.registry] 
New type java.util.Vector<domain.UserBet>

[2020-03-14 20:00:06 #13 type] 
Type domain.Sport is not enhanced.

[2020-03-14 20:00:06 #14 type.registry] 
New type java.util.Vector<domain.Event>

[2020-03-14 20:00:06 #15 type] 
Type domain.UserBet is not enhanced.

[2020-03-14 20:00:06 #16 type.registry] 
New type domain.User

[2020-03-14 20:00:06 #17 type] 
Type domain.User is not enhanced.

[2020-03-14 20:00:06 #18 type.registry] 
New type java.util.Vector<domain.Sport>

[2020-03-14 20:00:06 #19 type.registry] 
New type java.util.Vector<domain.User>

[2020-03-14 20:00:06 #20 type.registry] 
New type domain.Admin

[2020-03-14 20:00:06 #21 type] 
Type domain.Admin is not enhanced.

[2020-03-14 20:00:06 #22 type.registry] 
New type java.util.Vector<java.lang.Object>

------------------------------------------------------------------------------------------------------------------------

[2020-03-14 20:00:51 #1 store] 
Database '/Users/Marion_brnrd/git/Bets_Project/Bets/resources/bets.temp' is opened by 1754@MacBook-Air-de-Marion-3.local

[2020-03-14 20:00:51 #2 type.registry] 
New type domain.Question

[2020-03-14 20:00:51 #3 type] 
Type domain.Question is not enhanced.

[2020-03-14 20:00:51 #4 type.registry] 
New type domain.Event

[2020-03-14 20:00:51 #5 type.registry] 
New type domain.BetChoice

[2020-03-14 20:00:51 #6 type.registry] 
New type java.util.Vector<domain.BetChoice>

[2020-03-14 20:00:51 #7 type] 
Type domain.Event is not enhanced.

[2020-03-14 20:00:51 #8 type.registry] 
New type domain.Sport

[2020-03-14 20:00:51 #9 type.registry] 
New type java.util.Vector<domain.Question>

[2020-03-14 20:00:51 #10 type] 
Type domain.BetChoice is not enhanced.

[2020-03-14 20:00:51 #11 type.registry] 
New type domain.UserBet

[2020-03-14 20:00:51 #12 type.registry] 
New type java.util.Vector<domain.UserBet>

[2020-03-14 20:00:51 #13 type] 
Type domain.Sport is not enhanced.

[2020-03-14 20:00:51 #14 type.registry] 
New type java.util.Vector<domain.Event>

[2020-03-14 20:00:51 #15 type] 
Type domain.UserBet is not enhanced.

[2020-03-14 20:00:51 #16 type.registry] 
New type domain.User

[2020-03-14 20:00:51 #17 type] 
Type domain.User is not enhanced.

[2020-03-14 20:00:51 #18 type.registry] 
New type java.util.Vector<domain.Sport>

[2020-03-14 20:00:51 #19 type.registry] 
New type java.util.Vector<domain.User>

[2020-03-14 20:00:51 #20 type.registry] 
New type domain.Admin

[2020-03-14 20:00:51 #21 type] 
Type domain.Admin is not enhanced.

[2020-03-14 20:00:51 #22 type.registry] 
New type java.util.Vector<java.lang.Object>

------------------------------------------------------------------------------------------------------------------------

[2020-03-14 20:03:22 #1 store] 
Database '/Users/Marion_brnrd/git/Bets_Project/Bets/resources/bets.temp' is opened by 1756@MacBook-Air-de-Marion-3.local

[2020-03-14 20:03:23 #2 type.registry] 
New type domain.Question

[2020-03-14 20:03:23 #3 type] 
Type domain.Question is not enhanced.

[2020-03-14 20:03:23 #4 type.registry] 
New type domain.Event

[2020-03-14 20:03:23 #5 type.registry] 
New type domain.BetChoice

[2020-03-14 20:03:23 #6 type.registry] 
New type java.util.Vector<domain.BetChoice>

[2020-03-14 20:03:23 #7 type] 
Type domain.Event is not enhanced.

[2020-03-14 20:03:23 #8 type.registry] 
New type domain.Sport

[2020-03-14 20:03:23 #9 type.registry] 
New type java.util.Vector<domain.Question>

[2020-03-14 20:03:23 #10 type] 
Type domain.BetChoice is not enhanced.

[2020-03-14 20:03:23 #11 type.registry] 
New type domain.UserBet

[2020-03-14 20:03:23 #12 type.registry] 
New type java.util.Vector<domain.UserBet>

[2020-03-14 20:03:23 #13 type] 
Type domain.Sport is not enhanced.

[2020-03-14 20:03:23 #14 type.registry] 
New type java.util.Vector<domain.Event>

[2020-03-14 20:03:23 #15 type] 
Type domain.UserBet is not enhanced.

[2020-03-14 20:03:23 #16 type.registry] 
New type domain.User

[2020-03-14 20:03:23 #17 type] 
Type domain.User is not enhanced.

[2020-03-14 20:03:23 #18 type.registry] 
New type java.util.Vector<domain.Sport>

[2020-03-14 20:03:23 #19 type.registry] 
New type java.util.Vector<domain.User>

[2020-03-14 20:03:23 #20 type.registry] 
New type domain.Admin

[2020-03-14 20:03:23 #21 type] 
Type domain.Admin is not enhanced.

[2020-03-14 20:03:23 #22 type.registry] 
New type java.util.Vector<java.lang.Object>

------------------------------------------------------------------------------------------------------------------------

[2020-03-14 20:08:22 #1 store] 
Database '/Users/Marion_brnrd/git/Bets_Project/Bets/resources/bets.temp' is opened by 1760@MacBook-Air-de-Marion-3.local

[2020-03-14 20:08:22 #2 type.registry] 
New type domain.Question

[2020-03-14 20:08:22 #3 type] 
Type domain.Question is not enhanced.

[2020-03-14 20:08:22 #4 type.registry] 
New type domain.Event

[2020-03-14 20:08:22 #5 type.registry] 
New type domain.BetChoice

[2020-03-14 20:08:22 #6 type.registry] 
New type java.util.Vector<domain.BetChoice>

[2020-03-14 20:08:22 #7 type] 
Type domain.Event is not enhanced.

[2020-03-14 20:08:22 #8 type.registry] 
New type domain.Sport

[2020-03-14 20:08:22 #9 type.registry] 
New type java.util.Vector<domain.Question>

[2020-03-14 20:08:22 #10 type] 
Type domain.BetChoice is not enhanced.

[2020-03-14 20:08:22 #11 type.registry] 
New type domain.UserBet

[2020-03-14 20:08:22 #12 type.registry] 
New type java.util.Vector<domain.UserBet>

[2020-03-14 20:08:22 #13 type] 
Type domain.Sport is not enhanced.

[2020-03-14 20:08:22 #14 type.registry] 
New type java.util.Vector<domain.Event>

[2020-03-14 20:08:22 #15 type] 
Type domain.UserBet is not enhanced.

[2020-03-14 20:08:22 #16 type.registry] 
New type domain.User

[2020-03-14 20:08:22 #17 type] 
Type domain.User is not enhanced.

[2020-03-14 20:08:22 #18 type.registry] 
New type java.util.Vector<domain.Sport>

[2020-03-14 20:08:22 #19 type.registry] 
New type java.util.Vector<domain.User>

[2020-03-14 20:08:22 #20 type.registry] 
New type domain.Admin

[2020-03-14 20:08:22 #21 type] 
Type domain.Admin is not enhanced.

[2020-03-14 20:08:22 #22 type.registry] 
New type java.util.Vector<java.lang.Object>

------------------------------------------------------------------------------------------------------------------------

[2020-03-14 20:10:59 #1 store] 
Database '/Users/Marion_brnrd/git/Bets_Project/Bets/resources/bets.temp' is opened by 1762@MacBook-Air-de-Marion-3.local

[2020-03-14 20:10:59 #2 type.registry] 
New type domain.Question

[2020-03-14 20:10:59 #3 type] 
Type domain.Question is not enhanced.

[2020-03-14 20:10:59 #4 type.registry] 
New type domain.Event

[2020-03-14 20:10:59 #5 type.registry] 
New type domain.BetChoice

[2020-03-14 20:10:59 #6 type.registry] 
New type java.util.Vector<domain.BetChoice>

[2020-03-14 20:10:59 #7 type] 
Type domain.Event is not enhanced.

[2020-03-14 20:10:59 #8 type.registry] 
New type domain.Sport

[2020-03-14 20:10:59 #9 type.registry] 
New type java.util.Vector<domain.Question>

[2020-03-14 20:10:59 #10 type] 
Type domain.BetChoice is not enhanced.

[2020-03-14 20:10:59 #11 type.registry] 
New type domain.UserBet

[2020-03-14 20:10:59 #12 type.registry] 
New type java.util.Vector<domain.UserBet>

[2020-03-14 20:10:59 #13 type] 
Type domain.Sport is not enhanced.

[2020-03-14 20:10:59 #14 type.registry] 
New type java.util.Vector<domain.Event>

[2020-03-14 20:10:59 #15 type] 
Type domain.UserBet is not enhanced.

[2020-03-14 20:10:59 #16 type.registry] 
New type domain.User

[2020-03-14 20:10:59 #17 type] 
Type domain.User is not enhanced.

[2020-03-14 20:10:59 #18 type.registry] 
New type java.util.Vector<domain.Sport>

[2020-03-14 20:10:59 #19 type.registry] 
New type java.util.Vector<domain.User>

[2020-03-14 20:10:59 #20 type.registry] 
New type domain.Admin

[2020-03-14 20:10:59 #21 type] 
Type domain.Admin is not enhanced.

[2020-03-14 20:10:59 #22 type.registry] 
New type java.util.Vector<java.lang.Object>

------------------------------------------------------------------------------------------------------------------------

[2020-03-14 20:16:25 #1 store] 
Database '/Users/Marion_brnrd/git/Bets_Project/Bets/resources/bets.temp' is opened by 1765@MacBook-Air-de-Marion-3.local

[2020-03-14 20:16:25 #2 type.registry] 
New type domain.Question

[2020-03-14 20:16:25 #3 type] 
Type domain.Question is not enhanced.

[2020-03-14 20:16:25 #4 type.registry] 
New type domain.Event

[2020-03-14 20:16:25 #5 type.registry] 
New type domain.BetChoice

[2020-03-14 20:16:25 #6 type.registry] 
New type java.util.Vector<domain.BetChoice>

[2020-03-14 20:16:25 #7 type] 
Type domain.Event is not enhanced.

[2020-03-14 20:16:25 #8 type.registry] 
New type domain.Sport

[2020-03-14 20:16:25 #9 type.registry] 
New type java.util.Vector<domain.Question>

[2020-03-14 20:16:25 #10 type] 
Type domain.BetChoice is not enhanced.

[2020-03-14 20:16:25 #11 type.registry] 
New type domain.UserBet

[2020-03-14 20:16:25 #12 type.registry] 
New type java.util.Vector<domain.UserBet>

[2020-03-14 20:16:25 #13 type] 
Type domain.Sport is not enhanced.

[2020-03-14 20:16:25 #14 type.registry] 
New type java.util.Vector<domain.Event>

[2020-03-14 20:16:25 #15 type] 
Type domain.UserBet is not enhanced.

[2020-03-14 20:16:25 #16 type.registry] 
New type domain.User

[2020-03-14 20:16:25 #17 type] 
Type domain.User is not enhanced.

[2020-03-14 20:16:25 #18 type.registry] 
New type java.util.Vector<domain.Sport>

[2020-03-14 20:16:25 #19 type.registry] 
New type java.util.Vector<domain.User>

[2020-03-14 20:16:25 #20 type.registry] 
New type domain.Admin

[2020-03-14 20:16:25 #21 type] 
Type domain.Admin is not enhanced.

[2020-03-14 20:16:25 #22 type.registry] 
New type java.util.Vector<java.lang.Object>

------------------------------------------------------------------------------------------------------------------------

[2020-03-14 20:28:47 #1 store] 
Database '/Users/Marion_brnrd/git/Bets_Project/Bets/resources/bets.temp' is opened by 1857@MacBook-Air-de-Marion-3.local

[2020-03-14 20:28:48 #2 type.registry] 
New type domain.Question

[2020-03-14 20:28:48 #3 type] 
Type domain.Question is not enhanced.

[2020-03-14 20:28:48 #4 type.registry] 
New type domain.Event

[2020-03-14 20:28:48 #5 type.registry] 
New type domain.BetChoice

[2020-03-14 20:28:48 #6 type.registry] 
New type java.util.Vector<domain.BetChoice>

[2020-03-14 20:28:48 #7 type] 
Type domain.Event is not enhanced.

[2020-03-14 20:28:48 #8 type.registry] 
New type domain.Sport

[2020-03-14 20:28:48 #9 type.registry] 
New type java.util.Vector<domain.Question>

[2020-03-14 20:28:48 #10 type] 
Type domain.BetChoice is not enhanced.

[2020-03-14 20:28:48 #11 type.registry] 
New type domain.UserBet

[2020-03-14 20:28:48 #12 type.registry] 
New type java.util.Vector<domain.UserBet>

[2020-03-14 20:28:48 #13 type] 
Type domain.Sport is not enhanced.

[2020-03-14 20:28:48 #14 type.registry] 
New type java.util.Vector<domain.Event>

[2020-03-14 20:28:48 #15 type] 
Type domain.UserBet is not enhanced.

[2020-03-14 20:28:48 #16 type.registry] 
New type domain.User

[2020-03-14 20:28:48 #17 type] 
Type domain.User is not enhanced.

[2020-03-14 20:28:48 #18 type.registry] 
New type domain.Message

[2020-03-14 20:28:48 #19 type.registry] 
New type java.util.Vector<domain.Message>

[2020-03-14 20:28:48 #20 type.registry] 
New type java.util.Vector<domain.Sport>

[2020-03-14 20:28:48 #21 type.registry] 
New type java.util.Vector<domain.User>

[2020-03-14 20:28:48 #22 type] 
Type domain.Message is not enhanced.

[2020-03-14 20:28:48 #23 type.registry] 
New type domain.Admin

[2020-03-14 20:28:48 #24 type] 
Type domain.Admin is not enhanced.

[2020-03-14 20:28:48 #25 type.registry] 
New type java.util.Vector<java.lang.Object>

