------------------------------------------------------------------------------------------------------------------------

[2020-03-12 14:13:23 #1 store] 
Database 'C:\Users\Yanis\Desktop\Yanis\Espagne\Cours\Software Engineering\Project\Bets_Project\Bets\resources\bets.temp' is opened by 15828@LAPTOP-FG5SJG3N

[2020-03-12 14:13:23 #2 type.registry] 
New type domain.Question

[2020-03-12 14:13:23 #3 type] 
Type domain.Question is not enhanced.

[2020-03-12 14:13:23 #4 type.registry] 
New type domain.Event

[2020-03-12 14:13:23 #5 type.registry] 
New type domain.BetChoice

[2020-03-12 14:13:23 #6 type.registry] 
New type java.util.Vector<domain.BetChoice>

[2020-03-12 14:13:23 #7 type] 
Type domain.Event is not enhanced.

[2020-03-12 14:13:23 #8 type.registry] 
New type java.util.Vector<domain.Question>

[2020-03-12 14:13:23 #9 type] 
Type domain.BetChoice is not enhanced.

[2020-03-12 14:13:23 #10 type.registry] 
New type domain.UserBet

[2020-03-12 14:13:23 #11 type.registry] 
New type java.util.Vector<domain.UserBet>

[2020-03-12 14:13:23 #12 type] 
Type domain.UserBet is not enhanced.

[2020-03-12 14:13:23 #13 type.registry] 
New type domain.User

[2020-03-12 14:13:23 #14 type] 
Type domain.User is not enhanced.

[2020-03-12 14:13:23 #15 type.registry] 
New type domain.Sport

[2020-03-12 14:13:23 #16 type.registry] 
New type java.util.Vector<domain.Sport>

[2020-03-12 14:13:23 #17 type.registry] 
New type java.util.Vector<domain.User>

[2020-03-12 14:13:23 #18 type] 
Type domain.Sport is not enhanced.

[2020-03-12 14:13:23 #19 type.registry] 
New type java.util.Vector<domain.Event>

[2020-03-12 14:13:23 #20 type.registry] 
New type domain.Admin

[2020-03-12 14:13:23 #21 type] 
Type domain.Admin is not enhanced.

[2020-03-12 14:13:23 #22 type.registry] 
New type java.util.Vector<java.lang.Object>

------------------------------------------------------------------------------------------------------------------------

[2020-03-12 14:14:45 #1 store] 
Database 'C:\Users\Yanis\Desktop\Yanis\Espagne\Cours\Software Engineering\Project\Bets_Project\Bets\resources\bets.temp' is opened by 12804@LAPTOP-FG5SJG3N

[2020-03-12 14:14:45 #2 type.registry] 
New type domain.Question

[2020-03-12 14:14:45 #3 type] 
Type domain.Question is not enhanced.

[2020-03-12 14:14:45 #4 type.registry] 
New type domain.Event

[2020-03-12 14:14:45 #5 type.registry] 
New type domain.BetChoice

[2020-03-12 14:14:45 #6 type.registry] 
New type java.util.Vector<domain.BetChoice>

[2020-03-12 14:14:45 #7 type] 
Type domain.Event is not enhanced.

[2020-03-12 14:14:45 #8 type.registry] 
New type java.util.Vector<domain.Question>

[2020-03-12 14:14:45 #9 type] 
Type domain.BetChoice is not enhanced.

[2020-03-12 14:14:45 #10 type.registry] 
New type domain.UserBet

[2020-03-12 14:14:45 #11 type.registry] 
New type java.util.Vector<domain.UserBet>

[2020-03-12 14:14:45 #12 type] 
Type domain.UserBet is not enhanced.

[2020-03-12 14:14:45 #13 type.registry] 
New type domain.User

[2020-03-12 14:14:45 #14 type] 
Type domain.User is not enhanced.

[2020-03-12 14:14:45 #15 type.registry] 
New type domain.Sport

[2020-03-12 14:14:45 #16 type.registry] 
New type java.util.Vector<domain.Sport>

[2020-03-12 14:14:45 #17 type.registry] 
New type java.util.Vector<domain.User>

[2020-03-12 14:14:45 #18 type] 
Type domain.Sport is not enhanced.

[2020-03-12 14:14:45 #19 type.registry] 
New type java.util.Vector<domain.Event>

[2020-03-12 14:14:45 #20 type.registry] 
New type domain.Admin

[2020-03-12 14:14:45 #21 type] 
Type domain.Admin is not enhanced.

[2020-03-12 14:14:45 #22 type.registry] 
New type java.util.Vector<java.lang.Object>

------------------------------------------------------------------------------------------------------------------------

[2020-03-12 14:18:18 #1 store] 
Database 'C:\Users\Yanis\Desktop\Yanis\Espagne\Cours\Software Engineering\Project\Bets_Project\Bets\resources\bets.temp' is opened by 15616@LAPTOP-FG5SJG3N

[2020-03-12 14:18:18 #2 type.registry] 
New type domain.Question

[2020-03-12 14:18:18 #3 type] 
Type domain.Question is not enhanced.

[2020-03-12 14:18:18 #4 type.registry] 
New type domain.Event

[2020-03-12 14:18:18 #5 type.registry] 
New type domain.BetChoice

[2020-03-12 14:18:18 #6 type.registry] 
New type java.util.Vector<domain.BetChoice>

[2020-03-12 14:18:18 #7 type] 
Type domain.Event is not enhanced.

[2020-03-12 14:18:18 #8 type.registry] 
New type java.util.Vector<domain.Question>

[2020-03-12 14:18:18 #9 type] 
Type domain.BetChoice is not enhanced.

[2020-03-12 14:18:18 #10 type.registry] 
New type domain.UserBet

[2020-03-12 14:18:18 #11 type.registry] 
New type java.util.Vector<domain.UserBet>

[2020-03-12 14:18:18 #12 type] 
Type domain.UserBet is not enhanced.

[2020-03-12 14:18:18 #13 type.registry] 
New type domain.User

[2020-03-12 14:18:18 #14 type] 
Type domain.User is not enhanced.

[2020-03-12 14:18:18 #15 type.registry] 
New type domain.Sport

[2020-03-12 14:18:18 #16 type.registry] 
New type java.util.Vector<domain.Sport>

[2020-03-12 14:18:18 #17 type.registry] 
New type java.util.Vector<domain.User>

[2020-03-12 14:18:18 #18 type] 
Type domain.Sport is not enhanced.

[2020-03-12 14:18:18 #19 type.registry] 
New type java.util.Vector<domain.Event>

[2020-03-12 14:18:19 #20 type.registry] 
New type domain.Admin

[2020-03-12 14:18:19 #21 type] 
Type domain.Admin is not enhanced.

[2020-03-12 14:18:19 #22 type.registry] 
New type java.util.Vector<java.lang.Object>

------------------------------------------------------------------------------------------------------------------------

[2020-03-12 14:24:20 #1 store] 
Database 'C:\Users\Yanis\Desktop\Yanis\Espagne\Cours\Software Engineering\Project\Bets_Project\Bets\resources\bets.temp' is opened by 15452@LAPTOP-FG5SJG3N

[2020-03-12 14:24:20 #2 type.registry] 
New type domain.Question

[2020-03-12 14:24:20 #3 type] 
Type domain.Question is not enhanced.

[2020-03-12 14:24:20 #4 type.registry] 
New type domain.Event

[2020-03-12 14:24:20 #5 type.registry] 
New type domain.BetChoice

[2020-03-12 14:24:20 #6 type.registry] 
New type java.util.Vector<domain.BetChoice>

[2020-03-12 14:24:20 #7 type] 
Type domain.Event is not enhanced.

[2020-03-12 14:24:20 #8 type.registry] 
New type java.util.Vector<domain.Question>

[2020-03-12 14:24:20 #9 type] 
Type domain.BetChoice is not enhanced.

[2020-03-12 14:24:20 #10 type.registry] 
New type domain.UserBet

[2020-03-12 14:24:20 #11 type.registry] 
New type java.util.Vector<domain.UserBet>

[2020-03-12 14:24:20 #12 type] 
Type domain.UserBet is not enhanced.

[2020-03-12 14:24:20 #13 type.registry] 
New type domain.User

[2020-03-12 14:24:20 #14 type] 
Type domain.User is not enhanced.

[2020-03-12 14:24:20 #15 type.registry] 
New type domain.Sport

[2020-03-12 14:24:20 #16 type.registry] 
New type java.util.Vector<domain.Sport>

[2020-03-12 14:24:20 #17 type.registry] 
New type java.util.Vector<domain.User>

[2020-03-12 14:24:20 #18 type] 
Type domain.Sport is not enhanced.

[2020-03-12 14:24:20 #19 type.registry] 
New type java.util.Vector<domain.Event>

[2020-03-12 14:24:20 #20 type.registry] 
New type domain.Admin

[2020-03-12 14:24:20 #21 type] 
Type domain.Admin is not enhanced.

[2020-03-12 14:24:20 #22 type.registry] 
New type java.util.Vector<java.lang.Object>

------------------------------------------------------------------------------------------------------------------------

[2020-03-12 14:31:54 #1 store] 
Database 'C:\Users\Yanis\Desktop\Yanis\Espagne\Cours\Software Engineering\Project\Bets_Project\Bets\resources\bets.temp' is opened by 9136@LAPTOP-FG5SJG3N

[2020-03-12 14:31:54 #2 type.registry] 
New type domain.Question

[2020-03-12 14:31:54 #3 type] 
Type domain.Question is not enhanced.

[2020-03-12 14:31:54 #4 type.registry] 
New type domain.Event

[2020-03-12 14:31:54 #5 type.registry] 
New type domain.BetChoice

[2020-03-12 14:31:54 #6 type.registry] 
New type java.util.Vector<domain.BetChoice>

[2020-03-12 14:31:54 #7 type] 
Type domain.Event is not enhanced.

[2020-03-12 14:31:54 #8 type.registry] 
New type java.util.Vector<domain.Question>

[2020-03-12 14:31:54 #9 type] 
Type domain.BetChoice is not enhanced.

[2020-03-12 14:31:54 #10 type.registry] 
New type domain.UserBet

[2020-03-12 14:31:54 #11 type.registry] 
New type java.util.Vector<domain.UserBet>

[2020-03-12 14:31:54 #12 type] 
Type domain.UserBet is not enhanced.

[2020-03-12 14:31:54 #13 type.registry] 
New type domain.User

[2020-03-12 14:31:54 #14 type] 
Type domain.User is not enhanced.

[2020-03-12 14:31:54 #15 type.registry] 
New type domain.Sport

[2020-03-12 14:31:54 #16 type.registry] 
New type java.util.Vector<domain.Sport>

[2020-03-12 14:31:54 #17 type.registry] 
New type java.util.Vector<domain.User>

[2020-03-12 14:31:54 #18 type] 
Type domain.Sport is not enhanced.

[2020-03-12 14:31:54 #19 type.registry] 
New type java.util.Vector<domain.Event>

[2020-03-12 14:31:54 #20 type.registry] 
New type domain.Admin

[2020-03-12 14:31:54 #21 type] 
Type domain.Admin is not enhanced.

[2020-03-12 14:31:54 #22 type.registry] 
New type java.util.Vector<java.lang.Object>

------------------------------------------------------------------------------------------------------------------------

[2020-03-12 14:36:22 #1 store] 
Database 'C:\Users\Yanis\Desktop\Yanis\Espagne\Cours\Software Engineering\Project\Bets_Project\Bets\resources\bets.temp' is opened by 5884@LAPTOP-FG5SJG3N

[2020-03-12 14:36:22 #2 type.registry] 
New type domain.Question

[2020-03-12 14:36:22 #3 type] 
Type domain.Question is not enhanced.

[2020-03-12 14:36:22 #4 type.registry] 
New type domain.Event

[2020-03-12 14:36:22 #5 type.registry] 
New type domain.BetChoice

[2020-03-12 14:36:22 #6 type.registry] 
New type java.util.Vector<domain.BetChoice>

[2020-03-12 14:36:22 #7 type] 
Type domain.Event is not enhanced.

[2020-03-12 14:36:22 #8 type.registry] 
New type java.util.Vector<domain.Question>

[2020-03-12 14:36:22 #9 type] 
Type domain.BetChoice is not enhanced.

[2020-03-12 14:36:22 #10 type.registry] 
New type domain.UserBet

[2020-03-12 14:36:22 #11 type.registry] 
New type java.util.Vector<domain.UserBet>

[2020-03-12 14:36:22 #12 type] 
Type domain.UserBet is not enhanced.

[2020-03-12 14:36:22 #13 type.registry] 
New type domain.User

[2020-03-12 14:36:22 #14 type] 
Type domain.User is not enhanced.

[2020-03-12 14:36:22 #15 type.registry] 
New type domain.Sport

[2020-03-12 14:36:22 #16 type.registry] 
New type java.util.Vector<domain.Sport>

[2020-03-12 14:36:22 #17 type.registry] 
New type java.util.Vector<domain.User>

[2020-03-12 14:36:22 #18 type] 
Type domain.Sport is not enhanced.

[2020-03-12 14:36:22 #19 type.registry] 
New type java.util.Vector<domain.Event>

[2020-03-12 14:36:22 #20 type.registry] 
New type domain.Admin

[2020-03-12 14:36:22 #21 type] 
Type domain.Admin is not enhanced.

[2020-03-12 14:36:22 #22 type.registry] 
New type java.util.Vector<java.lang.Object>

------------------------------------------------------------------------------------------------------------------------

[2020-03-12 14:36:55 #1 store] 
Database 'C:\Users\Yanis\Desktop\Yanis\Espagne\Cours\Software Engineering\Project\Bets_Project\Bets\resources\bets.temp' is opened by 12560@LAPTOP-FG5SJG3N

[2020-03-12 14:36:56 #2 type.registry] 
New type domain.Question

[2020-03-12 14:36:56 #3 type] 
Type domain.Question is not enhanced.

[2020-03-12 14:36:56 #4 type.registry] 
New type domain.Event

[2020-03-12 14:36:56 #5 type.registry] 
New type domain.BetChoice

[2020-03-12 14:36:56 #6 type.registry] 
New type java.util.Vector<domain.BetChoice>

[2020-03-12 14:36:56 #7 type] 
Type domain.Event is not enhanced.

[2020-03-12 14:36:56 #8 type.registry] 
New type java.util.Vector<domain.Question>

[2020-03-12 14:36:56 #9 type] 
Type domain.BetChoice is not enhanced.

[2020-03-12 14:36:56 #10 type.registry] 
New type domain.UserBet

[2020-03-12 14:36:56 #11 type.registry] 
New type java.util.Vector<domain.UserBet>

[2020-03-12 14:36:56 #12 type] 
Type domain.UserBet is not enhanced.

[2020-03-12 14:36:56 #13 type.registry] 
New type domain.User

[2020-03-12 14:36:56 #14 type] 
Type domain.User is not enhanced.

[2020-03-12 14:36:56 #15 type.registry] 
New type domain.Sport

[2020-03-12 14:36:56 #16 type.registry] 
New type java.util.Vector<domain.Sport>

[2020-03-12 14:36:56 #17 type.registry] 
New type java.util.Vector<domain.User>

[2020-03-12 14:36:56 #18 type] 
Type domain.Sport is not enhanced.

[2020-03-12 14:36:56 #19 type.registry] 
New type java.util.Vector<domain.Event>

[2020-03-12 14:36:56 #20 type.registry] 
New type domain.Admin

[2020-03-12 14:36:56 #21 type] 
Type domain.Admin is not enhanced.

[2020-03-12 14:36:56 #22 type.registry] 
New type java.util.Vector<java.lang.Object>

------------------------------------------------------------------------------------------------------------------------

[2020-03-12 14:37:40 #1 store] 
Database 'C:\Users\Yanis\Desktop\Yanis\Espagne\Cours\Software Engineering\Project\Bets_Project\Bets\resources\bets.temp' is opened by 10044@LAPTOP-FG5SJG3N

[2020-03-12 14:37:40 #2 type.registry] 
New type domain.Question

[2020-03-12 14:37:40 #3 type] 
Type domain.Question is not enhanced.

[2020-03-12 14:37:40 #4 type.registry] 
New type domain.Event

[2020-03-12 14:37:40 #5 type.registry] 
New type domain.BetChoice

[2020-03-12 14:37:40 #6 type.registry] 
New type java.util.Vector<domain.BetChoice>

[2020-03-12 14:37:40 #7 type] 
Type domain.Event is not enhanced.

[2020-03-12 14:37:40 #8 type.registry] 
New type java.util.Vector<domain.Question>

[2020-03-12 14:37:40 #9 type] 
Type domain.BetChoice is not enhanced.

[2020-03-12 14:37:40 #10 type.registry] 
New type domain.UserBet

[2020-03-12 14:37:40 #11 type.registry] 
New type java.util.Vector<domain.UserBet>

[2020-03-12 14:37:40 #12 type] 
Type domain.UserBet is not enhanced.

[2020-03-12 14:37:40 #13 type.registry] 
New type domain.User

[2020-03-12 14:37:40 #14 type] 
Type domain.User is not enhanced.

[2020-03-12 14:37:40 #15 type.registry] 
New type domain.Sport

[2020-03-12 14:37:40 #16 type.registry] 
New type java.util.Vector<domain.Sport>

[2020-03-12 14:37:40 #17 type.registry] 
New type java.util.Vector<domain.User>

[2020-03-12 14:37:40 #18 type] 
Type domain.Sport is not enhanced.

[2020-03-12 14:37:40 #19 type.registry] 
New type java.util.Vector<domain.Event>

[2020-03-12 14:37:40 #20 type.registry] 
New type domain.Admin

[2020-03-12 14:37:40 #21 type] 
Type domain.Admin is not enhanced.

[2020-03-12 14:37:40 #22 type.registry] 
New type java.util.Vector<java.lang.Object>

------------------------------------------------------------------------------------------------------------------------

[2020-03-12 15:12:48 #1 store] 
Database 'C:\Users\Yanis\Desktop\Yanis\Espagne\Cours\Software Engineering\Project\Bets_Project\Bets\resources\bets.temp' is opened by 2888@LAPTOP-FG5SJG3N

[2020-03-12 15:12:48 #2 type.registry] 
New type domain.Question

[2020-03-12 15:12:48 #3 type] 
Type domain.Question is not enhanced.

[2020-03-12 15:12:48 #4 type.registry] 
New type domain.Event

[2020-03-12 15:12:48 #5 type.registry] 
New type domain.BetChoice

[2020-03-12 15:12:48 #6 type.registry] 
New type java.util.Vector<domain.BetChoice>

[2020-03-12 15:12:48 #7 type] 
Type domain.Event is not enhanced.

[2020-03-12 15:12:48 #8 type.registry] 
New type java.util.Vector<domain.Question>

[2020-03-12 15:12:48 #9 type] 
Type domain.BetChoice is not enhanced.

[2020-03-12 15:12:48 #10 type.registry] 
New type domain.UserBet

[2020-03-12 15:12:48 #11 type.registry] 
New type java.util.Vector<domain.UserBet>

[2020-03-12 15:12:48 #12 type] 
Type domain.UserBet is not enhanced.

[2020-03-12 15:12:48 #13 type.registry] 
New type domain.User

[2020-03-12 15:12:48 #14 type] 
Type domain.User is not enhanced.

[2020-03-12 15:12:48 #15 type.registry] 
New type domain.Sport

[2020-03-12 15:12:48 #16 type.registry] 
New type java.util.Vector<domain.Sport>

[2020-03-12 15:12:48 #17 type.registry] 
New type java.util.Vector<domain.User>

[2020-03-12 15:12:48 #18 type] 
Type domain.Sport is not enhanced.

[2020-03-12 15:12:48 #19 type.registry] 
New type java.util.Vector<domain.Event>

[2020-03-12 15:12:48 #20 type.registry] 
New type domain.Admin

[2020-03-12 15:12:48 #21 type] 
Type domain.Admin is not enhanced.

[2020-03-12 15:12:48 #22 type.registry] 
New type java.util.Vector<java.lang.Object>

------------------------------------------------------------------------------------------------------------------------

[2020-03-12 15:28:15 #1 store] 
Database 'C:\Users\Yanis\Desktop\Yanis\Espagne\Cours\Software Engineering\Project\Bets_Project\Bets\resources\bets.temp' is opened by 12060@LAPTOP-FG5SJG3N

[2020-03-12 15:28:15 #2 type.registry] 
New type domain.Question

[2020-03-12 15:28:15 #3 type] 
Type domain.Question is not enhanced.

[2020-03-12 15:28:15 #4 type.registry] 
New type domain.Event

[2020-03-12 15:28:15 #5 type.registry] 
New type domain.BetChoice

[2020-03-12 15:28:15 #6 type.registry] 
New type java.util.Vector<domain.BetChoice>

[2020-03-12 15:28:15 #7 type] 
Type domain.Event is not enhanced.

[2020-03-12 15:28:15 #8 type.registry] 
New type java.util.Vector<domain.Question>

[2020-03-12 15:28:15 #9 type] 
Type domain.BetChoice is not enhanced.

[2020-03-12 15:28:15 #10 type.registry] 
New type domain.UserBet

[2020-03-12 15:28:15 #11 type.registry] 
New type java.util.Vector<domain.UserBet>

[2020-03-12 15:28:15 #12 type] 
Type domain.UserBet is not enhanced.

[2020-03-12 15:28:15 #13 type.registry] 
New type domain.User

[2020-03-12 15:28:15 #14 type] 
Type domain.User is not enhanced.

[2020-03-12 15:28:15 #15 type.registry] 
New type domain.Sport

[2020-03-12 15:28:15 #16 type.registry] 
New type java.util.Vector<domain.Sport>

[2020-03-12 15:28:15 #17 type.registry] 
New type java.util.Vector<domain.User>

[2020-03-12 15:28:15 #18 type] 
Type domain.Sport is not enhanced.

[2020-03-12 15:28:15 #19 type.registry] 
New type java.util.Vector<domain.Event>

[2020-03-12 15:28:15 #20 type.registry] 
New type domain.Admin

[2020-03-12 15:28:15 #21 type] 
Type domain.Admin is not enhanced.

[2020-03-12 15:28:15 #22 type.registry] 
New type java.util.Vector<java.lang.Object>

------------------------------------------------------------------------------------------------------------------------

[2020-03-12 15:45:02 #1 store] 
Database 'C:\Users\Yanis\Desktop\Yanis\Espagne\Cours\Software Engineering\Project\Bets_Project\Bets\resources\bets.temp' is opened by 6328@LAPTOP-FG5SJG3N

[2020-03-12 15:45:02 #2 type.registry] 
New type domain.Question

[2020-03-12 15:45:02 #3 type] 
Type domain.Question is not enhanced.

[2020-03-12 15:45:02 #4 type.registry] 
New type domain.Event

[2020-03-12 15:45:02 #5 type.registry] 
New type domain.BetChoice

[2020-03-12 15:45:02 #6 type.registry] 
New type java.util.Vector<domain.BetChoice>

[2020-03-12 15:45:02 #7 type] 
Type domain.Event is not enhanced.

[2020-03-12 15:45:02 #8 type.registry] 
New type java.util.Vector<domain.Question>

[2020-03-12 15:45:02 #9 type] 
Type domain.BetChoice is not enhanced.

[2020-03-12 15:45:02 #10 type.registry] 
New type domain.UserBet

[2020-03-12 15:45:02 #11 type.registry] 
New type java.util.Vector<domain.UserBet>

[2020-03-12 15:45:02 #12 type] 
Type domain.UserBet is not enhanced.

[2020-03-12 15:45:02 #13 type.registry] 
New type domain.User

[2020-03-12 15:45:02 #14 type] 
Type domain.User is not enhanced.

[2020-03-12 15:45:02 #15 type.registry] 
New type domain.Sport

[2020-03-12 15:45:02 #16 type.registry] 
New type java.util.Vector<domain.Sport>

[2020-03-12 15:45:02 #17 type.registry] 
New type java.util.Vector<domain.User>

[2020-03-12 15:45:02 #18 type] 
Type domain.Sport is not enhanced.

[2020-03-12 15:45:02 #19 type.registry] 
New type java.util.Vector<domain.Event>

[2020-03-12 15:45:02 #20 type.registry] 
New type domain.Admin

[2020-03-12 15:45:02 #21 type] 
Type domain.Admin is not enhanced.

[2020-03-12 15:45:02 #22 type.registry] 
New type java.util.Vector<java.lang.Object>

------------------------------------------------------------------------------------------------------------------------

[2020-03-12 15:51:11 #1 store] 
Database 'C:\Users\Yanis\Desktop\Yanis\Espagne\Cours\Software Engineering\Project\Bets_Project\Bets\resources\bets.temp' is opened by 12880@LAPTOP-FG5SJG3N

[2020-03-12 15:51:11 #2 type.registry] 
New type domain.Question

[2020-03-12 15:51:11 #3 type] 
Type domain.Question is not enhanced.

[2020-03-12 15:51:11 #4 type.registry] 
New type domain.Event

[2020-03-12 15:51:11 #5 type.registry] 
New type domain.BetChoice

[2020-03-12 15:51:11 #6 type.registry] 
New type java.util.Vector<domain.BetChoice>

[2020-03-12 15:51:11 #7 type] 
Type domain.Event is not enhanced.

[2020-03-12 15:51:11 #8 type.registry] 
New type java.util.Vector<domain.Question>

[2020-03-12 15:51:11 #9 type] 
Type domain.BetChoice is not enhanced.

[2020-03-12 15:51:11 #10 type.registry] 
New type domain.UserBet

[2020-03-12 15:51:11 #11 type.registry] 
New type java.util.Vector<domain.UserBet>

[2020-03-12 15:51:11 #12 type] 
Type domain.UserBet is not enhanced.

[2020-03-12 15:51:11 #13 type.registry] 
New type domain.User

[2020-03-12 15:51:11 #14 type] 
Type domain.User is not enhanced.

[2020-03-12 15:51:11 #15 type.registry] 
New type domain.Sport

[2020-03-12 15:51:11 #16 type.registry] 
New type java.util.Vector<domain.Sport>

[2020-03-12 15:51:11 #17 type.registry] 
New type java.util.Vector<domain.User>

[2020-03-12 15:51:11 #18 type] 
Type domain.Sport is not enhanced.

[2020-03-12 15:51:11 #19 type.registry] 
New type java.util.Vector<domain.Event>

[2020-03-12 15:51:11 #20 type.registry] 
New type domain.Admin

[2020-03-12 15:51:11 #21 type] 
Type domain.Admin is not enhanced.

[2020-03-12 15:51:11 #22 type.registry] 
New type java.util.Vector<java.lang.Object>

------------------------------------------------------------------------------------------------------------------------

[2020-03-12 15:55:27 #1 store] 
Database 'C:\Users\Yanis\Desktop\Yanis\Espagne\Cours\Software Engineering\Project\Bets_Project\Bets\resources\bets.temp' is opened by 11904@LAPTOP-FG5SJG3N

[2020-03-12 15:55:27 #2 type.registry] 
New type domain.Question

[2020-03-12 15:55:27 #3 type] 
Type domain.Question is not enhanced.

[2020-03-12 15:55:27 #4 type.registry] 
New type domain.Event

[2020-03-12 15:55:27 #5 type.registry] 
New type domain.BetChoice

[2020-03-12 15:55:28 #6 type.registry] 
New type java.util.Vector<domain.BetChoice>

[2020-03-12 15:55:28 #7 type] 
Type domain.Event is not enhanced.

[2020-03-12 15:55:28 #8 type.registry] 
New type java.util.Vector<domain.Question>

[2020-03-12 15:55:28 #9 type] 
Type domain.BetChoice is not enhanced.

[2020-03-12 15:55:28 #10 type.registry] 
New type domain.UserBet

[2020-03-12 15:55:28 #11 type.registry] 
New type java.util.Vector<domain.UserBet>

[2020-03-12 15:55:28 #12 type] 
Type domain.UserBet is not enhanced.

[2020-03-12 15:55:28 #13 type.registry] 
New type domain.User

[2020-03-12 15:55:28 #14 type] 
Type domain.User is not enhanced.

[2020-03-12 15:55:28 #15 type.registry] 
New type domain.Sport

[2020-03-12 15:55:28 #16 type.registry] 
New type java.util.Vector<domain.Sport>

[2020-03-12 15:55:28 #17 type.registry] 
New type java.util.Vector<domain.User>

[2020-03-12 15:55:28 #18 type] 
Type domain.Sport is not enhanced.

[2020-03-12 15:55:28 #19 type.registry] 
New type java.util.Vector<domain.Event>

[2020-03-12 15:55:28 #20 type.registry] 
New type domain.Admin

[2020-03-12 15:55:28 #21 type] 
Type domain.Admin is not enhanced.

[2020-03-12 15:55:28 #22 type.registry] 
New type java.util.Vector<java.lang.Object>

------------------------------------------------------------------------------------------------------------------------

[2020-03-12 15:56:42 #1 store] 
Database 'C:\Users\Yanis\Desktop\Yanis\Espagne\Cours\Software Engineering\Project\Bets_Project\Bets\resources\bets.temp' is opened by 11912@LAPTOP-FG5SJG3N

[2020-03-12 15:56:43 #2 type.registry] 
New type domain.Question

[2020-03-12 15:56:43 #3 type] 
Type domain.Question is not enhanced.

[2020-03-12 15:56:43 #4 type.registry] 
New type domain.Event

[2020-03-12 15:56:43 #5 type.registry] 
New type domain.BetChoice

[2020-03-12 15:56:43 #6 type.registry] 
New type java.util.Vector<domain.BetChoice>

[2020-03-12 15:56:43 #7 type] 
Type domain.Event is not enhanced.

[2020-03-12 15:56:43 #8 type.registry] 
New type java.util.Vector<domain.Question>

[2020-03-12 15:56:43 #9 type] 
Type domain.BetChoice is not enhanced.

[2020-03-12 15:56:43 #10 type.registry] 
New type domain.UserBet

[2020-03-12 15:56:43 #11 type.registry] 
New type java.util.Vector<domain.UserBet>

[2020-03-12 15:56:43 #12 type] 
Type domain.UserBet is not enhanced.

[2020-03-12 15:56:43 #13 type.registry] 
New type domain.User

[2020-03-12 15:56:43 #14 type] 
Type domain.User is not enhanced.

[2020-03-12 15:56:43 #15 type.registry] 
New type domain.Sport

[2020-03-12 15:56:43 #16 type.registry] 
New type java.util.Vector<domain.Sport>

[2020-03-12 15:56:43 #17 type.registry] 
New type java.util.Vector<domain.User>

[2020-03-12 15:56:43 #18 type] 
Type domain.Sport is not enhanced.

[2020-03-12 15:56:43 #19 type.registry] 
New type java.util.Vector<domain.Event>

[2020-03-12 15:56:43 #20 type.registry] 
New type domain.Admin

[2020-03-12 15:56:43 #21 type] 
Type domain.Admin is not enhanced.

[2020-03-12 15:56:43 #22 type.registry] 
New type java.util.Vector<java.lang.Object>

------------------------------------------------------------------------------------------------------------------------

[2020-03-12 15:58:30 #1 store] 
Database 'C:\Users\Yanis\Desktop\Yanis\Espagne\Cours\Software Engineering\Project\Bets_Project\Bets\resources\bets.temp' is opened by 8164@LAPTOP-FG5SJG3N

[2020-03-12 15:58:31 #2 type.registry] 
New type domain.Question

[2020-03-12 15:58:31 #3 type] 
Type domain.Question is not enhanced.

[2020-03-12 15:58:31 #4 type.registry] 
New type domain.Event

[2020-03-12 15:58:31 #5 type.registry] 
New type domain.BetChoice

[2020-03-12 15:58:31 #6 type.registry] 
New type java.util.Vector<domain.BetChoice>

[2020-03-12 15:58:31 #7 type] 
Type domain.Event is not enhanced.

[2020-03-12 15:58:31 #8 type.registry] 
New type java.util.Vector<domain.Question>

[2020-03-12 15:58:31 #9 type] 
Type domain.BetChoice is not enhanced.

[2020-03-12 15:58:31 #10 type.registry] 
New type domain.UserBet

[2020-03-12 15:58:31 #11 type.registry] 
New type java.util.Vector<domain.UserBet>

[2020-03-12 15:58:31 #12 type] 
Type domain.UserBet is not enhanced.

[2020-03-12 15:58:31 #13 type.registry] 
New type domain.User

[2020-03-12 15:58:31 #14 type] 
Type domain.User is not enhanced.

[2020-03-12 15:58:31 #15 type.registry] 
New type domain.Sport

[2020-03-12 15:58:31 #16 type.registry] 
New type java.util.Vector<domain.Sport>

[2020-03-12 15:58:31 #17 type.registry] 
New type java.util.Vector<domain.User>

[2020-03-12 15:58:31 #18 type] 
Type domain.Sport is not enhanced.

[2020-03-12 15:58:31 #19 type.registry] 
New type java.util.Vector<domain.Event>

[2020-03-12 15:58:31 #20 type.registry] 
New type domain.Admin

[2020-03-12 15:58:31 #21 type] 
Type domain.Admin is not enhanced.

[2020-03-12 15:58:31 #22 type.registry] 
New type java.util.Vector<java.lang.Object>

------------------------------------------------------------------------------------------------------------------------

[2020-03-12 16:07:05 #1 store] 
Database 'C:\Users\Yanis\Desktop\Yanis\Espagne\Cours\Software Engineering\Project\Bets_Project\Bets\resources\bets.temp' is opened by 3708@LAPTOP-FG5SJG3N

[2020-03-12 16:07:06 #2 type.registry] 
New type domain.Question

[2020-03-12 16:07:06 #3 type] 
Type domain.Question is not enhanced.

[2020-03-12 16:07:06 #4 type.registry] 
New type domain.Event

[2020-03-12 16:07:06 #5 type.registry] 
New type domain.BetChoice

[2020-03-12 16:07:06 #6 type.registry] 
New type java.util.Vector<domain.BetChoice>

[2020-03-12 16:07:06 #7 type] 
Type domain.Event is not enhanced.

[2020-03-12 16:07:06 #8 type.registry] 
New type java.util.Vector<domain.Question>

[2020-03-12 16:07:06 #9 type] 
Type domain.BetChoice is not enhanced.

[2020-03-12 16:07:06 #10 type.registry] 
New type domain.UserBet

[2020-03-12 16:07:06 #11 type.registry] 
New type java.util.Vector<domain.UserBet>

[2020-03-12 16:07:06 #12 type] 
Type domain.UserBet is not enhanced.

[2020-03-12 16:07:06 #13 type.registry] 
New type domain.User

[2020-03-12 16:07:06 #14 type] 
Type domain.User is not enhanced.

[2020-03-12 16:07:06 #15 type.registry] 
New type domain.Sport

[2020-03-12 16:07:06 #16 type.registry] 
New type java.util.Vector<domain.Sport>

[2020-03-12 16:07:06 #17 type.registry] 
New type java.util.Vector<domain.User>

[2020-03-12 16:07:06 #18 type] 
Type domain.Sport is not enhanced.

[2020-03-12 16:07:06 #19 type.registry] 
New type java.util.Vector<domain.Event>

[2020-03-12 16:07:06 #20 type.registry] 
New type domain.Admin

[2020-03-12 16:07:06 #21 type] 
Type domain.Admin is not enhanced.

[2020-03-12 16:07:06 #22 type.registry] 
New type java.util.Vector<java.lang.Object>

------------------------------------------------------------------------------------------------------------------------

[2020-03-12 16:11:58 #1 store] 
Database 'C:\Users\Yanis\Desktop\Yanis\Espagne\Cours\Software Engineering\Project\Bets_Project\Bets\resources\bets.temp' is opened by 15176@LAPTOP-FG5SJG3N

[2020-03-12 16:11:59 #2 type.registry] 
New type domain.Question

[2020-03-12 16:11:59 #3 type] 
Type domain.Question is not enhanced.

[2020-03-12 16:11:59 #4 type.registry] 
New type domain.Event

[2020-03-12 16:11:59 #5 type.registry] 
New type domain.BetChoice

[2020-03-12 16:11:59 #6 type.registry] 
New type java.util.Vector<domain.BetChoice>

[2020-03-12 16:11:59 #7 type] 
Type domain.Event is not enhanced.

[2020-03-12 16:11:59 #8 type.registry] 
New type java.util.Vector<domain.Question>

[2020-03-12 16:11:59 #9 type] 
Type domain.BetChoice is not enhanced.

[2020-03-12 16:11:59 #10 type.registry] 
New type domain.UserBet

[2020-03-12 16:11:59 #11 type.registry] 
New type java.util.Vector<domain.UserBet>

[2020-03-12 16:11:59 #12 type] 
Type domain.UserBet is not enhanced.

[2020-03-12 16:11:59 #13 type.registry] 
New type domain.User

[2020-03-12 16:11:59 #14 type] 
Type domain.User is not enhanced.

[2020-03-12 16:11:59 #15 type.registry] 
New type domain.Sport

[2020-03-12 16:11:59 #16 type.registry] 
New type java.util.Vector<domain.Sport>

[2020-03-12 16:11:59 #17 type.registry] 
New type java.util.Vector<domain.User>

[2020-03-12 16:11:59 #18 type] 
Type domain.Sport is not enhanced.

[2020-03-12 16:11:59 #19 type.registry] 
New type java.util.Vector<domain.Event>

[2020-03-12 16:11:59 #20 type.registry] 
New type domain.Admin

[2020-03-12 16:11:59 #21 type] 
Type domain.Admin is not enhanced.

[2020-03-12 16:11:59 #22 type.registry] 
New type java.util.Vector<java.lang.Object>

