------------------------------------------------------------------------------------------------------------------------

[2020-03-05 15:27:32 #1 store] 
Database '/Users/Marion_brnrd/git/Bets_Project/Bets/resources/bets.temp' is opened by 1907@MacBook-Air-de-Marion-3.local

[2020-03-05 15:27:33 #2 type.registry] 
New type domain.Question

[2020-03-05 15:27:33 #3 type] 
Type domain.Question is not enhanced.

[2020-03-05 15:27:33 #4 type.registry] 
New type domain.Event

[2020-03-05 15:27:33 #5 type.registry] 
New type domain.Bet

[2020-03-05 15:27:33 #6 type.registry] 
New type java.util.Vector<domain.Bet>

[2020-03-05 15:27:33 #7 type] 
Type domain.Event is not enhanced.

[2020-03-05 15:27:33 #8 type.registry] 
New type java.util.Vector<domain.Question>

[2020-03-05 15:27:33 #9 type] 
Type domain.Bet is not enhanced.

[2020-03-05 15:27:33 #10 type.registry] 
New type domain.UserBet

[2020-03-05 15:27:33 #11 type.registry] 
New type java.util.Vector<domain.UserBet>

[2020-03-05 15:27:33 #12 type] 
Type domain.UserBet is not enhanced.

[2020-03-05 15:27:33 #13 type.registry] 
New type domain.User

[2020-03-05 15:27:33 #14 type] 
Type domain.User is not enhanced.

[2020-03-05 15:27:33 #15 type.registry] 
New type java.util.Vector<domain.User>

[2020-03-05 15:27:33 #16 type.registry] 
New type domain.Admin

[2020-03-05 15:27:33 #17 type] 
Type domain.Admin is not enhanced.

[2020-03-05 15:27:33 #18 type.registry] 
New type java.util.Vector<java.lang.Object>

------------------------------------------------------------------------------------------------------------------------

[2020-03-05 15:27:53 #1 store] 
Database '/Users/Marion_brnrd/git/Bets_Project/Bets/resources/bets.temp' is opened by 1910@MacBook-Air-de-Marion-3.local

[2020-03-05 15:27:54 #2 type.registry] 
New type domain.Question

[2020-03-05 15:27:54 #3 type] 
Type domain.Question is not enhanced.

[2020-03-05 15:27:54 #4 type.registry] 
New type domain.Event

[2020-03-05 15:27:54 #5 type.registry] 
New type domain.Bet

[2020-03-05 15:27:54 #6 type.registry] 
New type java.util.Vector<domain.Bet>

[2020-03-05 15:27:54 #7 type] 
Type domain.Event is not enhanced.

[2020-03-05 15:27:54 #8 type.registry] 
New type java.util.Vector<domain.Question>

[2020-03-05 15:27:54 #9 type] 
Type domain.Bet is not enhanced.

[2020-03-05 15:27:54 #10 type.registry] 
New type domain.UserBet

[2020-03-05 15:27:54 #11 type.registry] 
New type java.util.Vector<domain.UserBet>

[2020-03-05 15:27:54 #12 type] 
Type domain.UserBet is not enhanced.

[2020-03-05 15:27:54 #13 type.registry] 
New type domain.User

[2020-03-05 15:27:54 #14 type] 
Type domain.User is not enhanced.

[2020-03-05 15:27:54 #15 type.registry] 
New type java.util.Vector<domain.User>

[2020-03-05 15:27:54 #16 type.registry] 
New type domain.Admin

[2020-03-05 15:27:54 #17 type] 
Type domain.Admin is not enhanced.

[2020-03-05 15:27:54 #18 type.registry] 
New type java.util.Vector<java.lang.Object>

------------------------------------------------------------------------------------------------------------------------

[2020-03-05 15:29:36 #1 store] 
Database '/Users/Marion_brnrd/git/Bets_Project/Bets/resources/bets.temp' is opened by 1911@MacBook-Air-de-Marion-3.local

[2020-03-05 15:29:36 #2 type.registry] 
New type domain.Question

[2020-03-05 15:29:36 #3 type] 
Type domain.Question is not enhanced.

[2020-03-05 15:29:36 #4 type.registry] 
New type domain.Event

[2020-03-05 15:29:37 #5 type.registry] 
New type domain.Bet

[2020-03-05 15:29:37 #6 type.registry] 
New type java.util.Vector<domain.Bet>

[2020-03-05 15:29:37 #7 type] 
Type domain.Event is not enhanced.

[2020-03-05 15:29:37 #8 type.registry] 
New type java.util.Vector<domain.Question>

[2020-03-05 15:29:37 #9 type] 
Type domain.Bet is not enhanced.

[2020-03-05 15:29:37 #10 type.registry] 
New type domain.UserBet

[2020-03-05 15:29:37 #11 type.registry] 
New type java.util.Vector<domain.UserBet>

[2020-03-05 15:29:37 #12 type] 
Type domain.UserBet is not enhanced.

[2020-03-05 15:29:37 #13 type.registry] 
New type domain.User

[2020-03-05 15:29:37 #14 type] 
Type domain.User is not enhanced.

[2020-03-05 15:29:37 #15 type.registry] 
New type java.util.Vector<domain.User>

[2020-03-05 15:29:37 #16 type.registry] 
New type domain.Admin

[2020-03-05 15:29:37 #17 type] 
Type domain.Admin is not enhanced.

[2020-03-05 15:29:37 #18 type.registry] 
New type java.util.Vector<java.lang.Object>

------------------------------------------------------------------------------------------------------------------------

[2020-03-05 15:31:38 #1 store] 
Database '/Users/Marion_brnrd/git/Bets_Project/Bets/resources/bets.temp' is opened by 1913@MacBook-Air-de-Marion-3.local

[2020-03-05 15:31:39 #2 type.registry] 
New type domain.Question

[2020-03-05 15:31:39 #3 type] 
Type domain.Question is not enhanced.

[2020-03-05 15:31:39 #4 type.registry] 
New type domain.Event

[2020-03-05 15:31:39 #5 type.registry] 
New type domain.Bet

[2020-03-05 15:31:39 #6 type.registry] 
New type java.util.Vector<domain.Bet>

[2020-03-05 15:31:39 #7 type] 
Type domain.Event is not enhanced.

[2020-03-05 15:31:39 #8 type.registry] 
New type java.util.Vector<domain.Question>

[2020-03-05 15:31:39 #9 type] 
Type domain.Bet is not enhanced.

[2020-03-05 15:31:39 #10 type.registry] 
New type domain.UserBet

[2020-03-05 15:31:39 #11 type.registry] 
New type java.util.Vector<domain.UserBet>

[2020-03-05 15:31:39 #12 type] 
Type domain.UserBet is not enhanced.

[2020-03-05 15:31:39 #13 type.registry] 
New type domain.User

[2020-03-05 15:31:39 #14 type] 
Type domain.User is not enhanced.

[2020-03-05 15:31:39 #15 type.registry] 
New type java.util.Vector<domain.User>

[2020-03-05 15:31:39 #16 type.registry] 
New type domain.Admin

[2020-03-05 15:31:39 #17 type] 
Type domain.Admin is not enhanced.

[2020-03-05 15:31:39 #18 type.registry] 
New type java.util.Vector<java.lang.Object>

------------------------------------------------------------------------------------------------------------------------

[2020-03-05 15:49:04 #1 store] 
Database '/Users/Marion_brnrd/git/Bets_Project/Bets/resources/bets.temp' is opened by 1944@MacBook-Air-de-Marion-3.local

[2020-03-05 15:49:04 #2 type.registry] 
New type domain.Question

[2020-03-05 15:49:04 #3 type] 
Type domain.Question is not enhanced.

[2020-03-05 15:49:04 #4 type.registry] 
New type domain.Event

[2020-03-05 15:49:04 #5 type.registry] 
New type domain.Bet

[2020-03-05 15:49:04 #6 type.registry] 
New type java.util.Vector<domain.Bet>

[2020-03-05 15:49:04 #7 type] 
Type domain.Event is not enhanced.

[2020-03-05 15:49:04 #8 type.registry] 
New type java.util.Vector<domain.Question>

[2020-03-05 15:49:04 #9 type] 
Type domain.Bet is not enhanced.

[2020-03-05 15:49:04 #10 type.registry] 
New type domain.UserBet

[2020-03-05 15:49:04 #11 type.registry] 
New type java.util.Vector<domain.UserBet>

[2020-03-05 15:49:04 #12 type] 
Type domain.UserBet is not enhanced.

[2020-03-05 15:49:04 #13 type.registry] 
New type domain.User

[2020-03-05 15:49:04 #14 type] 
Type domain.User is not enhanced.

[2020-03-05 15:49:04 #15 type.registry] 
New type java.util.Vector<domain.User>

[2020-03-05 15:49:04 #16 type.registry] 
New type domain.Admin

[2020-03-05 15:49:04 #17 type] 
Type domain.Admin is not enhanced.

[2020-03-05 15:49:04 #18 type.registry] 
New type java.util.Vector<java.lang.Object>

------------------------------------------------------------------------------------------------------------------------

[2020-03-05 15:55:10 #1 store] 
Database '/Users/Marion_brnrd/git/Bets_Project/Bets/resources/bets.temp' is opened by 1957@MacBook-Air-de-Marion-3.local

[2020-03-05 15:55:10 #2 type.registry] 
New type domain.Question

[2020-03-05 15:55:10 #3 type] 
Type domain.Question is not enhanced.

[2020-03-05 15:55:10 #4 type.registry] 
New type domain.Event

[2020-03-05 15:55:10 #5 type.registry] 
New type domain.Bet

[2020-03-05 15:55:10 #6 type.registry] 
New type java.util.Vector<domain.Bet>

[2020-03-05 15:55:10 #7 type] 
Type domain.Event is not enhanced.

[2020-03-05 15:55:10 #8 type.registry] 
New type java.util.Vector<domain.Question>

[2020-03-05 15:55:10 #9 type] 
Type domain.Bet is not enhanced.

[2020-03-05 15:55:10 #10 type.registry] 
New type domain.UserBet

[2020-03-05 15:55:10 #11 type.registry] 
New type java.util.Vector<domain.UserBet>

[2020-03-05 15:55:10 #12 type] 
Type domain.UserBet is not enhanced.

[2020-03-05 15:55:10 #13 type.registry] 
New type domain.User

[2020-03-05 15:55:10 #14 type] 
Type domain.User is not enhanced.

[2020-03-05 15:55:10 #15 type.registry] 
New type java.util.Vector<domain.User>

[2020-03-05 15:55:10 #16 type.registry] 
New type domain.Admin

[2020-03-05 15:55:10 #17 type] 
Type domain.Admin is not enhanced.

[2020-03-05 15:55:10 #18 type.registry] 
New type java.util.Vector<java.lang.Object>

------------------------------------------------------------------------------------------------------------------------

[2020-03-05 15:55:58 #1 store] 
Database '/Users/Marion_brnrd/git/Bets_Project/Bets/resources/bets.temp' is opened by 1959@MacBook-Air-de-Marion-3.local

[2020-03-05 15:55:58 #2 type.registry] 
New type domain.Question

[2020-03-05 15:55:58 #3 type] 
Type domain.Question is not enhanced.

[2020-03-05 15:55:58 #4 type.registry] 
New type domain.Event

[2020-03-05 15:55:58 #5 type.registry] 
New type domain.Bet

[2020-03-05 15:55:58 #6 type.registry] 
New type java.util.Vector<domain.Bet>

[2020-03-05 15:55:58 #7 type] 
Type domain.Event is not enhanced.

[2020-03-05 15:55:58 #8 type.registry] 
New type java.util.Vector<domain.Question>

[2020-03-05 15:55:58 #9 type] 
Type domain.Bet is not enhanced.

[2020-03-05 15:55:58 #10 type.registry] 
New type domain.UserBet

[2020-03-05 15:55:58 #11 type.registry] 
New type java.util.Vector<domain.UserBet>

[2020-03-05 15:55:58 #12 type] 
Type domain.UserBet is not enhanced.

[2020-03-05 15:55:58 #13 type.registry] 
New type domain.User

[2020-03-05 15:55:58 #14 type] 
Type domain.User is not enhanced.

[2020-03-05 15:55:58 #15 type.registry] 
New type java.util.Vector<domain.User>

[2020-03-05 15:55:58 #16 type.registry] 
New type domain.Admin

[2020-03-05 15:55:58 #17 type] 
Type domain.Admin is not enhanced.

[2020-03-05 15:55:58 #18 type.registry] 
New type java.util.Vector<java.lang.Object>

------------------------------------------------------------------------------------------------------------------------

[2020-03-05 16:06:33 #1 store] 
Database '/Users/Marion_brnrd/git/Bets_Project/Bets/resources/bets.temp' is opened by 2030@MacBook-Air-de-Marion-3.local

[2020-03-05 16:06:34 #2 type.registry] 
New type domain.Question

[2020-03-05 16:06:34 #3 type] 
Type domain.Question is not enhanced.

[2020-03-05 16:06:34 #4 type.registry] 
New type domain.Event

[2020-03-05 16:06:34 #5 type.registry] 
New type domain.BetChoice

[2020-03-05 16:06:34 #6 type.registry] 
New type java.util.Vector<domain.BetChoice>

[2020-03-05 16:06:34 #7 type] 
Type domain.Event is not enhanced.

[2020-03-05 16:06:34 #8 type.registry] 
New type java.util.Vector<domain.Question>

[2020-03-05 16:06:34 #9 type] 
Type domain.BetChoice is not enhanced.

[2020-03-05 16:06:34 #10 type.registry] 
New type domain.UserBet

[2020-03-05 16:06:34 #11 type.registry] 
New type java.util.Vector<domain.UserBet>

[2020-03-05 16:06:34 #12 type] 
Type domain.UserBet is not enhanced.

[2020-03-05 16:06:34 #13 type.registry] 
New type domain.User

[2020-03-05 16:06:34 #14 type] 
Type domain.User is not enhanced.

[2020-03-05 16:06:34 #15 type.registry] 
New type java.util.Vector<domain.User>

[2020-03-05 16:06:34 #16 type.registry] 
New type domain.Admin

[2020-03-05 16:06:34 #17 type] 
Type domain.Admin is not enhanced.

[2020-03-05 16:06:34 #18 type.registry] 
New type java.util.Vector<java.lang.Object>

------------------------------------------------------------------------------------------------------------------------

[2020-03-05 16:07:52 #1 store] 
Database '/Users/Marion_brnrd/git/Bets_Project/Bets/resources/bets.temp' is opened by 2031@MacBook-Air-de-Marion-3.local

[2020-03-05 16:07:52 #2 type.registry] 
New type domain.Question

[2020-03-05 16:07:52 #3 type] 
Type domain.Question is not enhanced.

[2020-03-05 16:07:52 #4 type.registry] 
New type domain.Event

[2020-03-05 16:07:52 #5 type.registry] 
New type domain.BetChoice

[2020-03-05 16:07:52 #6 type.registry] 
New type java.util.Vector<domain.BetChoice>

[2020-03-05 16:07:52 #7 type] 
Type domain.Event is not enhanced.

[2020-03-05 16:07:52 #8 type.registry] 
New type java.util.Vector<domain.Question>

[2020-03-05 16:07:52 #9 type] 
Type domain.BetChoice is not enhanced.

[2020-03-05 16:07:52 #10 type.registry] 
New type domain.UserBet

[2020-03-05 16:07:52 #11 type.registry] 
New type java.util.Vector<domain.UserBet>

[2020-03-05 16:07:52 #12 type] 
Type domain.UserBet is not enhanced.

[2020-03-05 16:07:52 #13 type.registry] 
New type domain.User

[2020-03-05 16:07:52 #14 type] 
Type domain.User is not enhanced.

[2020-03-05 16:07:52 #15 type.registry] 
New type java.util.Vector<domain.User>

[2020-03-05 16:07:52 #16 type.registry] 
New type domain.Admin

[2020-03-05 16:07:52 #17 type] 
Type domain.Admin is not enhanced.

[2020-03-05 16:07:52 #18 type.registry] 
New type java.util.Vector<java.lang.Object>

------------------------------------------------------------------------------------------------------------------------

[2020-03-05 16:08:01 #1 store] 
Database '/Users/Marion_brnrd/git/Bets_Project/Bets/resources/bets.temp' is opened by 2032@MacBook-Air-de-Marion-3.local

[2020-03-05 16:08:01 #2 type.registry] 
New type domain.Question

[2020-03-05 16:08:01 #3 type] 
Type domain.Question is not enhanced.

[2020-03-05 16:08:01 #4 type.registry] 
New type domain.Event

[2020-03-05 16:08:01 #5 type.registry] 
New type domain.BetChoice

[2020-03-05 16:08:01 #6 type.registry] 
New type java.util.Vector<domain.BetChoice>

[2020-03-05 16:08:01 #7 type] 
Type domain.Event is not enhanced.

[2020-03-05 16:08:01 #8 type.registry] 
New type java.util.Vector<domain.Question>

[2020-03-05 16:08:01 #9 type] 
Type domain.BetChoice is not enhanced.

[2020-03-05 16:08:01 #10 type.registry] 
New type domain.UserBet

[2020-03-05 16:08:01 #11 type.registry] 
New type java.util.Vector<domain.UserBet>

[2020-03-05 16:08:01 #12 type] 
Type domain.UserBet is not enhanced.

[2020-03-05 16:08:01 #13 type.registry] 
New type domain.User

[2020-03-05 16:08:01 #14 type] 
Type domain.User is not enhanced.

[2020-03-05 16:08:01 #15 type.registry] 
New type java.util.Vector<domain.User>

[2020-03-05 16:08:01 #16 type.registry] 
New type domain.Admin

[2020-03-05 16:08:01 #17 type] 
Type domain.Admin is not enhanced.

[2020-03-05 16:08:01 #18 type.registry] 
New type java.util.Vector<java.lang.Object>

