------------------------------------------------------------------------------------------------------------------------

[2020-03-15 14:38:38 #1 store] 
Database 'C:\Users\Yanis\Desktop\Yanis\Espagne\Cours\Software Engineering\Project\Bets_Project\Bets\resources\bets.temp' is opened by 9276@LAPTOP-FG5SJG3N

[2020-03-15 14:38:38 #2 type.registry] 
New type domain.Question

[2020-03-15 14:38:38 #3 type] 
Type domain.Question is not enhanced.

[2020-03-15 14:38:38 #4 type.registry] 
New type domain.Event

[2020-03-15 14:38:38 #5 type.registry] 
New type domain.BetChoice

[2020-03-15 14:38:38 #6 type.registry] 
New type java.util.Vector<domain.BetChoice>

[2020-03-15 14:38:38 #7 type] 
Type domain.Event is not enhanced.

[2020-03-15 14:38:38 #8 type.registry] 
New type domain.Sport

[2020-03-15 14:38:38 #9 type.registry] 
New type java.util.Vector<domain.Question>

[2020-03-15 14:38:38 #10 type] 
Type domain.BetChoice is not enhanced.

[2020-03-15 14:38:38 #11 type.registry] 
New type domain.UserBet

[2020-03-15 14:38:38 #12 type.registry] 
New type java.util.Vector<domain.UserBet>

[2020-03-15 14:38:38 #13 type] 
Type domain.Sport is not enhanced.

[2020-03-15 14:38:38 #14 type.registry] 
New type java.util.Vector<domain.Event>

[2020-03-15 14:38:38 #15 type] 
Type domain.UserBet is not enhanced.

[2020-03-15 14:38:38 #16 type.registry] 
New type domain.User

[2020-03-15 14:38:38 #17 type] 
Type domain.User is not enhanced.

[2020-03-15 14:38:38 #18 type.registry] 
New type domain.Message

[2020-03-15 14:38:38 #19 type.registry] 
New type java.util.Vector<domain.Message>

[2020-03-15 14:38:38 #20 type.registry] 
New type java.util.Vector<domain.Sport>

[2020-03-15 14:38:38 #21 type.registry] 
New type java.util.Vector<domain.User>

[2020-03-15 14:38:38 #22 type] 
Type domain.Message is not enhanced.

[2020-03-15 14:38:38 #23 type.registry] 
New type domain.Admin

[2020-03-15 14:38:38 #24 type] 
Type domain.Admin is not enhanced.

[2020-03-15 14:38:38 #25 type.registry] 
New type java.util.Vector<java.lang.Object>

------------------------------------------------------------------------------------------------------------------------

[2020-03-15 14:40:24 #1 store] 
Database 'C:\Users\Yanis\Desktop\Yanis\Espagne\Cours\Software Engineering\Project\Bets_Project\Bets\resources\bets.temp' is opened by 1732@LAPTOP-FG5SJG3N

[2020-03-15 14:40:24 #2 type.registry] 
New type domain.Question

[2020-03-15 14:40:24 #3 type] 
Type domain.Question is not enhanced.

[2020-03-15 14:40:24 #4 type.registry] 
New type domain.Event

[2020-03-15 14:40:24 #5 type.registry] 
New type domain.BetChoice

[2020-03-15 14:40:24 #6 type.registry] 
New type java.util.Vector<domain.BetChoice>

[2020-03-15 14:40:24 #7 type] 
Type domain.Event is not enhanced.

[2020-03-15 14:40:24 #8 type.registry] 
New type domain.Sport

[2020-03-15 14:40:24 #9 type.registry] 
New type java.util.Vector<domain.Question>

[2020-03-15 14:40:24 #10 type] 
Type domain.BetChoice is not enhanced.

[2020-03-15 14:40:24 #11 type.registry] 
New type domain.UserBet

[2020-03-15 14:40:24 #12 type.registry] 
New type java.util.Vector<domain.UserBet>

[2020-03-15 14:40:24 #13 type] 
Type domain.Sport is not enhanced.

[2020-03-15 14:40:24 #14 type.registry] 
New type java.util.Vector<domain.Event>

[2020-03-15 14:40:24 #15 type] 
Type domain.UserBet is not enhanced.

[2020-03-15 14:40:24 #16 type.registry] 
New type domain.User

[2020-03-15 14:40:24 #17 type] 
Type domain.User is not enhanced.

[2020-03-15 14:40:24 #18 type.registry] 
New type domain.Message

[2020-03-15 14:40:24 #19 type.registry] 
New type java.util.Vector<domain.Message>

[2020-03-15 14:40:24 #20 type.registry] 
New type java.util.Vector<domain.Sport>

[2020-03-15 14:40:24 #21 type.registry] 
New type java.util.Vector<domain.User>

[2020-03-15 14:40:24 #22 type] 
Type domain.Message is not enhanced.

[2020-03-15 14:40:24 #23 type.registry] 
New type domain.Admin

[2020-03-15 14:40:24 #24 type] 
Type domain.Admin is not enhanced.

[2020-03-15 14:40:24 #25 type.registry] 
New type java.util.Vector<java.lang.Object>

------------------------------------------------------------------------------------------------------------------------

[2020-03-15 14:49:54 #1 store] 
Database 'C:\Users\Yanis\Desktop\Yanis\Espagne\Cours\Software Engineering\Project\Bets_Project\Bets\resources\bets.temp' is opened by 3276@LAPTOP-FG5SJG3N

[2020-03-15 14:49:54 #2 type.registry] 
New type domain.Question

[2020-03-15 14:49:54 #3 type] 
Type domain.Question is not enhanced.

[2020-03-15 14:49:54 #4 type.registry] 
New type domain.Event

[2020-03-15 14:49:54 #5 type.registry] 
New type domain.BetChoice

[2020-03-15 14:49:54 #6 type.registry] 
New type java.util.Vector<domain.BetChoice>

[2020-03-15 14:49:54 #7 type] 
Type domain.Event is not enhanced.

[2020-03-15 14:49:54 #8 type.registry] 
New type domain.Sport

[2020-03-15 14:49:54 #9 type.registry] 
New type java.util.Vector<domain.Question>

[2020-03-15 14:49:54 #10 type] 
Type domain.BetChoice is not enhanced.

[2020-03-15 14:49:54 #11 type.registry] 
New type domain.UserBet

[2020-03-15 14:49:54 #12 type.registry] 
New type java.util.Vector<domain.UserBet>

[2020-03-15 14:49:54 #13 type] 
Type domain.Sport is not enhanced.

[2020-03-15 14:49:54 #14 type.registry] 
New type java.util.Vector<domain.Event>

[2020-03-15 14:49:54 #15 type] 
Type domain.UserBet is not enhanced.

[2020-03-15 14:49:54 #16 type.registry] 
New type domain.User

[2020-03-15 14:49:54 #17 type] 
Type domain.User is not enhanced.

[2020-03-15 14:49:54 #18 type.registry] 
New type domain.Message

[2020-03-15 14:49:54 #19 type.registry] 
New type java.util.Vector<domain.Message>

[2020-03-15 14:49:54 #20 type.registry] 
New type java.util.Vector<domain.Sport>

[2020-03-15 14:49:54 #21 type.registry] 
New type java.util.Vector<domain.User>

[2020-03-15 14:49:54 #22 type] 
Type domain.Message is not enhanced.

[2020-03-15 14:49:54 #23 type.registry] 
New type domain.Admin

[2020-03-15 14:49:54 #24 type] 
Type domain.Admin is not enhanced.

[2020-03-15 14:49:54 #25 type.registry] 
New type java.util.Vector<java.lang.Object>

------------------------------------------------------------------------------------------------------------------------

[2020-03-15 14:51:28 #1 store] 
Database 'C:\Users\Yanis\Desktop\Yanis\Espagne\Cours\Software Engineering\Project\Bets_Project\Bets\resources\bets.temp' is opened by 16256@LAPTOP-FG5SJG3N

[2020-03-15 14:51:29 #2 type.registry] 
New type domain.Question

[2020-03-15 14:51:29 #3 type] 
Type domain.Question is not enhanced.

[2020-03-15 14:51:29 #4 type.registry] 
New type domain.Event

[2020-03-15 14:51:29 #5 type.registry] 
New type domain.BetChoice

[2020-03-15 14:51:29 #6 type.registry] 
New type java.util.Vector<domain.BetChoice>

[2020-03-15 14:51:29 #7 type] 
Type domain.Event is not enhanced.

[2020-03-15 14:51:29 #8 type.registry] 
New type domain.Sport

[2020-03-15 14:51:29 #9 type.registry] 
New type java.util.Vector<domain.Question>

[2020-03-15 14:51:29 #10 type] 
Type domain.BetChoice is not enhanced.

[2020-03-15 14:51:29 #11 type.registry] 
New type domain.UserBet

[2020-03-15 14:51:29 #12 type.registry] 
New type java.util.Vector<domain.UserBet>

[2020-03-15 14:51:29 #13 type] 
Type domain.Sport is not enhanced.

[2020-03-15 14:51:29 #14 type.registry] 
New type java.util.Vector<domain.Event>

[2020-03-15 14:51:29 #15 type] 
Type domain.UserBet is not enhanced.

[2020-03-15 14:51:29 #16 type.registry] 
New type domain.User

[2020-03-15 14:51:29 #17 type] 
Type domain.User is not enhanced.

[2020-03-15 14:51:29 #18 type.registry] 
New type domain.Message

[2020-03-15 14:51:29 #19 type.registry] 
New type java.util.Vector<domain.Message>

[2020-03-15 14:51:29 #20 type.registry] 
New type java.util.Vector<domain.Sport>

[2020-03-15 14:51:29 #21 type.registry] 
New type java.util.Vector<domain.User>

[2020-03-15 14:51:29 #22 type] 
Type domain.Message is not enhanced.

[2020-03-15 14:51:29 #23 type.registry] 
New type domain.Admin

[2020-03-15 14:51:29 #24 type] 
Type domain.Admin is not enhanced.

[2020-03-15 14:51:29 #25 type.registry] 
New type java.util.Vector<java.lang.Object>

------------------------------------------------------------------------------------------------------------------------

[2020-03-15 14:52:29 #1 store] 
Database 'C:\Users\Yanis\Desktop\Yanis\Espagne\Cours\Software Engineering\Project\Bets_Project\Bets\resources\bets.temp' is opened by 1412@LAPTOP-FG5SJG3N

[2020-03-15 14:52:29 #2 type.registry] 
New type domain.Question

[2020-03-15 14:52:29 #3 type] 
Type domain.Question is not enhanced.

[2020-03-15 14:52:29 #4 type.registry] 
New type domain.Event

[2020-03-15 14:52:29 #5 type.registry] 
New type domain.BetChoice

[2020-03-15 14:52:29 #6 type.registry] 
New type java.util.Vector<domain.BetChoice>

[2020-03-15 14:52:29 #7 type] 
Type domain.Event is not enhanced.

[2020-03-15 14:52:29 #8 type.registry] 
New type domain.Sport

[2020-03-15 14:52:29 #9 type.registry] 
New type java.util.Vector<domain.Question>

[2020-03-15 14:52:29 #10 type] 
Type domain.BetChoice is not enhanced.

[2020-03-15 14:52:29 #11 type.registry] 
New type domain.UserBet

[2020-03-15 14:52:29 #12 type.registry] 
New type java.util.Vector<domain.UserBet>

[2020-03-15 14:52:29 #13 type] 
Type domain.Sport is not enhanced.

[2020-03-15 14:52:29 #14 type.registry] 
New type java.util.Vector<domain.Event>

[2020-03-15 14:52:29 #15 type] 
Type domain.UserBet is not enhanced.

[2020-03-15 14:52:29 #16 type.registry] 
New type domain.User

[2020-03-15 14:52:29 #17 type] 
Type domain.User is not enhanced.

[2020-03-15 14:52:29 #18 type.registry] 
New type domain.Message

[2020-03-15 14:52:29 #19 type.registry] 
New type java.util.Vector<domain.Message>

[2020-03-15 14:52:29 #20 type.registry] 
New type java.util.Vector<domain.Sport>

[2020-03-15 14:52:29 #21 type.registry] 
New type java.util.Vector<domain.User>

[2020-03-15 14:52:29 #22 type] 
Type domain.Message is not enhanced.

[2020-03-15 14:52:29 #23 type.registry] 
New type domain.Admin

[2020-03-15 14:52:29 #24 type] 
Type domain.Admin is not enhanced.

[2020-03-15 14:52:29 #25 type.registry] 
New type java.util.Vector<java.lang.Object>

------------------------------------------------------------------------------------------------------------------------

[2020-03-15 14:54:04 #1 store] 
Database 'C:\Users\Yanis\Desktop\Yanis\Espagne\Cours\Software Engineering\Project\Bets_Project\Bets\resources\bets.temp' is opened by 8692@LAPTOP-FG5SJG3N

[2020-03-15 14:54:04 #2 type.registry] 
New type domain.Question

[2020-03-15 14:54:04 #3 type] 
Type domain.Question is not enhanced.

[2020-03-15 14:54:04 #4 type.registry] 
New type domain.Event

[2020-03-15 14:54:04 #5 type.registry] 
New type domain.BetChoice

[2020-03-15 14:54:04 #6 type.registry] 
New type java.util.Vector<domain.BetChoice>

[2020-03-15 14:54:04 #7 type] 
Type domain.Event is not enhanced.

[2020-03-15 14:54:04 #8 type.registry] 
New type domain.Sport

[2020-03-15 14:54:04 #9 type.registry] 
New type java.util.Vector<domain.Question>

[2020-03-15 14:54:04 #10 type] 
Type domain.BetChoice is not enhanced.

[2020-03-15 14:54:04 #11 type.registry] 
New type domain.UserBet

[2020-03-15 14:54:04 #12 type.registry] 
New type java.util.Vector<domain.UserBet>

[2020-03-15 14:54:04 #13 type] 
Type domain.Sport is not enhanced.

[2020-03-15 14:54:04 #14 type.registry] 
New type java.util.Vector<domain.Event>

[2020-03-15 14:54:04 #15 type] 
Type domain.UserBet is not enhanced.

[2020-03-15 14:54:04 #16 type.registry] 
New type domain.User

[2020-03-15 14:54:04 #17 type] 
Type domain.User is not enhanced.

[2020-03-15 14:54:04 #18 type.registry] 
New type domain.Message

[2020-03-15 14:54:04 #19 type.registry] 
New type java.util.Vector<domain.Message>

[2020-03-15 14:54:04 #20 type.registry] 
New type java.util.Vector<domain.Sport>

[2020-03-15 14:54:04 #21 type.registry] 
New type java.util.Vector<domain.User>

[2020-03-15 14:54:04 #22 type] 
Type domain.Message is not enhanced.

[2020-03-15 14:54:04 #23 type.registry] 
New type domain.Admin

[2020-03-15 14:54:04 #24 type] 
Type domain.Admin is not enhanced.

[2020-03-15 14:54:04 #25 type.registry] 
New type java.util.Vector<java.lang.Object>

------------------------------------------------------------------------------------------------------------------------

[2020-03-15 14:57:13 #1 store] 
Database 'C:\Users\Yanis\Desktop\Yanis\Espagne\Cours\Software Engineering\Project\Bets_Project\Bets\resources\bets.temp' is opened by 12828@LAPTOP-FG5SJG3N

[2020-03-15 14:57:13 #2 type.registry] 
New type domain.Question

[2020-03-15 14:57:13 #3 type] 
Type domain.Question is not enhanced.

[2020-03-15 14:57:13 #4 type.registry] 
New type domain.Event

[2020-03-15 14:57:13 #5 type.registry] 
New type domain.BetChoice

[2020-03-15 14:57:13 #6 type.registry] 
New type java.util.Vector<domain.BetChoice>

[2020-03-15 14:57:13 #7 type] 
Type domain.Event is not enhanced.

[2020-03-15 14:57:13 #8 type.registry] 
New type domain.Sport

[2020-03-15 14:57:13 #9 type.registry] 
New type java.util.Vector<domain.Question>

[2020-03-15 14:57:13 #10 type] 
Type domain.BetChoice is not enhanced.

[2020-03-15 14:57:13 #11 type.registry] 
New type domain.UserBet

[2020-03-15 14:57:13 #12 type.registry] 
New type java.util.Vector<domain.UserBet>

[2020-03-15 14:57:13 #13 type] 
Type domain.Sport is not enhanced.

[2020-03-15 14:57:13 #14 type.registry] 
New type java.util.Vector<domain.Event>

[2020-03-15 14:57:13 #15 type] 
Type domain.UserBet is not enhanced.

[2020-03-15 14:57:13 #16 type.registry] 
New type domain.User

[2020-03-15 14:57:13 #17 type] 
Type domain.User is not enhanced.

[2020-03-15 14:57:13 #18 type.registry] 
New type domain.Message

[2020-03-15 14:57:13 #19 type.registry] 
New type java.util.Vector<domain.Message>

[2020-03-15 14:57:13 #20 type.registry] 
New type java.util.Vector<domain.Sport>

[2020-03-15 14:57:13 #21 type.registry] 
New type java.util.Vector<domain.User>

[2020-03-15 14:57:13 #22 type] 
Type domain.Message is not enhanced.

[2020-03-15 14:57:13 #23 type.registry] 
New type domain.Admin

[2020-03-15 14:57:13 #24 type] 
Type domain.Admin is not enhanced.

[2020-03-15 14:57:13 #25 type.registry] 
New type java.util.Vector<java.lang.Object>

------------------------------------------------------------------------------------------------------------------------

[2020-03-15 15:00:18 #1 store] 
Database 'C:\Users\Yanis\Desktop\Yanis\Espagne\Cours\Software Engineering\Project\Bets_Project\Bets\resources\bets.temp' is opened by 8796@LAPTOP-FG5SJG3N

[2020-03-15 15:00:18 #2 type.registry] 
New type domain.Question

[2020-03-15 15:00:18 #3 type] 
Type domain.Question is not enhanced.

[2020-03-15 15:00:18 #4 type.registry] 
New type domain.Event

[2020-03-15 15:00:18 #5 type.registry] 
New type domain.BetChoice

[2020-03-15 15:00:18 #6 type.registry] 
New type java.util.Vector<domain.BetChoice>

[2020-03-15 15:00:18 #7 type] 
Type domain.Event is not enhanced.

[2020-03-15 15:00:18 #8 type.registry] 
New type domain.Sport

[2020-03-15 15:00:18 #9 type.registry] 
New type java.util.Vector<domain.Question>

[2020-03-15 15:00:18 #10 type] 
Type domain.BetChoice is not enhanced.

[2020-03-15 15:00:18 #11 type.registry] 
New type domain.UserBet

[2020-03-15 15:00:18 #12 type.registry] 
New type java.util.Vector<domain.UserBet>

[2020-03-15 15:00:18 #13 type] 
Type domain.Sport is not enhanced.

[2020-03-15 15:00:18 #14 type.registry] 
New type java.util.Vector<domain.Event>

[2020-03-15 15:00:18 #15 type] 
Type domain.UserBet is not enhanced.

[2020-03-15 15:00:18 #16 type.registry] 
New type domain.User

[2020-03-15 15:00:18 #17 type] 
Type domain.User is not enhanced.

[2020-03-15 15:00:18 #18 type.registry] 
New type domain.Message

[2020-03-15 15:00:18 #19 type.registry] 
New type java.util.Vector<domain.Message>

[2020-03-15 15:00:18 #20 type.registry] 
New type java.util.Vector<domain.Sport>

[2020-03-15 15:00:18 #21 type.registry] 
New type java.util.Vector<domain.User>

[2020-03-15 15:00:18 #22 type] 
Type domain.Message is not enhanced.

[2020-03-15 15:00:18 #23 type.registry] 
New type domain.Admin

[2020-03-15 15:00:18 #24 type] 
Type domain.Admin is not enhanced.

[2020-03-15 15:00:18 #25 type.registry] 
New type java.util.Vector<java.lang.Object>

------------------------------------------------------------------------------------------------------------------------

[2020-03-15 15:04:12 #1 store] 
Database 'C:\Users\Yanis\Desktop\Yanis\Espagne\Cours\Software Engineering\Project\Bets_Project\Bets\resources\bets.temp' is opened by 7176@LAPTOP-FG5SJG3N

[2020-03-15 15:04:12 #2 type.registry] 
New type domain.Question

[2020-03-15 15:04:12 #3 type] 
Type domain.Question is not enhanced.

[2020-03-15 15:04:12 #4 type.registry] 
New type domain.Event

[2020-03-15 15:04:12 #5 type.registry] 
New type domain.BetChoice

[2020-03-15 15:04:12 #6 type.registry] 
New type java.util.Vector<domain.BetChoice>

[2020-03-15 15:04:12 #7 type] 
Type domain.Event is not enhanced.

[2020-03-15 15:04:12 #8 type.registry] 
New type domain.Sport

[2020-03-15 15:04:12 #9 type.registry] 
New type java.util.Vector<domain.Question>

[2020-03-15 15:04:12 #10 type] 
Type domain.BetChoice is not enhanced.

[2020-03-15 15:04:12 #11 type.registry] 
New type domain.UserBet

[2020-03-15 15:04:12 #12 type.registry] 
New type java.util.Vector<domain.UserBet>

[2020-03-15 15:04:12 #13 type] 
Type domain.Sport is not enhanced.

[2020-03-15 15:04:12 #14 type.registry] 
New type java.util.Vector<domain.Event>

[2020-03-15 15:04:12 #15 type] 
Type domain.UserBet is not enhanced.

[2020-03-15 15:04:12 #16 type.registry] 
New type domain.User

[2020-03-15 15:04:12 #17 type] 
Type domain.User is not enhanced.

[2020-03-15 15:04:12 #18 type.registry] 
New type domain.Message

[2020-03-15 15:04:12 #19 type.registry] 
New type java.util.Vector<domain.Message>

[2020-03-15 15:04:12 #20 type.registry] 
New type java.util.Vector<domain.Sport>

[2020-03-15 15:04:12 #21 type.registry] 
New type java.util.Vector<domain.User>

[2020-03-15 15:04:12 #22 type] 
Type domain.Message is not enhanced.

[2020-03-15 15:04:12 #23 type.registry] 
New type domain.Admin

[2020-03-15 15:04:12 #24 type] 
Type domain.Admin is not enhanced.

[2020-03-15 15:04:12 #25 type.registry] 
New type java.util.Vector<java.lang.Object>

------------------------------------------------------------------------------------------------------------------------

[2020-03-15 15:14:22 #1 store] 
Database 'C:\Users\Yanis\Desktop\Yanis\Espagne\Cours\Software Engineering\Project\Bets_Project\Bets\resources\bets.temp' is opened by 1888@LAPTOP-FG5SJG3N

[2020-03-15 15:14:22 #2 type.registry] 
New type domain.Question

[2020-03-15 15:14:22 #3 type] 
Type domain.Question is not enhanced.

[2020-03-15 15:14:22 #4 type.registry] 
New type domain.Event

[2020-03-15 15:14:22 #5 type.registry] 
New type domain.BetChoice

[2020-03-15 15:14:22 #6 type.registry] 
New type java.util.Vector<domain.BetChoice>

[2020-03-15 15:14:22 #7 type] 
Type domain.Event is not enhanced.

[2020-03-15 15:14:22 #8 type.registry] 
New type domain.Sport

[2020-03-15 15:14:22 #9 type.registry] 
New type java.util.Vector<domain.Question>

[2020-03-15 15:14:22 #10 type] 
Type domain.BetChoice is not enhanced.

[2020-03-15 15:14:22 #11 type.registry] 
New type domain.UserBet

[2020-03-15 15:14:22 #12 type.registry] 
New type java.util.Vector<domain.UserBet>

[2020-03-15 15:14:22 #13 type] 
Type domain.Sport is not enhanced.

[2020-03-15 15:14:22 #14 type.registry] 
New type java.util.Vector<domain.Event>

[2020-03-15 15:14:22 #15 type] 
Type domain.UserBet is not enhanced.

[2020-03-15 15:14:22 #16 type.registry] 
New type domain.User

[2020-03-15 15:14:22 #17 type] 
Type domain.User is not enhanced.

[2020-03-15 15:14:22 #18 type.registry] 
New type domain.Message

[2020-03-15 15:14:22 #19 type.registry] 
New type java.util.Vector<domain.Message>

[2020-03-15 15:14:22 #20 type.registry] 
New type java.util.Vector<domain.Sport>

[2020-03-15 15:14:22 #21 type.registry] 
New type java.util.Vector<domain.User>

[2020-03-15 15:14:22 #22 type] 
Type domain.Message is not enhanced.

[2020-03-15 15:14:22 #23 type.registry] 
New type domain.Admin

[2020-03-15 15:14:22 #24 type] 
Type domain.Admin is not enhanced.

[2020-03-15 15:14:22 #25 type.registry] 
New type java.util.Vector<java.lang.Object>

------------------------------------------------------------------------------------------------------------------------

[2020-03-15 15:17:02 #1 store] 
Database 'C:\Users\Yanis\Desktop\Yanis\Espagne\Cours\Software Engineering\Project\Bets_Project\Bets\resources\bets.temp' is opened by 10324@LAPTOP-FG5SJG3N

[2020-03-15 15:17:02 #2 type.registry] 
New type domain.Question

[2020-03-15 15:17:02 #3 type] 
Type domain.Question is not enhanced.

[2020-03-15 15:17:02 #4 type.registry] 
New type domain.Event

[2020-03-15 15:17:02 #5 type.registry] 
New type domain.BetChoice

[2020-03-15 15:17:02 #6 type.registry] 
New type java.util.Vector<domain.BetChoice>

[2020-03-15 15:17:02 #7 type] 
Type domain.Event is not enhanced.

[2020-03-15 15:17:02 #8 type.registry] 
New type domain.Sport

[2020-03-15 15:17:02 #9 type.registry] 
New type java.util.Vector<domain.Question>

[2020-03-15 15:17:02 #10 type] 
Type domain.BetChoice is not enhanced.

[2020-03-15 15:17:02 #11 type.registry] 
New type domain.UserBet

[2020-03-15 15:17:02 #12 type.registry] 
New type java.util.Vector<domain.UserBet>

[2020-03-15 15:17:02 #13 type] 
Type domain.Sport is not enhanced.

[2020-03-15 15:17:02 #14 type.registry] 
New type java.util.Vector<domain.Event>

[2020-03-15 15:17:02 #15 type] 
Type domain.UserBet is not enhanced.

[2020-03-15 15:17:02 #16 type.registry] 
New type domain.User

[2020-03-15 15:17:02 #17 type] 
Type domain.User is not enhanced.

[2020-03-15 15:17:02 #18 type.registry] 
New type domain.Message

[2020-03-15 15:17:02 #19 type.registry] 
New type java.util.Vector<domain.Message>

[2020-03-15 15:17:02 #20 type.registry] 
New type java.util.Vector<domain.Sport>

[2020-03-15 15:17:02 #21 type.registry] 
New type java.util.Vector<domain.User>

[2020-03-15 15:17:02 #22 type] 
Type domain.Message is not enhanced.

[2020-03-15 15:17:02 #23 type.registry] 
New type domain.Admin

[2020-03-15 15:17:02 #24 type] 
Type domain.Admin is not enhanced.

[2020-03-15 15:17:02 #25 type.registry] 
New type java.util.Vector<java.lang.Object>

------------------------------------------------------------------------------------------------------------------------

[2020-03-15 15:18:29 #1 store] 
Database 'C:\Users\Yanis\Desktop\Yanis\Espagne\Cours\Software Engineering\Project\Bets_Project\Bets\resources\bets.temp' is opened by 13052@LAPTOP-FG5SJG3N

[2020-03-15 15:18:29 #2 type.registry] 
New type domain.Question

[2020-03-15 15:18:29 #3 type] 
Type domain.Question is not enhanced.

[2020-03-15 15:18:29 #4 type.registry] 
New type domain.Event

[2020-03-15 15:18:29 #5 type.registry] 
New type domain.BetChoice

[2020-03-15 15:18:29 #6 type.registry] 
New type java.util.Vector<domain.BetChoice>

[2020-03-15 15:18:29 #7 type] 
Type domain.Event is not enhanced.

[2020-03-15 15:18:29 #8 type.registry] 
New type domain.Sport

[2020-03-15 15:18:29 #9 type.registry] 
New type java.util.Vector<domain.Question>

[2020-03-15 15:18:29 #10 type] 
Type domain.BetChoice is not enhanced.

[2020-03-15 15:18:29 #11 type.registry] 
New type domain.UserBet

[2020-03-15 15:18:29 #12 type.registry] 
New type java.util.Vector<domain.UserBet>

[2020-03-15 15:18:29 #13 type] 
Type domain.Sport is not enhanced.

[2020-03-15 15:18:29 #14 type.registry] 
New type java.util.Vector<domain.Event>

[2020-03-15 15:18:29 #15 type] 
Type domain.UserBet is not enhanced.

[2020-03-15 15:18:29 #16 type.registry] 
New type domain.User

[2020-03-15 15:18:29 #17 type] 
Type domain.User is not enhanced.

[2020-03-15 15:18:29 #18 type.registry] 
New type domain.Message

[2020-03-15 15:18:29 #19 type.registry] 
New type java.util.Vector<domain.Message>

[2020-03-15 15:18:29 #20 type.registry] 
New type java.util.Vector<domain.Sport>

[2020-03-15 15:18:29 #21 type.registry] 
New type java.util.Vector<domain.User>

[2020-03-15 15:18:29 #22 type] 
Type domain.Message is not enhanced.

[2020-03-15 15:18:29 #23 type.registry] 
New type domain.Admin

[2020-03-15 15:18:29 #24 type] 
Type domain.Admin is not enhanced.

[2020-03-15 15:18:29 #25 type.registry] 
New type java.util.Vector<java.lang.Object>

------------------------------------------------------------------------------------------------------------------------

[2020-03-15 15:30:53 #1 store] 
Database 'C:\Users\Yanis\Desktop\Yanis\Espagne\Cours\Software Engineering\Project\Bets_Project\Bets\resources\bets.temp' is opened by 6948@LAPTOP-FG5SJG3N

[2020-03-15 15:30:53 #2 type.registry] 
New type domain.Question

[2020-03-15 15:30:53 #3 type] 
Type domain.Question is not enhanced.

[2020-03-15 15:30:53 #4 type.registry] 
New type domain.Event

[2020-03-15 15:30:53 #5 type.registry] 
New type domain.BetChoice

[2020-03-15 15:30:54 #6 type.registry] 
New type java.util.Vector<domain.BetChoice>

[2020-03-15 15:30:54 #7 type] 
Type domain.Event is not enhanced.

[2020-03-15 15:30:54 #8 type.registry] 
New type domain.Sport

[2020-03-15 15:30:54 #9 type.registry] 
New type java.util.Vector<domain.Question>

[2020-03-15 15:30:54 #10 type] 
Type domain.BetChoice is not enhanced.

[2020-03-15 15:30:54 #11 type.registry] 
New type domain.UserBet

[2020-03-15 15:30:54 #12 type.registry] 
New type java.util.Vector<domain.UserBet>

[2020-03-15 15:30:54 #13 type] 
Type domain.Sport is not enhanced.

[2020-03-15 15:30:54 #14 type.registry] 
New type java.util.Vector<domain.Event>

[2020-03-15 15:30:54 #15 type] 
Type domain.UserBet is not enhanced.

[2020-03-15 15:30:54 #16 type.registry] 
New type domain.User

[2020-03-15 15:30:54 #17 type] 
Type domain.User is not enhanced.

[2020-03-15 15:30:54 #18 type.registry] 
New type domain.Message

[2020-03-15 15:30:54 #19 type.registry] 
New type java.util.Vector<domain.Message>

[2020-03-15 15:30:54 #20 type.registry] 
New type java.util.Vector<domain.Sport>

[2020-03-15 15:30:54 #21 type.registry] 
New type java.util.Vector<domain.User>

[2020-03-15 15:30:54 #22 type] 
Type domain.Message is not enhanced.

[2020-03-15 15:30:54 #23 type.registry] 
New type domain.Admin

[2020-03-15 15:30:54 #24 type] 
Type domain.Admin is not enhanced.

[2020-03-15 15:30:54 #25 type.registry] 
New type java.util.Vector<java.lang.Object>

------------------------------------------------------------------------------------------------------------------------

[2020-03-15 15:32:27 #1 store] 
Database 'C:\Users\Yanis\Desktop\Yanis\Espagne\Cours\Software Engineering\Project\Bets_Project\Bets\resources\bets.temp' is opened by 6368@LAPTOP-FG5SJG3N

[2020-03-15 15:32:27 #2 type.registry] 
New type domain.Question

[2020-03-15 15:32:27 #3 type] 
Type domain.Question is not enhanced.

[2020-03-15 15:32:27 #4 type.registry] 
New type domain.Event

[2020-03-15 15:32:27 #5 type.registry] 
New type domain.BetChoice

[2020-03-15 15:32:27 #6 type.registry] 
New type java.util.Vector<domain.BetChoice>

[2020-03-15 15:32:27 #7 type] 
Type domain.Event is not enhanced.

[2020-03-15 15:32:27 #8 type.registry] 
New type domain.Sport

[2020-03-15 15:32:27 #9 type.registry] 
New type java.util.Vector<domain.Question>

[2020-03-15 15:32:27 #10 type] 
Type domain.BetChoice is not enhanced.

[2020-03-15 15:32:27 #11 type.registry] 
New type domain.UserBet

[2020-03-15 15:32:27 #12 type.registry] 
New type java.util.Vector<domain.UserBet>

[2020-03-15 15:32:27 #13 type] 
Type domain.Sport is not enhanced.

[2020-03-15 15:32:27 #14 type.registry] 
New type java.util.Vector<domain.Event>

[2020-03-15 15:32:27 #15 type] 
Type domain.UserBet is not enhanced.

[2020-03-15 15:32:27 #16 type.registry] 
New type domain.User

[2020-03-15 15:32:27 #17 type] 
Type domain.User is not enhanced.

[2020-03-15 15:32:27 #18 type.registry] 
New type domain.Message

[2020-03-15 15:32:27 #19 type.registry] 
New type java.util.Vector<domain.Message>

[2020-03-15 15:32:27 #20 type.registry] 
New type java.util.Vector<domain.Sport>

[2020-03-15 15:32:27 #21 type.registry] 
New type java.util.Vector<domain.User>

[2020-03-15 15:32:27 #22 type] 
Type domain.Message is not enhanced.

[2020-03-15 15:32:27 #23 type.registry] 
New type domain.Admin

[2020-03-15 15:32:27 #24 type] 
Type domain.Admin is not enhanced.

[2020-03-15 15:32:27 #25 type.registry] 
New type java.util.Vector<java.lang.Object>

------------------------------------------------------------------------------------------------------------------------

[2020-03-15 15:33:22 #1 store] 
Database 'C:\Users\Yanis\Desktop\Yanis\Espagne\Cours\Software Engineering\Project\Bets_Project\Bets\resources\bets.temp' is opened by 17256@LAPTOP-FG5SJG3N

[2020-03-15 15:33:23 #2 type.registry] 
New type domain.Question

[2020-03-15 15:33:23 #3 type] 
Type domain.Question is not enhanced.

[2020-03-15 15:33:23 #4 type.registry] 
New type domain.Event

[2020-03-15 15:33:23 #5 type.registry] 
New type domain.BetChoice

[2020-03-15 15:33:23 #6 type.registry] 
New type java.util.Vector<domain.BetChoice>

[2020-03-15 15:33:23 #7 type] 
Type domain.Event is not enhanced.

[2020-03-15 15:33:23 #8 type.registry] 
New type domain.Sport

[2020-03-15 15:33:23 #9 type.registry] 
New type java.util.Vector<domain.Question>

[2020-03-15 15:33:23 #10 type] 
Type domain.BetChoice is not enhanced.

[2020-03-15 15:33:23 #11 type.registry] 
New type domain.UserBet

[2020-03-15 15:33:23 #12 type.registry] 
New type java.util.Vector<domain.UserBet>

[2020-03-15 15:33:23 #13 type] 
Type domain.Sport is not enhanced.

[2020-03-15 15:33:23 #14 type.registry] 
New type java.util.Vector<domain.Event>

[2020-03-15 15:33:23 #15 type] 
Type domain.UserBet is not enhanced.

[2020-03-15 15:33:23 #16 type.registry] 
New type domain.User

[2020-03-15 15:33:23 #17 type] 
Type domain.User is not enhanced.

[2020-03-15 15:33:23 #18 type.registry] 
New type domain.Message

[2020-03-15 15:33:23 #19 type.registry] 
New type java.util.Vector<domain.Message>

[2020-03-15 15:33:23 #20 type.registry] 
New type java.util.Vector<domain.Sport>

[2020-03-15 15:33:23 #21 type.registry] 
New type java.util.Vector<domain.User>

[2020-03-15 15:33:23 #22 type] 
Type domain.Message is not enhanced.

[2020-03-15 15:33:23 #23 type.registry] 
New type domain.Admin

[2020-03-15 15:33:23 #24 type] 
Type domain.Admin is not enhanced.

[2020-03-15 15:33:23 #25 type.registry] 
New type java.util.Vector<java.lang.Object>

------------------------------------------------------------------------------------------------------------------------

[2020-03-15 15:35:03 #1 store] 
Database 'C:\Users\Yanis\Desktop\Yanis\Espagne\Cours\Software Engineering\Project\Bets_Project\Bets\resources\bets.temp' is opened by 12444@LAPTOP-FG5SJG3N

[2020-03-15 15:35:04 #2 type.registry] 
New type domain.Question

[2020-03-15 15:35:04 #3 type] 
Type domain.Question is not enhanced.

[2020-03-15 15:35:04 #4 type.registry] 
New type domain.Event

[2020-03-15 15:35:04 #5 type.registry] 
New type domain.BetChoice

[2020-03-15 15:35:04 #6 type.registry] 
New type java.util.Vector<domain.BetChoice>

[2020-03-15 15:35:04 #7 type] 
Type domain.Event is not enhanced.

[2020-03-15 15:35:04 #8 type.registry] 
New type domain.Sport

[2020-03-15 15:35:04 #9 type.registry] 
New type java.util.Vector<domain.Question>

[2020-03-15 15:35:04 #10 type] 
Type domain.BetChoice is not enhanced.

[2020-03-15 15:35:04 #11 type.registry] 
New type domain.UserBet

[2020-03-15 15:35:04 #12 type.registry] 
New type java.util.Vector<domain.UserBet>

[2020-03-15 15:35:04 #13 type] 
Type domain.Sport is not enhanced.

[2020-03-15 15:35:04 #14 type.registry] 
New type java.util.Vector<domain.Event>

[2020-03-15 15:35:04 #15 type] 
Type domain.UserBet is not enhanced.

[2020-03-15 15:35:04 #16 type.registry] 
New type domain.User

[2020-03-15 15:35:04 #17 type] 
Type domain.User is not enhanced.

[2020-03-15 15:35:04 #18 type.registry] 
New type domain.Message

[2020-03-15 15:35:04 #19 type.registry] 
New type java.util.Vector<domain.Message>

[2020-03-15 15:35:04 #20 type.registry] 
New type java.util.Vector<domain.Sport>

[2020-03-15 15:35:04 #21 type.registry] 
New type java.util.Vector<domain.User>

[2020-03-15 15:35:04 #22 type] 
Type domain.Message is not enhanced.

[2020-03-15 15:35:04 #23 type.registry] 
New type domain.Admin

[2020-03-15 15:35:04 #24 type] 
Type domain.Admin is not enhanced.

[2020-03-15 15:35:04 #25 type.registry] 
New type java.util.Vector<java.lang.Object>

------------------------------------------------------------------------------------------------------------------------

[2020-03-15 15:36:07 #1 store] 
Database 'C:\Users\Yanis\Desktop\Yanis\Espagne\Cours\Software Engineering\Project\Bets_Project\Bets\resources\bets.temp' is opened by 6696@LAPTOP-FG5SJG3N

[2020-03-15 15:36:08 #2 type.registry] 
New type domain.Question

[2020-03-15 15:36:08 #3 type] 
Type domain.Question is not enhanced.

[2020-03-15 15:36:08 #4 type.registry] 
New type domain.Event

[2020-03-15 15:36:08 #5 type.registry] 
New type domain.BetChoice

[2020-03-15 15:36:08 #6 type.registry] 
New type java.util.Vector<domain.BetChoice>

[2020-03-15 15:36:08 #7 type] 
Type domain.Event is not enhanced.

[2020-03-15 15:36:08 #8 type.registry] 
New type domain.Sport

[2020-03-15 15:36:08 #9 type.registry] 
New type java.util.Vector<domain.Question>

[2020-03-15 15:36:08 #10 type] 
Type domain.BetChoice is not enhanced.

[2020-03-15 15:36:08 #11 type.registry] 
New type domain.UserBet

[2020-03-15 15:36:08 #12 type.registry] 
New type java.util.Vector<domain.UserBet>

[2020-03-15 15:36:08 #13 type] 
Type domain.Sport is not enhanced.

[2020-03-15 15:36:08 #14 type.registry] 
New type java.util.Vector<domain.Event>

[2020-03-15 15:36:08 #15 type] 
Type domain.UserBet is not enhanced.

[2020-03-15 15:36:08 #16 type.registry] 
New type domain.User

[2020-03-15 15:36:08 #17 type] 
Type domain.User is not enhanced.

[2020-03-15 15:36:08 #18 type.registry] 
New type domain.Message

[2020-03-15 15:36:08 #19 type.registry] 
New type java.util.Vector<domain.Message>

[2020-03-15 15:36:08 #20 type.registry] 
New type java.util.Vector<domain.Sport>

[2020-03-15 15:36:08 #21 type.registry] 
New type java.util.Vector<domain.User>

[2020-03-15 15:36:08 #22 type] 
Type domain.Message is not enhanced.

[2020-03-15 15:36:08 #23 type.registry] 
New type domain.Admin

[2020-03-15 15:36:08 #24 type] 
Type domain.Admin is not enhanced.

[2020-03-15 15:36:08 #25 type.registry] 
New type java.util.Vector<java.lang.Object>

------------------------------------------------------------------------------------------------------------------------

[2020-03-15 15:37:43 #1 store] 
Database 'C:\Users\Yanis\Desktop\Yanis\Espagne\Cours\Software Engineering\Project\Bets_Project\Bets\resources\bets.temp' is opened by 10840@LAPTOP-FG5SJG3N

[2020-03-15 15:37:43 #2 type.registry] 
New type domain.Question

[2020-03-15 15:37:43 #3 type] 
Type domain.Question is not enhanced.

[2020-03-15 15:37:43 #4 type.registry] 
New type domain.Event

[2020-03-15 15:37:43 #5 type.registry] 
New type domain.BetChoice

[2020-03-15 15:37:43 #6 type.registry] 
New type java.util.Vector<domain.BetChoice>

[2020-03-15 15:37:43 #7 type] 
Type domain.Event is not enhanced.

[2020-03-15 15:37:43 #8 type.registry] 
New type domain.Sport

[2020-03-15 15:37:43 #9 type.registry] 
New type java.util.Vector<domain.Question>

[2020-03-15 15:37:43 #10 type] 
Type domain.BetChoice is not enhanced.

[2020-03-15 15:37:43 #11 type.registry] 
New type domain.UserBet

[2020-03-15 15:37:43 #12 type.registry] 
New type java.util.Vector<domain.UserBet>

[2020-03-15 15:37:43 #13 type] 
Type domain.Sport is not enhanced.

[2020-03-15 15:37:43 #14 type.registry] 
New type java.util.Vector<domain.Event>

[2020-03-15 15:37:43 #15 type] 
Type domain.UserBet is not enhanced.

[2020-03-15 15:37:43 #16 type.registry] 
New type domain.User

[2020-03-15 15:37:43 #17 type] 
Type domain.User is not enhanced.

[2020-03-15 15:37:43 #18 type.registry] 
New type domain.Message

[2020-03-15 15:37:43 #19 type.registry] 
New type java.util.Vector<domain.Message>

[2020-03-15 15:37:43 #20 type.registry] 
New type java.util.Vector<domain.Sport>

[2020-03-15 15:37:43 #21 type.registry] 
New type java.util.Vector<domain.User>

[2020-03-15 15:37:43 #22 type] 
Type domain.Message is not enhanced.

[2020-03-15 15:37:43 #23 type.registry] 
New type domain.Admin

[2020-03-15 15:37:43 #24 type] 
Type domain.Admin is not enhanced.

[2020-03-15 15:37:43 #25 type.registry] 
New type java.util.Vector<java.lang.Object>

------------------------------------------------------------------------------------------------------------------------

[2020-03-15 15:39:13 #1 store] 
Database 'C:\Users\Yanis\Desktop\Yanis\Espagne\Cours\Software Engineering\Project\Bets_Project\Bets\resources\bets.temp' is opened by 6152@LAPTOP-FG5SJG3N

[2020-03-15 15:39:13 #2 type.registry] 
New type domain.Question

[2020-03-15 15:39:13 #3 type] 
Type domain.Question is not enhanced.

[2020-03-15 15:39:13 #4 type.registry] 
New type domain.Event

[2020-03-15 15:39:13 #5 type.registry] 
New type domain.BetChoice

[2020-03-15 15:39:13 #6 type.registry] 
New type java.util.Vector<domain.BetChoice>

[2020-03-15 15:39:13 #7 type] 
Type domain.Event is not enhanced.

[2020-03-15 15:39:13 #8 type.registry] 
New type domain.Sport

[2020-03-15 15:39:13 #9 type.registry] 
New type java.util.Vector<domain.Question>

[2020-03-15 15:39:13 #10 type] 
Type domain.BetChoice is not enhanced.

[2020-03-15 15:39:13 #11 type.registry] 
New type domain.UserBet

[2020-03-15 15:39:13 #12 type.registry] 
New type java.util.Vector<domain.UserBet>

[2020-03-15 15:39:13 #13 type] 
Type domain.Sport is not enhanced.

[2020-03-15 15:39:13 #14 type.registry] 
New type java.util.Vector<domain.Event>

[2020-03-15 15:39:13 #15 type] 
Type domain.UserBet is not enhanced.

[2020-03-15 15:39:13 #16 type.registry] 
New type domain.User

[2020-03-15 15:39:13 #17 type] 
Type domain.User is not enhanced.

[2020-03-15 15:39:13 #18 type.registry] 
New type domain.Message

[2020-03-15 15:39:13 #19 type.registry] 
New type java.util.Vector<domain.Message>

[2020-03-15 15:39:13 #20 type.registry] 
New type java.util.Vector<domain.Sport>

[2020-03-15 15:39:13 #21 type.registry] 
New type java.util.Vector<domain.User>

[2020-03-15 15:39:13 #22 type] 
Type domain.Message is not enhanced.

[2020-03-15 15:39:13 #23 type.registry] 
New type domain.Admin

[2020-03-15 15:39:13 #24 type] 
Type domain.Admin is not enhanced.

[2020-03-15 15:39:13 #25 type.registry] 
New type java.util.Vector<java.lang.Object>

------------------------------------------------------------------------------------------------------------------------

[2020-03-15 15:42:26 #1 store] 
Database 'C:\Users\Yanis\Desktop\Yanis\Espagne\Cours\Software Engineering\Project\Bets_Project\Bets\resources\bets.temp' is opened by 1480@LAPTOP-FG5SJG3N

[2020-03-15 15:42:26 #2 type.registry] 
New type domain.Question

[2020-03-15 15:42:26 #3 type] 
Type domain.Question is not enhanced.

[2020-03-15 15:42:26 #4 type.registry] 
New type domain.Event

[2020-03-15 15:42:26 #5 type.registry] 
New type domain.BetChoice

[2020-03-15 15:42:26 #6 type.registry] 
New type java.util.Vector<domain.BetChoice>

[2020-03-15 15:42:26 #7 type] 
Type domain.Event is not enhanced.

[2020-03-15 15:42:26 #8 type.registry] 
New type domain.Sport

[2020-03-15 15:42:26 #9 type.registry] 
New type java.util.Vector<domain.Question>

[2020-03-15 15:42:26 #10 type] 
Type domain.BetChoice is not enhanced.

[2020-03-15 15:42:26 #11 type.registry] 
New type domain.UserBet

[2020-03-15 15:42:26 #12 type.registry] 
New type java.util.Vector<domain.UserBet>

[2020-03-15 15:42:26 #13 type] 
Type domain.Sport is not enhanced.

[2020-03-15 15:42:26 #14 type.registry] 
New type java.util.Vector<domain.Event>

[2020-03-15 15:42:26 #15 type] 
Type domain.UserBet is not enhanced.

[2020-03-15 15:42:26 #16 type.registry] 
New type domain.User

[2020-03-15 15:42:26 #17 type] 
Type domain.User is not enhanced.

[2020-03-15 15:42:26 #18 type.registry] 
New type domain.Message

[2020-03-15 15:42:26 #19 type.registry] 
New type java.util.Vector<domain.Message>

[2020-03-15 15:42:26 #20 type.registry] 
New type java.util.Vector<domain.Sport>

[2020-03-15 15:42:26 #21 type.registry] 
New type java.util.Vector<domain.User>

[2020-03-15 15:42:26 #22 type] 
Type domain.Message is not enhanced.

[2020-03-15 15:42:26 #23 type.registry] 
New type domain.Admin

[2020-03-15 15:42:26 #24 type] 
Type domain.Admin is not enhanced.

[2020-03-15 15:42:26 #25 type.registry] 
New type java.util.Vector<java.lang.Object>

------------------------------------------------------------------------------------------------------------------------

[2020-03-15 15:47:50 #1 store] 
Database 'C:\Users\Yanis\Desktop\Yanis\Espagne\Cours\Software Engineering\Project\Bets_Project\Bets\resources\bets.temp' is opened by 1276@LAPTOP-FG5SJG3N

[2020-03-15 15:47:50 #2 type.registry] 
New type domain.Question

[2020-03-15 15:47:50 #3 type] 
Type domain.Question is not enhanced.

[2020-03-15 15:47:50 #4 type.registry] 
New type domain.Event

[2020-03-15 15:47:50 #5 type.registry] 
New type domain.BetChoice

[2020-03-15 15:47:50 #6 type.registry] 
New type java.util.Vector<domain.BetChoice>

[2020-03-15 15:47:50 #7 type] 
Type domain.Event is not enhanced.

[2020-03-15 15:47:50 #8 type.registry] 
New type domain.Sport

[2020-03-15 15:47:50 #9 type.registry] 
New type java.util.Vector<domain.Question>

[2020-03-15 15:47:50 #10 type] 
Type domain.BetChoice is not enhanced.

[2020-03-15 15:47:50 #11 type.registry] 
New type domain.UserBet

[2020-03-15 15:47:50 #12 type.registry] 
New type java.util.Vector<domain.UserBet>

[2020-03-15 15:47:50 #13 type] 
Type domain.Sport is not enhanced.

[2020-03-15 15:47:50 #14 type.registry] 
New type java.util.Vector<domain.Event>

[2020-03-15 15:47:50 #15 type] 
Type domain.UserBet is not enhanced.

[2020-03-15 15:47:50 #16 type.registry] 
New type domain.User

[2020-03-15 15:47:51 #17 type] 
Type domain.User is not enhanced.

[2020-03-15 15:47:51 #18 type.registry] 
New type domain.Message

[2020-03-15 15:47:51 #19 type.registry] 
New type java.util.Vector<domain.Message>

[2020-03-15 15:47:51 #20 type.registry] 
New type java.util.Vector<domain.Sport>

[2020-03-15 15:47:51 #21 type.registry] 
New type java.util.Vector<domain.User>

[2020-03-15 15:47:51 #22 type] 
Type domain.Message is not enhanced.

[2020-03-15 15:47:51 #23 type.registry] 
New type domain.Admin

[2020-03-15 15:47:51 #24 type] 
Type domain.Admin is not enhanced.

[2020-03-15 15:47:51 #25 type.registry] 
New type java.util.Vector<java.lang.Object>

------------------------------------------------------------------------------------------------------------------------

[2020-03-15 15:49:16 #1 store] 
Database 'C:\Users\Yanis\Desktop\Yanis\Espagne\Cours\Software Engineering\Project\Bets_Project\Bets\resources\bets.temp' is opened by 9444@LAPTOP-FG5SJG3N

[2020-03-15 15:49:16 #2 type.registry] 
New type domain.Question

[2020-03-15 15:49:16 #3 type] 
Type domain.Question is not enhanced.

[2020-03-15 15:49:16 #4 type.registry] 
New type domain.Event

[2020-03-15 15:49:16 #5 type.registry] 
New type domain.BetChoice

[2020-03-15 15:49:16 #6 type.registry] 
New type java.util.Vector<domain.BetChoice>

[2020-03-15 15:49:16 #7 type] 
Type domain.Event is not enhanced.

[2020-03-15 15:49:16 #8 type.registry] 
New type domain.Sport

[2020-03-15 15:49:16 #9 type.registry] 
New type java.util.Vector<domain.Question>

[2020-03-15 15:49:16 #10 type] 
Type domain.BetChoice is not enhanced.

[2020-03-15 15:49:16 #11 type.registry] 
New type domain.UserBet

[2020-03-15 15:49:16 #12 type.registry] 
New type java.util.Vector<domain.UserBet>

[2020-03-15 15:49:16 #13 type] 
Type domain.Sport is not enhanced.

[2020-03-15 15:49:16 #14 type.registry] 
New type java.util.Vector<domain.Event>

[2020-03-15 15:49:16 #15 type] 
Type domain.UserBet is not enhanced.

[2020-03-15 15:49:17 #16 type.registry] 
New type domain.User

[2020-03-15 15:49:17 #17 type] 
Type domain.User is not enhanced.

[2020-03-15 15:49:17 #18 type.registry] 
New type domain.Message

[2020-03-15 15:49:17 #19 type.registry] 
New type java.util.Vector<domain.Message>

[2020-03-15 15:49:17 #20 type.registry] 
New type java.util.Vector<domain.Sport>

[2020-03-15 15:49:17 #21 type.registry] 
New type java.util.Vector<domain.User>

[2020-03-15 15:49:17 #22 type] 
Type domain.Message is not enhanced.

[2020-03-15 15:49:17 #23 type.registry] 
New type domain.Admin

[2020-03-15 15:49:17 #24 type] 
Type domain.Admin is not enhanced.

[2020-03-15 15:49:17 #25 type.registry] 
New type java.util.Vector<java.lang.Object>

------------------------------------------------------------------------------------------------------------------------

[2020-03-15 15:51:29 #1 store] 
Database 'C:\Users\Yanis\Desktop\Yanis\Espagne\Cours\Software Engineering\Project\Bets_Project\Bets\resources\bets.temp' is opened by 3088@LAPTOP-FG5SJG3N

[2020-03-15 15:51:29 #2 type.registry] 
New type domain.Question

[2020-03-15 15:51:29 #3 type] 
Type domain.Question is not enhanced.

[2020-03-15 15:51:29 #4 type.registry] 
New type domain.Event

[2020-03-15 15:51:29 #5 type.registry] 
New type domain.BetChoice

[2020-03-15 15:51:29 #6 type.registry] 
New type java.util.Vector<domain.BetChoice>

[2020-03-15 15:51:29 #7 type] 
Type domain.Event is not enhanced.

[2020-03-15 15:51:29 #8 type.registry] 
New type domain.Sport

[2020-03-15 15:51:29 #9 type.registry] 
New type java.util.Vector<domain.Question>

[2020-03-15 15:51:29 #10 type] 
Type domain.BetChoice is not enhanced.

[2020-03-15 15:51:29 #11 type.registry] 
New type domain.UserBet

[2020-03-15 15:51:29 #12 type.registry] 
New type java.util.Vector<domain.UserBet>

[2020-03-15 15:51:29 #13 type] 
Type domain.Sport is not enhanced.

[2020-03-15 15:51:29 #14 type.registry] 
New type java.util.Vector<domain.Event>

[2020-03-15 15:51:29 #15 type] 
Type domain.UserBet is not enhanced.

[2020-03-15 15:51:29 #16 type.registry] 
New type domain.User

[2020-03-15 15:51:29 #17 type] 
Type domain.User is not enhanced.

[2020-03-15 15:51:29 #18 type.registry] 
New type domain.Message

[2020-03-15 15:51:29 #19 type.registry] 
New type java.util.Vector<domain.Message>

[2020-03-15 15:51:29 #20 type.registry] 
New type java.util.Vector<domain.Sport>

[2020-03-15 15:51:29 #21 type.registry] 
New type java.util.Vector<domain.User>

[2020-03-15 15:51:29 #22 type] 
Type domain.Message is not enhanced.

[2020-03-15 15:51:29 #23 type.registry] 
New type domain.Admin

[2020-03-15 15:51:29 #24 type] 
Type domain.Admin is not enhanced.

[2020-03-15 15:51:29 #25 type.registry] 
New type java.util.Vector<java.lang.Object>

------------------------------------------------------------------------------------------------------------------------

[2020-03-15 15:52:29 #1 store] 
Database 'C:\Users\Yanis\Desktop\Yanis\Espagne\Cours\Software Engineering\Project\Bets_Project\Bets\resources\bets.temp' is opened by 7736@LAPTOP-FG5SJG3N

[2020-03-15 15:52:29 #2 type.registry] 
New type domain.Question

[2020-03-15 15:52:29 #3 type] 
Type domain.Question is not enhanced.

[2020-03-15 15:52:29 #4 type.registry] 
New type domain.Event

[2020-03-15 15:52:29 #5 type.registry] 
New type domain.BetChoice

[2020-03-15 15:52:29 #6 type.registry] 
New type java.util.Vector<domain.BetChoice>

[2020-03-15 15:52:29 #7 type] 
Type domain.Event is not enhanced.

[2020-03-15 15:52:29 #8 type.registry] 
New type domain.Sport

[2020-03-15 15:52:29 #9 type.registry] 
New type java.util.Vector<domain.Question>

[2020-03-15 15:52:29 #10 type] 
Type domain.BetChoice is not enhanced.

[2020-03-15 15:52:29 #11 type.registry] 
New type domain.UserBet

[2020-03-15 15:52:29 #12 type.registry] 
New type java.util.Vector<domain.UserBet>

[2020-03-15 15:52:29 #13 type] 
Type domain.Sport is not enhanced.

[2020-03-15 15:52:29 #14 type.registry] 
New type java.util.Vector<domain.Event>

[2020-03-15 15:52:29 #15 type] 
Type domain.UserBet is not enhanced.

[2020-03-15 15:52:29 #16 type.registry] 
New type domain.User

[2020-03-15 15:52:29 #17 type] 
Type domain.User is not enhanced.

[2020-03-15 15:52:29 #18 type.registry] 
New type domain.Message

[2020-03-15 15:52:29 #19 type.registry] 
New type java.util.Vector<domain.Message>

[2020-03-15 15:52:29 #20 type.registry] 
New type java.util.Vector<domain.Sport>

[2020-03-15 15:52:29 #21 type.registry] 
New type java.util.Vector<domain.User>

[2020-03-15 15:52:29 #22 type] 
Type domain.Message is not enhanced.

[2020-03-15 15:52:29 #23 type.registry] 
New type domain.Admin

[2020-03-15 15:52:29 #24 type] 
Type domain.Admin is not enhanced.

[2020-03-15 15:52:29 #25 type.registry] 
New type java.util.Vector<java.lang.Object>

------------------------------------------------------------------------------------------------------------------------

[2020-03-15 15:54:44 #1 store] 
Database 'C:\Users\Yanis\Desktop\Yanis\Espagne\Cours\Software Engineering\Project\Bets_Project\Bets\resources\bets.temp' is opened by 11944@LAPTOP-FG5SJG3N

[2020-03-15 15:54:44 #2 type.registry] 
New type domain.Question

[2020-03-15 15:54:44 #3 type] 
Type domain.Question is not enhanced.

[2020-03-15 15:54:44 #4 type.registry] 
New type domain.Event

[2020-03-15 15:54:44 #5 type.registry] 
New type domain.BetChoice

[2020-03-15 15:54:44 #6 type.registry] 
New type java.util.Vector<domain.BetChoice>

[2020-03-15 15:54:44 #7 type] 
Type domain.Event is not enhanced.

[2020-03-15 15:54:44 #8 type.registry] 
New type domain.Sport

[2020-03-15 15:54:44 #9 type.registry] 
New type java.util.Vector<domain.Question>

[2020-03-15 15:54:44 #10 type] 
Type domain.BetChoice is not enhanced.

[2020-03-15 15:54:44 #11 type.registry] 
New type domain.UserBet

[2020-03-15 15:54:44 #12 type.registry] 
New type java.util.Vector<domain.UserBet>

[2020-03-15 15:54:44 #13 type] 
Type domain.Sport is not enhanced.

[2020-03-15 15:54:44 #14 type.registry] 
New type java.util.Vector<domain.Event>

[2020-03-15 15:54:44 #15 type] 
Type domain.UserBet is not enhanced.

[2020-03-15 15:54:44 #16 type.registry] 
New type domain.User

[2020-03-15 15:54:44 #17 type] 
Type domain.User is not enhanced.

[2020-03-15 15:54:44 #18 type.registry] 
New type domain.Message

[2020-03-15 15:54:44 #19 type.registry] 
New type java.util.Vector<domain.Message>

[2020-03-15 15:54:44 #20 type.registry] 
New type java.util.Vector<domain.Sport>

[2020-03-15 15:54:44 #21 type.registry] 
New type java.util.Vector<domain.User>

[2020-03-15 15:54:44 #22 type] 
Type domain.Message is not enhanced.

[2020-03-15 15:54:44 #23 type.registry] 
New type domain.Admin

[2020-03-15 15:54:44 #24 type] 
Type domain.Admin is not enhanced.

[2020-03-15 15:54:44 #25 type.registry] 
New type java.util.Vector<java.lang.Object>

------------------------------------------------------------------------------------------------------------------------

[2020-03-15 15:56:51 #1 store] 
Database 'C:\Users\Yanis\Desktop\Yanis\Espagne\Cours\Software Engineering\Project\Bets_Project\Bets\resources\bets.temp' is opened by 3560@LAPTOP-FG5SJG3N

[2020-03-15 15:56:51 #2 type.registry] 
New type domain.Question

[2020-03-15 15:56:51 #3 type] 
Type domain.Question is not enhanced.

[2020-03-15 15:56:51 #4 type.registry] 
New type domain.Event

[2020-03-15 15:56:51 #5 type.registry] 
New type domain.BetChoice

[2020-03-15 15:56:51 #6 type.registry] 
New type java.util.Vector<domain.BetChoice>

[2020-03-15 15:56:51 #7 type] 
Type domain.Event is not enhanced.

[2020-03-15 15:56:51 #8 type.registry] 
New type domain.Sport

[2020-03-15 15:56:51 #9 type.registry] 
New type java.util.Vector<domain.Question>

[2020-03-15 15:56:51 #10 type] 
Type domain.BetChoice is not enhanced.

[2020-03-15 15:56:51 #11 type.registry] 
New type domain.UserBet

[2020-03-15 15:56:51 #12 type.registry] 
New type java.util.Vector<domain.UserBet>

[2020-03-15 15:56:51 #13 type] 
Type domain.Sport is not enhanced.

[2020-03-15 15:56:51 #14 type.registry] 
New type java.util.Vector<domain.Event>

[2020-03-15 15:56:51 #15 type] 
Type domain.UserBet is not enhanced.

[2020-03-15 15:56:51 #16 type.registry] 
New type domain.User

[2020-03-15 15:56:51 #17 type] 
Type domain.User is not enhanced.

[2020-03-15 15:56:51 #18 type.registry] 
New type domain.Message

[2020-03-15 15:56:51 #19 type.registry] 
New type java.util.Vector<domain.Message>

[2020-03-15 15:56:51 #20 type.registry] 
New type java.util.Vector<domain.Sport>

[2020-03-15 15:56:51 #21 type.registry] 
New type java.util.Vector<domain.User>

[2020-03-15 15:56:51 #22 type] 
Type domain.Message is not enhanced.

[2020-03-15 15:56:51 #23 type.registry] 
New type domain.Admin

[2020-03-15 15:56:51 #24 type] 
Type domain.Admin is not enhanced.

[2020-03-15 15:56:51 #25 type.registry] 
New type java.util.Vector<java.lang.Object>

------------------------------------------------------------------------------------------------------------------------

[2020-03-15 16:02:59 #1 store] 
Database 'C:\Users\Yanis\Desktop\Yanis\Espagne\Cours\Software Engineering\Project\Bets_Project\Bets\resources\bets.temp' is opened by 1936@LAPTOP-FG5SJG3N

[2020-03-15 16:03:00 #2 type.registry] 
New type domain.Question

[2020-03-15 16:03:00 #3 type] 
Type domain.Question is not enhanced.

[2020-03-15 16:03:00 #4 type.registry] 
New type domain.Event

[2020-03-15 16:03:00 #5 type.registry] 
New type domain.BetChoice

[2020-03-15 16:03:00 #6 type.registry] 
New type java.util.Vector<domain.BetChoice>

[2020-03-15 16:03:00 #7 type] 
Type domain.Event is not enhanced.

[2020-03-15 16:03:00 #8 type.registry] 
New type domain.Sport

[2020-03-15 16:03:00 #9 type.registry] 
New type java.util.Vector<domain.Question>

[2020-03-15 16:03:00 #10 type] 
Type domain.BetChoice is not enhanced.

[2020-03-15 16:03:00 #11 type.registry] 
New type domain.UserBet

[2020-03-15 16:03:00 #12 type.registry] 
New type java.util.Vector<domain.UserBet>

[2020-03-15 16:03:00 #13 type] 
Type domain.Sport is not enhanced.

[2020-03-15 16:03:00 #14 type.registry] 
New type java.util.Vector<domain.Event>

[2020-03-15 16:03:00 #15 type] 
Type domain.UserBet is not enhanced.

[2020-03-15 16:03:00 #16 type.registry] 
New type domain.User

[2020-03-15 16:03:00 #17 type] 
Type domain.User is not enhanced.

[2020-03-15 16:03:00 #18 type.registry] 
New type domain.Message

[2020-03-15 16:03:00 #19 type.registry] 
New type java.util.Vector<domain.Message>

[2020-03-15 16:03:00 #20 type.registry] 
New type java.util.Vector<domain.Sport>

[2020-03-15 16:03:00 #21 type.registry] 
New type java.util.Vector<domain.User>

[2020-03-15 16:03:00 #22 type] 
Type domain.Message is not enhanced.

[2020-03-15 16:03:00 #23 type.registry] 
New type domain.Admin

[2020-03-15 16:03:00 #24 type] 
Type domain.Admin is not enhanced.

[2020-03-15 16:03:00 #25 type.registry] 
New type java.util.Vector<java.lang.Object>

------------------------------------------------------------------------------------------------------------------------

[2020-03-15 16:04:34 #1 store] 
Database 'C:\Users\Yanis\Desktop\Yanis\Espagne\Cours\Software Engineering\Project\Bets_Project\Bets\resources\bets.temp' is opened by 7772@LAPTOP-FG5SJG3N

[2020-03-15 16:04:34 #2 type.registry] 
New type domain.Question

[2020-03-15 16:04:34 #3 type] 
Type domain.Question is not enhanced.

[2020-03-15 16:04:34 #4 type.registry] 
New type domain.Event

[2020-03-15 16:04:34 #5 type.registry] 
New type domain.BetChoice

[2020-03-15 16:04:34 #6 type.registry] 
New type java.util.Vector<domain.BetChoice>

[2020-03-15 16:04:34 #7 type] 
Type domain.Event is not enhanced.

[2020-03-15 16:04:34 #8 type.registry] 
New type domain.Sport

[2020-03-15 16:04:34 #9 type.registry] 
New type java.util.Vector<domain.Question>

[2020-03-15 16:04:34 #10 type] 
Type domain.BetChoice is not enhanced.

[2020-03-15 16:04:34 #11 type.registry] 
New type domain.UserBet

[2020-03-15 16:04:34 #12 type.registry] 
New type java.util.Vector<domain.UserBet>

[2020-03-15 16:04:34 #13 type] 
Type domain.Sport is not enhanced.

[2020-03-15 16:04:34 #14 type.registry] 
New type java.util.Vector<domain.Event>

[2020-03-15 16:04:34 #15 type] 
Type domain.UserBet is not enhanced.

[2020-03-15 16:04:34 #16 type.registry] 
New type domain.User

[2020-03-15 16:04:34 #17 type] 
Type domain.User is not enhanced.

[2020-03-15 16:04:34 #18 type.registry] 
New type domain.Message

[2020-03-15 16:04:34 #19 type.registry] 
New type java.util.Vector<domain.Message>

[2020-03-15 16:04:34 #20 type.registry] 
New type java.util.Vector<domain.Sport>

[2020-03-15 16:04:34 #21 type.registry] 
New type java.util.Vector<domain.User>

[2020-03-15 16:04:34 #22 type] 
Type domain.Message is not enhanced.

[2020-03-15 16:04:34 #23 type.registry] 
New type domain.Admin

[2020-03-15 16:04:34 #24 type] 
Type domain.Admin is not enhanced.

[2020-03-15 16:04:34 #25 type.registry] 
New type java.util.Vector<java.lang.Object>

------------------------------------------------------------------------------------------------------------------------

[2020-03-15 16:05:13 #1 store] 
Database 'C:\Users\Yanis\Desktop\Yanis\Espagne\Cours\Software Engineering\Project\Bets_Project\Bets\resources\bets.temp' is opened by 13644@LAPTOP-FG5SJG3N

[2020-03-15 16:05:13 #2 type.registry] 
New type domain.Question

[2020-03-15 16:05:13 #3 type] 
Type domain.Question is not enhanced.

[2020-03-15 16:05:13 #4 type.registry] 
New type domain.Event

[2020-03-15 16:05:13 #5 type.registry] 
New type domain.BetChoice

[2020-03-15 16:05:13 #6 type.registry] 
New type java.util.Vector<domain.BetChoice>

[2020-03-15 16:05:13 #7 type] 
Type domain.Event is not enhanced.

[2020-03-15 16:05:13 #8 type.registry] 
New type domain.Sport

[2020-03-15 16:05:13 #9 type.registry] 
New type java.util.Vector<domain.Question>

[2020-03-15 16:05:13 #10 type] 
Type domain.BetChoice is not enhanced.

[2020-03-15 16:05:13 #11 type.registry] 
New type domain.UserBet

[2020-03-15 16:05:13 #12 type.registry] 
New type java.util.Vector<domain.UserBet>

[2020-03-15 16:05:13 #13 type] 
Type domain.Sport is not enhanced.

[2020-03-15 16:05:13 #14 type.registry] 
New type java.util.Vector<domain.Event>

[2020-03-15 16:05:13 #15 type] 
Type domain.UserBet is not enhanced.

[2020-03-15 16:05:13 #16 type.registry] 
New type domain.User

[2020-03-15 16:05:13 #17 type] 
Type domain.User is not enhanced.

[2020-03-15 16:05:13 #18 type.registry] 
New type domain.Message

[2020-03-15 16:05:13 #19 type.registry] 
New type java.util.Vector<domain.Message>

[2020-03-15 16:05:13 #20 type.registry] 
New type java.util.Vector<domain.Sport>

[2020-03-15 16:05:13 #21 type.registry] 
New type java.util.Vector<domain.User>

[2020-03-15 16:05:13 #22 type] 
Type domain.Message is not enhanced.

[2020-03-15 16:05:13 #23 type.registry] 
New type domain.Admin

[2020-03-15 16:05:13 #24 type] 
Type domain.Admin is not enhanced.

[2020-03-15 16:05:13 #25 type.registry] 
New type java.util.Vector<java.lang.Object>

