------------------------------------------------------------------------------------------------------------------------

[2020-03-19 11:04:54 #1 store] 
Database 'C:\Users\Yanis\Desktop\Yanis\Espagne\Cours\Software Engineering\Project\Bets_Project\Bets\resources\bets.temp' is opened by 13064@LAPTOP-FG5SJG3N

[2020-03-19 11:04:54 #2 type.registry] 
New type domain.Question

[2020-03-19 11:04:54 #3 type] 
Type domain.Question is not enhanced.

[2020-03-19 11:04:54 #4 type.registry] 
New type domain.Event

[2020-03-19 11:04:54 #5 type.registry] 
New type domain.BetChoice

[2020-03-19 11:04:54 #6 type.registry] 
New type java.util.Vector<domain.BetChoice>

[2020-03-19 11:04:54 #7 type] 
Type domain.Event is not enhanced.

[2020-03-19 11:04:54 #8 type.registry] 
New type domain.Sport

[2020-03-19 11:04:54 #9 type.registry] 
New type java.util.Vector<domain.Question>

[2020-03-19 11:04:54 #10 type] 
Type domain.BetChoice is not enhanced.

[2020-03-19 11:04:54 #11 type.registry] 
New type domain.UserBet

[2020-03-19 11:04:54 #12 type.registry] 
New type java.util.Vector<domain.UserBet>

[2020-03-19 11:04:54 #13 type] 
Type domain.Sport is not enhanced.

[2020-03-19 11:04:54 #14 type.registry] 
New type java.util.Vector<domain.Event>

[2020-03-19 11:04:54 #15 type] 
Type domain.UserBet is not enhanced.

[2020-03-19 11:04:54 #16 type.registry] 
New type domain.User

[2020-03-19 11:04:54 #17 type] 
Type domain.User is not enhanced.

[2020-03-19 11:04:54 #18 type.registry] 
New type domain.Message

[2020-03-19 11:04:54 #19 type.registry] 
New type java.util.Vector<domain.Message>

[2020-03-19 11:04:54 #20 type.registry] 
New type java.util.Vector<domain.Sport>

[2020-03-19 11:04:54 #21 type.registry] 
New type java.util.Vector<domain.User>

[2020-03-19 11:04:54 #22 type] 
Type domain.Message is not enhanced.

[2020-03-19 11:04:54 #23 type.registry] 
New type domain.Admin

[2020-03-19 11:04:54 #24 type] 
Type domain.Admin is not enhanced.

[2020-03-19 11:04:54 #25 type.registry] 
New type java.util.Vector<java.lang.Object>

------------------------------------------------------------------------------------------------------------------------

[2020-03-19 11:40:50 #1 store] 
Database 'C:\Users\Yanis\Desktop\Yanis\Espagne\Cours\Software Engineering\Project\Bets_Project\Bets\resources\bets.temp' is opened by 15824@LAPTOP-FG5SJG3N

[2020-03-19 11:40:50 #2 type.registry] 
New type domain.Sport

[2020-03-19 11:40:50 #3 type] 
Type domain.Sport is not enhanced.

[2020-03-19 11:40:50 #4 type.registry] 
New type domain.Event

[2020-03-19 11:40:50 #5 type.registry] 
New type java.util.Vector<domain.Event>

[2020-03-19 11:40:50 #6 type] 
Type domain.Event is not enhanced.

[2020-03-19 11:40:50 #7 type.registry] 
New type domain.Question

[2020-03-19 11:40:50 #8 type.registry] 
New type java.util.Vector<domain.Question>

[2020-03-19 11:40:50 #9 type] 
Type domain.Question is not enhanced.

[2020-03-19 11:40:50 #10 type.registry] 
New type domain.BetChoice

[2020-03-19 11:40:50 #11 type.registry] 
New type java.util.Vector<domain.BetChoice>

[2020-03-19 11:40:50 #12 type] 
Type domain.BetChoice is not enhanced.

[2020-03-19 11:40:50 #13 type.registry] 
New type domain.UserBet

[2020-03-19 11:40:50 #14 type.registry] 
New type java.util.Vector<domain.UserBet>

[2020-03-19 11:40:50 #15 type] 
Type domain.UserBet is not enhanced.

[2020-03-19 11:40:50 #16 type.registry] 
New type domain.User

[2020-03-19 11:40:50 #17 type] 
Type domain.User is not enhanced.

[2020-03-19 11:40:50 #18 type.registry] 
New type domain.Message

[2020-03-19 11:40:50 #19 type.registry] 
New type java.util.Vector<domain.Message>

[2020-03-19 11:40:50 #20 type.registry] 
New type java.util.Vector<domain.Sport>

[2020-03-19 11:40:50 #21 type.registry] 
New type java.util.Vector<domain.User>

[2020-03-19 11:40:50 #22 type] 
Type domain.Message is not enhanced.

[2020-03-19 11:40:50 #23 type.registry] 
New type domain.Admin

[2020-03-19 11:40:50 #24 type] 
Type domain.Admin is not enhanced.

[2020-03-19 11:40:50 #25 type.registry] 
New type java.util.Vector<java.lang.Object>

------------------------------------------------------------------------------------------------------------------------

[2020-03-19 14:21:30 #1 store] 
Database 'C:\Users\Yanis\Desktop\Yanis\Espagne\Cours\Software Engineering\Project\Bets_Project\Bets\resources\bets.temp' is opened by 7648@LAPTOP-FG5SJG3N

[2020-03-19 14:21:31 #2 type.registry] 
New type domain.Sport

[2020-03-19 14:21:31 #3 type] 
Type domain.Sport is not enhanced.

[2020-03-19 14:21:31 #4 type.registry] 
New type domain.Event

[2020-03-19 14:21:31 #5 type.registry] 
New type java.util.Vector<domain.Event>

[2020-03-19 14:21:31 #6 type] 
Type domain.Event is not enhanced.

[2020-03-19 14:21:31 #7 type.registry] 
New type domain.Question

[2020-03-19 14:21:31 #8 type.registry] 
New type java.util.Vector<domain.Question>

[2020-03-19 14:21:31 #9 type] 
Type domain.Question is not enhanced.

[2020-03-19 14:21:31 #10 type.registry] 
New type domain.BetChoice

[2020-03-19 14:21:31 #11 type.registry] 
New type java.util.Vector<domain.BetChoice>

[2020-03-19 14:21:31 #12 type] 
Type domain.BetChoice is not enhanced.

[2020-03-19 14:21:31 #13 type.registry] 
New type domain.UserBet

[2020-03-19 14:21:31 #14 type.registry] 
New type java.util.Vector<domain.UserBet>

[2020-03-19 14:21:31 #15 type] 
Type domain.UserBet is not enhanced.

[2020-03-19 14:21:31 #16 type.registry] 
New type domain.User

[2020-03-19 14:21:31 #17 type] 
Type domain.User is not enhanced.

[2020-03-19 14:21:31 #18 type.registry] 
New type domain.Message

[2020-03-19 14:21:31 #19 type.registry] 
New type java.util.Vector<domain.Message>

[2020-03-19 14:21:31 #20 type.registry] 
New type java.util.Vector<domain.Sport>

[2020-03-19 14:21:31 #21 type.registry] 
New type java.util.Vector<domain.User>

[2020-03-19 14:21:31 #22 type] 
Type domain.Message is not enhanced.

[2020-03-19 14:21:31 #23 type.registry] 
New type domain.Admin

[2020-03-19 14:21:31 #24 type] 
Type domain.Admin is not enhanced.

[2020-03-19 14:21:31 #25 type.registry] 
New type java.util.Vector<java.lang.Object>

------------------------------------------------------------------------------------------------------------------------

[2020-03-19 14:26:24 #1 store] 
Database 'C:\Users\Yanis\Desktop\Yanis\Espagne\Cours\Software Engineering\Project\Bets_Project\Bets\resources\bets.temp' is opened by 11992@LAPTOP-FG5SJG3N

[2020-03-19 14:26:24 #2 type.registry] 
New type domain.Sport

[2020-03-19 14:26:24 #3 type] 
Type domain.Sport is not enhanced.

[2020-03-19 14:26:24 #4 type.registry] 
New type domain.Event

[2020-03-19 14:26:24 #5 type.registry] 
New type java.util.Vector<domain.Event>

[2020-03-19 14:26:24 #6 type] 
Type domain.Event is not enhanced.

[2020-03-19 14:26:24 #7 type.registry] 
New type domain.Question

[2020-03-19 14:26:24 #8 type.registry] 
New type java.util.Vector<domain.Question>

[2020-03-19 14:26:24 #9 type] 
Type domain.Question is not enhanced.

[2020-03-19 14:26:24 #10 type.registry] 
New type domain.BetChoice

[2020-03-19 14:26:24 #11 type.registry] 
New type java.util.Vector<domain.BetChoice>

[2020-03-19 14:26:24 #12 type] 
Type domain.BetChoice is not enhanced.

[2020-03-19 14:26:24 #13 type.registry] 
New type domain.UserBet

[2020-03-19 14:26:24 #14 type.registry] 
New type java.util.Vector<domain.UserBet>

[2020-03-19 14:26:24 #15 type] 
Type domain.UserBet is not enhanced.

[2020-03-19 14:26:24 #16 type.registry] 
New type domain.User

[2020-03-19 14:26:24 #17 type] 
Type domain.User is not enhanced.

[2020-03-19 14:26:24 #18 type.registry] 
New type domain.Message

[2020-03-19 14:26:24 #19 type.registry] 
New type java.util.Vector<domain.Message>

[2020-03-19 14:26:24 #20 type.registry] 
New type java.util.Vector<domain.Sport>

[2020-03-19 14:26:24 #21 type.registry] 
New type java.util.Vector<domain.User>

[2020-03-19 14:26:24 #22 type] 
Type domain.Message is not enhanced.

[2020-03-19 14:26:24 #23 type.registry] 
New type domain.Admin

[2020-03-19 14:26:24 #24 type] 
Type domain.Admin is not enhanced.

[2020-03-19 14:26:24 #25 type.registry] 
New type java.util.Vector<java.lang.Object>

------------------------------------------------------------------------------------------------------------------------

[2020-03-19 14:36:23 #1 store] 
Database 'C:\Users\Yanis\Desktop\Yanis\Espagne\Cours\Software Engineering\Project\Bets_Project\Bets\resources\bets.temp' is opened by 9144@LAPTOP-FG5SJG3N

[2020-03-19 14:36:24 #2 type.registry] 
New type domain.Sport

[2020-03-19 14:36:24 #3 type] 
Type domain.Sport is not enhanced.

[2020-03-19 14:36:24 #4 type.registry] 
New type domain.Event

[2020-03-19 14:36:24 #5 type.registry] 
New type java.util.Vector<domain.Event>

[2020-03-19 14:36:24 #6 type] 
Type domain.Event is not enhanced.

[2020-03-19 14:36:24 #7 type.registry] 
New type domain.Question

[2020-03-19 14:36:24 #8 type.registry] 
New type java.util.Vector<domain.Question>

[2020-03-19 14:36:24 #9 type] 
Type domain.Question is not enhanced.

[2020-03-19 14:36:24 #10 type.registry] 
New type domain.BetChoice

[2020-03-19 14:36:24 #11 type.registry] 
New type java.util.Vector<domain.BetChoice>

[2020-03-19 14:36:24 #12 type] 
Type domain.BetChoice is not enhanced.

[2020-03-19 14:36:24 #13 type.registry] 
New type domain.UserBet

[2020-03-19 14:36:24 #14 type.registry] 
New type java.util.Vector<domain.UserBet>

[2020-03-19 14:36:24 #15 type] 
Type domain.UserBet is not enhanced.

[2020-03-19 14:36:24 #16 type.registry] 
New type domain.User

[2020-03-19 14:36:24 #17 type] 
Type domain.User is not enhanced.

[2020-03-19 14:36:24 #18 type.registry] 
New type domain.Message

[2020-03-19 14:36:24 #19 type.registry] 
New type java.util.Vector<domain.Message>

[2020-03-19 14:36:24 #20 type.registry] 
New type java.util.Vector<domain.Sport>

[2020-03-19 14:36:24 #21 type.registry] 
New type java.util.Vector<domain.User>

[2020-03-19 14:36:24 #22 type] 
Type domain.Message is not enhanced.

[2020-03-19 14:36:24 #23 type.registry] 
New type domain.Admin

[2020-03-19 14:36:24 #24 type] 
Type domain.Admin is not enhanced.

[2020-03-19 14:36:24 #25 type.registry] 
New type java.util.Vector<java.lang.Object>

------------------------------------------------------------------------------------------------------------------------

[2020-03-19 15:05:18 #1 store] 
Database 'C:\Users\Yanis\Desktop\Yanis\Espagne\Cours\Software Engineering\Project\Bets_Project\Bets\resources\bets.temp' is opened by 16468@LAPTOP-FG5SJG3N

[2020-03-19 15:05:18 #2 type.registry] 
New type domain.Sport

[2020-03-19 15:05:18 #3 type] 
Type domain.Sport is not enhanced.

[2020-03-19 15:05:18 #4 type.registry] 
New type domain.Event

[2020-03-19 15:05:18 #5 type.registry] 
New type java.util.Vector<domain.Event>

[2020-03-19 15:05:18 #6 type] 
Type domain.Event is not enhanced.

[2020-03-19 15:05:18 #7 type.registry] 
New type domain.Question

[2020-03-19 15:05:18 #8 type.registry] 
New type java.util.Vector<domain.Question>

[2020-03-19 15:05:18 #9 type] 
Type domain.Question is not enhanced.

[2020-03-19 15:05:18 #10 type.registry] 
New type domain.BetChoice

[2020-03-19 15:05:18 #11 type.registry] 
New type java.util.Vector<domain.BetChoice>

[2020-03-19 15:05:18 #12 type] 
Type domain.BetChoice is not enhanced.

[2020-03-19 15:05:18 #13 type.registry] 
New type domain.UserBet

[2020-03-19 15:05:18 #14 type.registry] 
New type java.util.Vector<domain.UserBet>

[2020-03-19 15:05:18 #15 type] 
Type domain.UserBet is not enhanced.

[2020-03-19 15:05:18 #16 type.registry] 
New type domain.User

[2020-03-19 15:05:18 #17 type] 
Type domain.User is not enhanced.

[2020-03-19 15:05:18 #18 type.registry] 
New type domain.Message

[2020-03-19 15:05:18 #19 type.registry] 
New type java.util.Vector<domain.Message>

[2020-03-19 15:05:18 #20 type.registry] 
New type java.util.Vector<domain.Sport>

[2020-03-19 15:05:18 #21 type.registry] 
New type java.util.Vector<domain.User>

[2020-03-19 15:05:18 #22 type] 
Type domain.Message is not enhanced.

[2020-03-19 15:05:18 #23 type.registry] 
New type domain.Admin

[2020-03-19 15:05:18 #24 type] 
Type domain.Admin is not enhanced.

[2020-03-19 15:05:18 #25 type.registry] 
New type java.util.Vector<java.lang.Object>

------------------------------------------------------------------------------------------------------------------------

[2020-03-19 15:14:51 #1 store] 
Database 'C:\Users\Yanis\Desktop\Yanis\Espagne\Cours\Software Engineering\Project\Bets_Project\Bets\resources\bets.temp' is opened by 7648@LAPTOP-FG5SJG3N

[2020-03-19 15:14:51 #2 type.registry] 
New type domain.Sport

[2020-03-19 15:14:51 #3 type] 
Type domain.Sport is not enhanced.

[2020-03-19 15:14:51 #4 type.registry] 
New type domain.Event

[2020-03-19 15:14:51 #5 type.registry] 
New type java.util.Vector<domain.Event>

[2020-03-19 15:14:51 #6 type] 
Type domain.Event is not enhanced.

[2020-03-19 15:14:51 #7 type.registry] 
New type domain.Question

[2020-03-19 15:14:51 #8 type.registry] 
New type java.util.Vector<domain.Question>

[2020-03-19 15:14:51 #9 type] 
Type domain.Question is not enhanced.

[2020-03-19 15:14:51 #10 type.registry] 
New type domain.BetChoice

[2020-03-19 15:14:51 #11 type.registry] 
New type java.util.Vector<domain.BetChoice>

[2020-03-19 15:14:51 #12 type] 
Type domain.BetChoice is not enhanced.

[2020-03-19 15:14:51 #13 type.registry] 
New type domain.UserBet

[2020-03-19 15:14:51 #14 type.registry] 
New type java.util.Vector<domain.UserBet>

[2020-03-19 15:14:51 #15 type] 
Type domain.UserBet is not enhanced.

[2020-03-19 15:14:51 #16 type.registry] 
New type domain.User

[2020-03-19 15:14:51 #17 type] 
Type domain.User is not enhanced.

[2020-03-19 15:14:51 #18 type.registry] 
New type domain.Message

[2020-03-19 15:14:51 #19 type.registry] 
New type java.util.Vector<domain.Message>

[2020-03-19 15:14:51 #20 type.registry] 
New type java.util.Vector<domain.Sport>

[2020-03-19 15:14:51 #21 type.registry] 
New type java.util.Vector<domain.User>

[2020-03-19 15:14:51 #22 type] 
Type domain.Message is not enhanced.

[2020-03-19 15:14:51 #23 type.registry] 
New type domain.Admin

[2020-03-19 15:14:51 #24 type] 
Type domain.Admin is not enhanced.

[2020-03-19 15:14:51 #25 type.registry] 
New type java.util.Vector<java.lang.Object>

------------------------------------------------------------------------------------------------------------------------

[2020-03-19 16:41:26 #1 store] 
Database 'C:\Users\Yanis\Desktop\Yanis\Espagne\Cours\Software Engineering\Project\Bets_Project\Bets\resources\bets.temp' is opened by 11560@LAPTOP-FG5SJG3N

[2020-03-19 16:41:27 #2 type.registry] 
New type domain.Sport

[2020-03-19 16:41:27 #3 type] 
Type domain.Sport is not enhanced.

[2020-03-19 16:41:27 #4 type.registry] 
New type domain.Event

[2020-03-19 16:41:27 #5 type.registry] 
New type java.util.Vector<domain.Event>

[2020-03-19 16:41:27 #6 type] 
Type domain.Event is not enhanced.

[2020-03-19 16:41:27 #7 type.registry] 
New type domain.Question

[2020-03-19 16:41:27 #8 type.registry] 
New type java.util.Vector<domain.Question>

[2020-03-19 16:41:27 #9 type] 
Type domain.Question is not enhanced.

[2020-03-19 16:41:27 #10 type.registry] 
New type domain.BetChoice

[2020-03-19 16:41:27 #11 type.registry] 
New type java.util.Vector<domain.BetChoice>

[2020-03-19 16:41:27 #12 type] 
Type domain.BetChoice is not enhanced.

[2020-03-19 16:41:27 #13 type.registry] 
New type domain.UserBet

[2020-03-19 16:41:27 #14 type.registry] 
New type java.util.Vector<domain.UserBet>

[2020-03-19 16:41:27 #15 type] 
Type domain.UserBet is not enhanced.

[2020-03-19 16:41:27 #16 type.registry] 
New type domain.User

[2020-03-19 16:41:27 #17 type] 
Type domain.User is not enhanced.

[2020-03-19 16:41:27 #18 type.registry] 
New type domain.Message

[2020-03-19 16:41:27 #19 type.registry] 
New type java.util.Vector<domain.Message>

[2020-03-19 16:41:27 #20 type.registry] 
New type java.util.Vector<domain.Sport>

[2020-03-19 16:41:27 #21 type.registry] 
New type java.util.Vector<domain.User>

[2020-03-19 16:41:27 #22 type] 
Type domain.Message is not enhanced.

[2020-03-19 16:41:27 #23 type.registry] 
New type domain.Admin

[2020-03-19 16:41:27 #24 type] 
Type domain.Admin is not enhanced.

[2020-03-19 16:41:27 #25 type.registry] 
New type java.util.Vector<java.lang.Object>

------------------------------------------------------------------------------------------------------------------------

[2020-03-19 16:47:46 #1 store] 
Database 'C:\Users\Yanis\Desktop\Yanis\Espagne\Cours\Software Engineering\Project\Bets_Project\Bets\resources\bets.temp' is opened by 12468@LAPTOP-FG5SJG3N

[2020-03-19 16:47:46 #2 type.registry] 
New type domain.Sport

[2020-03-19 16:47:46 #3 type] 
Type domain.Sport is not enhanced.

[2020-03-19 16:47:46 #4 type.registry] 
New type domain.Event

[2020-03-19 16:47:46 #5 type.registry] 
New type java.util.Vector<domain.Event>

[2020-03-19 16:47:46 #6 type] 
Type domain.Event is not enhanced.

[2020-03-19 16:47:46 #7 type.registry] 
New type domain.Question

[2020-03-19 16:47:46 #8 type.registry] 
New type java.util.Vector<domain.Question>

[2020-03-19 16:47:46 #9 type] 
Type domain.Question is not enhanced.

[2020-03-19 16:47:46 #10 type.registry] 
New type domain.BetChoice

[2020-03-19 16:47:46 #11 type.registry] 
New type java.util.Vector<domain.BetChoice>

[2020-03-19 16:47:46 #12 type] 
Type domain.BetChoice is not enhanced.

[2020-03-19 16:47:46 #13 type.registry] 
New type domain.UserBet

[2020-03-19 16:47:46 #14 type.registry] 
New type java.util.Vector<domain.UserBet>

[2020-03-19 16:47:46 #15 type] 
Type domain.UserBet is not enhanced.

[2020-03-19 16:47:46 #16 type.registry] 
New type domain.User

[2020-03-19 16:47:46 #17 type] 
Type domain.User is not enhanced.

[2020-03-19 16:47:46 #18 type.registry] 
New type domain.Message

[2020-03-19 16:47:46 #19 type.registry] 
New type java.util.Vector<domain.Message>

[2020-03-19 16:47:46 #20 type.registry] 
New type java.util.Vector<domain.Sport>

[2020-03-19 16:47:46 #21 type.registry] 
New type java.util.Vector<domain.User>

[2020-03-19 16:47:46 #22 type] 
Type domain.Message is not enhanced.

[2020-03-19 16:47:47 #23 type.registry] 
New type domain.Admin

[2020-03-19 16:47:47 #24 type] 
Type domain.Admin is not enhanced.

[2020-03-19 16:47:47 #25 type.registry] 
New type java.util.Vector<java.lang.Object>

------------------------------------------------------------------------------------------------------------------------

[2020-03-19 16:49:26 #1 store] 
Database 'C:\Users\Yanis\Desktop\Yanis\Espagne\Cours\Software Engineering\Project\Bets_Project\Bets\resources\bets.temp' is opened by 15328@LAPTOP-FG5SJG3N

[2020-03-19 16:49:26 #2 type.registry] 
New type domain.Sport

[2020-03-19 16:49:26 #3 type] 
Type domain.Sport is not enhanced.

[2020-03-19 16:49:26 #4 type.registry] 
New type domain.Event

[2020-03-19 16:49:26 #5 type.registry] 
New type java.util.Vector<domain.Event>

[2020-03-19 16:49:26 #6 type] 
Type domain.Event is not enhanced.

[2020-03-19 16:49:26 #7 type.registry] 
New type domain.Question

[2020-03-19 16:49:26 #8 type.registry] 
New type java.util.Vector<domain.Question>

[2020-03-19 16:49:26 #9 type] 
Type domain.Question is not enhanced.

[2020-03-19 16:49:26 #10 type.registry] 
New type domain.BetChoice

[2020-03-19 16:49:26 #11 type.registry] 
New type java.util.Vector<domain.BetChoice>

[2020-03-19 16:49:26 #12 type] 
Type domain.BetChoice is not enhanced.

[2020-03-19 16:49:26 #13 type.registry] 
New type domain.UserBet

[2020-03-19 16:49:26 #14 type.registry] 
New type java.util.Vector<domain.UserBet>

[2020-03-19 16:49:26 #15 type] 
Type domain.UserBet is not enhanced.

[2020-03-19 16:49:26 #16 type.registry] 
New type domain.User

[2020-03-19 16:49:26 #17 type] 
Type domain.User is not enhanced.

[2020-03-19 16:49:26 #18 type.registry] 
New type domain.Message

[2020-03-19 16:49:26 #19 type.registry] 
New type java.util.Vector<domain.Message>

[2020-03-19 16:49:26 #20 type.registry] 
New type java.util.Vector<domain.Sport>

[2020-03-19 16:49:26 #21 type.registry] 
New type java.util.Vector<domain.User>

[2020-03-19 16:49:26 #22 type] 
Type domain.Message is not enhanced.

[2020-03-19 16:49:27 #23 type.registry] 
New type domain.Admin

[2020-03-19 16:49:27 #24 type] 
Type domain.Admin is not enhanced.

[2020-03-19 16:49:27 #25 type.registry] 
New type java.util.Vector<java.lang.Object>

------------------------------------------------------------------------------------------------------------------------

[2020-03-19 16:50:19 #1 store] 
Database 'C:\Users\Yanis\Desktop\Yanis\Espagne\Cours\Software Engineering\Project\Bets_Project\Bets\resources\bets.temp' is opened by 10668@LAPTOP-FG5SJG3N

[2020-03-19 16:50:20 #2 type.registry] 
New type domain.Sport

[2020-03-19 16:50:20 #3 type] 
Type domain.Sport is not enhanced.

[2020-03-19 16:50:20 #4 type.registry] 
New type domain.Event

[2020-03-19 16:50:20 #5 type.registry] 
New type java.util.Vector<domain.Event>

[2020-03-19 16:50:20 #6 type] 
Type domain.Event is not enhanced.

[2020-03-19 16:50:20 #7 type.registry] 
New type domain.Question

[2020-03-19 16:50:20 #8 type.registry] 
New type java.util.Vector<domain.Question>

[2020-03-19 16:50:20 #9 type] 
Type domain.Question is not enhanced.

[2020-03-19 16:50:20 #10 type.registry] 
New type domain.BetChoice

[2020-03-19 16:50:20 #11 type.registry] 
New type java.util.Vector<domain.BetChoice>

[2020-03-19 16:50:20 #12 type] 
Type domain.BetChoice is not enhanced.

[2020-03-19 16:50:20 #13 type.registry] 
New type domain.UserBet

[2020-03-19 16:50:20 #14 type.registry] 
New type java.util.Vector<domain.UserBet>

[2020-03-19 16:50:20 #15 type] 
Type domain.UserBet is not enhanced.

[2020-03-19 16:50:20 #16 type.registry] 
New type domain.User

[2020-03-19 16:50:20 #17 type] 
Type domain.User is not enhanced.

[2020-03-19 16:50:20 #18 type.registry] 
New type domain.Message

[2020-03-19 16:50:20 #19 type.registry] 
New type java.util.Vector<domain.Message>

[2020-03-19 16:50:20 #20 type.registry] 
New type java.util.Vector<domain.Sport>

[2020-03-19 16:50:20 #21 type.registry] 
New type java.util.Vector<domain.User>

[2020-03-19 16:50:20 #22 type] 
Type domain.Message is not enhanced.

[2020-03-19 16:50:20 #23 type.registry] 
New type domain.Admin

[2020-03-19 16:50:20 #24 type] 
Type domain.Admin is not enhanced.

[2020-03-19 16:50:20 #25 type.registry] 
New type java.util.Vector<java.lang.Object>

------------------------------------------------------------------------------------------------------------------------

[2020-03-19 16:50:53 #1 store] 
Database 'C:\Users\Yanis\Desktop\Yanis\Espagne\Cours\Software Engineering\Project\Bets_Project\Bets\resources\bets.temp' is opened by 7088@LAPTOP-FG5SJG3N

[2020-03-19 16:50:53 #2 type.registry] 
New type domain.Sport

[2020-03-19 16:50:53 #3 type] 
Type domain.Sport is not enhanced.

[2020-03-19 16:50:53 #4 type.registry] 
New type domain.Event

[2020-03-19 16:50:53 #5 type.registry] 
New type java.util.Vector<domain.Event>

[2020-03-19 16:50:53 #6 type] 
Type domain.Event is not enhanced.

[2020-03-19 16:50:53 #7 type.registry] 
New type domain.Question

[2020-03-19 16:50:53 #8 type.registry] 
New type java.util.Vector<domain.Question>

[2020-03-19 16:50:53 #9 type] 
Type domain.Question is not enhanced.

[2020-03-19 16:50:53 #10 type.registry] 
New type domain.BetChoice

[2020-03-19 16:50:53 #11 type.registry] 
New type java.util.Vector<domain.BetChoice>

[2020-03-19 16:50:53 #12 type] 
Type domain.BetChoice is not enhanced.

[2020-03-19 16:50:53 #13 type.registry] 
New type domain.UserBet

[2020-03-19 16:50:53 #14 type.registry] 
New type java.util.Vector<domain.UserBet>

[2020-03-19 16:50:53 #15 type] 
Type domain.UserBet is not enhanced.

[2020-03-19 16:50:53 #16 type.registry] 
New type domain.User

[2020-03-19 16:50:53 #17 type] 
Type domain.User is not enhanced.

[2020-03-19 16:50:53 #18 type.registry] 
New type domain.Message

[2020-03-19 16:50:53 #19 type.registry] 
New type java.util.Vector<domain.Message>

[2020-03-19 16:50:53 #20 type.registry] 
New type java.util.Vector<domain.Sport>

[2020-03-19 16:50:53 #21 type.registry] 
New type java.util.Vector<domain.User>

[2020-03-19 16:50:53 #22 type] 
Type domain.Message is not enhanced.

[2020-03-19 16:50:53 #23 type.registry] 
New type domain.Admin

[2020-03-19 16:50:53 #24 type] 
Type domain.Admin is not enhanced.

[2020-03-19 16:50:53 #25 type.registry] 
New type java.util.Vector<java.lang.Object>

------------------------------------------------------------------------------------------------------------------------

[2020-03-19 16:51:50 #1 store] 
Database 'C:\Users\Yanis\Desktop\Yanis\Espagne\Cours\Software Engineering\Project\Bets_Project\Bets\resources\bets.temp' is opened by 15472@LAPTOP-FG5SJG3N

[2020-03-19 16:51:51 #2 type.registry] 
New type domain.Sport

[2020-03-19 16:51:51 #3 type] 
Type domain.Sport is not enhanced.

[2020-03-19 16:51:51 #4 type.registry] 
New type domain.Event

[2020-03-19 16:51:51 #5 type.registry] 
New type java.util.Vector<domain.Event>

[2020-03-19 16:51:51 #6 type] 
Type domain.Event is not enhanced.

[2020-03-19 16:51:51 #7 type.registry] 
New type domain.Question

[2020-03-19 16:51:51 #8 type.registry] 
New type java.util.Vector<domain.Question>

[2020-03-19 16:51:51 #9 type] 
Type domain.Question is not enhanced.

[2020-03-19 16:51:51 #10 type.registry] 
New type domain.BetChoice

[2020-03-19 16:51:51 #11 type.registry] 
New type java.util.Vector<domain.BetChoice>

[2020-03-19 16:51:51 #12 type] 
Type domain.BetChoice is not enhanced.

[2020-03-19 16:51:51 #13 type.registry] 
New type domain.UserBet

[2020-03-19 16:51:51 #14 type.registry] 
New type java.util.Vector<domain.UserBet>

[2020-03-19 16:51:51 #15 type] 
Type domain.UserBet is not enhanced.

[2020-03-19 16:51:51 #16 type.registry] 
New type domain.User

[2020-03-19 16:51:51 #17 type] 
Type domain.User is not enhanced.

[2020-03-19 16:51:51 #18 type.registry] 
New type domain.Message

[2020-03-19 16:51:51 #19 type.registry] 
New type java.util.Vector<domain.Message>

[2020-03-19 16:51:51 #20 type.registry] 
New type java.util.Vector<domain.Sport>

[2020-03-19 16:51:51 #21 type.registry] 
New type java.util.Vector<domain.User>

[2020-03-19 16:51:51 #22 type] 
Type domain.Message is not enhanced.

[2020-03-19 16:51:51 #23 type.registry] 
New type domain.Admin

[2020-03-19 16:51:51 #24 type] 
Type domain.Admin is not enhanced.

[2020-03-19 16:51:51 #25 type.registry] 
New type java.util.Vector<java.lang.Object>

------------------------------------------------------------------------------------------------------------------------

[2020-03-19 16:54:40 #1 store] 
Database 'C:\Users\Yanis\Desktop\Yanis\Espagne\Cours\Software Engineering\Project\Bets_Project\Bets\resources\bets.temp' is opened by 13416@LAPTOP-FG5SJG3N

[2020-03-19 16:54:41 #2 type.registry] 
New type domain.Sport

[2020-03-19 16:54:41 #3 type] 
Type domain.Sport is not enhanced.

[2020-03-19 16:54:41 #4 type.registry] 
New type domain.Event

[2020-03-19 16:54:41 #5 type.registry] 
New type java.util.Vector<domain.Event>

[2020-03-19 16:54:41 #6 type] 
Type domain.Event is not enhanced.

[2020-03-19 16:54:41 #7 type.registry] 
New type domain.Question

[2020-03-19 16:54:41 #8 type.registry] 
New type java.util.Vector<domain.Question>

[2020-03-19 16:54:41 #9 type] 
Type domain.Question is not enhanced.

[2020-03-19 16:54:41 #10 type.registry] 
New type domain.BetChoice

[2020-03-19 16:54:41 #11 type.registry] 
New type java.util.Vector<domain.BetChoice>

[2020-03-19 16:54:41 #12 type] 
Type domain.BetChoice is not enhanced.

[2020-03-19 16:54:41 #13 type.registry] 
New type domain.UserBet

[2020-03-19 16:54:41 #14 type.registry] 
New type java.util.Vector<domain.UserBet>

[2020-03-19 16:54:41 #15 type] 
Type domain.UserBet is not enhanced.

[2020-03-19 16:54:41 #16 type.registry] 
New type domain.User

[2020-03-19 16:54:41 #17 type] 
Type domain.User is not enhanced.

[2020-03-19 16:54:41 #18 type.registry] 
New type domain.Message

[2020-03-19 16:54:41 #19 type.registry] 
New type java.util.Vector<domain.Message>

[2020-03-19 16:54:41 #20 type.registry] 
New type java.util.Vector<domain.Sport>

[2020-03-19 16:54:41 #21 type.registry] 
New type java.util.Vector<domain.User>

[2020-03-19 16:54:41 #22 type] 
Type domain.Message is not enhanced.

[2020-03-19 16:54:41 #23 type.registry] 
New type domain.Admin

[2020-03-19 16:54:41 #24 type] 
Type domain.Admin is not enhanced.

[2020-03-19 16:54:41 #25 type.registry] 
New type java.util.Vector<java.lang.Object>

