------------------------------------------------------------------------------------------------------------------------

[2020-03-24 16:21:45 #1 store] 
Database '/Users/Marion_brnrd/git/Bets_Project/Bets/resources/bets.temp' is opened by 3460@macbook-air-de-marion-3.home

[2020-03-24 16:21:45 #2 type.registry] 
New type domain.Sport

[2020-03-24 16:21:45 #3 type] 
Type domain.Sport is not enhanced.

[2020-03-24 16:21:45 #4 type.registry] 
New type domain.Event

[2020-03-24 16:21:46 #5 type.registry] 
New type java.util.Vector<domain.Event>

[2020-03-24 16:21:46 #6 type] 
Type domain.Event is not enhanced.

[2020-03-24 16:21:46 #7 type.registry] 
New type domain.Question

[2020-03-24 16:21:46 #8 type.registry] 
New type java.util.Vector<domain.Question>

[2020-03-24 16:21:46 #9 type] 
Type domain.Question is not enhanced.

[2020-03-24 16:21:46 #10 type.registry] 
New type domain.BetChoice

[2020-03-24 16:21:46 #11 type.registry] 
New type java.util.Vector<domain.BetChoice>

[2020-03-24 16:21:46 #12 type] 
Type domain.BetChoice is not enhanced.

[2020-03-24 16:21:46 #13 type.registry] 
New type domain.UserBet

[2020-03-24 16:21:46 #14 type.registry] 
New type java.util.Vector<domain.UserBet>

[2020-03-24 16:21:46 #15 type] 
Type domain.UserBet is not enhanced.

[2020-03-24 16:21:46 #16 type.registry] 
New type domain.User

[2020-03-24 16:21:46 #17 type] 
Type domain.User is not enhanced.

[2020-03-24 16:21:46 #18 type.registry] 
New type domain.Message

[2020-03-24 16:21:46 #19 type.registry] 
New type java.util.Vector<domain.Message>

[2020-03-24 16:21:46 #20 type.registry] 
New type java.util.Vector<domain.Sport>

[2020-03-24 16:21:46 #21 type.registry] 
New type java.util.Vector<domain.User>

[2020-03-24 16:21:46 #22 type] 
Type domain.Message is not enhanced.

[2020-03-24 16:21:46 #23 type.registry] 
New type domain.Admin

[2020-03-24 16:21:46 #24 type] 
Type domain.Admin is not enhanced.

[2020-03-24 16:21:46 #25 type.registry] 
New type java.util.Vector<java.lang.Object>

------------------------------------------------------------------------------------------------------------------------

[2020-03-24 16:22:28 #1 store] 
Database '/Users/Marion_brnrd/git/Bets_Project/Bets/resources/bets.temp' is opened by 3487@macbook-air-de-marion-3.home

[2020-03-24 16:22:29 #2 type.registry] 
New type domain.Sport

[2020-03-24 16:22:29 #3 type] 
Type domain.Sport is not enhanced.

[2020-03-24 16:22:29 #4 type.registry] 
New type domain.Event

[2020-03-24 16:22:29 #5 type.registry] 
New type java.util.Vector<domain.Event>

[2020-03-24 16:22:29 #6 type] 
Type domain.Event is not enhanced.

[2020-03-24 16:22:29 #7 type.registry] 
New type domain.Question

[2020-03-24 16:22:29 #8 type.registry] 
New type java.util.Vector<domain.Question>

[2020-03-24 16:22:29 #9 type] 
Type domain.Question is not enhanced.

[2020-03-24 16:22:29 #10 type.registry] 
New type domain.BetChoice

[2020-03-24 16:22:29 #11 type.registry] 
New type java.util.Vector<domain.BetChoice>

[2020-03-24 16:22:29 #12 type] 
Type domain.BetChoice is not enhanced.

[2020-03-24 16:22:29 #13 type.registry] 
New type domain.UserBet

[2020-03-24 16:22:29 #14 type.registry] 
New type java.util.Vector<domain.UserBet>

[2020-03-24 16:22:29 #15 type] 
Type domain.UserBet is not enhanced.

[2020-03-24 16:22:29 #16 type.registry] 
New type domain.User

[2020-03-24 16:22:29 #17 type] 
Type domain.User is not enhanced.

[2020-03-24 16:22:29 #18 type.registry] 
New type domain.Message

[2020-03-24 16:22:29 #19 type.registry] 
New type java.util.Vector<domain.Message>

[2020-03-24 16:22:29 #20 type.registry] 
New type java.util.Vector<domain.Sport>

[2020-03-24 16:22:29 #21 type.registry] 
New type java.util.Vector<domain.User>

[2020-03-24 16:22:29 #22 type] 
Type domain.Message is not enhanced.

[2020-03-24 16:22:29 #23 type.registry] 
New type domain.Admin

[2020-03-24 16:22:29 #24 type] 
Type domain.Admin is not enhanced.

[2020-03-24 16:22:29 #25 type.registry] 
New type java.util.Vector<java.lang.Object>

------------------------------------------------------------------------------------------------------------------------

[2020-03-24 16:23:12 #1 store] 
Database '/Users/Marion_brnrd/git/Bets_Project/Bets/resources/bets.temp' is opened by 3509@macbook-air-de-marion-3.home

[2020-03-24 16:23:12 #2 type.registry] 
New type domain.Sport

[2020-03-24 16:23:12 #3 type] 
Type domain.Sport is not enhanced.

[2020-03-24 16:23:12 #4 type.registry] 
New type domain.Event

[2020-03-24 16:23:12 #5 type.registry] 
New type java.util.Vector<domain.Event>

[2020-03-24 16:23:12 #6 type] 
Type domain.Event is not enhanced.

[2020-03-24 16:23:12 #7 type.registry] 
New type domain.Question

[2020-03-24 16:23:12 #8 type.registry] 
New type java.util.Vector<domain.Question>

[2020-03-24 16:23:12 #9 type] 
Type domain.Question is not enhanced.

[2020-03-24 16:23:12 #10 type.registry] 
New type domain.BetChoice

[2020-03-24 16:23:12 #11 type.registry] 
New type java.util.Vector<domain.BetChoice>

[2020-03-24 16:23:12 #12 type] 
Type domain.BetChoice is not enhanced.

[2020-03-24 16:23:12 #13 type.registry] 
New type domain.UserBet

[2020-03-24 16:23:12 #14 type.registry] 
New type java.util.Vector<domain.UserBet>

[2020-03-24 16:23:12 #15 type] 
Type domain.UserBet is not enhanced.

[2020-03-24 16:23:12 #16 type.registry] 
New type domain.User

[2020-03-24 16:23:12 #17 type] 
Type domain.User is not enhanced.

[2020-03-24 16:23:12 #18 type.registry] 
New type domain.Message

[2020-03-24 16:23:12 #19 type.registry] 
New type java.util.Vector<domain.Message>

[2020-03-24 16:23:12 #20 type.registry] 
New type java.util.Vector<domain.Sport>

[2020-03-24 16:23:12 #21 type.registry] 
New type java.util.Vector<domain.User>

[2020-03-24 16:23:12 #22 type] 
Type domain.Message is not enhanced.

[2020-03-24 16:23:12 #23 type.registry] 
New type domain.Admin

[2020-03-24 16:23:12 #24 type] 
Type domain.Admin is not enhanced.

[2020-03-24 16:23:12 #25 type.registry] 
New type java.util.Vector<java.lang.Object>

------------------------------------------------------------------------------------------------------------------------

[2020-03-24 16:25:24 #1 store] 
Database '/Users/Marion_brnrd/git/Bets_Project/Bets/resources/bets.temp' is opened by 3513@macbook-air-de-marion-3.home

[2020-03-24 16:25:24 #2 type.registry] 
New type domain.Sport

[2020-03-24 16:25:24 #3 type] 
Type domain.Sport is not enhanced.

[2020-03-24 16:25:24 #4 type.registry] 
New type domain.Event

[2020-03-24 16:25:24 #5 type.registry] 
New type java.util.Vector<domain.Event>

[2020-03-24 16:25:24 #6 type] 
Type domain.Event is not enhanced.

[2020-03-24 16:25:24 #7 type.registry] 
New type domain.Question

[2020-03-24 16:25:24 #8 type.registry] 
New type java.util.Vector<domain.Question>

[2020-03-24 16:25:24 #9 type] 
Type domain.Question is not enhanced.

[2020-03-24 16:25:24 #10 type.registry] 
New type domain.BetChoice

[2020-03-24 16:25:24 #11 type.registry] 
New type java.util.Vector<domain.BetChoice>

[2020-03-24 16:25:24 #12 type] 
Type domain.BetChoice is not enhanced.

[2020-03-24 16:25:24 #13 type.registry] 
New type domain.UserBet

[2020-03-24 16:25:24 #14 type.registry] 
New type java.util.Vector<domain.UserBet>

[2020-03-24 16:25:24 #15 type] 
Type domain.UserBet is not enhanced.

[2020-03-24 16:25:24 #16 type.registry] 
New type domain.User

[2020-03-24 16:25:24 #17 type] 
Type domain.User is not enhanced.

[2020-03-24 16:25:24 #18 type.registry] 
New type domain.Message

[2020-03-24 16:25:24 #19 type.registry] 
New type java.util.Vector<domain.Message>

[2020-03-24 16:25:24 #20 type.registry] 
New type java.util.Vector<domain.Sport>

[2020-03-24 16:25:24 #21 type.registry] 
New type java.util.Vector<domain.User>

[2020-03-24 16:25:24 #22 type] 
Type domain.Message is not enhanced.

[2020-03-24 16:25:24 #23 type.registry] 
New type domain.Admin

[2020-03-24 16:25:24 #24 type] 
Type domain.Admin is not enhanced.

[2020-03-24 16:25:24 #25 type.registry] 
New type java.util.Vector<java.lang.Object>

------------------------------------------------------------------------------------------------------------------------

[2020-03-24 16:34:21 #1 store] 
Database '/Users/Marion_brnrd/git/Bets_Project/Bets/resources/bets.temp' is opened by 3601@macbook-air-de-marion-3.home

[2020-03-24 16:34:21 #2 type.registry] 
New type domain.Sport

[2020-03-24 16:34:21 #3 type] 
Type domain.Sport is not enhanced.

[2020-03-24 16:34:21 #4 type.registry] 
New type domain.Event

[2020-03-24 16:34:21 #5 type.registry] 
New type java.util.Vector<domain.Event>

[2020-03-24 16:34:21 #6 type] 
Type domain.Event is not enhanced.

[2020-03-24 16:34:21 #7 type.registry] 
New type domain.Question

[2020-03-24 16:34:21 #8 type.registry] 
New type java.util.Vector<domain.Question>

[2020-03-24 16:34:21 #9 type] 
Type domain.Question is not enhanced.

[2020-03-24 16:34:21 #10 type.registry] 
New type domain.BetChoice

[2020-03-24 16:34:21 #11 type.registry] 
New type java.util.Vector<domain.BetChoice>

[2020-03-24 16:34:21 #12 type] 
Type domain.BetChoice is not enhanced.

[2020-03-24 16:34:21 #13 type.registry] 
New type domain.UserBet

[2020-03-24 16:34:21 #14 type.registry] 
New type java.util.Vector<domain.UserBet>

[2020-03-24 16:34:21 #15 type] 
Type domain.UserBet is not enhanced.

[2020-03-24 16:34:21 #16 type.registry] 
New type domain.User

[2020-03-24 16:34:21 #17 type] 
Type domain.User is not enhanced.

[2020-03-24 16:34:21 #18 type.registry] 
New type domain.Message

[2020-03-24 16:34:21 #19 type.registry] 
New type java.util.Vector<domain.Message>

[2020-03-24 16:34:21 #20 type.registry] 
New type java.util.Vector<domain.Sport>

[2020-03-24 16:34:21 #21 type.registry] 
New type java.util.Vector<domain.User>

[2020-03-24 16:34:21 #22 type] 
Type domain.Message is not enhanced.

[2020-03-24 16:34:21 #23 type.registry] 
New type domain.Admin

[2020-03-24 16:34:21 #24 type] 
Type domain.Admin is not enhanced.

[2020-03-24 16:34:21 #25 type.registry] 
New type java.util.Vector<java.lang.Object>

