------------------------------------------------------------------------------------------------------------------------

[2020-02-23 00:03:23 #1 store] 
Database 'C:\Users\Yanis\Desktop\Yanis\Espagne\Cours\Software Engineering\Bets_Project\Bets\resources\bets.temp' is opened by 14564@LAPTOP-FG5SJG3N

[2020-02-23 00:03:23 #2 type.registry] 
New type domain.Question

[2020-02-23 00:03:23 #3 type] 
Type domain.Question is not enhanced.

[2020-02-23 00:03:23 #4 type.registry] 
New type domain.Event

[2020-02-23 00:03:23 #5 type] 
Type domain.Event is not enhanced.

[2020-02-23 00:03:23 #6 type.registry] 
New type java.util.Vector<domain.Question>

[2020-02-23 00:03:23 #7 type.registry] 
New type domain.User

[2020-02-23 00:03:23 #8 type] 
Type domain.User is not enhanced.

[2020-02-23 00:03:23 #9 type.registry] 
New type java.util.Vector<java.lang.Object>

------------------------------------------------------------------------------------------------------------------------

[2020-02-23 00:05:05 #1 store] 
Database 'C:\Users\Yanis\Desktop\Yanis\Espagne\Cours\Software Engineering\Bets_Project\Bets\resources\bets.temp' is opened by 14504@LAPTOP-FG5SJG3N

[2020-02-23 00:05:05 #2 type.registry] 
New type domain.Question

[2020-02-23 00:05:05 #3 type] 
Type domain.Question is not enhanced.

[2020-02-23 00:05:05 #4 type.registry] 
New type domain.Event

[2020-02-23 00:05:05 #5 type] 
Type domain.Event is not enhanced.

[2020-02-23 00:05:05 #6 type.registry] 
New type java.util.Vector<domain.Question>

[2020-02-23 00:05:05 #7 type.registry] 
New type domain.User

[2020-02-23 00:05:05 #8 type] 
Type domain.User is not enhanced.

[2020-02-23 00:05:05 #9 type.registry] 
New type java.util.Vector<java.lang.Object>

------------------------------------------------------------------------------------------------------------------------

[2020-02-23 00:05:10 #1 store] 
Database 'C:\Users\Yanis\Desktop\Yanis\Espagne\Cours\Software Engineering\Bets_Project\Bets\resources\bets.temp' is opened by 15192@LAPTOP-FG5SJG3N

[2020-02-23 00:05:10 #2 type.registry] 
New type domain.Question

[2020-02-23 00:05:10 #3 type] 
Type domain.Question is not enhanced.

[2020-02-23 00:05:10 #4 type.registry] 
New type domain.Event

[2020-02-23 00:05:10 #5 type] 
Type domain.Event is not enhanced.

[2020-02-23 00:05:10 #6 type.registry] 
New type java.util.Vector<domain.Question>

[2020-02-23 00:05:10 #7 type.registry] 
New type domain.User

[2020-02-23 00:05:10 #8 type] 
Type domain.User is not enhanced.

[2020-02-23 00:05:10 #9 type.registry] 
New type java.util.Vector<java.lang.Object>

------------------------------------------------------------------------------------------------------------------------

[2020-02-23 00:06:34 #1 store] 
Database 'C:\Users\Yanis\Desktop\Yanis\Espagne\Cours\Software Engineering\Bets_Project\Bets\resources\bets.temp' is opened by 13964@LAPTOP-FG5SJG3N

[2020-02-23 00:06:34 #2 type.registry] 
New type domain.Question

[2020-02-23 00:06:34 #3 type] 
Type domain.Question is not enhanced.

[2020-02-23 00:06:34 #4 type.registry] 
New type domain.Event

[2020-02-23 00:06:34 #5 type] 
Type domain.Event is not enhanced.

[2020-02-23 00:06:34 #6 type.registry] 
New type java.util.Vector<domain.Question>

[2020-02-23 00:06:34 #7 type.registry] 
New type domain.User

[2020-02-23 00:06:34 #8 type] 
Type domain.User is not enhanced.

[2020-02-23 00:06:34 #9 type.registry] 
New type java.util.Vector<java.lang.Object>

