------------------------------------------------------------------------------------------------------------------------

[2020-03-03 19:26:51 #1 store] 
Database 'C:\Users\Yanis\Desktop\Yanis\Espagne\Cours\Software Engineering\Project\Bets_Project\Bets\resources\bets.temp' is opened by 11888@LAPTOP-FG5SJG3N

[2020-03-03 19:26:52 #2 type.registry] 
New type domain.Question

[2020-03-03 19:26:52 #3 type] 
Type domain.Question is not enhanced.

[2020-03-03 19:26:52 #4 type.registry] 
New type domain.Event

[2020-03-03 19:26:52 #5 type.registry] 
New type domain.BetChoice

[2020-03-03 19:26:52 #6 type.registry] 
New type java.util.Vector<domain.BetChoice>

[2020-03-03 19:26:52 #7 type] 
Type domain.Event is not enhanced.

[2020-03-03 19:26:52 #8 type.registry] 
New type java.util.Vector<domain.Question>

[2020-03-03 19:26:52 #9 type] 
Type domain.BetChoice is not enhanced.

[2020-03-03 19:26:52 #10 type.registry] 
New type domain.UserBet

[2020-03-03 19:26:52 #11 type.registry] 
New type java.util.Vector<domain.UserBet>

[2020-03-03 19:26:52 #12 type] 
Type domain.UserBet is not enhanced.

[2020-03-03 19:26:52 #13 type.registry] 
New type domain.User

[2020-03-03 19:26:52 #14 type] 
Type domain.User is not enhanced.

[2020-03-03 19:26:52 #15 type.registry] 
New type java.util.Vector<domain.User>

[2020-03-03 19:26:52 #16 type.registry] 
New type domain.Admin

[2020-03-03 19:26:52 #17 type] 
Type domain.Admin is not enhanced.

[2020-03-03 19:26:52 #18 type.registry] 
New type java.util.Vector<java.lang.Object>

------------------------------------------------------------------------------------------------------------------------

[2020-03-03 20:01:26 #1 store] 
Database 'C:\Users\Yanis\Desktop\Yanis\Espagne\Cours\Software Engineering\Project\Bets_Project\Bets\resources\bets.temp' is opened by 12516@LAPTOP-FG5SJG3N

[2020-03-03 20:01:26 #2 type.registry] 
New type domain.Question

[2020-03-03 20:01:26 #3 type] 
Type domain.Question is not enhanced.

[2020-03-03 20:01:26 #4 type.registry] 
New type domain.Event

[2020-03-03 20:01:26 #5 type.registry] 
New type domain.BetChoice

[2020-03-03 20:01:26 #6 type.registry] 
New type java.util.Vector<domain.BetChoice>

[2020-03-03 20:01:26 #7 type] 
Type domain.Event is not enhanced.

[2020-03-03 20:01:26 #8 type.registry] 
New type java.util.Vector<domain.Question>

[2020-03-03 20:01:26 #9 type] 
Type domain.BetChoice is not enhanced.

[2020-03-03 20:01:26 #10 type.registry] 
New type domain.UserBet

[2020-03-03 20:01:26 #11 type.registry] 
New type java.util.Vector<domain.UserBet>

[2020-03-03 20:01:26 #12 type] 
Type domain.UserBet is not enhanced.

[2020-03-03 20:01:26 #13 type.registry] 
New type domain.User

[2020-03-03 20:01:26 #14 type] 
Type domain.User is not enhanced.

[2020-03-03 20:01:26 #15 type.registry] 
New type java.util.Vector<domain.User>

[2020-03-03 20:01:26 #16 type.registry] 
New type domain.Admin

[2020-03-03 20:01:26 #17 type] 
Type domain.Admin is not enhanced.

[2020-03-03 20:01:26 #18 type.registry] 
New type java.util.Vector<java.lang.Object>

