------------------------------------------------------------------------------------------------------------------------

[2020-03-28 13:55:36 #1 store] 
Database 'C:\Users\Yanis\Desktop\Yanis\Espagne\Cours\Software Engineering\Project\Bets_Project\Bets\resources\bets.temp' is opened by 9384@LAPTOP-FG5SJG3N

[2020-03-28 13:55:36 #2 type.registry] 
New type domain.Sport

[2020-03-28 13:55:36 #3 type] 
Type domain.Sport is not enhanced.

[2020-03-28 13:55:36 #4 type.registry] 
New type domain.Event

[2020-03-28 13:55:36 #5 type.registry] 
New type java.util.Vector<domain.Event>

[2020-03-28 13:55:36 #6 type] 
Type domain.Event is not enhanced.

[2020-03-28 13:55:36 #7 type.registry] 
New type domain.Question

[2020-03-28 13:55:36 #8 type.registry] 
New type java.util.Vector<domain.Question>

[2020-03-28 13:55:36 #9 type] 
Type domain.Question is not enhanced.

[2020-03-28 13:55:36 #10 type.registry] 
New type domain.BetChoice

[2020-03-28 13:55:36 #11 type.registry] 
New type java.util.Vector<domain.BetChoice>

[2020-03-28 13:55:36 #12 type] 
Type domain.BetChoice is not enhanced.

[2020-03-28 13:55:36 #13 type.registry] 
New type domain.UserBet

[2020-03-28 13:55:36 #14 type.registry] 
New type java.util.Vector<domain.UserBet>

[2020-03-28 13:55:36 #15 type] 
Type domain.UserBet is not enhanced.

[2020-03-28 13:55:36 #16 type.registry] 
New type domain.User

[2020-03-28 13:55:36 #17 type] 
Type domain.User is not enhanced.

[2020-03-28 13:55:36 #18 type.registry] 
New type domain.Message

[2020-03-28 13:55:36 #19 type.registry] 
New type java.util.Vector<domain.Message>

[2020-03-28 13:55:36 #20 type.registry] 
New type java.util.Vector<domain.Sport>

[2020-03-28 13:55:36 #21 type.registry] 
New type java.util.Vector<domain.User>

[2020-03-28 13:55:36 #22 type] 
Type domain.Message is not enhanced.

[2020-03-28 13:55:36 #23 type.registry] 
New type domain.Admin

[2020-03-28 13:55:36 #24 type] 
Type domain.Admin is not enhanced.

[2020-03-28 13:55:36 #25 type.registry] 
New type java.util.Vector<java.lang.Object>

------------------------------------------------------------------------------------------------------------------------

[2020-03-28 13:58:12 #1 store] 
Database 'C:\Users\Yanis\Desktop\Yanis\Espagne\Cours\Software Engineering\Project\Bets_Project\Bets\resources\bets.temp' is opened by 8940@LAPTOP-FG5SJG3N

[2020-03-28 13:58:13 #2 type.registry] 
New type domain.Sport

[2020-03-28 13:58:13 #3 type] 
Type domain.Sport is not enhanced.

[2020-03-28 13:58:13 #4 type.registry] 
New type domain.Event

[2020-03-28 13:58:13 #5 type.registry] 
New type java.util.Vector<domain.Event>

[2020-03-28 13:58:13 #6 type] 
Type domain.Event is not enhanced.

[2020-03-28 13:58:13 #7 type.registry] 
New type domain.Question

[2020-03-28 13:58:13 #8 type.registry] 
New type java.util.Vector<domain.Question>

[2020-03-28 13:58:13 #9 type] 
Type domain.Question is not enhanced.

[2020-03-28 13:58:13 #10 type.registry] 
New type domain.BetChoice

[2020-03-28 13:58:13 #11 type.registry] 
New type java.util.Vector<domain.BetChoice>

[2020-03-28 13:58:13 #12 type] 
Type domain.BetChoice is not enhanced.

[2020-03-28 13:58:13 #13 type.registry] 
New type domain.UserBet

[2020-03-28 13:58:13 #14 type.registry] 
New type java.util.Vector<domain.UserBet>

[2020-03-28 13:58:13 #15 type] 
Type domain.UserBet is not enhanced.

[2020-03-28 13:58:13 #16 type.registry] 
New type domain.User

[2020-03-28 13:58:13 #17 type] 
Type domain.User is not enhanced.

[2020-03-28 13:58:13 #18 type.registry] 
New type domain.Message

[2020-03-28 13:58:13 #19 type.registry] 
New type java.util.Vector<domain.Message>

[2020-03-28 13:58:13 #20 type.registry] 
New type java.util.Vector<domain.Sport>

[2020-03-28 13:58:13 #21 type.registry] 
New type java.util.Vector<domain.User>

[2020-03-28 13:58:13 #22 type] 
Type domain.Message is not enhanced.

[2020-03-28 13:58:13 #23 type.registry] 
New type domain.Admin

[2020-03-28 13:58:13 #24 type] 
Type domain.Admin is not enhanced.

[2020-03-28 13:58:13 #25 type.registry] 
New type java.util.Vector<java.lang.Object>

