------------------------------------------------------------------------------------------------------------------------

[2020-03-13 15:01:56 #1 store] 
Database 'C:\Users\Yanis\Desktop\Yanis\Espagne\Cours\Software Engineering\Project\Bets_Project\Bets\resources\bets.temp' is opened by 16104@LAPTOP-FG5SJG3N

[2020-03-13 15:01:56 #2 type.registry] 
New type domain.Question

[2020-03-13 15:01:56 #3 type] 
Type domain.Question is not enhanced.

[2020-03-13 15:01:56 #4 type.registry] 
New type domain.Event

[2020-03-13 15:01:56 #5 type.registry] 
New type domain.BetChoice

[2020-03-13 15:01:56 #6 type.registry] 
New type java.util.Vector<domain.BetChoice>

[2020-03-13 15:01:56 #7 type] 
Type domain.Event is not enhanced.

[2020-03-13 15:01:56 #8 type.registry] 
New type java.util.Vector<domain.Question>

[2020-03-13 15:01:56 #9 type] 
Type domain.BetChoice is not enhanced.

[2020-03-13 15:01:56 #10 type.registry] 
New type domain.UserBet

[2020-03-13 15:01:56 #11 type.registry] 
New type java.util.Vector<domain.UserBet>

[2020-03-13 15:01:56 #12 type] 
Type domain.UserBet is not enhanced.

[2020-03-13 15:01:57 #13 type.registry] 
New type domain.User

[2020-03-13 15:01:57 #14 type] 
Type domain.User is not enhanced.

[2020-03-13 15:01:57 #15 type.registry] 
New type domain.Message

[2020-03-13 15:01:57 #16 type.registry] 
New type java.util.Vector<domain.Message>

[2020-03-13 15:01:57 #17 type.registry] 
New type domain.Sport

[2020-03-13 15:01:57 #18 type.registry] 
New type java.util.Vector<domain.Sport>

[2020-03-13 15:01:57 #19 type.registry] 
New type java.util.Vector<domain.User>

[2020-03-13 15:01:57 #20 type] 
Type domain.Message is not enhanced.

[2020-03-13 15:01:57 #21 type] 
Type domain.Sport is not enhanced.

[2020-03-13 15:01:57 #22 type.registry] 
New type java.util.Vector<domain.Event>

[2020-03-13 15:01:57 #23 type.registry] 
New type domain.Admin

[2020-03-13 15:01:57 #24 type] 
Type domain.Admin is not enhanced.

[2020-03-13 15:01:57 #25 type.registry] 
New type java.util.Vector<java.lang.Object>

------------------------------------------------------------------------------------------------------------------------

[2020-03-13 15:06:29 #1 store] 
Database 'C:\Users\Yanis\Desktop\Yanis\Espagne\Cours\Software Engineering\Project\Bets_Project\Bets\resources\bets.temp' is opened by 4120@LAPTOP-FG5SJG3N

[2020-03-13 15:06:29 #2 type.registry] 
New type domain.Question

[2020-03-13 15:06:29 #3 type] 
Type domain.Question is not enhanced.

[2020-03-13 15:06:29 #4 type.registry] 
New type domain.Event

[2020-03-13 15:06:29 #5 type.registry] 
New type domain.BetChoice

[2020-03-13 15:06:29 #6 type.registry] 
New type java.util.Vector<domain.BetChoice>

[2020-03-13 15:06:29 #7 type] 
Type domain.Event is not enhanced.

[2020-03-13 15:06:29 #8 type.registry] 
New type java.util.Vector<domain.Question>

[2020-03-13 15:06:29 #9 type] 
Type domain.BetChoice is not enhanced.

[2020-03-13 15:06:29 #10 type.registry] 
New type domain.UserBet

[2020-03-13 15:06:29 #11 type.registry] 
New type java.util.Vector<domain.UserBet>

[2020-03-13 15:06:29 #12 type] 
Type domain.UserBet is not enhanced.

[2020-03-13 15:06:29 #13 type.registry] 
New type domain.User

[2020-03-13 15:06:29 #14 type] 
Type domain.User is not enhanced.

[2020-03-13 15:06:29 #15 type.registry] 
New type domain.Message

[2020-03-13 15:06:29 #16 type.registry] 
New type java.util.Vector<domain.Message>

[2020-03-13 15:06:29 #17 type.registry] 
New type domain.Sport

[2020-03-13 15:06:29 #18 type.registry] 
New type java.util.Vector<domain.Sport>

[2020-03-13 15:06:29 #19 type.registry] 
New type java.util.Vector<domain.User>

[2020-03-13 15:06:29 #20 type] 
Type domain.Message is not enhanced.

[2020-03-13 15:06:29 #21 type] 
Type domain.Sport is not enhanced.

[2020-03-13 15:06:29 #22 type.registry] 
New type java.util.Vector<domain.Event>

[2020-03-13 15:06:29 #23 type.registry] 
New type domain.Admin

[2020-03-13 15:06:29 #24 type] 
Type domain.Admin is not enhanced.

[2020-03-13 15:06:29 #25 type.registry] 
New type java.util.Vector<java.lang.Object>

------------------------------------------------------------------------------------------------------------------------

[2020-03-13 15:08:20 #1 store] 
Database 'C:\Users\Yanis\Desktop\Yanis\Espagne\Cours\Software Engineering\Project\Bets_Project\Bets\resources\bets.temp' is opened by 16288@LAPTOP-FG5SJG3N

[2020-03-13 15:08:20 #2 type.registry] 
New type domain.Question

[2020-03-13 15:08:20 #3 type] 
Type domain.Question is not enhanced.

[2020-03-13 15:08:20 #4 type.registry] 
New type domain.Event

[2020-03-13 15:08:20 #5 type.registry] 
New type domain.BetChoice

[2020-03-13 15:08:20 #6 type.registry] 
New type java.util.Vector<domain.BetChoice>

[2020-03-13 15:08:20 #7 type] 
Type domain.Event is not enhanced.

[2020-03-13 15:08:20 #8 type.registry] 
New type java.util.Vector<domain.Question>

[2020-03-13 15:08:20 #9 type] 
Type domain.BetChoice is not enhanced.

[2020-03-13 15:08:20 #10 type.registry] 
New type domain.UserBet

[2020-03-13 15:08:20 #11 type.registry] 
New type java.util.Vector<domain.UserBet>

[2020-03-13 15:08:20 #12 type] 
Type domain.UserBet is not enhanced.

[2020-03-13 15:08:20 #13 type.registry] 
New type domain.User

[2020-03-13 15:08:20 #14 type] 
Type domain.User is not enhanced.

[2020-03-13 15:08:20 #15 type.registry] 
New type domain.Message

[2020-03-13 15:08:20 #16 type.registry] 
New type java.util.Vector<domain.Message>

[2020-03-13 15:08:20 #17 type.registry] 
New type domain.Sport

[2020-03-13 15:08:20 #18 type.registry] 
New type java.util.Vector<domain.Sport>

[2020-03-13 15:08:20 #19 type.registry] 
New type java.util.Vector<domain.User>

[2020-03-13 15:08:20 #20 type] 
Type domain.Message is not enhanced.

[2020-03-13 15:08:20 #21 type] 
Type domain.Sport is not enhanced.

[2020-03-13 15:08:20 #22 type.registry] 
New type java.util.Vector<domain.Event>

[2020-03-13 15:08:20 #23 type.registry] 
New type domain.Admin

[2020-03-13 15:08:20 #24 type] 
Type domain.Admin is not enhanced.

[2020-03-13 15:08:20 #25 type.registry] 
New type java.util.Vector<java.lang.Object>

------------------------------------------------------------------------------------------------------------------------

[2020-03-13 15:10:09 #1 store] 
Database 'C:\Users\Yanis\Desktop\Yanis\Espagne\Cours\Software Engineering\Project\Bets_Project\Bets\resources\bets.temp' is opened by 10172@LAPTOP-FG5SJG3N

[2020-03-13 15:10:10 #2 type.registry] 
New type domain.Question

[2020-03-13 15:10:10 #3 type] 
Type domain.Question is not enhanced.

[2020-03-13 15:10:10 #4 type.registry] 
New type domain.Event

[2020-03-13 15:10:10 #5 type.registry] 
New type domain.BetChoice

[2020-03-13 15:10:10 #6 type.registry] 
New type java.util.Vector<domain.BetChoice>

[2020-03-13 15:10:10 #7 type] 
Type domain.Event is not enhanced.

[2020-03-13 15:10:10 #8 type.registry] 
New type java.util.Vector<domain.Question>

[2020-03-13 15:10:10 #9 type] 
Type domain.BetChoice is not enhanced.

[2020-03-13 15:10:10 #10 type.registry] 
New type domain.UserBet

[2020-03-13 15:10:10 #11 type.registry] 
New type java.util.Vector<domain.UserBet>

[2020-03-13 15:10:10 #12 type] 
Type domain.UserBet is not enhanced.

[2020-03-13 15:10:10 #13 type.registry] 
New type domain.User

[2020-03-13 15:10:10 #14 type] 
Type domain.User is not enhanced.

[2020-03-13 15:10:10 #15 type.registry] 
New type domain.Message

[2020-03-13 15:10:10 #16 type.registry] 
New type java.util.Vector<domain.Message>

[2020-03-13 15:10:10 #17 type.registry] 
New type domain.Sport

[2020-03-13 15:10:10 #18 type.registry] 
New type java.util.Vector<domain.Sport>

[2020-03-13 15:10:10 #19 type.registry] 
New type java.util.Vector<domain.User>

[2020-03-13 15:10:10 #20 type] 
Type domain.Message is not enhanced.

[2020-03-13 15:10:10 #21 type] 
Type domain.Sport is not enhanced.

[2020-03-13 15:10:10 #22 type.registry] 
New type java.util.Vector<domain.Event>

[2020-03-13 15:10:10 #23 type.registry] 
New type domain.Admin

[2020-03-13 15:10:10 #24 type] 
Type domain.Admin is not enhanced.

[2020-03-13 15:10:10 #25 type.registry] 
New type java.util.Vector<java.lang.Object>

