------------------------------------------------------------------------------------------------------------------------

[2020-02-24 00:00:04 #1 store] 
Database 'C:\Users\Yanis\Desktop\Yanis\Espagne\Cours\Software Engineering\Bets_Project\Bets\resources\bets.temp' has been recovered (tr. 49-50)

[2020-02-24 00:00:04 #2 store] 
Database 'C:\Users\Yanis\Desktop\Yanis\Espagne\Cours\Software Engineering\Bets_Project\Bets\resources\bets.temp' is opened by 14716@LAPTOP-FG5SJG3N

[2020-02-24 00:00:04 #3 type] 
Type domain.Question is not enhanced.

[2020-02-24 00:00:04 #4 type] 
Type domain.Event is not enhanced.

[2020-02-24 00:00:04 #5 type] 
Type domain.User is not enhanced.

------------------------------------------------------------------------------------------------------------------------

[2020-02-24 00:00:47 #1 store] 
Database 'C:\Users\Yanis\Desktop\Yanis\Espagne\Cours\Software Engineering\Bets_Project\Bets\resources\bets.temp' is opened by 9584@LAPTOP-FG5SJG3N

[2020-02-24 00:00:48 #2 type] 
Type domain.Question is not enhanced.

[2020-02-24 00:00:48 #3 type] 
Type domain.Event is not enhanced.

[2020-02-24 00:00:48 #4 type] 
Type domain.User is not enhanced.

------------------------------------------------------------------------------------------------------------------------

[2020-02-24 00:05:42 #1 store] 
Database 'C:\Users\Yanis\Desktop\Yanis\Espagne\Cours\Software Engineering\Bets_Project\Bets\resources\bets.temp' is opened by 3996@LAPTOP-FG5SJG3N

[2020-02-24 00:05:42 #2 type] 
Type domain.Question is not enhanced.

[2020-02-24 00:05:42 #3 type] 
Type domain.Event is not enhanced.

[2020-02-24 00:05:42 #4 type] 
Type domain.User is not enhanced.

------------------------------------------------------------------------------------------------------------------------

[2020-02-24 00:07:22 #1 store] 
Database 'C:\Users\Yanis\Desktop\Yanis\Espagne\Cours\Software Engineering\Bets_Project\Bets\resources\bets.temp' is opened by 10784@LAPTOP-FG5SJG3N

[2020-02-24 00:07:22 #2 type] 
Type domain.Question is not enhanced.

[2020-02-24 00:07:22 #3 type] 
Type domain.Event is not enhanced.

[2020-02-24 00:07:22 #4 type] 
Type domain.User is not enhanced.

------------------------------------------------------------------------------------------------------------------------

[2020-02-24 00:11:11 #1 store] 
Database 'C:\Users\Yanis\Desktop\Yanis\Espagne\Cours\Software Engineering\Bets_Project\Bets\resources\bets.temp' is opened by 6880@LAPTOP-FG5SJG3N

[2020-02-24 00:11:11 #2 type] 
Type domain.Question is not enhanced.

[2020-02-24 00:11:11 #3 type] 
Type domain.Event is not enhanced.

[2020-02-24 00:11:11 #4 type] 
Type domain.User is not enhanced.

------------------------------------------------------------------------------------------------------------------------

[2020-02-24 00:18:52 #1 store] 
Database 'C:\Users\Yanis\Desktop\Yanis\Espagne\Cours\Software Engineering\Bets_Project\Bets\resources\bets.temp' is opened by 16164@LAPTOP-FG5SJG3N

[2020-02-24 00:18:52 #2 type.registry] 
New type domain.Question

[2020-02-24 00:18:52 #3 type] 
Type domain.Question is not enhanced.

[2020-02-24 00:18:52 #4 type.registry] 
New type domain.Event

[2020-02-24 00:18:52 #5 type] 
Type domain.Event is not enhanced.

[2020-02-24 00:18:52 #6 type.registry] 
New type java.util.Vector<domain.Question>

[2020-02-24 00:18:52 #7 type.registry] 
New type domain.User

[2020-02-24 00:18:52 #8 type] 
Type domain.User is not enhanced.

[2020-02-24 00:18:52 #9 type.registry] 
New type java.util.Vector<java.lang.Object>

------------------------------------------------------------------------------------------------------------------------

[2020-02-24 00:30:46 #1 store] 
Database 'C:\Users\Yanis\Desktop\Yanis\Espagne\Cours\Software Engineering\Bets_Project\Bets\resources\bets.temp' is opened by 5632@LAPTOP-FG5SJG3N

------------------------------------------------------------------------------------------------------------------------

[2020-02-24 00:31:59 #1 store] 
Database 'C:\Users\Yanis\Desktop\Yanis\Espagne\Cours\Software Engineering\Bets_Project\Bets\resources\bets.temp' is opened by 9208@LAPTOP-FG5SJG3N

[2020-02-24 00:31:59 #2 type.registry] 
New type domain.Question

[2020-02-24 00:31:59 #3 type] 
Type domain.Question is not enhanced.

[2020-02-24 00:31:59 #4 type.registry] 
New type domain.Event

[2020-02-24 00:31:59 #5 type] 
Type domain.Event is not enhanced.

[2020-02-24 00:31:59 #6 type.registry] 
New type java.util.Vector<domain.Question>

[2020-02-24 00:31:59 #7 type.registry] 
New type domain.User

[2020-02-24 00:31:59 #8 type] 
Type domain.User is not enhanced.

------------------------------------------------------------------------------------------------------------------------

[2020-02-24 00:33:50 #1 store] 
Database 'C:\Users\Yanis\Desktop\Yanis\Espagne\Cours\Software Engineering\Bets_Project\Bets\resources\bets.temp' is opened by 9876@LAPTOP-FG5SJG3N

[2020-02-24 00:33:50 #2 type.registry] 
New type domain.Question

[2020-02-24 00:33:50 #3 type] 
Type domain.Question is not enhanced.

[2020-02-24 00:33:50 #4 type.registry] 
New type domain.Event

[2020-02-24 00:33:50 #5 type] 
Type domain.Event is not enhanced.

[2020-02-24 00:33:50 #6 type.registry] 
New type java.util.Vector<domain.Question>

------------------------------------------------------------------------------------------------------------------------

[2020-02-24 00:35:10 #1 store] 
Database 'C:\Users\Yanis\Desktop\Yanis\Espagne\Cours\Software Engineering\Bets_Project\Bets\resources\bets.temp' is opened by 656@LAPTOP-FG5SJG3N

[2020-02-24 00:35:10 #2 type.registry] 
New type domain.Question

[2020-02-24 00:35:10 #3 type] 
Type domain.Question is not enhanced.

[2020-02-24 00:35:10 #4 type.registry] 
New type domain.Event

[2020-02-24 00:35:10 #5 type] 
Type domain.Event is not enhanced.

[2020-02-24 00:35:10 #6 type.registry] 
New type java.util.Vector<domain.Question>

------------------------------------------------------------------------------------------------------------------------

[2020-02-24 00:36:39 #1 store] 
Database 'C:\Users\Yanis\Desktop\Yanis\Espagne\Cours\Software Engineering\Bets_Project\Bets\resources\bets.temp' is opened by 11192@LAPTOP-FG5SJG3N

[2020-02-24 00:36:39 #2 type.registry] 
New type domain.Question

[2020-02-24 00:36:39 #3 type] 
Type domain.Question is not enhanced.

[2020-02-24 00:36:39 #4 type.registry] 
New type domain.Event

[2020-02-24 00:36:39 #5 type.registry] 
New type domain.Bet

[2020-02-24 00:36:39 #6 type.registry] 
New type java.util.Vector<domain.Bet>

[2020-02-24 00:36:39 #7 type] 
Type domain.Event is not enhanced.

[2020-02-24 00:36:39 #8 type.registry] 
New type java.util.Vector<domain.Question>

[2020-02-24 00:36:39 #9 type] 
Type domain.Bet is not enhanced.

[2020-02-24 00:36:39 #10 type.registry] 
New type domain.User

[2020-02-24 00:36:39 #11 type] 
Type domain.User is not enhanced.

[2020-02-24 00:36:39 #12 type.registry] 
New type java.util.Vector<java.lang.Object>

------------------------------------------------------------------------------------------------------------------------

[2020-02-24 00:40:39 #1 store] 
Database 'C:\Users\Yanis\Desktop\Yanis\Espagne\Cours\Software Engineering\Bets_Project\Bets\resources\bets.temp' is opened by 14036@LAPTOP-FG5SJG3N

[2020-02-24 00:40:40 #2 type.registry] 
New type domain.Question

[2020-02-24 00:40:40 #3 type] 
Type domain.Question is not enhanced.

[2020-02-24 00:40:40 #4 type.registry] 
New type domain.Event

[2020-02-24 00:40:40 #5 type.registry] 
New type domain.Bet

[2020-02-24 00:40:40 #6 type.registry] 
New type java.util.Vector<domain.Bet>

[2020-02-24 00:40:40 #7 type] 
Type domain.Event is not enhanced.

[2020-02-24 00:40:40 #8 type.registry] 
New type java.util.Vector<domain.Question>

[2020-02-24 00:40:40 #9 type] 
Type domain.Bet is not enhanced.

[2020-02-24 00:40:40 #10 type.registry] 
New type domain.User

[2020-02-24 00:40:40 #11 type] 
Type domain.User is not enhanced.

[2020-02-24 00:40:40 #12 type.registry] 
New type java.util.Vector<java.lang.Object>

------------------------------------------------------------------------------------------------------------------------

[2020-02-24 00:42:46 #1 store] 
Database 'C:\Users\Yanis\Desktop\Yanis\Espagne\Cours\Software Engineering\Bets_Project\Bets\resources\bets.temp' is opened by 1420@LAPTOP-FG5SJG3N

[2020-02-24 00:42:46 #2 type.registry] 
New type domain.Question

[2020-02-24 00:42:46 #3 type] 
Type domain.Question is not enhanced.

[2020-02-24 00:42:46 #4 type.registry] 
New type domain.Event

[2020-02-24 00:42:46 #5 type.registry] 
New type domain.Bet

[2020-02-24 00:42:46 #6 type.registry] 
New type java.util.Vector<domain.Bet>

[2020-02-24 00:42:46 #7 type] 
Type domain.Event is not enhanced.

[2020-02-24 00:42:46 #8 type.registry] 
New type java.util.Vector<domain.Question>

[2020-02-24 00:42:46 #9 type] 
Type domain.Bet is not enhanced.

[2020-02-24 00:42:46 #10 type.registry] 
New type domain.User

[2020-02-24 00:42:46 #11 type] 
Type domain.User is not enhanced.

[2020-02-24 00:42:46 #12 type.registry] 
New type java.util.Vector<java.lang.Object>

------------------------------------------------------------------------------------------------------------------------

[2020-02-24 00:44:38 #1 store] 
Database 'C:\Users\Yanis\Desktop\Yanis\Espagne\Cours\Software Engineering\Bets_Project\Bets\resources\bets.temp' is opened by 7404@LAPTOP-FG5SJG3N

[2020-02-24 00:44:38 #2 type.registry] 
New type domain.Question

[2020-02-24 00:44:38 #3 type] 
Type domain.Question is not enhanced.

[2020-02-24 00:44:38 #4 type.registry] 
New type domain.Event

[2020-02-24 00:44:38 #5 type.registry] 
New type domain.Bet

[2020-02-24 00:44:38 #6 type.registry] 
New type java.util.Vector<domain.Bet>

[2020-02-24 00:44:38 #7 type] 
Type domain.Event is not enhanced.

[2020-02-24 00:44:38 #8 type.registry] 
New type java.util.Vector<domain.Question>

[2020-02-24 00:44:38 #9 type] 
Type domain.Bet is not enhanced.

[2020-02-24 00:44:38 #10 type.registry] 
New type domain.User

[2020-02-24 00:44:38 #11 type] 
Type domain.User is not enhanced.

[2020-02-24 00:44:38 #12 type.registry] 
New type java.util.Vector<java.lang.Object>

