------------------------------------------------------------------------------------------------------------------------

[2020-02-28 09:35:18 #1 store] 
Database '/Users/Marion_brnrd/git/Bets_Project/Bets/resources/bets.temp' is opened by 961@MacBook-Air-de-Marion-3.local

[2020-02-28 09:35:18 #2 type.registry] 
New type domain.Question

[2020-02-28 09:35:18 #3 type] 
Type domain.Question is not enhanced.

[2020-02-28 09:35:18 #4 type.registry] 
New type domain.Event

[2020-02-28 09:35:18 #5 type.registry] 
New type domain.Bet

[2020-02-28 09:35:18 #6 type.registry] 
New type java.util.Vector<domain.Bet>

[2020-02-28 09:35:18 #7 type] 
Type domain.Event is not enhanced.

[2020-02-28 09:35:18 #8 type.registry] 
New type java.util.Vector<domain.Question>

[2020-02-28 09:35:18 #9 type] 
Type domain.Bet is not enhanced.

[2020-02-28 09:35:18 #10 type.registry] 
New type domain.UserBet

[2020-02-28 09:35:18 #11 type.registry] 
New type java.util.Vector<domain.UserBet>

[2020-02-28 09:35:18 #12 type] 
Type domain.UserBet is not enhanced.

[2020-02-28 09:35:18 #13 type.registry] 
New type domain.User

[2020-02-28 09:35:18 #14 type] 
Type domain.User is not enhanced.

[2020-02-28 09:35:18 #15 type.registry] 
New type java.util.Vector<domain.User>

[2020-02-28 09:35:18 #16 type.registry] 
New type domain.Admin

[2020-02-28 09:35:18 #17 type] 
Type domain.Admin is not enhanced.

[2020-02-28 09:35:18 #18 type.registry] 
New type java.util.Vector<java.lang.Object>

------------------------------------------------------------------------------------------------------------------------

[2020-02-28 09:59:01 #1 store] 
Database '/Users/Marion_brnrd/git/Bets_Project/Bets/resources/bets.temp' is opened by 980@MacBook-Air-de-Marion-3.local

[2020-02-28 09:59:02 #2 type.registry] 
New type domain.Question

[2020-02-28 09:59:02 #3 type] 
Type domain.Question is not enhanced.

[2020-02-28 09:59:02 #4 type.registry] 
New type domain.Event

[2020-02-28 09:59:02 #5 type.registry] 
New type domain.Bet

[2020-02-28 09:59:02 #6 type.registry] 
New type java.util.Vector<domain.Bet>

[2020-02-28 09:59:02 #7 type] 
Type domain.Event is not enhanced.

[2020-02-28 09:59:02 #8 type.registry] 
New type java.util.Vector<domain.Question>

[2020-02-28 09:59:02 #9 type] 
Type domain.Bet is not enhanced.

[2020-02-28 09:59:02 #10 type.registry] 
New type domain.UserBet

[2020-02-28 09:59:02 #11 type.registry] 
New type java.util.Vector<domain.UserBet>

[2020-02-28 09:59:02 #12 type] 
Type domain.UserBet is not enhanced.

[2020-02-28 09:59:02 #13 type.registry] 
New type domain.User

[2020-02-28 09:59:02 #14 type] 
Type domain.User is not enhanced.

[2020-02-28 09:59:02 #15 type.registry] 
New type java.util.Vector<domain.User>

[2020-02-28 09:59:02 #16 type.registry] 
New type domain.Admin

[2020-02-28 09:59:02 #17 type] 
Type domain.Admin is not enhanced.

[2020-02-28 09:59:02 #18 type.registry] 
New type java.util.Vector<java.lang.Object>

