------------------------------------------------------------------------------------------------------------------------

[2020-05-09 00:13:04 #1 server] 
Server on port 6136 has started by 14804@LAPTOP-FG5SJG3N

------------------------------------------------------------------------------------------------------------------------

[2020-05-09 00:19:22 #1 server] 
Server on port 6136 has started by 13224@LAPTOP-FG5SJG3N

------------------------------------------------------------------------------------------------------------------------

[2020-05-09 00:19:31 #1 server] 
java.net.BindException: Address already in use: JVM_Bind
	at java.net.DualStackPlainSocketImpl.bind0(Native Method)
	at java.net.DualStackPlainSocketImpl.socketBind(DualStackPlainSocketImpl.java:106)
	at java.net.AbstractPlainSocketImpl.bind(AbstractPlainSocketImpl.java:387)
	at java.net.PlainSocketImpl.bind(PlainSocketImpl.java:190)
	at java.net.ServerSocket.bind(ServerSocket.java:375)
	at java.net.ServerSocket.<init>(ServerSocket.java:237)
	at java.net.ServerSocket.<init>(ServerSocket.java:181)
	at com.objectdb.o.SMR.I(SMR.java:259)
	at com.objectdb.o.SMR.n(SMR.java:159)
	at com.objectdb.o.TOL.run(TOL.java:116)
	at com.objectdb.Server.runCommand(Server.java:200)
	at com.objectdb.Server.run(Server.java:104)
	at com.objectdb.Server.main(Server.java:63)

------------------------------------------------------------------------------------------------------------------------

[2020-05-09 00:19:50 #1 server] 
Server on port 6136 has started by 976@LAPTOP-FG5SJG3N

------------------------------------------------------------------------------------------------------------------------

[2020-05-09 00:26:40 #1 server] 
Server on port 6136 has started by 4876@LAPTOP-FG5SJG3N

------------------------------------------------------------------------------------------------------------------------

[2020-05-09 00:27:17 #1 server] 
Server on port 6136 has started by 1704@LAPTOP-FG5SJG3N

------------------------------------------------------------------------------------------------------------------------

[2020-05-09 14:16:09 #1 server] 
Server on port 6136 has started by 14020@LAPTOP-FG5SJG3N

[2020-05-09 14:16:10 #2 store] 
Database 'C:\Users\Yanis\Desktop\Yanis\Espagne\Cours\Software Engineering\Project\Bets_Project\Bets\resources\db\resources\bets.temp' is opened by 14020@LAPTOP-FG5SJG3N

[2020-05-09 14:17:03 #3 store] 
Database 'C:\Users\Yanis\Desktop\Yanis\Espagne\Cours\Software Engineering\Project\Bets_Project\Bets\resources\db\resources\bets.temp' is closed by 14020@LAPTOP-FG5SJG3N

[2020-05-09 14:17:13 #4 store] 
Database 'C:\Users\Yanis\Desktop\Yanis\Espagne\Cours\Software Engineering\Project\Bets_Project\Bets\resources\db\resources\bets.temp' is opened by 14020@LAPTOP-FG5SJG3N

[2020-05-09 14:18:46 #5 store] 
Database 'C:\Users\Yanis\Desktop\Yanis\Espagne\Cours\Software Engineering\Project\Bets_Project\Bets\resources\db\resources\bets.temp' is closed by 14020@LAPTOP-FG5SJG3N

[2020-05-09 14:19:34 #6 store] 
Database 'C:\Users\Yanis\Desktop\Yanis\Espagne\Cours\Software Engineering\Project\Bets_Project\Bets\resources\db\resources\bets.temp' is opened by 14020@LAPTOP-FG5SJG3N

[2020-05-09 14:19:42 #7 store] 
Database 'C:\Users\Yanis\Desktop\Yanis\Espagne\Cours\Software Engineering\Project\Bets_Project\Bets\resources\db\resources\bets.temp' is closed by 14020@LAPTOP-FG5SJG3N

[2020-05-09 14:19:52 #8 store] 
Database 'C:\Users\Yanis\Desktop\Yanis\Espagne\Cours\Software Engineering\Project\Bets_Project\Bets\resources\db\resources\bets.temp' is opened by 14020@LAPTOP-FG5SJG3N

[2020-05-09 14:23:11 #9 store] 
Database 'C:\Users\Yanis\Desktop\Yanis\Espagne\Cours\Software Engineering\Project\Bets_Project\Bets\resources\db\resources\bets.temp' is closed by 14020@LAPTOP-FG5SJG3N

[2020-05-09 14:23:17 #10 store] 
Database 'C:\Users\Yanis\Desktop\Yanis\Espagne\Cours\Software Engineering\Project\Bets_Project\Bets\resources\db\resources\bets.temp' is opened by 14020@LAPTOP-FG5SJG3N

[2020-05-09 14:25:16 #11 store] 
Database 'C:\Users\Yanis\Desktop\Yanis\Espagne\Cours\Software Engineering\Project\Bets_Project\Bets\resources\db\resources\bets.temp' is closed by 14020@LAPTOP-FG5SJG3N

[2020-05-09 14:29:08 #12 store] 
Database 'C:\Users\Yanis\Desktop\Yanis\Espagne\Cours\Software Engineering\Project\Bets_Project\Bets\resources\db\resources\bets.temp' is opened by 14020@LAPTOP-FG5SJG3N

[2020-05-09 14:30:50 #13 store] 
Database 'C:\Users\Yanis\Desktop\Yanis\Espagne\Cours\Software Engineering\Project\Bets_Project\Bets\resources\db\resources\bets.temp' is closed by 14020@LAPTOP-FG5SJG3N

[2020-05-09 14:32:19 #14 store] 
Database 'C:\Users\Yanis\Desktop\Yanis\Espagne\Cours\Software Engineering\Project\Bets_Project\Bets\resources\db\resources\bets.temp' is opened by 14020@LAPTOP-FG5SJG3N

[2020-05-09 14:32:23 #15 store] 
Database 'C:\Users\Yanis\Desktop\Yanis\Espagne\Cours\Software Engineering\Project\Bets_Project\Bets\resources\db\resources\bets.temp' is closed by 14020@LAPTOP-FG5SJG3N

[2020-05-09 14:32:27 #16 store] 
Database 'C:\Users\Yanis\Desktop\Yanis\Espagne\Cours\Software Engineering\Project\Bets_Project\Bets\resources\db\resources\bets.temp' is opened by 14020@LAPTOP-FG5SJG3N

[2020-05-09 14:32:31 #17 store] 
Database 'C:\Users\Yanis\Desktop\Yanis\Espagne\Cours\Software Engineering\Project\Bets_Project\Bets\resources\db\resources\bets.temp' is closed by 14020@LAPTOP-FG5SJG3N

[2020-05-09 14:32:34 #18 store] 
Database 'C:\Users\Yanis\Desktop\Yanis\Espagne\Cours\Software Engineering\Project\Bets_Project\Bets\resources\db\resources\bets.temp' is opened by 14020@LAPTOP-FG5SJG3N

[2020-05-09 14:32:38 #19 store] 
Database 'C:\Users\Yanis\Desktop\Yanis\Espagne\Cours\Software Engineering\Project\Bets_Project\Bets\resources\db\resources\bets.temp' is closed by 14020@LAPTOP-FG5SJG3N

[2020-05-09 14:32:41 #20 store] 
Database 'C:\Users\Yanis\Desktop\Yanis\Espagne\Cours\Software Engineering\Project\Bets_Project\Bets\resources\db\resources\bets.temp' is opened by 14020@LAPTOP-FG5SJG3N

[2020-05-09 14:32:44 #21 store] 
Database 'C:\Users\Yanis\Desktop\Yanis\Espagne\Cours\Software Engineering\Project\Bets_Project\Bets\resources\db\resources\bets.temp' is closed by 14020@LAPTOP-FG5SJG3N

[2020-05-09 14:32:46 #22 store] 
Database 'C:\Users\Yanis\Desktop\Yanis\Espagne\Cours\Software Engineering\Project\Bets_Project\Bets\resources\db\resources\bets.temp' is opened by 14020@LAPTOP-FG5SJG3N

[2020-05-09 14:32:49 #23 store] 
Database 'C:\Users\Yanis\Desktop\Yanis\Espagne\Cours\Software Engineering\Project\Bets_Project\Bets\resources\db\resources\bets.temp' is closed by 14020@LAPTOP-FG5SJG3N

[2020-05-09 14:32:54 #24 store] 
Database 'C:\Users\Yanis\Desktop\Yanis\Espagne\Cours\Software Engineering\Project\Bets_Project\Bets\resources\db\resources\bets.temp' is opened by 14020@LAPTOP-FG5SJG3N

[2020-05-09 14:33:02 #25 store] 
Database 'C:\Users\Yanis\Desktop\Yanis\Espagne\Cours\Software Engineering\Project\Bets_Project\Bets\resources\db\resources\bets.temp' is closed by 14020@LAPTOP-FG5SJG3N

[2020-05-09 14:33:11 #26 store] 
Database 'C:\Users\Yanis\Desktop\Yanis\Espagne\Cours\Software Engineering\Project\Bets_Project\Bets\resources\db\resources\bets.temp' is opened by 14020@LAPTOP-FG5SJG3N

[2020-05-09 14:33:14 #27 store] 
Database 'C:\Users\Yanis\Desktop\Yanis\Espagne\Cours\Software Engineering\Project\Bets_Project\Bets\resources\db\resources\bets.temp' is closed by 14020@LAPTOP-FG5SJG3N

------------------------------------------------------------------------------------------------------------------------

[2020-05-09 14:33:30 #1 server] 
java.net.BindException: Address already in use: JVM_Bind
	at java.net.DualStackPlainSocketImpl.bind0(Native Method)
	at java.net.DualStackPlainSocketImpl.socketBind(DualStackPlainSocketImpl.java:106)
	at java.net.AbstractPlainSocketImpl.bind(AbstractPlainSocketImpl.java:387)
	at java.net.PlainSocketImpl.bind(PlainSocketImpl.java:190)
	at java.net.ServerSocket.bind(ServerSocket.java:375)
	at java.net.ServerSocket.<init>(ServerSocket.java:237)
	at java.net.ServerSocket.<init>(ServerSocket.java:181)
	at com.objectdb.o.SMR.I(SMR.java:259)
	at com.objectdb.o.SMR.n(SMR.java:159)
	at com.objectdb.o.TOL.run(TOL.java:116)
	at com.objectdb.Server.runCommand(Server.java:200)
	at com.objectdb.Server.run(Server.java:104)
	at com.objectdb.Server.main(Server.java:63)

[2020-05-09 14:33:36 #28 store] 
Database 'C:\Users\Yanis\Desktop\Yanis\Espagne\Cours\Software Engineering\Project\Bets_Project\Bets\resources\db\resources\bets.temp' is opened by 14020@LAPTOP-FG5SJG3N

[2020-05-09 14:33:39 #29 store] 
Database 'C:\Users\Yanis\Desktop\Yanis\Espagne\Cours\Software Engineering\Project\Bets_Project\Bets\resources\db\resources\bets.temp' is closed by 14020@LAPTOP-FG5SJG3N

[2020-05-09 14:33:47 #30 store] 
Database 'C:\Users\Yanis\Desktop\Yanis\Espagne\Cours\Software Engineering\Project\Bets_Project\Bets\resources\db\resources\bets.temp' is opened by 14020@LAPTOP-FG5SJG3N

[2020-05-09 14:33:49 #31 store] 
Database 'C:\Users\Yanis\Desktop\Yanis\Espagne\Cours\Software Engineering\Project\Bets_Project\Bets\resources\db\resources\bets.temp' is closed by 14020@LAPTOP-FG5SJG3N

------------------------------------------------------------------------------------------------------------------------

[2020-05-09 14:33:55 #1 server] 
java.net.BindException: Address already in use: JVM_Bind
	at java.net.DualStackPlainSocketImpl.bind0(Native Method)
	at java.net.DualStackPlainSocketImpl.socketBind(DualStackPlainSocketImpl.java:106)
	at java.net.AbstractPlainSocketImpl.bind(AbstractPlainSocketImpl.java:387)
	at java.net.PlainSocketImpl.bind(PlainSocketImpl.java:190)
	at java.net.ServerSocket.bind(ServerSocket.java:375)
	at java.net.ServerSocket.<init>(ServerSocket.java:237)
	at java.net.ServerSocket.<init>(ServerSocket.java:181)
	at com.objectdb.o.SMR.I(SMR.java:259)
	at com.objectdb.o.SMR.n(SMR.java:159)
	at com.objectdb.o.TOL.run(TOL.java:116)
	at com.objectdb.Server.runCommand(Server.java:200)
	at com.objectdb.Server.run(Server.java:104)
	at com.objectdb.Server.main(Server.java:63)

[2020-05-09 14:33:59 #32 store] 
Database 'C:\Users\Yanis\Desktop\Yanis\Espagne\Cours\Software Engineering\Project\Bets_Project\Bets\resources\db\resources\bets.temp' is opened by 14020@LAPTOP-FG5SJG3N

[2020-05-09 14:34:01 #33 store] 
Database 'C:\Users\Yanis\Desktop\Yanis\Espagne\Cours\Software Engineering\Project\Bets_Project\Bets\resources\db\resources\bets.temp' is closed by 14020@LAPTOP-FG5SJG3N

[2020-05-09 14:34:10 #34 store] 
Database 'C:\Users\Yanis\Desktop\Yanis\Espagne\Cours\Software Engineering\Project\Bets_Project\Bets\resources\db\resources\bets.temp' is opened by 14020@LAPTOP-FG5SJG3N

[2020-05-09 14:41:41 #35 store] 
Database 'C:\Users\Yanis\Desktop\Yanis\Espagne\Cours\Software Engineering\Project\Bets_Project\Bets\resources\db\resources\bets.temp' is closed by 14020@LAPTOP-FG5SJG3N

------------------------------------------------------------------------------------------------------------------------

[2020-05-09 14:42:54 #1 server] 
Server on port 6136 has started by 15740@LAPTOP-FG5SJG3N

[2020-05-09 14:42:57 #2 store] 
Database 'C:\Users\Yanis\Desktop\Yanis\Espagne\Cours\Software Engineering\Project\Bets_Project\Bets\resources\db\resources\bets.temp' is opened by 15740@LAPTOP-FG5SJG3N

[2020-05-09 14:43:00 #3 store] 
Database 'C:\Users\Yanis\Desktop\Yanis\Espagne\Cours\Software Engineering\Project\Bets_Project\Bets\resources\db\resources\bets.temp' is closed by 15740@LAPTOP-FG5SJG3N

[2020-05-09 14:43:02 #4 store] 
Database 'C:\Users\Yanis\Desktop\Yanis\Espagne\Cours\Software Engineering\Project\Bets_Project\Bets\resources\db\resources\bets.temp' is opened by 15740@LAPTOP-FG5SJG3N

[2020-05-09 14:45:42 #5 store] 
Database 'C:\Users\Yanis\Desktop\Yanis\Espagne\Cours\Software Engineering\Project\Bets_Project\Bets\resources\db\resources\bets.temp' is closed by 15740@LAPTOP-FG5SJG3N

