------------------------------------------------------------------------------------------------------------------------

[2020-05-14 15:31:31 #1 server] 
Server on port 6136 has started by 15524@LAPTOP-FG5SJG3N

[2020-05-14 15:31:37 #2 store] 
Database 'C:\Users\Yanis\Desktop\Yanis\Espagne\Cours\Software Engineering\Project\Bets_Project\Bets\resources\db\resources\bets.temp' is opened by 15524@LAPTOP-FG5SJG3N

[2020-05-14 15:32:33 #3 store] 
Database 'C:\Users\Yanis\Desktop\Yanis\Espagne\Cours\Software Engineering\Project\Bets_Project\Bets\resources\db\resources\bets.temp' is closed by 15524@LAPTOP-FG5SJG3N

------------------------------------------------------------------------------------------------------------------------

[2020-05-14 16:09:33 #1 server] 
java.net.BindException: Address already in use: JVM_Bind
	at java.net.DualStackPlainSocketImpl.bind0(Native Method)
	at java.net.DualStackPlainSocketImpl.socketBind(DualStackPlainSocketImpl.java:106)
	at java.net.AbstractPlainSocketImpl.bind(AbstractPlainSocketImpl.java:387)
	at java.net.PlainSocketImpl.bind(PlainSocketImpl.java:190)
	at java.net.ServerSocket.bind(ServerSocket.java:375)
	at java.net.ServerSocket.<init>(ServerSocket.java:237)
	at java.net.ServerSocket.<init>(ServerSocket.java:181)
	at com.objectdb.o.SMR.I(SMR.java:259)
	at com.objectdb.o.SMR.n(SMR.java:159)
	at com.objectdb.o.TOL.run(TOL.java:116)
	at com.objectdb.Server.runCommand(Server.java:200)
	at com.objectdb.Server.run(Server.java:104)
	at com.objectdb.Server.main(Server.java:63)

[2020-05-14 16:09:38 #4 store] 
Database 'C:\Users\Yanis\Desktop\Yanis\Espagne\Cours\Software Engineering\Project\Bets_Project\Bets\resources\db\resources\bets.temp' is opened by 15524@LAPTOP-FG5SJG3N

[2020-05-14 16:11:48 #5 store] 
Database 'C:\Users\Yanis\Desktop\Yanis\Espagne\Cours\Software Engineering\Project\Bets_Project\Bets\resources\db\resources\bets.temp' is closed by 15524@LAPTOP-FG5SJG3N

------------------------------------------------------------------------------------------------------------------------

[2020-05-14 16:19:41 #1 server] 
java.net.BindException: Address already in use: JVM_Bind
	at java.net.DualStackPlainSocketImpl.bind0(Native Method)
	at java.net.DualStackPlainSocketImpl.socketBind(DualStackPlainSocketImpl.java:106)
	at java.net.AbstractPlainSocketImpl.bind(AbstractPlainSocketImpl.java:387)
	at java.net.PlainSocketImpl.bind(PlainSocketImpl.java:190)
	at java.net.ServerSocket.bind(ServerSocket.java:375)
	at java.net.ServerSocket.<init>(ServerSocket.java:237)
	at java.net.ServerSocket.<init>(ServerSocket.java:181)
	at com.objectdb.o.SMR.I(SMR.java:259)
	at com.objectdb.o.SMR.n(SMR.java:159)
	at com.objectdb.o.TOL.run(TOL.java:116)
	at com.objectdb.Server.runCommand(Server.java:200)
	at com.objectdb.Server.run(Server.java:104)
	at com.objectdb.Server.main(Server.java:63)

[2020-05-14 16:19:51 #6 store] 
Database 'C:\Users\Yanis\Desktop\Yanis\Espagne\Cours\Software Engineering\Project\Bets_Project\Bets\resources\db\resources\bets.temp' is opened by 15524@LAPTOP-FG5SJG3N

[2020-05-14 16:24:07 #7 store] 
Database 'C:\Users\Yanis\Desktop\Yanis\Espagne\Cours\Software Engineering\Project\Bets_Project\Bets\resources\db\resources\bets.temp' is closed by 15524@LAPTOP-FG5SJG3N

------------------------------------------------------------------------------------------------------------------------

[2020-05-14 16:24:24 #1 server] 
java.net.BindException: Address already in use: JVM_Bind
	at java.net.DualStackPlainSocketImpl.bind0(Native Method)
	at java.net.DualStackPlainSocketImpl.socketBind(DualStackPlainSocketImpl.java:106)
	at java.net.AbstractPlainSocketImpl.bind(AbstractPlainSocketImpl.java:387)
	at java.net.PlainSocketImpl.bind(PlainSocketImpl.java:190)
	at java.net.ServerSocket.bind(ServerSocket.java:375)
	at java.net.ServerSocket.<init>(ServerSocket.java:237)
	at java.net.ServerSocket.<init>(ServerSocket.java:181)
	at com.objectdb.o.SMR.I(SMR.java:259)
	at com.objectdb.o.SMR.n(SMR.java:159)
	at com.objectdb.o.TOL.run(TOL.java:116)
	at com.objectdb.Server.runCommand(Server.java:200)
	at com.objectdb.Server.run(Server.java:104)
	at com.objectdb.Server.main(Server.java:63)

[2020-05-14 16:24:30 #8 store] 
Database 'C:\Users\Yanis\Desktop\Yanis\Espagne\Cours\Software Engineering\Project\Bets_Project\Bets\resources\db\resources\bets.temp' is opened by 15524@LAPTOP-FG5SJG3N

[2020-05-14 16:25:28 #9 store] 
Database 'C:\Users\Yanis\Desktop\Yanis\Espagne\Cours\Software Engineering\Project\Bets_Project\Bets\resources\db\resources\bets.temp' is closed by 15524@LAPTOP-FG5SJG3N

