------------------------------------------------------------------------------------------------------------------------

[2020-05-08 18:19:25 #1 server] 
Server on port 6136 has started by 1476@LAPTOP-FG5SJG3N

[2020-05-08 18:19:34 #2 store] 
Database 'C:\Users\Yanis\Desktop\Yanis\Espagne\Cours\Software Engineering\Project\Bets_Project\Bets\resources\db\resources\bets.temp' is opened by 1476@LAPTOP-FG5SJG3N

[2020-05-08 18:19:49 #3 store] 
Database 'C:\Users\Yanis\Desktop\Yanis\Espagne\Cours\Software Engineering\Project\Bets_Project\Bets\resources\db\resources\bets.temp' is closed by 1476@LAPTOP-FG5SJG3N

[2020-05-08 20:37:10 #4 store] 
Database 'C:\Users\Yanis\Desktop\Yanis\Espagne\Cours\Software Engineering\Project\Bets_Project\Bets\resources\db\resources\bets.temp' is opened by 1476@LAPTOP-FG5SJG3N

[2020-05-08 20:37:30 #5 store] 
Database 'C:\Users\Yanis\Desktop\Yanis\Espagne\Cours\Software Engineering\Project\Bets_Project\Bets\resources\db\resources\bets.temp' is closed by 1476@LAPTOP-FG5SJG3N

[2020-05-08 20:37:40 #6 store] 
Database 'C:\Users\Yanis\Desktop\Yanis\Espagne\Cours\Software Engineering\Project\Bets_Project\Bets\resources\db\resources\bets.temp' is opened by 1476@LAPTOP-FG5SJG3N

[2020-05-08 20:37:45 #7 store] 
Database 'C:\Users\Yanis\Desktop\Yanis\Espagne\Cours\Software Engineering\Project\Bets_Project\Bets\resources\db\resources\bets.temp' is closed by 1476@LAPTOP-FG5SJG3N

[2020-05-08 20:37:51 #8 store] 
Database 'C:\Users\Yanis\Desktop\Yanis\Espagne\Cours\Software Engineering\Project\Bets_Project\Bets\resources\db\resources\bets.temp' is opened by 1476@LAPTOP-FG5SJG3N

[2020-05-08 20:39:10 #9 store] 
Database 'C:\Users\Yanis\Desktop\Yanis\Espagne\Cours\Software Engineering\Project\Bets_Project\Bets\resources\db\resources\bets.temp' is closed by 1476@LAPTOP-FG5SJG3N

[2020-05-08 20:39:49 #10 store] 
Database 'C:\Users\Yanis\Desktop\Yanis\Espagne\Cours\Software Engineering\Project\Bets_Project\Bets\resources\db\resources\bets.temp' is opened by 1476@LAPTOP-FG5SJG3N

[2020-05-08 20:39:54 #11 store] 
Database 'C:\Users\Yanis\Desktop\Yanis\Espagne\Cours\Software Engineering\Project\Bets_Project\Bets\resources\db\resources\bets.temp' is closed by 1476@LAPTOP-FG5SJG3N

[2020-05-08 20:41:36 #12 store] 
Database 'C:\Users\Yanis\Desktop\Yanis\Espagne\Cours\Software Engineering\Project\Bets_Project\Bets\resources\db\resources\bets.temp' is opened by 1476@LAPTOP-FG5SJG3N

[2020-05-08 20:41:38 #13 store] 
Database 'C:\Users\Yanis\Desktop\Yanis\Espagne\Cours\Software Engineering\Project\Bets_Project\Bets\resources\db\resources\bets.temp' is closed by 1476@LAPTOP-FG5SJG3N

[2020-05-08 20:42:57 #14 store] 
Database 'C:\Users\Yanis\Desktop\Yanis\Espagne\Cours\Software Engineering\Project\Bets_Project\Bets\resources\db\resources\bets.temp' is opened by 1476@LAPTOP-FG5SJG3N

[2020-05-08 20:43:01 #15 store] 
Database 'C:\Users\Yanis\Desktop\Yanis\Espagne\Cours\Software Engineering\Project\Bets_Project\Bets\resources\db\resources\bets.temp' is closed by 1476@LAPTOP-FG5SJG3N

[2020-05-08 20:44:16 #16 store] 
Database 'C:\Users\Yanis\Desktop\Yanis\Espagne\Cours\Software Engineering\Project\Bets_Project\Bets\resources\db\resources\bets.temp' is opened by 1476@LAPTOP-FG5SJG3N

[2020-05-08 20:44:28 #17 store] 
Database 'C:\Users\Yanis\Desktop\Yanis\Espagne\Cours\Software Engineering\Project\Bets_Project\Bets\resources\db\resources\bets.temp' is closed by 1476@LAPTOP-FG5SJG3N

[2020-05-08 20:45:35 #18 store] 
Database 'C:\Users\Yanis\Desktop\Yanis\Espagne\Cours\Software Engineering\Project\Bets_Project\Bets\resources\db\resources\bets.temp' is opened by 1476@LAPTOP-FG5SJG3N

[2020-05-08 20:45:42 #19 store] 
Database 'C:\Users\Yanis\Desktop\Yanis\Espagne\Cours\Software Engineering\Project\Bets_Project\Bets\resources\db\resources\bets.temp' is closed by 1476@LAPTOP-FG5SJG3N

[2020-05-08 20:47:00 #20 store] 
Database 'C:\Users\Yanis\Desktop\Yanis\Espagne\Cours\Software Engineering\Project\Bets_Project\Bets\resources\db\resources\bets.temp' is opened by 1476@LAPTOP-FG5SJG3N

[2020-05-08 20:47:03 #21 store] 
Database 'C:\Users\Yanis\Desktop\Yanis\Espagne\Cours\Software Engineering\Project\Bets_Project\Bets\resources\db\resources\bets.temp' is closed by 1476@LAPTOP-FG5SJG3N

[2020-05-08 20:57:46 #22 store] 
Database 'C:\Users\Yanis\Desktop\Yanis\Espagne\Cours\Software Engineering\Project\Bets_Project\Bets\resources\db\resources\bets.temp' is opened by 1476@LAPTOP-FG5SJG3N

[2020-05-08 20:58:06 #23 store] 
Database 'C:\Users\Yanis\Desktop\Yanis\Espagne\Cours\Software Engineering\Project\Bets_Project\Bets\resources\db\resources\bets.temp' is closed by 1476@LAPTOP-FG5SJG3N

[2020-05-08 20:58:19 #24 store] 
Database 'C:\Users\Yanis\Desktop\Yanis\Espagne\Cours\Software Engineering\Project\Bets_Project\Bets\resources\db\resources\bets.temp' is opened by 1476@LAPTOP-FG5SJG3N

[2020-05-08 20:58:21 #25 store] 
Database 'C:\Users\Yanis\Desktop\Yanis\Espagne\Cours\Software Engineering\Project\Bets_Project\Bets\resources\db\resources\bets.temp' is closed by 1476@LAPTOP-FG5SJG3N

[2020-05-08 20:58:31 #26 store] 
Database 'C:\Users\Yanis\Desktop\Yanis\Espagne\Cours\Software Engineering\Project\Bets_Project\Bets\resources\db\resources\bets.temp' is opened by 1476@LAPTOP-FG5SJG3N

[2020-05-08 20:58:49 #27 store] 
Database 'C:\Users\Yanis\Desktop\Yanis\Espagne\Cours\Software Engineering\Project\Bets_Project\Bets\resources\db\resources\bets.temp' is closed by 1476@LAPTOP-FG5SJG3N

[2020-05-08 20:59:25 #28 store] 
Database 'C:\Users\Yanis\Desktop\Yanis\Espagne\Cours\Software Engineering\Project\Bets_Project\Bets\resources\db\resources\bets.temp' is opened by 1476@LAPTOP-FG5SJG3N

[2020-05-08 21:00:37 #29 store] 
Database 'C:\Users\Yanis\Desktop\Yanis\Espagne\Cours\Software Engineering\Project\Bets_Project\Bets\resources\db\resources\bets.temp' is closed by 1476@LAPTOP-FG5SJG3N

[2020-05-08 21:03:52 #30 store] 
Database 'C:\Users\Yanis\Desktop\Yanis\Espagne\Cours\Software Engineering\Project\Bets_Project\Bets\resources\db\resources\bets.temp' is opened by 1476@LAPTOP-FG5SJG3N

[2020-05-08 21:04:08 #31 store] 
Database 'C:\Users\Yanis\Desktop\Yanis\Espagne\Cours\Software Engineering\Project\Bets_Project\Bets\resources\db\resources\bets.temp' is closed by 1476@LAPTOP-FG5SJG3N

------------------------------------------------------------------------------------------------------------------------

[2020-05-08 21:04:11 #1 server] 
java.net.BindException: Address already in use: JVM_Bind
	at java.net.DualStackPlainSocketImpl.bind0(Native Method)
	at java.net.DualStackPlainSocketImpl.socketBind(DualStackPlainSocketImpl.java:106)
	at java.net.AbstractPlainSocketImpl.bind(AbstractPlainSocketImpl.java:387)
	at java.net.PlainSocketImpl.bind(PlainSocketImpl.java:190)
	at java.net.ServerSocket.bind(ServerSocket.java:375)
	at java.net.ServerSocket.<init>(ServerSocket.java:237)
	at java.net.ServerSocket.<init>(ServerSocket.java:181)
	at com.objectdb.o.SMR.I(SMR.java:259)
	at com.objectdb.o.SMR.n(SMR.java:159)
	at com.objectdb.o.TOL.run(TOL.java:116)
	at com.objectdb.Server.runCommand(Server.java:200)
	at com.objectdb.Server.run(Server.java:104)
	at com.objectdb.Server.main(Server.java:63)

------------------------------------------------------------------------------------------------------------------------

[2020-05-08 21:04:26 #1 server] 
java.net.BindException: Address already in use: JVM_Bind
	at java.net.DualStackPlainSocketImpl.bind0(Native Method)
	at java.net.DualStackPlainSocketImpl.socketBind(DualStackPlainSocketImpl.java:106)
	at java.net.AbstractPlainSocketImpl.bind(AbstractPlainSocketImpl.java:387)
	at java.net.PlainSocketImpl.bind(PlainSocketImpl.java:190)
	at java.net.ServerSocket.bind(ServerSocket.java:375)
	at java.net.ServerSocket.<init>(ServerSocket.java:237)
	at java.net.ServerSocket.<init>(ServerSocket.java:181)
	at com.objectdb.o.SMR.I(SMR.java:259)
	at com.objectdb.o.SMR.n(SMR.java:159)
	at com.objectdb.o.TOL.run(TOL.java:116)
	at com.objectdb.Server.runCommand(Server.java:200)
	at com.objectdb.Server.run(Server.java:104)
	at com.objectdb.Server.main(Server.java:63)

[2020-05-08 21:04:31 #32 store] 
Database 'C:\Users\Yanis\Desktop\Yanis\Espagne\Cours\Software Engineering\Project\Bets_Project\Bets\resources\db\resources\bets.temp' is opened by 1476@LAPTOP-FG5SJG3N

[2020-05-08 21:06:07 #33 store] 
Database 'C:\Users\Yanis\Desktop\Yanis\Espagne\Cours\Software Engineering\Project\Bets_Project\Bets\resources\db\resources\bets.temp' is closed by 1476@LAPTOP-FG5SJG3N

[2020-05-08 21:06:18 #34 store] 
Database 'C:\Users\Yanis\Desktop\Yanis\Espagne\Cours\Software Engineering\Project\Bets_Project\Bets\resources\db\resources\bets.temp' is opened by 1476@LAPTOP-FG5SJG3N

[2020-05-08 21:07:52 #35 store] 
Database 'C:\Users\Yanis\Desktop\Yanis\Espagne\Cours\Software Engineering\Project\Bets_Project\Bets\resources\db\resources\bets.temp' is closed by 1476@LAPTOP-FG5SJG3N

[2020-05-08 21:08:47 #36 store] 
Database 'C:\Users\Yanis\Desktop\Yanis\Espagne\Cours\Software Engineering\Project\Bets_Project\Bets\resources\db\resources\bets.temp' is opened by 1476@LAPTOP-FG5SJG3N

[2020-05-08 21:08:57 #37 store] 
Database 'C:\Users\Yanis\Desktop\Yanis\Espagne\Cours\Software Engineering\Project\Bets_Project\Bets\resources\db\resources\bets.temp' is closed by 1476@LAPTOP-FG5SJG3N

[2020-05-08 21:11:40 #38 store] 
Database 'C:\Users\Yanis\Desktop\Yanis\Espagne\Cours\Software Engineering\Project\Bets_Project\Bets\resources\db\resources\bets.temp' is opened by 1476@LAPTOP-FG5SJG3N

[2020-05-08 21:11:44 #39 store] 
Database 'C:\Users\Yanis\Desktop\Yanis\Espagne\Cours\Software Engineering\Project\Bets_Project\Bets\resources\db\resources\bets.temp' is closed by 1476@LAPTOP-FG5SJG3N

------------------------------------------------------------------------------------------------------------------------

[2020-05-08 23:28:29 #1 server] 
Server on port 6136 has started by 15224@LAPTOP-FG5SJG3N

------------------------------------------------------------------------------------------------------------------------

[2020-05-08 23:30:20 #1 server] 
java.net.BindException: Address already in use: JVM_Bind
	at java.net.DualStackPlainSocketImpl.bind0(Native Method)
	at java.net.DualStackPlainSocketImpl.socketBind(DualStackPlainSocketImpl.java:106)
	at java.net.AbstractPlainSocketImpl.bind(AbstractPlainSocketImpl.java:387)
	at java.net.PlainSocketImpl.bind(PlainSocketImpl.java:190)
	at java.net.ServerSocket.bind(ServerSocket.java:375)
	at java.net.ServerSocket.<init>(ServerSocket.java:237)
	at java.net.ServerSocket.<init>(ServerSocket.java:181)
	at com.objectdb.o.SMR.I(SMR.java:259)
	at com.objectdb.o.SMR.n(SMR.java:159)
	at com.objectdb.o.TOL.run(TOL.java:116)
	at com.objectdb.Server.runCommand(Server.java:200)
	at com.objectdb.Server.run(Server.java:104)
	at com.objectdb.Server.main(Server.java:63)

------------------------------------------------------------------------------------------------------------------------

[2020-05-08 23:34:19 #1 server] 
Server on port 6136 has started by 17756@LAPTOP-FG5SJG3N

------------------------------------------------------------------------------------------------------------------------

[2020-05-08 23:39:08 #1 server] 
Server on port 6136 has started by 11896@LAPTOP-FG5SJG3N

------------------------------------------------------------------------------------------------------------------------

[2020-05-08 23:43:30 #1 server] 
Server on port 6136 has started by 1884@LAPTOP-FG5SJG3N

------------------------------------------------------------------------------------------------------------------------

[2020-05-08 23:47:25 #1 server] 
Server on port 6136 has started by 17048@LAPTOP-FG5SJG3N

------------------------------------------------------------------------------------------------------------------------

[2020-05-08 23:50:24 #1 server] 
Server on port 6136 has started by 17360@LAPTOP-FG5SJG3N

